2021-10-05T13:34:02.4394316+03:00 [INF] (Microsoft.AspNetCore.DataProtection.KeyManagement.XmlKeyManager) User profile is available. Using '"C:\Users\A.Dzenisevich\AppData\Local\ASP.NET\DataProtection-Keys"' as key repository and Windows DPAPI to encrypt keys at rest.
2021-10-05T13:34:02.5129386+03:00 [INF] (HealthChecks.UI.Core.HostedService.UIInitializationHostedService) Initializing UI Database
2021-10-05T13:34:02.9206544+03:00 [INF] (Microsoft.EntityFrameworkCore.Infrastructure) Entity Framework Core "5.0.10" initialized '"HealthChecksDb"' using provider '"Microsoft.EntityFrameworkCore.InMemory"' with options: "StoreName=HealthChecksUI "
2021-10-05T13:34:03.2699263+03:00 [DBG] (HealthChecks.UI.Core.HostedService.HealthCheckCollectorHostedService) Executing HealthCheck collector HostedService.
2021-10-05T13:34:03.2772630+03:00 [INF] (Microsoft.AspNetCore.Hosting.Diagnostics) Request starting HTTP/2 GET https://localhost:44370/index.html - -
2021-10-05T13:34:03.2859063+03:00 [INF] (Microsoft.EntityFrameworkCore.Infrastructure) Entity Framework Core "5.0.10" initialized '"HealthChecksDb"' using provider '"Microsoft.EntityFrameworkCore.InMemory"' with options: "StoreName=HealthChecksUI "
2021-10-05T13:34:03.3161619+03:00 [DBG] (HealthChecks.UI.Core.HostedService.HealthCheckReportCollector) HealthReportCollector has completed.
2021-10-05T13:34:03.3165944+03:00 [DBG] (HealthChecks.UI.Core.HostedService.HealthCheckCollectorHostedService) HealthCheck collector HostedService executed successfully.
2021-10-05T13:34:03.3178538+03:00 [INF] (Microsoft.Hosting.Lifetime) Application started. Press Ctrl+C to shut down.
2021-10-05T13:34:03.3179307+03:00 [INF] (Microsoft.Hosting.Lifetime) Hosting environment: "Development"
2021-10-05T13:34:03.3179737+03:00 [INF] (Microsoft.Hosting.Lifetime) Content root path: "D:\LabWebApp\Web"
2021-10-05T13:34:03.4540715+03:00 [INF] (Microsoft.AspNetCore.Hosting.Diagnostics) Request finished HTTP/2 GET https://localhost:44370/index.html - - - 200 - text/html;charset=utf-8 178.6947ms
2021-10-05T13:34:03.5890104+03:00 [INF] (Microsoft.AspNetCore.Hosting.Diagnostics) Request starting HTTP/2 GET https://localhost:44370/swagger/v1/swagger.json - -
2021-10-05T13:34:03.7046998+03:00 [INF] (Microsoft.AspNetCore.Hosting.Diagnostics) Request finished HTTP/2 GET https://localhost:44370/swagger/v1/swagger.json - - - 200 - application/json;charset=utf-8 115.6704ms
2021-10-05T13:34:12.0393815+03:00 [INF] (Microsoft.AspNetCore.Hosting.Diagnostics) Request starting HTTP/1.1 POST https://localhost:44370/auth/sign-in application/json 77
2021-10-05T13:34:12.0420040+03:00 [INF] (Microsoft.AspNetCore.Routing.EndpointMiddleware) Executing endpoint '"Web.Controllers.AuthController.SignInAsync (Web)"'
2021-10-05T13:34:12.0604908+03:00 [INF] (Microsoft.AspNetCore.Mvc.Infrastructure.ControllerActionInvoker) Route matched with "{action = \"SignIn\", controller = \"Auth\"}". Executing controller action with signature "System.Threading.Tasks.Task`1[Microsoft.AspNetCore.Mvc.IActionResult] SignInAsync(BLL.ViewModels.AuthViewModel)" on controller "Web.Controllers.AuthController" ("Web").
2021-10-05T13:34:12.4757153+03:00 [INF] (Microsoft.EntityFrameworkCore.Infrastructure) Entity Framework Core "5.0.10" initialized '"ApplicationDbContext"' using provider '"Microsoft.EntityFrameworkCore.SqlServer"' with options: "None"
2021-10-05T13:34:12.8543781+03:00 [INF] (Microsoft.EntityFrameworkCore.Database.Command) Executed DbCommand ("42"ms) [Parameters=["@__normalizedEmail_0='?' (Size = 256)"], CommandType='Text', CommandTimeout='30']"
""SELECT TOP(2) [a].[Id], [a].[AccessFailedCount], [a].[AddressDeliveryId], [a].[ConcurrencyStamp], [a].[Email], [a].[EmailConfirmed], [a].[LockoutEnabled], [a].[LockoutEnd], [a].[NormalizedEmail], [a].[NormalizedUserName], [a].[PasswordHash], [a].[PhoneNumber], [a].[PhoneNumberConfirmed], [a].[SecurityStamp], [a].[TwoFactorEnabled], [a].[UserName]
FROM [AspNetUsers] AS [a]
WHERE [a].[NormalizedEmail] = @__normalizedEmail_0"
2021-10-05T13:34:12.9924375+03:00 [INF] (Microsoft.EntityFrameworkCore.Database.Command) Executed DbCommand ("8"ms) [Parameters=["@__user_Id_0='?' (DbType = Int32)"], CommandType='Text', CommandTimeout='30']"
""SELECT [a].[Id], [a].[ClaimType], [a].[ClaimValue], [a].[UserId]
FROM [AspNetUserClaims] AS [a]
WHERE [a].[UserId] = @__user_Id_0"
2021-10-05T13:34:13.0152139+03:00 [INF] (Microsoft.EntityFrameworkCore.Database.Command) Executed DbCommand ("4"ms) [Parameters=["@__userId_0='?' (DbType = Int32)"], CommandType='Text', CommandTimeout='30']"
""SELECT [a0].[Name]
FROM [AspNetUserRoles] AS [a]
INNER JOIN [AspNetRoles] AS [a0] ON [a].[RoleId] = [a0].[Id]
WHERE [a].[UserId] = @__userId_0"
2021-10-05T13:34:13.0224537+03:00 [INF] (Microsoft.EntityFrameworkCore.Database.Command) Executed DbCommand ("1"ms) [Parameters=["@__normalizedName_0='?' (Size = 256)"], CommandType='Text', CommandTimeout='30']"
""SELECT TOP(1) [a].[Id], [a].[ConcurrencyStamp], [a].[Name], [a].[NormalizedName]
FROM [AspNetRoles] AS [a]
WHERE [a].[NormalizedName] = @__normalizedName_0"
2021-10-05T13:34:13.0384186+03:00 [INF] (Microsoft.EntityFrameworkCore.Database.Command) Executed DbCommand ("1"ms) [Parameters=["@__role_Id_0='?' (DbType = Int32)"], CommandType='Text', CommandTimeout='30']"
""SELECT [a].[ClaimType], [a].[ClaimValue]
FROM [AspNetRoleClaims] AS [a]
WHERE [a].[RoleId] = @__role_Id_0"
2021-10-05T13:34:13.0483486+03:00 [INF] (Microsoft.AspNetCore.Authentication.Cookies.CookieAuthenticationHandler) AuthenticationScheme: "Identity.Application" signed in.
2021-10-05T13:34:13.1381251+03:00 [INF] (Microsoft.AspNetCore.Mvc.Infrastructure.ObjectResultExecutor) Executing "OkObjectResult", writing value of type '"<>f__AnonymousType0`1[[System.String, System.Private.CoreLib, Version=5.0.0.0, Culture=neutral, PublicKeyToken=7cec85d7bea7798e]]"'.
2021-10-05T13:34:13.1674681+03:00 [INF] (Microsoft.AspNetCore.Mvc.Infrastructure.ControllerActionInvoker) Executed action "Web.Controllers.AuthController.SignInAsync (Web)" in 1103.6869ms
2021-10-05T13:34:13.1679108+03:00 [INF] (Microsoft.AspNetCore.Routing.EndpointMiddleware) Executed endpoint '"Web.Controllers.AuthController.SignInAsync (Web)"'
2021-10-05T13:34:13.1702744+03:00 [INF] (Microsoft.AspNetCore.Hosting.Diagnostics) Request finished HTTP/1.1 POST https://localhost:44370/auth/sign-in application/json 77 - 200 268 application/json;+charset=utf-8 1130.9222ms
2021-10-05T13:34:13.3177999+03:00 [DBG] (HealthChecks.UI.Core.HostedService.HealthCheckCollectorHostedService) Executing HealthCheck collector HostedService.
2021-10-05T13:34:13.3346671+03:00 [INF] (Microsoft.EntityFrameworkCore.Infrastructure) Entity Framework Core "5.0.10" initialized '"HealthChecksDb"' using provider '"Microsoft.EntityFrameworkCore.InMemory"' with options: "StoreName=HealthChecksUI "
2021-10-05T13:34:13.3354789+03:00 [DBG] (HealthChecks.UI.Core.HostedService.HealthCheckReportCollector) HealthReportCollector has completed.
2021-10-05T13:34:13.3355525+03:00 [DBG] (HealthChecks.UI.Core.HostedService.HealthCheckCollectorHostedService) HealthCheck collector HostedService executed successfully.
2021-10-05T13:34:23.3420591+03:00 [DBG] (HealthChecks.UI.Core.HostedService.HealthCheckCollectorHostedService) Executing HealthCheck collector HostedService.
2021-10-05T13:34:23.3449205+03:00 [INF] (Microsoft.EntityFrameworkCore.Infrastructure) Entity Framework Core "5.0.10" initialized '"HealthChecksDb"' using provider '"Microsoft.EntityFrameworkCore.InMemory"' with options: "StoreName=HealthChecksUI "
2021-10-05T13:34:23.3451438+03:00 [DBG] (HealthChecks.UI.Core.HostedService.HealthCheckReportCollector) HealthReportCollector has completed.
2021-10-05T13:34:23.3451892+03:00 [DBG] (HealthChecks.UI.Core.HostedService.HealthCheckCollectorHostedService) HealthCheck collector HostedService executed successfully.
2021-10-05T13:34:33.3567048+03:00 [DBG] (HealthChecks.UI.Core.HostedService.HealthCheckCollectorHostedService) Executing HealthCheck collector HostedService.
2021-10-05T13:34:33.3571351+03:00 [INF] (Microsoft.EntityFrameworkCore.Infrastructure) Entity Framework Core "5.0.10" initialized '"HealthChecksDb"' using provider '"Microsoft.EntityFrameworkCore.InMemory"' with options: "StoreName=HealthChecksUI "
2021-10-05T13:34:33.3574105+03:00 [DBG] (HealthChecks.UI.Core.HostedService.HealthCheckReportCollector) HealthReportCollector has completed.
2021-10-05T13:34:33.3574480+03:00 [DBG] (HealthChecks.UI.Core.HostedService.HealthCheckCollectorHostedService) HealthCheck collector HostedService executed successfully.
2021-10-05T13:34:33.4044794+03:00 [INF] (Microsoft.AspNetCore.Hosting.Diagnostics) Request starting HTTP/2 GET https://localhost:44370/user - -
2021-10-05T13:34:33.4153650+03:00 [INF] (Microsoft.AspNetCore.Authorization.DefaultAuthorizationService) Authorization was successful.
2021-10-05T13:34:33.4167023+03:00 [INF] (Microsoft.AspNetCore.Routing.EndpointMiddleware) Executing endpoint '"Web.Controllers.UserController.GetUserProfileAsync (Web)"'
2021-10-05T13:34:33.4194019+03:00 [INF] (Microsoft.AspNetCore.Mvc.Infrastructure.ControllerActionInvoker) Route matched with "{action = \"GetUserProfile\", controller = \"User\"}". Executing controller action with signature "System.Threading.Tasks.Task`1[Microsoft.AspNetCore.Mvc.IActionResult] GetUserProfileAsync()" on controller "Web.Controllers.UserController" ("Web").
2021-10-05T13:34:33.4204552+03:00 [INF] (Microsoft.AspNetCore.Authorization.DefaultAuthorizationService) Authorization was successful.
2021-10-05T13:34:44.0731827+03:00 [DBG] (HealthChecks.UI.Core.HostedService.HealthCheckCollectorHostedService) Executing HealthCheck collector HostedService.
2021-10-05T13:34:44.0741062+03:00 [INF] (Microsoft.EntityFrameworkCore.Infrastructure) Entity Framework Core "5.0.10" initialized '"HealthChecksDb"' using provider '"Microsoft.EntityFrameworkCore.InMemory"' with options: "StoreName=HealthChecksUI "
2021-10-05T13:34:44.0742192+03:00 [DBG] (HealthChecks.UI.Core.HostedService.HealthCheckReportCollector) HealthReportCollector has completed.
2021-10-05T13:34:44.0742522+03:00 [DBG] (HealthChecks.UI.Core.HostedService.HealthCheckCollectorHostedService) HealthCheck collector HostedService executed successfully.
2021-10-05T13:34:44.0928605+03:00 [INF] (Microsoft.EntityFrameworkCore.Infrastructure) Entity Framework Core "5.0.10" initialized '"ApplicationDbContext"' using provider '"Microsoft.EntityFrameworkCore.SqlServer"' with options: "None"
2021-10-05T13:34:44.1029793+03:00 [INF] (Microsoft.EntityFrameworkCore.Database.Command) Executed DbCommand ("1"ms) [Parameters=["@__p_0='?' (DbType = Int32)"], CommandType='Text', CommandTimeout='30']"
""SELECT TOP(1) [a].[Id], [a].[AccessFailedCount], [a].[AddressDeliveryId], [a].[ConcurrencyStamp], [a].[Email], [a].[EmailConfirmed], [a].[LockoutEnabled], [a].[LockoutEnd], [a].[NormalizedEmail], [a].[NormalizedUserName], [a].[PasswordHash], [a].[PhoneNumber], [a].[PhoneNumberConfirmed], [a].[SecurityStamp], [a].[TwoFactorEnabled], [a].[UserName]
FROM [AspNetUsers] AS [a]
WHERE [a].[Id] = @__p_0"
2021-10-05T13:34:48.7772697+03:00 [INF] (Microsoft.EntityFrameworkCore.Database.Command) Executed DbCommand ("20"ms) [Parameters=["@__id_0='?' (DbType = Int32)"], CommandType='Text', CommandTimeout='30']"
""SELECT TOP(1) [a].[Id], [a].[City], [a].[Country], [a].[EntranceNumber], [a].[FlatNumber], [a].[FloorNumber], [a].[HouseBuilding], [a].[HouseNumber], [a].[Street]
FROM [Addresses] AS [a]
WHERE [a].[Id] = @__id_0"
2021-10-05T13:34:56.2804173+03:00 [DBG] (HealthChecks.UI.Core.HostedService.HealthCheckCollectorHostedService) Executing HealthCheck collector HostedService.
2021-10-05T13:34:56.3149620+03:00 [INF] (Microsoft.EntityFrameworkCore.Infrastructure) Entity Framework Core "5.0.10" initialized '"HealthChecksDb"' using provider '"Microsoft.EntityFrameworkCore.InMemory"' with options: "StoreName=HealthChecksUI "
2021-10-05T13:34:56.3156918+03:00 [DBG] (HealthChecks.UI.Core.HostedService.HealthCheckReportCollector) HealthReportCollector has completed.
2021-10-05T13:34:56.3157298+03:00 [DBG] (HealthChecks.UI.Core.HostedService.HealthCheckCollectorHostedService) HealthCheck collector HostedService executed successfully.
2021-10-05T13:35:07.7730736+03:00 [DBG] (HealthChecks.UI.Core.HostedService.HealthCheckCollectorHostedService) Executing HealthCheck collector HostedService.
2021-10-05T13:35:08.3935761+03:00 [INF] (Microsoft.EntityFrameworkCore.Infrastructure) Entity Framework Core "5.0.10" initialized '"HealthChecksDb"' using provider '"Microsoft.EntityFrameworkCore.InMemory"' with options: "StoreName=HealthChecksUI "
2021-10-05T13:35:08.3947110+03:00 [DBG] (HealthChecks.UI.Core.HostedService.HealthCheckReportCollector) HealthReportCollector has completed.
2021-10-05T13:35:08.3947845+03:00 [DBG] (HealthChecks.UI.Core.HostedService.HealthCheckCollectorHostedService) HealthCheck collector HostedService executed successfully.
2021-10-05T13:35:10.2365572+03:00 [INF] (Microsoft.AspNetCore.Mvc.Infrastructure.ObjectResultExecutor) Executing "OkObjectResult", writing value of type '"BLL.ViewModels.ReturnUserProfileViewModel"'.
2021-10-05T13:35:10.2731936+03:00 [INF] (Microsoft.AspNetCore.Mvc.Infrastructure.ControllerActionInvoker) Executed action "Web.Controllers.UserController.GetUserProfileAsync (Web)" in 36853.8256ms
2021-10-05T13:35:10.2732969+03:00 [INF] (Microsoft.AspNetCore.Routing.EndpointMiddleware) Executed endpoint '"Web.Controllers.UserController.GetUserProfileAsync (Web)"'
2021-10-05T13:35:10.2739626+03:00 [INF] (Microsoft.AspNetCore.Hosting.Diagnostics) Request finished HTTP/2 GET https://localhost:44370/user - - - 200 270 application/json;+charset=utf-8 36869.6117ms
2021-10-05T13:35:14.8902423+03:00 [INF] (Microsoft.AspNetCore.Hosting.Diagnostics) Request starting HTTP/2 GET https://localhost:44370/user - -
2021-10-05T13:35:14.8907900+03:00 [INF] (Microsoft.AspNetCore.Authorization.DefaultAuthorizationService) Authorization was successful.
2021-10-05T13:35:14.8909306+03:00 [INF] (Microsoft.AspNetCore.Routing.EndpointMiddleware) Executing endpoint '"Web.Controllers.UserController.GetUserProfileAsync (Web)"'
2021-10-05T13:35:14.8910671+03:00 [INF] (Microsoft.AspNetCore.Mvc.Infrastructure.ControllerActionInvoker) Route matched with "{action = \"GetUserProfile\", controller = \"User\"}". Executing controller action with signature "System.Threading.Tasks.Task`1[Microsoft.AspNetCore.Mvc.IActionResult] GetUserProfileAsync()" on controller "Web.Controllers.UserController" ("Web").
2021-10-05T13:35:14.8911765+03:00 [INF] (Microsoft.AspNetCore.Authorization.DefaultAuthorizationService) Authorization was successful.
2021-10-05T13:35:19.5839206+03:00 [DBG] (HealthChecks.UI.Core.HostedService.HealthCheckCollectorHostedService) Executing HealthCheck collector HostedService.
2021-10-05T13:35:19.6219917+03:00 [INF] (Microsoft.EntityFrameworkCore.Infrastructure) Entity Framework Core "5.0.10" initialized '"HealthChecksDb"' using provider '"Microsoft.EntityFrameworkCore.InMemory"' with options: "StoreName=HealthChecksUI "
2021-10-05T13:35:19.6221597+03:00 [DBG] (HealthChecks.UI.Core.HostedService.HealthCheckReportCollector) HealthReportCollector has completed.
2021-10-05T13:35:19.6221976+03:00 [DBG] (HealthChecks.UI.Core.HostedService.HealthCheckCollectorHostedService) HealthCheck collector HostedService executed successfully.
2021-10-05T13:35:21.9926833+03:00 [INF] (Microsoft.AspNetCore.Mvc.Infrastructure.ObjectResultExecutor) Executing "OkObjectResult", writing value of type '"BLL.ViewModels.ReturnUserProfileViewModel"'.
2021-10-05T13:35:22.0024743+03:00 [INF] (Microsoft.AspNetCore.Mvc.Infrastructure.ControllerActionInvoker) Executed action "Web.Controllers.UserController.GetUserProfileAsync (Web)" in 7111.3773ms
2021-10-05T13:35:22.0025757+03:00 [INF] (Microsoft.AspNetCore.Routing.EndpointMiddleware) Executed endpoint '"Web.Controllers.UserController.GetUserProfileAsync (Web)"'
2021-10-05T13:35:27.0587052+03:00 [INF] (Microsoft.AspNetCore.Hosting.Diagnostics) Request finished HTTP/2 GET https://localhost:44370/user - - - 200 270 application/json;+charset=utf-8 12168.4860ms
2021-10-05T13:35:29.6320877+03:00 [DBG] (HealthChecks.UI.Core.HostedService.HealthCheckCollectorHostedService) Executing HealthCheck collector HostedService.
2021-10-05T13:35:29.6326503+03:00 [INF] (Microsoft.EntityFrameworkCore.Infrastructure) Entity Framework Core "5.0.10" initialized '"HealthChecksDb"' using provider '"Microsoft.EntityFrameworkCore.InMemory"' with options: "StoreName=HealthChecksUI "
2021-10-05T13:35:29.6327565+03:00 [DBG] (HealthChecks.UI.Core.HostedService.HealthCheckReportCollector) HealthReportCollector has completed.
2021-10-05T13:35:29.6327897+03:00 [DBG] (HealthChecks.UI.Core.HostedService.HealthCheckCollectorHostedService) HealthCheck collector HostedService executed successfully.
2021-10-05T13:35:39.6332054+03:00 [DBG] (HealthChecks.UI.Core.HostedService.HealthCheckCollectorHostedService) Executing HealthCheck collector HostedService.
2021-10-05T13:35:39.6335867+03:00 [INF] (Microsoft.EntityFrameworkCore.Infrastructure) Entity Framework Core "5.0.10" initialized '"HealthChecksDb"' using provider '"Microsoft.EntityFrameworkCore.InMemory"' with options: "StoreName=HealthChecksUI "
2021-10-05T13:35:39.6336903+03:00 [DBG] (HealthChecks.UI.Core.HostedService.HealthCheckReportCollector) HealthReportCollector has completed.
2021-10-05T13:35:39.6337218+03:00 [DBG] (HealthChecks.UI.Core.HostedService.HealthCheckCollectorHostedService) HealthCheck collector HostedService executed successfully.
2021-10-05T13:35:49.6486894+03:00 [DBG] (HealthChecks.UI.Core.HostedService.HealthCheckCollectorHostedService) Executing HealthCheck collector HostedService.
2021-10-05T13:35:49.6499942+03:00 [INF] (Microsoft.EntityFrameworkCore.Infrastructure) Entity Framework Core "5.0.10" initialized '"HealthChecksDb"' using provider '"Microsoft.EntityFrameworkCore.InMemory"' with options: "StoreName=HealthChecksUI "
2021-10-05T13:35:49.6500952+03:00 [DBG] (HealthChecks.UI.Core.HostedService.HealthCheckReportCollector) HealthReportCollector has completed.
2021-10-05T13:35:49.6501265+03:00 [DBG] (HealthChecks.UI.Core.HostedService.HealthCheckCollectorHostedService) HealthCheck collector HostedService executed successfully.
2021-10-05T13:35:59.6555388+03:00 [DBG] (HealthChecks.UI.Core.HostedService.HealthCheckCollectorHostedService) Executing HealthCheck collector HostedService.
2021-10-05T13:35:59.6560653+03:00 [INF] (Microsoft.EntityFrameworkCore.Infrastructure) Entity Framework Core "5.0.10" initialized '"HealthChecksDb"' using provider '"Microsoft.EntityFrameworkCore.InMemory"' with options: "StoreName=HealthChecksUI "
2021-10-05T13:35:59.6561608+03:00 [DBG] (HealthChecks.UI.Core.HostedService.HealthCheckReportCollector) HealthReportCollector has completed.
2021-10-05T13:35:59.6561883+03:00 [DBG] (HealthChecks.UI.Core.HostedService.HealthCheckCollectorHostedService) HealthCheck collector HostedService executed successfully.
2021-10-05T13:36:09.6691457+03:00 [DBG] (HealthChecks.UI.Core.HostedService.HealthCheckCollectorHostedService) Executing HealthCheck collector HostedService.
2021-10-05T13:36:09.6695129+03:00 [INF] (Microsoft.EntityFrameworkCore.Infrastructure) Entity Framework Core "5.0.10" initialized '"HealthChecksDb"' using provider '"Microsoft.EntityFrameworkCore.InMemory"' with options: "StoreName=HealthChecksUI "
2021-10-05T13:36:09.6698178+03:00 [DBG] (HealthChecks.UI.Core.HostedService.HealthCheckReportCollector) HealthReportCollector has completed.
2021-10-05T13:36:09.6698459+03:00 [DBG] (HealthChecks.UI.Core.HostedService.HealthCheckCollectorHostedService) HealthCheck collector HostedService executed successfully.
2021-10-05T13:36:15.1680801+03:00 [INF] (Microsoft.AspNetCore.Hosting.Diagnostics) Request starting HTTP/2 PUT https://localhost:44370/user application/json-patch+json 63
2021-10-05T13:36:15.1688044+03:00 [INF] (Microsoft.AspNetCore.Authorization.DefaultAuthorizationService) Authorization was successful.
2021-10-05T13:36:15.1689498+03:00 [INF] (Microsoft.AspNetCore.Routing.EndpointMiddleware) Executing endpoint '"Web.Controllers.UserController.UpdateUserProfileAsync (Web)"'
2021-10-05T13:36:15.1709994+03:00 [INF] (Microsoft.AspNetCore.Mvc.Infrastructure.ControllerActionInvoker) Route matched with "{action = \"UpdateUserProfile\", controller = \"User\"}". Executing controller action with signature "System.Threading.Tasks.Task`1[Microsoft.AspNetCore.Mvc.IActionResult] UpdateUserProfileAsync(BLL.ViewModels.UserProfileViewModel)" on controller "Web.Controllers.UserController" ("Web").
2021-10-05T13:36:15.1711408+03:00 [INF] (Microsoft.AspNetCore.Authorization.DefaultAuthorizationService) Authorization was successful.
2021-10-05T13:36:19.9036008+03:00 [DBG] (HealthChecks.UI.Core.HostedService.HealthCheckCollectorHostedService) Executing HealthCheck collector HostedService.
2021-10-05T13:36:19.9430807+03:00 [INF] (Microsoft.EntityFrameworkCore.Infrastructure) Entity Framework Core "5.0.10" initialized '"HealthChecksDb"' using provider '"Microsoft.EntityFrameworkCore.InMemory"' with options: "StoreName=HealthChecksUI "
2021-10-05T13:36:19.9438073+03:00 [DBG] (HealthChecks.UI.Core.HostedService.HealthCheckReportCollector) HealthReportCollector has completed.
2021-10-05T13:36:19.9438494+03:00 [DBG] (HealthChecks.UI.Core.HostedService.HealthCheckCollectorHostedService) HealthCheck collector HostedService executed successfully.
2021-10-05T13:37:22.0143214+03:00 [INF] () Strating web host
