2021-10-20T17:10:41.9826313+03:00 [INF] (Microsoft.AspNetCore.DataProtection.KeyManagement.XmlKeyManager) User profile is available. Using '"C:\Users\A.Dzenisevich\AppData\Local\ASP.NET\DataProtection-Keys"' as key repository and Windows DPAPI to encrypt keys at rest.
2021-10-20T17:10:42.0586811+03:00 [INF] (HealthChecks.UI.Core.HostedService.UIInitializationHostedService) Initializing UI Database
2021-10-20T17:10:42.4863250+03:00 [INF] (Microsoft.EntityFrameworkCore.Infrastructure) Entity Framework Core "5.0.10" initialized '"HealthChecksDb"' using provider '"Microsoft.EntityFrameworkCore.InMemory"' with options: "StoreName=HealthChecksUI "
2021-10-20T17:10:52.4531940+03:00 [DBG] (HealthChecks.UI.Core.HostedService.HealthCheckCollectorHostedService) Executing HealthCheck collector HostedService.
2021-10-20T17:10:52.4597305+03:00 [INF] (Microsoft.AspNetCore.Hosting.Diagnostics) Request starting HTTP/2 GET https://localhost:44370/index.html - -
2021-10-20T17:10:52.4664319+03:00 [INF] (Microsoft.EntityFrameworkCore.Infrastructure) Entity Framework Core "5.0.10" initialized '"HealthChecksDb"' using provider '"Microsoft.EntityFrameworkCore.InMemory"' with options: "StoreName=HealthChecksUI "
2021-10-20T17:10:52.4977459+03:00 [DBG] (HealthChecks.UI.Core.HostedService.HealthCheckReportCollector) HealthReportCollector has completed.
2021-10-20T17:10:52.4983237+03:00 [DBG] (HealthChecks.UI.Core.HostedService.HealthCheckCollectorHostedService) HealthCheck collector HostedService executed successfully.
2021-10-20T17:10:52.4999995+03:00 [INF] (Microsoft.Hosting.Lifetime) Application started. Press Ctrl+C to shut down.
2021-10-20T17:10:52.5000756+03:00 [INF] (Microsoft.Hosting.Lifetime) Hosting environment: "Development"
2021-10-20T17:10:52.5001379+03:00 [INF] (Microsoft.Hosting.Lifetime) Content root path: "D:\LabWebApp\Web"
2021-10-20T17:10:52.6344041+03:00 [INF] (Microsoft.AspNetCore.Hosting.Diagnostics) Request finished HTTP/2 GET https://localhost:44370/index.html - - - 200 - text/html;charset=utf-8 176.0099ms
2021-10-20T17:10:52.7524402+03:00 [INF] (Microsoft.AspNetCore.Hosting.Diagnostics) Request starting HTTP/2 GET https://localhost:44370/swagger/v1/swagger.json - -
2021-10-20T17:10:52.8694091+03:00 [INF] (Microsoft.AspNetCore.Hosting.Diagnostics) Request finished HTTP/2 GET https://localhost:44370/swagger/v1/swagger.json - - - 200 - application/json;charset=utf-8 116.9428ms
2021-10-20T17:10:59.4510011+03:00 [INF] (Microsoft.AspNetCore.Hosting.Diagnostics) Request starting HTTP/2 GET https://localhost:44370/healthchecks-ui - -
2021-10-20T17:10:59.4598290+03:00 [INF] (Microsoft.AspNetCore.Routing.EndpointMiddleware) Executing endpoint '"/healthchecks-ui HTTP: GET"'
2021-10-20T17:10:59.4616803+03:00 [INF] (Microsoft.AspNetCore.Routing.EndpointMiddleware) Executed endpoint '"/healthchecks-ui HTTP: GET"'
2021-10-20T17:10:59.4663950+03:00 [INF] (Microsoft.AspNetCore.Hosting.Diagnostics) Request finished HTTP/2 GET https://localhost:44370/healthchecks-ui - - - 200 - text/html 15.4298ms
2021-10-20T17:10:59.4761855+03:00 [INF] (Microsoft.AspNetCore.Hosting.Diagnostics) Request starting HTTP/2 GET https://localhost:44370/ui/resources/healthchecksui-min.css - -
2021-10-20T17:10:59.4761840+03:00 [INF] (Microsoft.AspNetCore.Hosting.Diagnostics) Request starting HTTP/2 GET https://localhost:44370/ui/resources/vendors-dll.js - -
2021-10-20T17:10:59.4763481+03:00 [INF] (Microsoft.AspNetCore.Hosting.Diagnostics) Request starting HTTP/2 GET https://localhost:44370/ui/resources/healthchecks-bundle.js - -
2021-10-20T17:10:59.4801151+03:00 [INF] (Microsoft.AspNetCore.Routing.EndpointMiddleware) Executing endpoint '"/ui/resources/healthchecks-bundle.js HTTP: GET"'
2021-10-20T17:10:59.4801151+03:00 [INF] (Microsoft.AspNetCore.Routing.EndpointMiddleware) Executing endpoint '"/ui/resources/healthchecksui-min.css HTTP: GET"'
2021-10-20T17:10:59.4801151+03:00 [INF] (Microsoft.AspNetCore.Routing.EndpointMiddleware) Executing endpoint '"/ui/resources/vendors-dll.js HTTP: GET"'
2021-10-20T17:10:59.4812636+03:00 [INF] (Microsoft.AspNetCore.Routing.EndpointMiddleware) Executed endpoint '"/ui/resources/healthchecksui-min.css HTTP: GET"'
2021-10-20T17:10:59.4818022+03:00 [INF] (Microsoft.AspNetCore.Hosting.Diagnostics) Request finished HTTP/2 GET https://localhost:44370/ui/resources/healthchecksui-min.css - - - 200 - text/css 5.5974ms
2021-10-20T17:10:59.4886920+03:00 [INF] (Microsoft.AspNetCore.Routing.EndpointMiddleware) Executed endpoint '"/ui/resources/healthchecks-bundle.js HTTP: GET"'
2021-10-20T17:10:59.4916785+03:00 [INF] (Microsoft.AspNetCore.Routing.EndpointMiddleware) Executed endpoint '"/ui/resources/vendors-dll.js HTTP: GET"'
2021-10-20T17:10:59.4963944+03:00 [INF] (Microsoft.AspNetCore.Hosting.Diagnostics) Request finished HTTP/2 GET https://localhost:44370/ui/resources/healthchecks-bundle.js - - - 200 - text/javascript 20.0044ms
2021-10-20T17:10:59.5013367+03:00 [INF] (Microsoft.AspNetCore.Hosting.Diagnostics) Request finished HTTP/2 GET https://localhost:44370/ui/resources/vendors-dll.js - - - 200 - text/javascript 25.1311ms
2021-10-20T17:10:59.7551325+03:00 [INF] (Microsoft.AspNetCore.Hosting.Diagnostics) Request starting HTTP/2 GET https://localhost:44370/healthchecks-ui - -
2021-10-20T17:10:59.7557669+03:00 [INF] (Microsoft.AspNetCore.Routing.EndpointMiddleware) Executing endpoint '"/healthchecks-ui HTTP: GET"'
2021-10-20T17:10:59.7562357+03:00 [INF] (Microsoft.AspNetCore.Routing.EndpointMiddleware) Executed endpoint '"/healthchecks-ui HTTP: GET"'
2021-10-20T17:10:59.7566799+03:00 [INF] (Microsoft.AspNetCore.Hosting.Diagnostics) Request finished HTTP/2 GET https://localhost:44370/healthchecks-ui - - - 200 - text/html 1.5074ms
2021-10-20T17:10:59.8344769+03:00 [INF] (Microsoft.AspNetCore.Hosting.Diagnostics) Request starting HTTP/2 GET https://localhost:44370/healthchecks-api/ui-settings - -
2021-10-20T17:10:59.8348984+03:00 [INF] (Microsoft.AspNetCore.Routing.EndpointMiddleware) Executing endpoint '"/healthchecks-api/ui-settings"'
2021-10-20T17:11:00.0046475+03:00 [INF] (Microsoft.AspNetCore.Routing.EndpointMiddleware) Executed endpoint '"/healthchecks-api/ui-settings"'
2021-10-20T17:11:00.0051222+03:00 [INF] (Microsoft.AspNetCore.Hosting.Diagnostics) Request finished HTTP/2 GET https://localhost:44370/healthchecks-api/ui-settings - - - 200 - application/json 170.6462ms
2021-10-20T17:11:00.0164742+03:00 [INF] (Microsoft.AspNetCore.Hosting.Diagnostics) Request starting HTTP/2 GET https://localhost:44370/healthchecks-api - -
2021-10-20T17:11:00.0169246+03:00 [INF] (Microsoft.AspNetCore.Routing.EndpointMiddleware) Executing endpoint '"HealthChecks UI Api"'
2021-10-20T17:11:00.0202679+03:00 [DBG] (HealthChecks.UI.Middleware.UIApiEndpointMiddleware) Executing api middleware for client "::1", remaining slots: 2
2021-10-20T17:11:00.0420617+03:00 [INF] (Microsoft.EntityFrameworkCore.Infrastructure) Entity Framework Core "5.0.10" initialized '"HealthChecksDb"' using provider '"Microsoft.EntityFrameworkCore.InMemory"' with options: "StoreName=HealthChecksUI "
2021-10-20T17:11:00.0496797+03:00 [INF] (Microsoft.AspNetCore.Routing.EndpointMiddleware) Executed endpoint '"HealthChecks UI Api"'
2021-10-20T17:11:00.0501472+03:00 [INF] (Microsoft.AspNetCore.Hosting.Diagnostics) Request finished HTTP/2 GET https://localhost:44370/healthchecks-api - - - 200 - application/json 33.6661ms
2021-10-20T17:11:02.5073558+03:00 [DBG] (HealthChecks.UI.Core.HostedService.HealthCheckCollectorHostedService) Executing HealthCheck collector HostedService.
2021-10-20T17:11:02.5077198+03:00 [INF] (Microsoft.EntityFrameworkCore.Infrastructure) Entity Framework Core "5.0.10" initialized '"HealthChecksDb"' using provider '"Microsoft.EntityFrameworkCore.InMemory"' with options: "StoreName=HealthChecksUI "
2021-10-20T17:11:02.5078524+03:00 [DBG] (HealthChecks.UI.Core.HostedService.HealthCheckReportCollector) HealthReportCollector has completed.
2021-10-20T17:11:02.5079003+03:00 [DBG] (HealthChecks.UI.Core.HostedService.HealthCheckCollectorHostedService) HealthCheck collector HostedService executed successfully.
2021-10-20T17:11:07.9304282+03:00 [INF] (Microsoft.AspNetCore.Hosting.Diagnostics) Request starting HTTP/2 GET https://localhost:44370/healthchecks-api/ui-settings - -
2021-10-20T17:11:07.9304284+03:00 [INF] (Microsoft.AspNetCore.Hosting.Diagnostics) Request starting HTTP/2 GET https://localhost:44370/healthchecks-api - -
2021-10-20T17:11:07.9309982+03:00 [INF] (Microsoft.AspNetCore.Routing.EndpointMiddleware) Executing endpoint '"HealthChecks UI Api"'
2021-10-20T17:11:07.9309983+03:00 [INF] (Microsoft.AspNetCore.Routing.EndpointMiddleware) Executing endpoint '"/healthchecks-api/ui-settings"'
2021-10-20T17:11:07.9311534+03:00 [DBG] (HealthChecks.UI.Middleware.UIApiEndpointMiddleware) Executing api middleware for client "::1", remaining slots: 2
2021-10-20T17:11:07.9318584+03:00 [INF] (Microsoft.AspNetCore.Routing.EndpointMiddleware) Executed endpoint '"/healthchecks-api/ui-settings"'
2021-10-20T17:11:07.9323193+03:00 [INF] (Microsoft.AspNetCore.Hosting.Diagnostics) Request finished HTTP/2 GET https://localhost:44370/healthchecks-api/ui-settings - - - 200 - application/json 1.8695ms
2021-10-20T17:11:07.9325507+03:00 [INF] (Microsoft.EntityFrameworkCore.Infrastructure) Entity Framework Core "5.0.10" initialized '"HealthChecksDb"' using provider '"Microsoft.EntityFrameworkCore.InMemory"' with options: "StoreName=HealthChecksUI "
2021-10-20T17:11:07.9329912+03:00 [INF] (Microsoft.AspNetCore.Routing.EndpointMiddleware) Executed endpoint '"HealthChecks UI Api"'
2021-10-20T17:11:07.9333616+03:00 [INF] (Microsoft.AspNetCore.Hosting.Diagnostics) Request finished HTTP/2 GET https://localhost:44370/healthchecks-api - - - 200 - application/json 2.9177ms
2021-10-20T17:11:12.1497713+03:00 [INF] (Microsoft.AspNetCore.Hosting.Diagnostics) Request starting HTTP/2 GET https://localhost:44370/health - -
2021-10-20T17:11:12.1502256+03:00 [INF] (Microsoft.AspNetCore.Routing.EndpointMiddleware) Executing endpoint '"Health checks"'
2021-10-20T17:11:12.3331166+03:00 [INF] (Microsoft.AspNetCore.Hosting.Diagnostics) Request starting HTTP/2 GET https://localhost:44370/healthchecks-api/ui-settings - -
2021-10-20T17:11:12.3331165+03:00 [INF] (Microsoft.AspNetCore.Hosting.Diagnostics) Request starting HTTP/2 GET https://localhost:44370/healthchecks-api - -
2021-10-20T17:11:12.3334812+03:00 [INF] (Microsoft.AspNetCore.Routing.EndpointMiddleware) Executing endpoint '"HealthChecks UI Api"'
2021-10-20T17:11:12.3334812+03:00 [INF] (Microsoft.AspNetCore.Routing.EndpointMiddleware) Executing endpoint '"/healthchecks-api/ui-settings"'
2021-10-20T17:11:12.3335550+03:00 [DBG] (HealthChecks.UI.Middleware.UIApiEndpointMiddleware) Executing api middleware for client "::1", remaining slots: 2
2021-10-20T17:11:12.3339082+03:00 [INF] (Microsoft.AspNetCore.Routing.EndpointMiddleware) Executed endpoint '"/healthchecks-api/ui-settings"'
2021-10-20T17:11:12.3342296+03:00 [INF] (Microsoft.EntityFrameworkCore.Infrastructure) Entity Framework Core "5.0.10" initialized '"HealthChecksDb"' using provider '"Microsoft.EntityFrameworkCore.InMemory"' with options: "StoreName=HealthChecksUI "
2021-10-20T17:11:12.3342822+03:00 [INF] (Microsoft.AspNetCore.Hosting.Diagnostics) Request finished HTTP/2 GET https://localhost:44370/healthchecks-api/ui-settings - - - 200 - application/json 1.1584ms
2021-10-20T17:11:12.3365522+03:00 [INF] (Microsoft.AspNetCore.Routing.EndpointMiddleware) Executed endpoint '"HealthChecks UI Api"'
2021-10-20T17:11:12.3402530+03:00 [INF] (Microsoft.AspNetCore.Hosting.Diagnostics) Request finished HTTP/2 GET https://localhost:44370/healthchecks-api - - - 200 - application/json 7.1035ms
2021-10-20T17:11:12.3985472+03:00 [INF] (Microsoft.AspNetCore.Routing.EndpointMiddleware) Executed endpoint '"Health checks"'
2021-10-20T17:11:12.3987939+03:00 [INF] (Microsoft.AspNetCore.Hosting.Diagnostics) Request finished HTTP/2 GET https://localhost:44370/health - - - 200 - text/plain 249.0290ms
2021-10-20T17:11:12.3999284+03:00 [INF] (Microsoft.AspNetCore.Hosting.Diagnostics) Request starting HTTP/2 GET https://localhost:44370/health - -
2021-10-20T17:11:12.4002770+03:00 [INF] (Microsoft.AspNetCore.Routing.EndpointMiddleware) Executing endpoint '"Health checks"'
2021-10-20T17:11:12.4049181+03:00 [INF] (Microsoft.AspNetCore.Routing.EndpointMiddleware) Executed endpoint '"Health checks"'
2021-10-20T17:11:12.4051681+03:00 [INF] (Microsoft.AspNetCore.Hosting.Diagnostics) Request finished HTTP/2 GET https://localhost:44370/health - - - 200 - text/plain 5.2118ms
2021-10-20T17:11:12.5224712+03:00 [DBG] (HealthChecks.UI.Core.HostedService.HealthCheckCollectorHostedService) Executing HealthCheck collector HostedService.
2021-10-20T17:11:12.5241327+03:00 [INF] (Microsoft.EntityFrameworkCore.Infrastructure) Entity Framework Core "5.0.10" initialized '"HealthChecksDb"' using provider '"Microsoft.EntityFrameworkCore.InMemory"' with options: "StoreName=HealthChecksUI "
2021-10-20T17:11:12.5242882+03:00 [DBG] (HealthChecks.UI.Core.HostedService.HealthCheckReportCollector) HealthReportCollector has completed.
2021-10-20T17:11:12.5243351+03:00 [DBG] (HealthChecks.UI.Core.HostedService.HealthCheckCollectorHostedService) HealthCheck collector HostedService executed successfully.
2021-10-20T17:11:22.5296138+03:00 [DBG] (HealthChecks.UI.Core.HostedService.HealthCheckCollectorHostedService) Executing HealthCheck collector HostedService.
2021-10-20T17:11:22.5299503+03:00 [INF] (Microsoft.EntityFrameworkCore.Infrastructure) Entity Framework Core "5.0.10" initialized '"HealthChecksDb"' using provider '"Microsoft.EntityFrameworkCore.InMemory"' with options: "StoreName=HealthChecksUI "
2021-10-20T17:11:22.5300713+03:00 [DBG] (HealthChecks.UI.Core.HostedService.HealthCheckReportCollector) HealthReportCollector has completed.
2021-10-20T17:11:22.5301134+03:00 [DBG] (HealthChecks.UI.Core.HostedService.HealthCheckCollectorHostedService) HealthCheck collector HostedService executed successfully.
2021-10-20T17:11:32.5432154+03:00 [DBG] (HealthChecks.UI.Core.HostedService.HealthCheckCollectorHostedService) Executing HealthCheck collector HostedService.
2021-10-20T17:11:32.5435551+03:00 [INF] (Microsoft.EntityFrameworkCore.Infrastructure) Entity Framework Core "5.0.10" initialized '"HealthChecksDb"' using provider '"Microsoft.EntityFrameworkCore.InMemory"' with options: "StoreName=HealthChecksUI "
2021-10-20T17:11:32.5436661+03:00 [DBG] (HealthChecks.UI.Core.HostedService.HealthCheckReportCollector) HealthReportCollector has completed.
2021-10-20T17:11:32.5436990+03:00 [DBG] (HealthChecks.UI.Core.HostedService.HealthCheckCollectorHostedService) HealthCheck collector HostedService executed successfully.
2021-10-20T17:11:42.5509178+03:00 [DBG] (HealthChecks.UI.Core.HostedService.HealthCheckCollectorHostedService) Executing HealthCheck collector HostedService.
2021-10-20T17:11:42.5513706+03:00 [INF] (Microsoft.EntityFrameworkCore.Infrastructure) Entity Framework Core "5.0.10" initialized '"HealthChecksDb"' using provider '"Microsoft.EntityFrameworkCore.InMemory"' with options: "StoreName=HealthChecksUI "
2021-10-20T17:11:42.5514818+03:00 [DBG] (HealthChecks.UI.Core.HostedService.HealthCheckReportCollector) HealthReportCollector has completed.
2021-10-20T17:11:42.5515155+03:00 [DBG] (HealthChecks.UI.Core.HostedService.HealthCheckCollectorHostedService) HealthCheck collector HostedService executed successfully.
2021-10-20T17:11:52.5538317+03:00 [DBG] (HealthChecks.UI.Core.HostedService.HealthCheckCollectorHostedService) Executing HealthCheck collector HostedService.
2021-10-20T17:11:52.5541938+03:00 [INF] (Microsoft.EntityFrameworkCore.Infrastructure) Entity Framework Core "5.0.10" initialized '"HealthChecksDb"' using provider '"Microsoft.EntityFrameworkCore.InMemory"' with options: "StoreName=HealthChecksUI "
2021-10-20T17:11:52.5543127+03:00 [DBG] (HealthChecks.UI.Core.HostedService.HealthCheckReportCollector) HealthReportCollector has completed.
2021-10-20T17:11:52.5543486+03:00 [DBG] (HealthChecks.UI.Core.HostedService.HealthCheckCollectorHostedService) HealthCheck collector HostedService executed successfully.
2021-10-20T17:15:40.3955913+03:00 [INF] () Starting web host
