2021-10-05T13:56:26.5422860+03:00 [INF] (Microsoft.AspNetCore.DataProtection.KeyManagement.XmlKeyManager) User profile is available. Using '"C:\Users\A.Dzenisevich\AppData\Local\ASP.NET\DataProtection-Keys"' as key repository and Windows DPAPI to encrypt keys at rest.
2021-10-05T13:56:26.6181730+03:00 [INF] (HealthChecks.UI.Core.HostedService.UIInitializationHostedService) Initializing UI Database
2021-10-05T13:56:27.0246763+03:00 [INF] (Microsoft.EntityFrameworkCore.Infrastructure) Entity Framework Core "5.0.10" initialized '"HealthChecksDb"' using provider '"Microsoft.EntityFrameworkCore.InMemory"' with options: "StoreName=HealthChecksUI "
2021-10-05T13:56:27.3773834+03:00 [DBG] (HealthChecks.UI.Core.HostedService.HealthCheckCollectorHostedService) Executing HealthCheck collector HostedService.
2021-10-05T13:56:27.3831333+03:00 [INF] (Microsoft.AspNetCore.Hosting.Diagnostics) Request starting HTTP/2 GET https://localhost:44370/index.html - -
2021-10-05T13:56:27.3904540+03:00 [INF] (Microsoft.EntityFrameworkCore.Infrastructure) Entity Framework Core "5.0.10" initialized '"HealthChecksDb"' using provider '"Microsoft.EntityFrameworkCore.InMemory"' with options: "StoreName=HealthChecksUI "
2021-10-05T13:56:27.4193699+03:00 [DBG] (HealthChecks.UI.Core.HostedService.HealthCheckReportCollector) HealthReportCollector has completed.
2021-10-05T13:56:27.4199267+03:00 [DBG] (HealthChecks.UI.Core.HostedService.HealthCheckCollectorHostedService) HealthCheck collector HostedService executed successfully.
2021-10-05T13:56:27.4218856+03:00 [INF] (Microsoft.Hosting.Lifetime) Application started. Press Ctrl+C to shut down.
2021-10-05T13:56:27.4220439+03:00 [INF] (Microsoft.Hosting.Lifetime) Hosting environment: "Development"
2021-10-05T13:56:27.4221047+03:00 [INF] (Microsoft.Hosting.Lifetime) Content root path: "D:\LabWebApp\Web"
2021-10-05T13:56:27.5514156+03:00 [INF] (Microsoft.AspNetCore.Hosting.Diagnostics) Request finished HTTP/2 GET https://localhost:44370/index.html - - - 200 - text/html;charset=utf-8 169.1837ms
2021-10-05T13:56:27.6814063+03:00 [INF] (Microsoft.AspNetCore.Hosting.Diagnostics) Request starting HTTP/2 GET https://localhost:44370/swagger/v1/swagger.json - -
2021-10-05T13:56:27.8021415+03:00 [INF] (Microsoft.AspNetCore.Hosting.Diagnostics) Request finished HTTP/2 GET https://localhost:44370/swagger/v1/swagger.json - - - 200 - application/json;charset=utf-8 120.6906ms
2021-10-05T13:56:37.4355329+03:00 [DBG] (HealthChecks.UI.Core.HostedService.HealthCheckCollectorHostedService) Executing HealthCheck collector HostedService.
2021-10-05T13:56:37.4543081+03:00 [INF] (Microsoft.EntityFrameworkCore.Infrastructure) Entity Framework Core "5.0.10" initialized '"HealthChecksDb"' using provider '"Microsoft.EntityFrameworkCore.InMemory"' with options: "StoreName=HealthChecksUI "
2021-10-05T13:56:37.4550492+03:00 [DBG] (HealthChecks.UI.Core.HostedService.HealthCheckReportCollector) HealthReportCollector has completed.
2021-10-05T13:56:37.4550991+03:00 [DBG] (HealthChecks.UI.Core.HostedService.HealthCheckCollectorHostedService) HealthCheck collector HostedService executed successfully.
2021-10-05T13:56:47.4734692+03:00 [DBG] (HealthChecks.UI.Core.HostedService.HealthCheckCollectorHostedService) Executing HealthCheck collector HostedService.
2021-10-05T13:56:47.4788532+03:00 [INF] (Microsoft.EntityFrameworkCore.Infrastructure) Entity Framework Core "5.0.10" initialized '"HealthChecksDb"' using provider '"Microsoft.EntityFrameworkCore.InMemory"' with options: "StoreName=HealthChecksUI "
2021-10-05T13:56:47.4789947+03:00 [DBG] (HealthChecks.UI.Core.HostedService.HealthCheckReportCollector) HealthReportCollector has completed.
2021-10-05T13:56:47.4790360+03:00 [DBG] (HealthChecks.UI.Core.HostedService.HealthCheckCollectorHostedService) HealthCheck collector HostedService executed successfully.
2021-10-05T13:56:57.4899972+03:00 [DBG] (HealthChecks.UI.Core.HostedService.HealthCheckCollectorHostedService) Executing HealthCheck collector HostedService.
2021-10-05T13:56:57.4909801+03:00 [INF] (Microsoft.EntityFrameworkCore.Infrastructure) Entity Framework Core "5.0.10" initialized '"HealthChecksDb"' using provider '"Microsoft.EntityFrameworkCore.InMemory"' with options: "StoreName=HealthChecksUI "
2021-10-05T13:56:57.4917587+03:00 [DBG] (HealthChecks.UI.Core.HostedService.HealthCheckReportCollector) HealthReportCollector has completed.
2021-10-05T13:56:57.4917954+03:00 [DBG] (HealthChecks.UI.Core.HostedService.HealthCheckCollectorHostedService) HealthCheck collector HostedService executed successfully.
2021-10-05T13:57:07.4952975+03:00 [DBG] (HealthChecks.UI.Core.HostedService.HealthCheckCollectorHostedService) Executing HealthCheck collector HostedService.
2021-10-05T13:57:07.5016063+03:00 [INF] (Microsoft.EntityFrameworkCore.Infrastructure) Entity Framework Core "5.0.10" initialized '"HealthChecksDb"' using provider '"Microsoft.EntityFrameworkCore.InMemory"' with options: "StoreName=HealthChecksUI "
2021-10-05T13:57:07.5020253+03:00 [DBG] (HealthChecks.UI.Core.HostedService.HealthCheckReportCollector) HealthReportCollector has completed.
2021-10-05T13:57:07.5022301+03:00 [DBG] (HealthChecks.UI.Core.HostedService.HealthCheckCollectorHostedService) HealthCheck collector HostedService executed successfully.
2021-10-05T13:57:17.5071242+03:00 [DBG] (HealthChecks.UI.Core.HostedService.HealthCheckCollectorHostedService) Executing HealthCheck collector HostedService.
2021-10-05T13:57:17.5076129+03:00 [INF] (Microsoft.EntityFrameworkCore.Infrastructure) Entity Framework Core "5.0.10" initialized '"HealthChecksDb"' using provider '"Microsoft.EntityFrameworkCore.InMemory"' with options: "StoreName=HealthChecksUI "
2021-10-05T13:57:17.5077785+03:00 [DBG] (HealthChecks.UI.Core.HostedService.HealthCheckReportCollector) HealthReportCollector has completed.
2021-10-05T13:57:17.5078287+03:00 [DBG] (HealthChecks.UI.Core.HostedService.HealthCheckCollectorHostedService) HealthCheck collector HostedService executed successfully.
2021-10-05T13:57:27.5169498+03:00 [DBG] (HealthChecks.UI.Core.HostedService.HealthCheckCollectorHostedService) Executing HealthCheck collector HostedService.
2021-10-05T13:57:27.5211002+03:00 [INF] (Microsoft.EntityFrameworkCore.Infrastructure) Entity Framework Core "5.0.10" initialized '"HealthChecksDb"' using provider '"Microsoft.EntityFrameworkCore.InMemory"' with options: "StoreName=HealthChecksUI "
2021-10-05T13:57:27.5215493+03:00 [DBG] (HealthChecks.UI.Core.HostedService.HealthCheckReportCollector) HealthReportCollector has completed.
2021-10-05T13:57:27.5217176+03:00 [DBG] (HealthChecks.UI.Core.HostedService.HealthCheckCollectorHostedService) HealthCheck collector HostedService executed successfully.
2021-10-05T13:57:34.2009800+03:00 [INF] (Microsoft.AspNetCore.Hosting.Diagnostics) Request starting HTTP/2 GET https://localhost:44370/games/top-platforms - -
2021-10-05T13:57:34.2128994+03:00 [INF] (Microsoft.AspNetCore.Routing.EndpointMiddleware) Executing endpoint '"Web.Controllers.GamesController.GetTopPlatforms (Web)"'
2021-10-05T13:57:34.2262528+03:00 [INF] (Microsoft.AspNetCore.Mvc.Infrastructure.ControllerActionInvoker) Route matched with "{action = \"GetTopPlatforms\", controller = \"Games\"}". Executing controller action with signature "System.Threading.Tasks.Task`1[Microsoft.AspNetCore.Mvc.IActionResult] GetTopPlatforms()" on controller "Web.Controllers.GamesController" ("Web").
2021-10-05T13:57:34.5216190+03:00 [INF] (Microsoft.EntityFrameworkCore.Infrastructure) Entity Framework Core "5.0.10" initialized '"ApplicationDbContext"' using provider '"Microsoft.EntityFrameworkCore.SqlServer"' with options: "None"
2021-10-05T13:57:34.8651305+03:00 [INF] (Microsoft.EntityFrameworkCore.Database.Command) Executed DbCommand ("39"ms) [Parameters=["@__i_0='?' (DbType = Int32)"], CommandType='Text', CommandTimeout='30']"
""SELECT COUNT(*)
FROM [Products] AS [p]
WHERE ([p].[IsDeleted] <> CAST(1 AS bit)) AND ([p].[Platform] = @__i_0)"
2021-10-05T13:57:34.8914882+03:00 [INF] (Microsoft.EntityFrameworkCore.Database.Command) Executed DbCommand ("4"ms) [Parameters=["@__i_0='?' (DbType = Int32)"], CommandType='Text', CommandTimeout='30']"
""SELECT COUNT(*)
FROM [Products] AS [p]
WHERE ([p].[IsDeleted] <> CAST(1 AS bit)) AND ([p].[Platform] = @__i_0)"
2021-10-05T13:57:34.8926324+03:00 [INF] (Microsoft.EntityFrameworkCore.Database.Command) Executed DbCommand ("0"ms) [Parameters=["@__i_0='?' (DbType = Int32)"], CommandType='Text', CommandTimeout='30']"
""SELECT COUNT(*)
FROM [Products] AS [p]
WHERE ([p].[IsDeleted] <> CAST(1 AS bit)) AND ([p].[Platform] = @__i_0)"
2021-10-05T13:57:34.8932650+03:00 [INF] (Microsoft.EntityFrameworkCore.Database.Command) Executed DbCommand ("0"ms) [Parameters=["@__i_0='?' (DbType = Int32)"], CommandType='Text', CommandTimeout='30']"
""SELECT COUNT(*)
FROM [Products] AS [p]
WHERE ([p].[IsDeleted] <> CAST(1 AS bit)) AND ([p].[Platform] = @__i_0)"
2021-10-05T13:57:34.8939095+03:00 [INF] (Microsoft.EntityFrameworkCore.Database.Command) Executed DbCommand ("0"ms) [Parameters=["@__i_0='?' (DbType = Int32)"], CommandType='Text', CommandTimeout='30']"
""SELECT COUNT(*)
FROM [Products] AS [p]
WHERE ([p].[IsDeleted] <> CAST(1 AS bit)) AND ([p].[Platform] = @__i_0)"
2021-10-05T13:57:34.8945575+03:00 [INF] (Microsoft.EntityFrameworkCore.Database.Command) Executed DbCommand ("0"ms) [Parameters=["@__i_0='?' (DbType = Int32)"], CommandType='Text', CommandTimeout='30']"
""SELECT COUNT(*)
FROM [Products] AS [p]
WHERE ([p].[IsDeleted] <> CAST(1 AS bit)) AND ([p].[Platform] = @__i_0)"
2021-10-05T13:57:34.8951221+03:00 [INF] (Microsoft.EntityFrameworkCore.Database.Command) Executed DbCommand ("0"ms) [Parameters=["@__i_0='?' (DbType = Int32)"], CommandType='Text', CommandTimeout='30']"
""SELECT COUNT(*)
FROM [Products] AS [p]
WHERE ([p].[IsDeleted] <> CAST(1 AS bit)) AND ([p].[Platform] = @__i_0)"
2021-10-05T13:57:34.8956929+03:00 [INF] (Microsoft.EntityFrameworkCore.Database.Command) Executed DbCommand ("0"ms) [Parameters=["@__i_0='?' (DbType = Int32)"], CommandType='Text', CommandTimeout='30']"
""SELECT COUNT(*)
FROM [Products] AS [p]
WHERE ([p].[IsDeleted] <> CAST(1 AS bit)) AND ([p].[Platform] = @__i_0)"
2021-10-05T13:57:34.8962380+03:00 [INF] (Microsoft.EntityFrameworkCore.Database.Command) Executed DbCommand ("0"ms) [Parameters=["@__i_0='?' (DbType = Int32)"], CommandType='Text', CommandTimeout='30']"
""SELECT COUNT(*)
FROM [Products] AS [p]
WHERE ([p].[IsDeleted] <> CAST(1 AS bit)) AND ([p].[Platform] = @__i_0)"
2021-10-05T13:57:34.8967902+03:00 [INF] (Microsoft.EntityFrameworkCore.Database.Command) Executed DbCommand ("0"ms) [Parameters=["@__i_0='?' (DbType = Int32)"], CommandType='Text', CommandTimeout='30']"
""SELECT COUNT(*)
FROM [Products] AS [p]
WHERE ([p].[IsDeleted] <> CAST(1 AS bit)) AND ([p].[Platform] = @__i_0)"
2021-10-05T13:57:34.8973209+03:00 [INF] (Microsoft.EntityFrameworkCore.Database.Command) Executed DbCommand ("0"ms) [Parameters=["@__i_0='?' (DbType = Int32)"], CommandType='Text', CommandTimeout='30']"
""SELECT COUNT(*)
FROM [Products] AS [p]
WHERE ([p].[IsDeleted] <> CAST(1 AS bit)) AND ([p].[Platform] = @__i_0)"
2021-10-05T13:57:34.8978130+03:00 [INF] (Microsoft.EntityFrameworkCore.Database.Command) Executed DbCommand ("0"ms) [Parameters=["@__i_0='?' (DbType = Int32)"], CommandType='Text', CommandTimeout='30']"
""SELECT COUNT(*)
FROM [Products] AS [p]
WHERE ([p].[IsDeleted] <> CAST(1 AS bit)) AND ([p].[Platform] = @__i_0)"
2021-10-05T13:57:34.9066040+03:00 [INF] (Microsoft.AspNetCore.Mvc.Infrastructure.ObjectResultExecutor) Executing "OkObjectResult", writing value of type '"System.Collections.Generic.Dictionary`2[[System.String, System.Private.CoreLib, Version=5.0.0.0, Culture=neutral, PublicKeyToken=7cec85d7bea7798e],[System.Int32, System.Private.CoreLib, Version=5.0.0.0, Culture=neutral, PublicKeyToken=7cec85d7bea7798e]]"'.
2021-10-05T13:57:34.9835596+03:00 [INF] (Microsoft.AspNetCore.Mvc.Infrastructure.ControllerActionInvoker) Executed action "Web.Controllers.GamesController.GetTopPlatforms (Web)" in 754.0635ms
2021-10-05T13:57:34.9840003+03:00 [INF] (Microsoft.AspNetCore.Routing.EndpointMiddleware) Executed endpoint '"Web.Controllers.GamesController.GetTopPlatforms (Web)"'
2021-10-05T13:57:34.9864030+03:00 [INF] (Microsoft.AspNetCore.Hosting.Diagnostics) Request finished HTTP/2 GET https://localhost:44370/games/top-platforms - - - 200 44 application/json;+charset=utf-8 785.4231ms
2021-10-05T13:57:37.5394412+03:00 [DBG] (HealthChecks.UI.Core.HostedService.HealthCheckCollectorHostedService) Executing HealthCheck collector HostedService.
2021-10-05T13:57:37.5399084+03:00 [INF] (Microsoft.EntityFrameworkCore.Infrastructure) Entity Framework Core "5.0.10" initialized '"HealthChecksDb"' using provider '"Microsoft.EntityFrameworkCore.InMemory"' with options: "StoreName=HealthChecksUI "
2021-10-05T13:57:37.5401020+03:00 [DBG] (HealthChecks.UI.Core.HostedService.HealthCheckReportCollector) HealthReportCollector has completed.
2021-10-05T13:57:37.5401460+03:00 [DBG] (HealthChecks.UI.Core.HostedService.HealthCheckCollectorHostedService) HealthCheck collector HostedService executed successfully.
2021-10-05T13:57:47.5532763+03:00 [DBG] (HealthChecks.UI.Core.HostedService.HealthCheckCollectorHostedService) Executing HealthCheck collector HostedService.
2021-10-05T13:57:47.5536149+03:00 [INF] (Microsoft.EntityFrameworkCore.Infrastructure) Entity Framework Core "5.0.10" initialized '"HealthChecksDb"' using provider '"Microsoft.EntityFrameworkCore.InMemory"' with options: "StoreName=HealthChecksUI "
2021-10-05T13:57:47.5537324+03:00 [DBG] (HealthChecks.UI.Core.HostedService.HealthCheckReportCollector) HealthReportCollector has completed.
2021-10-05T13:57:47.5537739+03:00 [DBG] (HealthChecks.UI.Core.HostedService.HealthCheckCollectorHostedService) HealthCheck collector HostedService executed successfully.
2021-10-05T13:57:57.5690099+03:00 [DBG] (HealthChecks.UI.Core.HostedService.HealthCheckCollectorHostedService) Executing HealthCheck collector HostedService.
2021-10-05T13:57:57.5694942+03:00 [INF] (Microsoft.EntityFrameworkCore.Infrastructure) Entity Framework Core "5.0.10" initialized '"HealthChecksDb"' using provider '"Microsoft.EntityFrameworkCore.InMemory"' with options: "StoreName=HealthChecksUI "
2021-10-05T13:57:57.5696010+03:00 [DBG] (HealthChecks.UI.Core.HostedService.HealthCheckReportCollector) HealthReportCollector has completed.
2021-10-05T13:57:57.5696361+03:00 [DBG] (HealthChecks.UI.Core.HostedService.HealthCheckCollectorHostedService) HealthCheck collector HostedService executed successfully.
2021-10-05T13:58:07.5710168+03:00 [DBG] (HealthChecks.UI.Core.HostedService.HealthCheckCollectorHostedService) Executing HealthCheck collector HostedService.
2021-10-05T13:58:07.5722792+03:00 [INF] (Microsoft.EntityFrameworkCore.Infrastructure) Entity Framework Core "5.0.10" initialized '"HealthChecksDb"' using provider '"Microsoft.EntityFrameworkCore.InMemory"' with options: "StoreName=HealthChecksUI "
2021-10-05T13:58:07.5726274+03:00 [DBG] (HealthChecks.UI.Core.HostedService.HealthCheckReportCollector) HealthReportCollector has completed.
2021-10-05T13:58:07.5727912+03:00 [DBG] (HealthChecks.UI.Core.HostedService.HealthCheckCollectorHostedService) HealthCheck collector HostedService executed successfully.
2021-10-05T13:58:17.5862537+03:00 [DBG] (HealthChecks.UI.Core.HostedService.HealthCheckCollectorHostedService) Executing HealthCheck collector HostedService.
2021-10-05T13:58:17.5867632+03:00 [INF] (Microsoft.EntityFrameworkCore.Infrastructure) Entity Framework Core "5.0.10" initialized '"HealthChecksDb"' using provider '"Microsoft.EntityFrameworkCore.InMemory"' with options: "StoreName=HealthChecksUI "
2021-10-05T13:58:17.5868587+03:00 [DBG] (HealthChecks.UI.Core.HostedService.HealthCheckReportCollector) HealthReportCollector has completed.
2021-10-05T13:58:17.5868934+03:00 [DBG] (HealthChecks.UI.Core.HostedService.HealthCheckCollectorHostedService) HealthCheck collector HostedService executed successfully.
2021-10-05T13:58:27.5119796+03:00 [INF] () Strating web host
