2021-09-27T13:42:46.2094135+03:00 [ERR] (Microsoft.AspNetCore.Diagnostics.DeveloperExceptionPageMiddleware) An unhandled exception has occurred while executing the request.
System.InvalidOperationException: The LINQ expression 'DbSet<Product>()
    .Where(p => p.IsDeleted == False)
    .Where(p => Array.Exists<int>(
        array: __genreFilter_0, 
        match: x => x == p.Genre) && Array.Exists<int>(
        array: __ageFilter_1, 
        match: x => x == p.Rating))' could not be translated. Either rewrite the query in a form that can be translated, or switch to client evaluation explicitly by inserting a call to 'AsEnumerable', 'AsAsyncEnumerable', 'ToList', or 'ToListAsync'. See https://go.microsoft.com/fwlink/?linkid=2101038 for more information.
   at Microsoft.EntityFrameworkCore.Query.QueryableMethodTranslatingExpressionVisitor.<VisitMethodCall>g__CheckTranslated|15_0(ShapedQueryExpression translated, <>c__DisplayClass15_0& )
   at Microsoft.EntityFrameworkCore.Query.QueryableMethodTranslatingExpressionVisitor.VisitMethodCall(MethodCallExpression methodCallExpression)
   at System.Linq.Expressions.MethodCallExpression.Accept(ExpressionVisitor visitor)
   at System.Linq.Expressions.ExpressionVisitor.Visit(Expression node)
   at Microsoft.EntityFrameworkCore.Query.QueryCompilationContext.CreateQueryExecutor[TResult](Expression query)
   at Microsoft.EntityFrameworkCore.Storage.Database.CompileQuery[TResult](Expression query, Boolean async)
   at Microsoft.EntityFrameworkCore.Query.Internal.QueryCompiler.CompileQueryCore[TResult](IDatabase database, Expression query, IModel model, Boolean async)
   at Microsoft.EntityFrameworkCore.Query.Internal.QueryCompiler.<>c__DisplayClass12_0`1.<ExecuteAsync>b__0()
   at Microsoft.EntityFrameworkCore.Query.Internal.CompiledQueryCache.GetOrAddQuery[TResult](Object cacheKey, Func`1 compiler)
   at Microsoft.EntityFrameworkCore.Query.Internal.QueryCompiler.ExecuteAsync[TResult](Expression query, CancellationToken cancellationToken)
   at Microsoft.EntityFrameworkCore.Query.Internal.EntityQueryProvider.ExecuteAsync[TResult](Expression expression, CancellationToken cancellationToken)
   at Microsoft.EntityFrameworkCore.Query.Internal.EntityQueryable`1.GetAsyncEnumerator(CancellationToken cancellationToken)
   at System.Runtime.CompilerServices.ConfiguredCancelableAsyncEnumerable`1.GetAsyncEnumerator()
   at Microsoft.EntityFrameworkCore.EntityFrameworkQueryableExtensions.ToListAsync[TSource](IQueryable`1 source, CancellationToken cancellationToken)
   at DAL.Repositories.ProductRepository.GetProductsByAgeAndGenreFilterAsync(Int32[] genreFilter, Int32[] ageFilter) in D:\LabWebApp\DAL\Repositories\ProductRepository.cs:line 170
   at BLL.Dto.ProductDto.GetProductsByFiltersAsync(Int32[] genreFilter, Int32[] ageFilter) in D:\LabWebApp\BLL\Dto\ProductDto.cs:line 71
   at BLL.Services.GamesService.GetProductListAsync(Nullable`1 sortingParameter, Int32[] genreFilter, Int32[] ageFilter) in D:\LabWebApp\BLL\Services\GamesService.cs:line 180
   at Web.Controllers.GamesController.GetProductListAsync(Nullable`1 sortingParameter, Int32[] genreFilter, Int32[] ageFilter) in D:\LabWebApp\Web\Controllers\GamesController.cs:line 191
   at Microsoft.AspNetCore.Mvc.Infrastructure.ActionMethodExecutor.TaskOfIActionResultExecutor.Execute(IActionResultTypeMapper mapper, ObjectMethodExecutor executor, Object controller, Object[] arguments)
   at Microsoft.AspNetCore.Mvc.Infrastructure.ControllerActionInvoker.<InvokeActionMethodAsync>g__Awaited|12_0(ControllerActionInvoker invoker, ValueTask`1 actionResultValueTask)
   at Microsoft.AspNetCore.Mvc.Infrastructure.ControllerActionInvoker.<InvokeNextActionFilterAsync>g__Awaited|10_0(ControllerActionInvoker invoker, Task lastTask, State next, Scope scope, Object state, Boolean isCompleted)
   at Microsoft.AspNetCore.Mvc.Infrastructure.ControllerActionInvoker.Rethrow(ActionExecutedContextSealed context)
   at Microsoft.AspNetCore.Mvc.Infrastructure.ControllerActionInvoker.Next(State& next, Scope& scope, Object& state, Boolean& isCompleted)
   at Microsoft.AspNetCore.Mvc.Infrastructure.ControllerActionInvoker.InvokeInnerFilterAsync()
--- End of stack trace from previous location ---
   at Microsoft.AspNetCore.Mvc.Infrastructure.ResourceInvoker.<InvokeFilterPipelineAsync>g__Awaited|19_0(ResourceInvoker invoker, Task lastTask, State next, Scope scope, Object state, Boolean isCompleted)
   at Microsoft.AspNetCore.Mvc.Infrastructure.ResourceInvoker.<InvokeAsync>g__Logged|17_1(ResourceInvoker invoker)
   at Microsoft.AspNetCore.Routing.EndpointMiddleware.<Invoke>g__AwaitRequestTask|6_0(Endpoint endpoint, Task requestTask, ILogger logger)
   at Microsoft.AspNetCore.Authorization.AuthorizationMiddleware.Invoke(HttpContext context)
   at Microsoft.AspNetCore.Authentication.AuthenticationMiddleware.Invoke(HttpContext context)
   at Web.Startup.<>c.<<Configure>b__5_0>d.MoveNext() in D:\LabWebApp\Web\Startup.cs:line 109
--- End of stack trace from previous location ---
   at Microsoft.AspNetCore.Diagnostics.EntityFrameworkCore.MigrationsEndPointMiddleware.Invoke(HttpContext context)
   at Microsoft.AspNetCore.Diagnostics.DeveloperExceptionPageMiddleware.Invoke(HttpContext context)
2021-09-27T15:06:34.0603134+03:00 [ERR] (Microsoft.AspNetCore.Diagnostics.DeveloperExceptionPageMiddleware) An unhandled exception has occurred while executing the request.
System.InvalidOperationException: The provider for the source 'IQueryable' doesn't implement 'IAsyncQueryProvider'. Only providers that implement 'IAsyncQueryProvider' can be used for Entity Framework asynchronous operations.
   at Microsoft.EntityFrameworkCore.EntityFrameworkQueryableExtensions.ExecuteAsync[TSource,TResult](MethodInfo operatorMethodInfo, IQueryable`1 source, Expression expression, CancellationToken cancellationToken)
   at Microsoft.EntityFrameworkCore.EntityFrameworkQueryableExtensions.ExecuteAsync[TSource,TResult](MethodInfo operatorMethodInfo, IQueryable`1 source, CancellationToken cancellationToken)
   at Microsoft.EntityFrameworkCore.EntityFrameworkQueryableExtensions.CountAsync[TSource](IQueryable`1 source, CancellationToken cancellationToken)
   at RIL.Models.PaginatedList`1.CreateAsync(List`1 source, Int32 pageIndex, Int32 pageSize) in D:\LabWebApp\RIL\Models\PaginatedList.cs:line 40
   at BLL.Services.GamesService.GetProductListAsync(Nullable`1 sortingParameter, Int32[] genreFilter, Int32[] ageFilter, Nullable`1 pageNumber, Nullable`1 pageSize) in D:\LabWebApp\BLL\Services\GamesService.cs:line 196
   at Web.Controllers.GamesController.GetProductListAsync(Nullable`1 sortingParameter, Int32[] genreFilter, Int32[] ageFilter, Nullable`1 pageNumber, Nullable`1 pageSize) in D:\LabWebApp\Web\Controllers\GamesController.cs:line 193
   at Microsoft.AspNetCore.Mvc.Infrastructure.ActionMethodExecutor.TaskOfIActionResultExecutor.Execute(IActionResultTypeMapper mapper, ObjectMethodExecutor executor, Object controller, Object[] arguments)
   at Microsoft.AspNetCore.Mvc.Infrastructure.ControllerActionInvoker.<InvokeActionMethodAsync>g__Awaited|12_0(ControllerActionInvoker invoker, ValueTask`1 actionResultValueTask)
   at Microsoft.AspNetCore.Mvc.Infrastructure.ControllerActionInvoker.<InvokeNextActionFilterAsync>g__Awaited|10_0(ControllerActionInvoker invoker, Task lastTask, State next, Scope scope, Object state, Boolean isCompleted)
   at Microsoft.AspNetCore.Mvc.Infrastructure.ControllerActionInvoker.Rethrow(ActionExecutedContextSealed context)
   at Microsoft.AspNetCore.Mvc.Infrastructure.ControllerActionInvoker.Next(State& next, Scope& scope, Object& state, Boolean& isCompleted)
   at Microsoft.AspNetCore.Mvc.Infrastructure.ControllerActionInvoker.<InvokeInnerFilterAsync>g__Awaited|13_0(ControllerActionInvoker invoker, Task lastTask, State next, Scope scope, Object state, Boolean isCompleted)
   at Microsoft.AspNetCore.Mvc.Infrastructure.ResourceInvoker.<InvokeFilterPipelineAsync>g__Awaited|19_0(ResourceInvoker invoker, Task lastTask, State next, Scope scope, Object state, Boolean isCompleted)
   at Microsoft.AspNetCore.Mvc.Infrastructure.ResourceInvoker.<InvokeAsync>g__Logged|17_1(ResourceInvoker invoker)
   at Microsoft.AspNetCore.Routing.EndpointMiddleware.<Invoke>g__AwaitRequestTask|6_0(Endpoint endpoint, Task requestTask, ILogger logger)
   at Microsoft.AspNetCore.Authorization.AuthorizationMiddleware.Invoke(HttpContext context)
   at Microsoft.AspNetCore.Authentication.AuthenticationMiddleware.Invoke(HttpContext context)
   at Web.Startup.<>c.<<Configure>b__5_0>d.MoveNext() in D:\LabWebApp\Web\Startup.cs:line 109
--- End of stack trace from previous location ---
   at Microsoft.AspNetCore.Diagnostics.EntityFrameworkCore.MigrationsEndPointMiddleware.Invoke(HttpContext context)
   at Microsoft.AspNetCore.Diagnostics.DeveloperExceptionPageMiddleware.Invoke(HttpContext context)
2021-09-27T15:08:01.6535596+03:00 [ERR] (Microsoft.AspNetCore.Diagnostics.DeveloperExceptionPageMiddleware) An unhandled exception has occurred while executing the request.
System.InvalidOperationException: The provider for the source 'IQueryable' doesn't implement 'IAsyncQueryProvider'. Only providers that implement 'IAsyncQueryProvider' can be used for Entity Framework asynchronous operations.
   at Microsoft.EntityFrameworkCore.EntityFrameworkQueryableExtensions.ExecuteAsync[TSource,TResult](MethodInfo operatorMethodInfo, IQueryable`1 source, Expression expression, CancellationToken cancellationToken)
   at Microsoft.EntityFrameworkCore.EntityFrameworkQueryableExtensions.ExecuteAsync[TSource,TResult](MethodInfo operatorMethodInfo, IQueryable`1 source, CancellationToken cancellationToken)
   at Microsoft.EntityFrameworkCore.EntityFrameworkQueryableExtensions.CountAsync[TSource](IQueryable`1 source, CancellationToken cancellationToken)
   at RIL.Models.PaginatedList`1.CreateAsync(List`1 source, Int32 pageIndex, Int32 pageSize) in D:\LabWebApp\RIL\Models\PaginatedList.cs:line 40
   at BLL.Services.GamesService.GetProductListAsync(Nullable`1 sortingParameter, Int32[] genreFilter, Int32[] ageFilter, Nullable`1 pageNumber, Nullable`1 pageSize) in D:\LabWebApp\BLL\Services\GamesService.cs:line 196
   at Web.Controllers.GamesController.GetProductListAsync(Nullable`1 sortingParameter, Int32[] genreFilter, Int32[] ageFilter, Nullable`1 pageNumber, Nullable`1 pageSize) in D:\LabWebApp\Web\Controllers\GamesController.cs:line 193
   at Microsoft.AspNetCore.Mvc.Infrastructure.ActionMethodExecutor.TaskOfIActionResultExecutor.Execute(IActionResultTypeMapper mapper, ObjectMethodExecutor executor, Object controller, Object[] arguments)
   at Microsoft.AspNetCore.Mvc.Infrastructure.ControllerActionInvoker.<InvokeActionMethodAsync>g__Awaited|12_0(ControllerActionInvoker invoker, ValueTask`1 actionResultValueTask)
   at Microsoft.AspNetCore.Mvc.Infrastructure.ControllerActionInvoker.<InvokeNextActionFilterAsync>g__Awaited|10_0(ControllerActionInvoker invoker, Task lastTask, State next, Scope scope, Object state, Boolean isCompleted)
   at Microsoft.AspNetCore.Mvc.Infrastructure.ControllerActionInvoker.Rethrow(ActionExecutedContextSealed context)
   at Microsoft.AspNetCore.Mvc.Infrastructure.ControllerActionInvoker.Next(State& next, Scope& scope, Object& state, Boolean& isCompleted)
   at Microsoft.AspNetCore.Mvc.Infrastructure.ControllerActionInvoker.<InvokeInnerFilterAsync>g__Awaited|13_0(ControllerActionInvoker invoker, Task lastTask, State next, Scope scope, Object state, Boolean isCompleted)
   at Microsoft.AspNetCore.Mvc.Infrastructure.ResourceInvoker.<InvokeFilterPipelineAsync>g__Awaited|19_0(ResourceInvoker invoker, Task lastTask, State next, Scope scope, Object state, Boolean isCompleted)
   at Microsoft.AspNetCore.Mvc.Infrastructure.ResourceInvoker.<InvokeAsync>g__Logged|17_1(ResourceInvoker invoker)
   at Microsoft.AspNetCore.Routing.EndpointMiddleware.<Invoke>g__AwaitRequestTask|6_0(Endpoint endpoint, Task requestTask, ILogger logger)
   at Microsoft.AspNetCore.Authorization.AuthorizationMiddleware.Invoke(HttpContext context)
   at Microsoft.AspNetCore.Authentication.AuthenticationMiddleware.Invoke(HttpContext context)
   at Web.Startup.<>c.<<Configure>b__5_0>d.MoveNext() in D:\LabWebApp\Web\Startup.cs:line 109
--- End of stack trace from previous location ---
   at Microsoft.AspNetCore.Diagnostics.EntityFrameworkCore.MigrationsEndPointMiddleware.Invoke(HttpContext context)
   at Microsoft.AspNetCore.Diagnostics.DeveloperExceptionPageMiddleware.Invoke(HttpContext context)
2021-09-27T15:15:21.0833111+03:00 [ERR] (Microsoft.AspNetCore.Diagnostics.DeveloperExceptionPageMiddleware) An unhandled exception has occurred while executing the request.
System.InvalidOperationException: The provider for the source 'IQueryable' doesn't implement 'IAsyncQueryProvider'. Only providers that implement 'IAsyncQueryProvider' can be used for Entity Framework asynchronous operations.
   at Microsoft.EntityFrameworkCore.EntityFrameworkQueryableExtensions.ExecuteAsync[TSource,TResult](MethodInfo operatorMethodInfo, IQueryable`1 source, Expression expression, CancellationToken cancellationToken)
   at Microsoft.EntityFrameworkCore.EntityFrameworkQueryableExtensions.ExecuteAsync[TSource,TResult](MethodInfo operatorMethodInfo, IQueryable`1 source, CancellationToken cancellationToken)
   at Microsoft.EntityFrameworkCore.EntityFrameworkQueryableExtensions.CountAsync[TSource](IQueryable`1 source, CancellationToken cancellationToken)
   at RIL.Models.PaginatedList`1.CreateAsync(IQueryable`1 source, Int32 pageIndex, Int32 pageSize) in D:\LabWebApp\RIL\Models\PaginatedList.cs:line 40
   at BLL.Services.GamesService.GetProductListAsync(Nullable`1 sortingParameter, Int32[] genreFilter, Int32[] ageFilter, Nullable`1 pageNumber, Nullable`1 pageSize) in D:\LabWebApp\BLL\Services\GamesService.cs:line 196
   at Web.Controllers.GamesController.GetProductListAsync(Nullable`1 sortingParameter, Int32[] genreFilter, Int32[] ageFilter, Nullable`1 pageNumber, Nullable`1 pageSize) in D:\LabWebApp\Web\Controllers\GamesController.cs:line 193
   at Microsoft.AspNetCore.Mvc.Infrastructure.ActionMethodExecutor.TaskOfIActionResultExecutor.Execute(IActionResultTypeMapper mapper, ObjectMethodExecutor executor, Object controller, Object[] arguments)
   at Microsoft.AspNetCore.Mvc.Infrastructure.ControllerActionInvoker.<InvokeActionMethodAsync>g__Awaited|12_0(ControllerActionInvoker invoker, ValueTask`1 actionResultValueTask)
   at Microsoft.AspNetCore.Mvc.Infrastructure.ControllerActionInvoker.<InvokeNextActionFilterAsync>g__Awaited|10_0(ControllerActionInvoker invoker, Task lastTask, State next, Scope scope, Object state, Boolean isCompleted)
   at Microsoft.AspNetCore.Mvc.Infrastructure.ControllerActionInvoker.Rethrow(ActionExecutedContextSealed context)
   at Microsoft.AspNetCore.Mvc.Infrastructure.ControllerActionInvoker.Next(State& next, Scope& scope, Object& state, Boolean& isCompleted)
   at Microsoft.AspNetCore.Mvc.Infrastructure.ControllerActionInvoker.<InvokeInnerFilterAsync>g__Awaited|13_0(ControllerActionInvoker invoker, Task lastTask, State next, Scope scope, Object state, Boolean isCompleted)
   at Microsoft.AspNetCore.Mvc.Infrastructure.ResourceInvoker.<InvokeFilterPipelineAsync>g__Awaited|19_0(ResourceInvoker invoker, Task lastTask, State next, Scope scope, Object state, Boolean isCompleted)
   at Microsoft.AspNetCore.Mvc.Infrastructure.ResourceInvoker.<InvokeAsync>g__Logged|17_1(ResourceInvoker invoker)
   at Microsoft.AspNetCore.Routing.EndpointMiddleware.<Invoke>g__AwaitRequestTask|6_0(Endpoint endpoint, Task requestTask, ILogger logger)
   at Microsoft.AspNetCore.Authorization.AuthorizationMiddleware.Invoke(HttpContext context)
   at Microsoft.AspNetCore.Authentication.AuthenticationMiddleware.Invoke(HttpContext context)
   at Web.Startup.<>c.<<Configure>b__5_0>d.MoveNext() in D:\LabWebApp\Web\Startup.cs:line 109
--- End of stack trace from previous location ---
   at Microsoft.AspNetCore.Diagnostics.EntityFrameworkCore.MigrationsEndPointMiddleware.Invoke(HttpContext context)
   at Microsoft.AspNetCore.Diagnostics.DeveloperExceptionPageMiddleware.Invoke(HttpContext context)
