2021-09-23T16:12:59.4930192+03:00 [ERR] (Microsoft.EntityFrameworkCore.Database.Command) Failed executing DbCommand ("38"ms) [Parameters=[""], CommandType='Text', CommandTimeout='30']"
""DECLARE @var0 sysname;
SELECT @var0 = [d].[name]
FROM [sys].[default_constraints] [d]
INNER JOIN [sys].[columns] [c] ON [d].[parent_column_id] = [c].[column_id] AND [d].[parent_object_id] = [c].[object_id]
WHERE ([d].[parent_object_id] = OBJECT_ID(N'[Products]') AND [c].[name] = N'Genre');
IF @var0 IS NOT NULL EXEC(N'ALTER TABLE [Products] DROP CONSTRAINT [' + @var0 + '];');
ALTER TABLE [Products] ALTER COLUMN [Genre] int NOT NULL;"
2021-09-23T16:14:03.8880315+03:00 [ERR] (Microsoft.EntityFrameworkCore.Database.Command) Failed executing DbCommand ("15"ms) [Parameters=[""], CommandType='Text', CommandTimeout='30']"
""DECLARE @var0 sysname;
SELECT @var0 = [d].[name]
FROM [sys].[default_constraints] [d]
INNER JOIN [sys].[columns] [c] ON [d].[parent_column_id] = [c].[column_id] AND [d].[parent_object_id] = [c].[object_id]
WHERE ([d].[parent_object_id] = OBJECT_ID(N'[Products]') AND [c].[name] = N'Genre');
IF @var0 IS NOT NULL EXEC(N'ALTER TABLE [Products] DROP CONSTRAINT [' + @var0 + '];');
ALTER TABLE [Products] ALTER COLUMN [Genre] int NOT NULL;"
2021-09-23T16:15:52.4544802+03:00 [ERR] (Microsoft.EntityFrameworkCore.Database.Command) Failed executing DbCommand ("7"ms) [Parameters=[""], CommandType='Text', CommandTimeout='30']"
""DECLARE @var0 sysname;
SELECT @var0 = [d].[name]
FROM [sys].[default_constraints] [d]
INNER JOIN [sys].[columns] [c] ON [d].[parent_column_id] = [c].[column_id] AND [d].[parent_object_id] = [c].[object_id]
WHERE ([d].[parent_object_id] = OBJECT_ID(N'[Products]') AND [c].[name] = N'Genre');
IF @var0 IS NOT NULL EXEC(N'ALTER TABLE [Products] DROP CONSTRAINT [' + @var0 + '];');
ALTER TABLE [Products] ALTER COLUMN [Genre] int NOT NULL;"
