2021-09-08T14:52:50.0722206+03:00 [FTL] (Microsoft.AspNetCore.Hosting.Diagnostics) Application startup exception
System.InvalidOperationException: Cannot resolve scoped service 'Microsoft.AspNetCore.Identity.UserManager`1[Microsoft.AspNetCore.Identity.IdentityUser`1[System.Int32]]' from root provider.
   at Microsoft.Extensions.DependencyInjection.ServiceLookup.CallSiteValidator.ValidateResolution(Type serviceType, IServiceScope scope, IServiceScope rootScope)
   at Microsoft.Extensions.DependencyInjection.ServiceProvider.Microsoft.Extensions.DependencyInjection.ServiceLookup.IServiceProviderEngineCallback.OnResolve(Type serviceType, IServiceScope scope)
   at Microsoft.Extensions.DependencyInjection.ServiceLookup.ServiceProviderEngine.GetService(Type serviceType, ServiceProviderEngineScope serviceProviderEngineScope)
   at Microsoft.Extensions.DependencyInjection.ServiceLookup.ServiceProviderEngineScope.GetService(Type serviceType)
   at Microsoft.Extensions.Internal.ActivatorUtilities.ConstructorMatcher.CreateInstance(IServiceProvider provider)
   at Microsoft.Extensions.Internal.ActivatorUtilities.CreateInstance(IServiceProvider provider, Type instanceType, Object[] parameters)
   at Microsoft.AspNetCore.Builder.UseMiddlewareExtensions.<>c__DisplayClass5_0.<UseMiddleware>b__0(RequestDelegate next)
   at Microsoft.AspNetCore.Builder.ApplicationBuilder.Build()
   at Microsoft.AspNetCore.Hosting.GenericWebHostService.StartAsync(CancellationToken cancellationToken)
2021-09-08T16:39:17.6299599+03:00 [FTL] (Microsoft.AspNetCore.Hosting.Diagnostics) Application startup exception
System.InvalidOperationException: Unable to resolve service for type 'Microsoft.AspNetCore.Session.ISessionStore' while attempting to activate 'Microsoft.AspNetCore.Session.SessionMiddleware'.
   at Microsoft.Extensions.Internal.ActivatorUtilities.ConstructorMatcher.CreateInstance(IServiceProvider provider)
   at Microsoft.Extensions.Internal.ActivatorUtilities.CreateInstance(IServiceProvider provider, Type instanceType, Object[] parameters)
   at Microsoft.AspNetCore.Builder.UseMiddlewareExtensions.<>c__DisplayClass5_0.<UseMiddleware>b__0(RequestDelegate next)
   at Microsoft.AspNetCore.Builder.ApplicationBuilder.Build()
   at Microsoft.AspNetCore.Hosting.GenericWebHostService.StartAsync(CancellationToken cancellationToken)
2021-09-08T16:41:53.0089794+03:00 [FTL] () An unhandled exception occured during bootstrapping
System.AggregateException: Some services are not able to be constructed (Error while validating the service descriptor 'ServiceType: Microsoft.AspNetCore.Session.ISessionStore Lifetime: Transient ImplementationType: Microsoft.AspNetCore.Session.DistributedSessionStore': Unable to resolve service for type 'Microsoft.Extensions.Caching.Distributed.IDistributedCache' while attempting to activate 'Microsoft.AspNetCore.Session.DistributedSessionStore'.)
 ---> System.InvalidOperationException: Error while validating the service descriptor 'ServiceType: Microsoft.AspNetCore.Session.ISessionStore Lifetime: Transient ImplementationType: Microsoft.AspNetCore.Session.DistributedSessionStore': Unable to resolve service for type 'Microsoft.Extensions.Caching.Distributed.IDistributedCache' while attempting to activate 'Microsoft.AspNetCore.Session.DistributedSessionStore'.
 ---> System.InvalidOperationException: Unable to resolve service for type 'Microsoft.Extensions.Caching.Distributed.IDistributedCache' while attempting to activate 'Microsoft.AspNetCore.Session.DistributedSessionStore'.
   at Microsoft.Extensions.DependencyInjection.ServiceLookup.CallSiteFactory.CreateArgumentCallSites(Type serviceType, Type implementationType, CallSiteChain callSiteChain, ParameterInfo[] parameters, Boolean throwIfCallSiteNotFound)
   at Microsoft.Extensions.DependencyInjection.ServiceLookup.CallSiteFactory.CreateConstructorCallSite(ResultCache lifetime, Type serviceType, Type implementationType, CallSiteChain callSiteChain)
   at Microsoft.Extensions.DependencyInjection.ServiceLookup.CallSiteFactory.TryCreateExact(ServiceDescriptor descriptor, Type serviceType, CallSiteChain callSiteChain, Int32 slot)
   at Microsoft.Extensions.DependencyInjection.ServiceLookup.CallSiteFactory.GetCallSite(ServiceDescriptor serviceDescriptor, CallSiteChain callSiteChain)
   at Microsoft.Extensions.DependencyInjection.ServiceLookup.ServiceProviderEngine.ValidateService(ServiceDescriptor descriptor)
   --- End of inner exception stack trace ---
   at Microsoft.Extensions.DependencyInjection.ServiceLookup.ServiceProviderEngine.ValidateService(ServiceDescriptor descriptor)
   at Microsoft.Extensions.DependencyInjection.ServiceProvider..ctor(IEnumerable`1 serviceDescriptors, IServiceProviderEngine engine, ServiceProviderOptions options)
   --- End of inner exception stack trace ---
   at Microsoft.Extensions.DependencyInjection.ServiceProvider..ctor(IEnumerable`1 serviceDescriptors, IServiceProviderEngine engine, ServiceProviderOptions options)
   at Microsoft.Extensions.DependencyInjection.ServiceCollectionContainerBuilderExtensions.BuildServiceProvider(IServiceCollection services, ServiceProviderOptions options)
   at Microsoft.Extensions.DependencyInjection.DefaultServiceProviderFactory.CreateServiceProvider(IServiceCollection containerBuilder)
   at Microsoft.Extensions.Hosting.Internal.ServiceFactoryAdapter`1.CreateServiceProvider(Object containerBuilder)
   at Microsoft.Extensions.Hosting.HostBuilder.CreateServiceProvider()
   at Microsoft.Extensions.Hosting.HostBuilder.Build()
   at Web.Program.Main(String[] args) in D:\LabWebApp\Web\Program.cs:line 28
