2021-10-20T13:36:46.5164335+03:00 [INF] (Microsoft.AspNetCore.DataProtection.KeyManagement.XmlKeyManager) User profile is available. Using '"C:\Users\A.Dzenisevich\AppData\Local\ASP.NET\DataProtection-Keys"' as key repository and Windows DPAPI to encrypt keys at rest.
2021-10-20T13:36:46.5865163+03:00 [INF] (HealthChecks.UI.Core.HostedService.UIInitializationHostedService) Initializing UI Database
2021-10-20T13:36:46.9702178+03:00 [INF] (Microsoft.EntityFrameworkCore.Infrastructure) Entity Framework Core "5.0.10" initialized '"HealthChecksDb"' using provider '"Microsoft.EntityFrameworkCore.InMemory"' with options: "StoreName=HealthChecksUI "
2021-10-20T13:36:47.3529043+03:00 [DBG] (HealthChecks.UI.Core.HostedService.HealthCheckCollectorHostedService) Executing HealthCheck collector HostedService.
2021-10-20T13:36:47.3614939+03:00 [INF] (Microsoft.AspNetCore.Hosting.Diagnostics) Request starting HTTP/2 GET https://localhost:44370/index.html - -
2021-10-20T13:36:47.3697422+03:00 [INF] (Microsoft.EntityFrameworkCore.Infrastructure) Entity Framework Core "5.0.10" initialized '"HealthChecksDb"' using provider '"Microsoft.EntityFrameworkCore.InMemory"' with options: "StoreName=HealthChecksUI "
2021-10-20T13:36:47.3985376+03:00 [DBG] (HealthChecks.UI.Core.HostedService.HealthCheckReportCollector) HealthReportCollector has completed.
2021-10-20T13:36:47.3992214+03:00 [DBG] (HealthChecks.UI.Core.HostedService.HealthCheckCollectorHostedService) HealthCheck collector HostedService executed successfully.
2021-10-20T13:36:47.4013317+03:00 [INF] (Microsoft.Hosting.Lifetime) Application started. Press Ctrl+C to shut down.
2021-10-20T13:36:47.4014628+03:00 [INF] (Microsoft.Hosting.Lifetime) Hosting environment: "Development"
2021-10-20T13:36:47.4015189+03:00 [INF] (Microsoft.Hosting.Lifetime) Content root path: "D:\LabWebApp\Web"
2021-10-20T13:36:47.5352859+03:00 [INF] (Microsoft.AspNetCore.Hosting.Diagnostics) Request finished HTTP/2 GET https://localhost:44370/index.html - - - 200 - text/html;charset=utf-8 175.1210ms
2021-10-20T13:36:47.6681630+03:00 [INF] (Microsoft.AspNetCore.Hosting.Diagnostics) Request starting HTTP/2 GET https://localhost:44370/swagger/v1/swagger.json - -
2021-10-20T13:36:47.7995390+03:00 [INF] (Microsoft.AspNetCore.Hosting.Diagnostics) Request finished HTTP/2 GET https://localhost:44370/swagger/v1/swagger.json - - - 200 - application/json;charset=utf-8 131.3418ms
2021-10-20T13:36:57.4266779+03:00 [DBG] (HealthChecks.UI.Core.HostedService.HealthCheckCollectorHostedService) Executing HealthCheck collector HostedService.
2021-10-20T13:36:57.4447310+03:00 [INF] (Microsoft.EntityFrameworkCore.Infrastructure) Entity Framework Core "5.0.10" initialized '"HealthChecksDb"' using provider '"Microsoft.EntityFrameworkCore.InMemory"' with options: "StoreName=HealthChecksUI "
2021-10-20T13:36:57.4454685+03:00 [DBG] (HealthChecks.UI.Core.HostedService.HealthCheckReportCollector) HealthReportCollector has completed.
2021-10-20T13:36:57.4455308+03:00 [DBG] (HealthChecks.UI.Core.HostedService.HealthCheckCollectorHostedService) HealthCheck collector HostedService executed successfully.
2021-10-20T13:37:07.4598744+03:00 [DBG] (HealthChecks.UI.Core.HostedService.HealthCheckCollectorHostedService) Executing HealthCheck collector HostedService.
2021-10-20T13:37:07.4647332+03:00 [INF] (Microsoft.EntityFrameworkCore.Infrastructure) Entity Framework Core "5.0.10" initialized '"HealthChecksDb"' using provider '"Microsoft.EntityFrameworkCore.InMemory"' with options: "StoreName=HealthChecksUI "
2021-10-20T13:37:07.4649267+03:00 [DBG] (HealthChecks.UI.Core.HostedService.HealthCheckReportCollector) HealthReportCollector has completed.
2021-10-20T13:37:07.4649750+03:00 [DBG] (HealthChecks.UI.Core.HostedService.HealthCheckCollectorHostedService) HealthCheck collector HostedService executed successfully.
2021-10-20T13:37:17.4681280+03:00 [DBG] (HealthChecks.UI.Core.HostedService.HealthCheckCollectorHostedService) Executing HealthCheck collector HostedService.
2021-10-20T13:37:17.4685795+03:00 [INF] (Microsoft.EntityFrameworkCore.Infrastructure) Entity Framework Core "5.0.10" initialized '"HealthChecksDb"' using provider '"Microsoft.EntityFrameworkCore.InMemory"' with options: "StoreName=HealthChecksUI "
2021-10-20T13:37:17.4688459+03:00 [DBG] (HealthChecks.UI.Core.HostedService.HealthCheckReportCollector) HealthReportCollector has completed.
2021-10-20T13:37:17.4688874+03:00 [DBG] (HealthChecks.UI.Core.HostedService.HealthCheckCollectorHostedService) HealthCheck collector HostedService executed successfully.
2021-10-20T13:37:27.4724824+03:00 [DBG] (HealthChecks.UI.Core.HostedService.HealthCheckCollectorHostedService) Executing HealthCheck collector HostedService.
2021-10-20T13:37:27.4729229+03:00 [INF] (Microsoft.EntityFrameworkCore.Infrastructure) Entity Framework Core "5.0.10" initialized '"HealthChecksDb"' using provider '"Microsoft.EntityFrameworkCore.InMemory"' with options: "StoreName=HealthChecksUI "
2021-10-20T13:37:27.4730447+03:00 [DBG] (HealthChecks.UI.Core.HostedService.HealthCheckReportCollector) HealthReportCollector has completed.
2021-10-20T13:37:27.4730911+03:00 [DBG] (HealthChecks.UI.Core.HostedService.HealthCheckCollectorHostedService) HealthCheck collector HostedService executed successfully.
2021-10-20T13:40:47.4483957+03:00 [INF] () Starting web host
