2021-10-07T14:13:05.9127798+03:00 [INF] (Microsoft.AspNetCore.DataProtection.KeyManagement.XmlKeyManager) User profile is available. Using '"C:\Users\A.Dzenisevich\AppData\Local\ASP.NET\DataProtection-Keys"' as key repository and Windows DPAPI to encrypt keys at rest.
2021-10-07T14:13:06.0115359+03:00 [INF] (HealthChecks.UI.Core.HostedService.UIInitializationHostedService) Initializing UI Database
2021-10-07T14:13:06.6595833+03:00 [INF] (Microsoft.EntityFrameworkCore.Infrastructure) Entity Framework Core "5.0.10" initialized '"HealthChecksDb"' using provider '"Microsoft.EntityFrameworkCore.InMemory"' with options: "StoreName=HealthChecksUI "
2021-10-07T14:13:07.0636461+03:00 [DBG] (HealthChecks.UI.Core.HostedService.HealthCheckCollectorHostedService) Executing HealthCheck collector HostedService.
2021-10-07T14:13:07.0632563+03:00 [INF] (Microsoft.AspNetCore.Hosting.Diagnostics) Request starting HTTP/2 GET https://localhost:44370/index.html - -
2021-10-07T14:13:07.0748559+03:00 [INF] (Microsoft.EntityFrameworkCore.Infrastructure) Entity Framework Core "5.0.10" initialized '"HealthChecksDb"' using provider '"Microsoft.EntityFrameworkCore.InMemory"' with options: "StoreName=HealthChecksUI "
2021-10-07T14:13:07.0998062+03:00 [DBG] (HealthChecks.UI.Core.HostedService.HealthCheckReportCollector) HealthReportCollector has completed.
2021-10-07T14:13:07.1002338+03:00 [DBG] (HealthChecks.UI.Core.HostedService.HealthCheckCollectorHostedService) HealthCheck collector HostedService executed successfully.
2021-10-07T14:13:07.1014808+03:00 [INF] (Microsoft.Hosting.Lifetime) Application started. Press Ctrl+C to shut down.
2021-10-07T14:13:07.1015587+03:00 [INF] (Microsoft.Hosting.Lifetime) Hosting environment: "Development"
2021-10-07T14:13:07.1016073+03:00 [INF] (Microsoft.Hosting.Lifetime) Content root path: "D:\LabWebApp\Web"
2021-10-07T14:13:07.4649022+03:00 [INF] (Microsoft.EntityFrameworkCore.Infrastructure) Entity Framework Core "5.0.10" initialized '"ApplicationDbContext"' using provider '"Microsoft.EntityFrameworkCore.SqlServer"' with options: "None"
2021-10-07T14:13:08.7127706+03:00 [INF] (Microsoft.EntityFrameworkCore.Database.Command) Executed DbCommand ("40"ms) [Parameters=["@__p_0='?' (DbType = Int32)"], CommandType='Text', CommandTimeout='30']"
""SELECT TOP(1) [a].[Id], [a].[AccessFailedCount], [a].[AddressDeliveryId], [a].[ConcurrencyStamp], [a].[Email], [a].[EmailConfirmed], [a].[LockoutEnabled], [a].[LockoutEnd], [a].[NormalizedEmail], [a].[NormalizedUserName], [a].[PasswordHash], [a].[PhoneNumber], [a].[PhoneNumberConfirmed], [a].[SecurityStamp], [a].[TwoFactorEnabled], [a].[UserName]
FROM [AspNetUsers] AS [a]
WHERE [a].[Id] = @__p_0"
2021-10-07T14:13:08.8278969+03:00 [INF] (Microsoft.EntityFrameworkCore.Database.Command) Executed DbCommand ("2"ms) [Parameters=["@__user_Id_0='?' (DbType = Int32)"], CommandType='Text', CommandTimeout='30']"
""SELECT [a].[Id], [a].[ClaimType], [a].[ClaimValue], [a].[UserId]
FROM [AspNetUserClaims] AS [a]
WHERE [a].[UserId] = @__user_Id_0"
2021-10-07T14:13:08.8505180+03:00 [INF] (Microsoft.EntityFrameworkCore.Database.Command) Executed DbCommand ("2"ms) [Parameters=["@__userId_0='?' (DbType = Int32)"], CommandType='Text', CommandTimeout='30']"
""SELECT [a0].[Name]
FROM [AspNetUserRoles] AS [a]
INNER JOIN [AspNetRoles] AS [a0] ON [a].[RoleId] = [a0].[Id]
WHERE [a].[UserId] = @__userId_0"
2021-10-07T14:13:08.8616724+03:00 [INF] (Microsoft.EntityFrameworkCore.Database.Command) Executed DbCommand ("2"ms) [Parameters=["@__normalizedName_0='?' (Size = 256)"], CommandType='Text', CommandTimeout='30']"
""SELECT TOP(1) [a].[Id], [a].[ConcurrencyStamp], [a].[Name], [a].[NormalizedName]
FROM [AspNetRoles] AS [a]
WHERE [a].[NormalizedName] = @__normalizedName_0"
2021-10-07T14:13:08.8749365+03:00 [INF] (Microsoft.EntityFrameworkCore.Database.Command) Executed DbCommand ("1"ms) [Parameters=["@__role_Id_0='?' (DbType = Int32)"], CommandType='Text', CommandTimeout='30']"
""SELECT [a].[ClaimType], [a].[ClaimValue]
FROM [AspNetRoleClaims] AS [a]
WHERE [a].[RoleId] = @__role_Id_0"
2021-10-07T14:13:08.9865270+03:00 [INF] (Microsoft.AspNetCore.Hosting.Diagnostics) Request finished HTTP/2 GET https://localhost:44370/index.html - - - 200 - text/html;charset=utf-8 1924.8571ms
2021-10-07T14:13:09.1333953+03:00 [INF] (Microsoft.AspNetCore.Hosting.Diagnostics) Request starting HTTP/2 GET https://localhost:44370/swagger/v1/swagger.json - -
2021-10-07T14:13:09.1529884+03:00 [INF] (Microsoft.AspNetCore.Hosting.Diagnostics) Request starting HTTP/2 GET https://localhost:44370/favicon-32x32.png - -
2021-10-07T14:13:09.2000146+03:00 [INF] (Microsoft.AspNetCore.StaticFiles.StaticFileMiddleware) Sending file. Request path: '"/favicon-32x32.png"'. Physical path: '"N/A"'
2021-10-07T14:13:09.2004691+03:00 [INF] (Microsoft.AspNetCore.Hosting.Diagnostics) Request finished HTTP/2 GET https://localhost:44370/favicon-32x32.png - - - 200 628 image/png 47.4162ms
2021-10-07T14:13:09.2815455+03:00 [INF] (Microsoft.AspNetCore.Hosting.Diagnostics) Request finished HTTP/2 GET https://localhost:44370/swagger/v1/swagger.json - - - 200 - application/json;charset=utf-8 148.1493ms
2021-10-07T14:13:14.2269875+03:00 [INF] (Microsoft.AspNetCore.Hosting.Diagnostics) Request starting HTTP/2 GET https://localhost:44370/games/top-platforms - -
2021-10-07T14:13:14.2306556+03:00 [INF] (Microsoft.AspNetCore.Routing.EndpointMiddleware) Executing endpoint '"Web.Controllers.GamesController.GetTopPlatforms (Web)"'
2021-10-07T14:13:14.2436953+03:00 [INF] (Microsoft.AspNetCore.Mvc.Infrastructure.ControllerActionInvoker) Route matched with "{action = \"GetTopPlatforms\", controller = \"Games\"}". Executing controller action with signature "System.Threading.Tasks.Task`1[Microsoft.AspNetCore.Mvc.IActionResult] GetTopPlatforms()" on controller "Web.Controllers.GamesController" ("Web").
2021-10-07T14:13:14.2695322+03:00 [INF] (Microsoft.EntityFrameworkCore.Infrastructure) Entity Framework Core "5.0.10" initialized '"ApplicationDbContext"' using provider '"Microsoft.EntityFrameworkCore.SqlServer"' with options: "None"
2021-10-07T14:13:14.2869199+03:00 [INF] (Microsoft.EntityFrameworkCore.Database.Command) Executed DbCommand ("3"ms) [Parameters=["@__i_0='?' (DbType = Int32)"], CommandType='Text', CommandTimeout='30']"
""SELECT COUNT(*)
FROM [Products] AS [p]
WHERE ([p].[IsDeleted] <> CAST(1 AS bit)) AND ([p].[Platform] = @__i_0)"
2021-10-07T14:13:14.2909600+03:00 [INF] (Microsoft.EntityFrameworkCore.Database.Command) Executed DbCommand ("0"ms) [Parameters=["@__i_0='?' (DbType = Int32)"], CommandType='Text', CommandTimeout='30']"
""SELECT COUNT(*)
FROM [Products] AS [p]
WHERE ([p].[IsDeleted] <> CAST(1 AS bit)) AND ([p].[Platform] = @__i_0)"
2021-10-07T14:13:14.2916290+03:00 [INF] (Microsoft.EntityFrameworkCore.Database.Command) Executed DbCommand ("0"ms) [Parameters=["@__i_0='?' (DbType = Int32)"], CommandType='Text', CommandTimeout='30']"
""SELECT COUNT(*)
FROM [Products] AS [p]
WHERE ([p].[IsDeleted] <> CAST(1 AS bit)) AND ([p].[Platform] = @__i_0)"
2021-10-07T14:13:14.2922837+03:00 [INF] (Microsoft.EntityFrameworkCore.Database.Command) Executed DbCommand ("0"ms) [Parameters=["@__i_0='?' (DbType = Int32)"], CommandType='Text', CommandTimeout='30']"
""SELECT COUNT(*)
FROM [Products] AS [p]
WHERE ([p].[IsDeleted] <> CAST(1 AS bit)) AND ([p].[Platform] = @__i_0)"
2021-10-07T14:13:14.2929338+03:00 [INF] (Microsoft.EntityFrameworkCore.Database.Command) Executed DbCommand ("0"ms) [Parameters=["@__i_0='?' (DbType = Int32)"], CommandType='Text', CommandTimeout='30']"
""SELECT COUNT(*)
FROM [Products] AS [p]
WHERE ([p].[IsDeleted] <> CAST(1 AS bit)) AND ([p].[Platform] = @__i_0)"
2021-10-07T14:13:14.2935979+03:00 [INF] (Microsoft.EntityFrameworkCore.Database.Command) Executed DbCommand ("0"ms) [Parameters=["@__i_0='?' (DbType = Int32)"], CommandType='Text', CommandTimeout='30']"
""SELECT COUNT(*)
FROM [Products] AS [p]
WHERE ([p].[IsDeleted] <> CAST(1 AS bit)) AND ([p].[Platform] = @__i_0)"
2021-10-07T14:13:14.2945179+03:00 [INF] (Microsoft.EntityFrameworkCore.Database.Command) Executed DbCommand ("0"ms) [Parameters=["@__i_0='?' (DbType = Int32)"], CommandType='Text', CommandTimeout='30']"
""SELECT COUNT(*)
FROM [Products] AS [p]
WHERE ([p].[IsDeleted] <> CAST(1 AS bit)) AND ([p].[Platform] = @__i_0)"
2021-10-07T14:13:14.2955685+03:00 [INF] (Microsoft.EntityFrameworkCore.Database.Command) Executed DbCommand ("0"ms) [Parameters=["@__i_0='?' (DbType = Int32)"], CommandType='Text', CommandTimeout='30']"
""SELECT COUNT(*)
FROM [Products] AS [p]
WHERE ([p].[IsDeleted] <> CAST(1 AS bit)) AND ([p].[Platform] = @__i_0)"
2021-10-07T14:13:14.2962021+03:00 [INF] (Microsoft.EntityFrameworkCore.Database.Command) Executed DbCommand ("0"ms) [Parameters=["@__i_0='?' (DbType = Int32)"], CommandType='Text', CommandTimeout='30']"
""SELECT COUNT(*)
FROM [Products] AS [p]
WHERE ([p].[IsDeleted] <> CAST(1 AS bit)) AND ([p].[Platform] = @__i_0)"
2021-10-07T14:13:14.2971137+03:00 [INF] (Microsoft.EntityFrameworkCore.Database.Command) Executed DbCommand ("0"ms) [Parameters=["@__i_0='?' (DbType = Int32)"], CommandType='Text', CommandTimeout='30']"
""SELECT COUNT(*)
FROM [Products] AS [p]
WHERE ([p].[IsDeleted] <> CAST(1 AS bit)) AND ([p].[Platform] = @__i_0)"
2021-10-07T14:13:14.2977133+03:00 [INF] (Microsoft.EntityFrameworkCore.Database.Command) Executed DbCommand ("0"ms) [Parameters=["@__i_0='?' (DbType = Int32)"], CommandType='Text', CommandTimeout='30']"
""SELECT COUNT(*)
FROM [Products] AS [p]
WHERE ([p].[IsDeleted] <> CAST(1 AS bit)) AND ([p].[Platform] = @__i_0)"
2021-10-07T14:13:14.2982214+03:00 [INF] (Microsoft.EntityFrameworkCore.Database.Command) Executed DbCommand ("0"ms) [Parameters=["@__i_0='?' (DbType = Int32)"], CommandType='Text', CommandTimeout='30']"
""SELECT COUNT(*)
FROM [Products] AS [p]
WHERE ([p].[IsDeleted] <> CAST(1 AS bit)) AND ([p].[Platform] = @__i_0)"
2021-10-07T14:13:14.3045115+03:00 [INF] (Microsoft.AspNetCore.Mvc.Infrastructure.ObjectResultExecutor) Executing "OkObjectResult", writing value of type '"System.Collections.Generic.Dictionary`2[[System.String, System.Private.CoreLib, Version=5.0.0.0, Culture=neutral, PublicKeyToken=7cec85d7bea7798e],[System.Int32, System.Private.CoreLib, Version=5.0.0.0, Culture=neutral, PublicKeyToken=7cec85d7bea7798e]]"'.
2021-10-07T14:13:14.3853487+03:00 [INF] (Microsoft.AspNetCore.Mvc.Infrastructure.ControllerActionInvoker) Executed action "Web.Controllers.GamesController.GetTopPlatforms (Web)" in 138.3391ms
2021-10-07T14:13:14.3857630+03:00 [INF] (Microsoft.AspNetCore.Routing.EndpointMiddleware) Executed endpoint '"Web.Controllers.GamesController.GetTopPlatforms (Web)"'
2021-10-07T14:13:14.3868297+03:00 [INF] (Microsoft.AspNetCore.Hosting.Diagnostics) Request finished HTTP/2 GET https://localhost:44370/games/top-platforms - - - 200 44 application/json;+charset=utf-8 160.3784ms
2021-10-07T14:13:17.1140038+03:00 [DBG] (HealthChecks.UI.Core.HostedService.HealthCheckCollectorHostedService) Executing HealthCheck collector HostedService.
2021-10-07T14:13:17.1306438+03:00 [INF] (Microsoft.EntityFrameworkCore.Infrastructure) Entity Framework Core "5.0.10" initialized '"HealthChecksDb"' using provider '"Microsoft.EntityFrameworkCore.InMemory"' with options: "StoreName=HealthChecksUI "
2021-10-07T14:13:17.1313339+03:00 [DBG] (HealthChecks.UI.Core.HostedService.HealthCheckReportCollector) HealthReportCollector has completed.
2021-10-07T14:13:17.1313964+03:00 [DBG] (HealthChecks.UI.Core.HostedService.HealthCheckCollectorHostedService) HealthCheck collector HostedService executed successfully.
2021-10-07T14:13:27.1567461+03:00 [DBG] (HealthChecks.UI.Core.HostedService.HealthCheckCollectorHostedService) Executing HealthCheck collector HostedService.
2021-10-07T14:13:27.1588645+03:00 [INF] (Microsoft.EntityFrameworkCore.Infrastructure) Entity Framework Core "5.0.10" initialized '"HealthChecksDb"' using provider '"Microsoft.EntityFrameworkCore.InMemory"' with options: "StoreName=HealthChecksUI "
2021-10-07T14:13:27.1589742+03:00 [DBG] (HealthChecks.UI.Core.HostedService.HealthCheckReportCollector) HealthReportCollector has completed.
2021-10-07T14:13:27.1590055+03:00 [DBG] (HealthChecks.UI.Core.HostedService.HealthCheckCollectorHostedService) HealthCheck collector HostedService executed successfully.
2021-10-07T14:13:37.1613494+03:00 [DBG] (HealthChecks.UI.Core.HostedService.HealthCheckCollectorHostedService) Executing HealthCheck collector HostedService.
2021-10-07T14:13:37.1617210+03:00 [INF] (Microsoft.EntityFrameworkCore.Infrastructure) Entity Framework Core "5.0.10" initialized '"HealthChecksDb"' using provider '"Microsoft.EntityFrameworkCore.InMemory"' with options: "StoreName=HealthChecksUI "
2021-10-07T14:13:37.1618363+03:00 [DBG] (HealthChecks.UI.Core.HostedService.HealthCheckReportCollector) HealthReportCollector has completed.
2021-10-07T14:13:37.1618720+03:00 [DBG] (HealthChecks.UI.Core.HostedService.HealthCheckCollectorHostedService) HealthCheck collector HostedService executed successfully.
