2021-10-20T17:48:55.6018516+03:00 [INF] (Microsoft.AspNetCore.DataProtection.KeyManagement.XmlKeyManager) User profile is available. Using '"C:\Users\A.Dzenisevich\AppData\Local\ASP.NET\DataProtection-Keys"' as key repository and Windows DPAPI to encrypt keys at rest.
2021-10-20T17:48:55.7054314+03:00 [INF] (HealthChecks.UI.Core.HostedService.UIInitializationHostedService) Initializing UI Database
2021-10-20T17:48:56.2899818+03:00 [INF] (Microsoft.EntityFrameworkCore.Infrastructure) Entity Framework Core "5.0.10" initialized '"HealthChecksDb"' using provider '"Microsoft.EntityFrameworkCore.InMemory"' with options: "StoreName=HealthChecksUI "
2021-10-20T17:48:56.4155388+03:00 [INF] (HealthChecks.UI.Core.HostedService.UIInitializationHostedService) Saving healthchecks configuration to database
2021-10-20T17:48:56.5077499+03:00 [INF] (Microsoft.EntityFrameworkCore.Update) Saved 1 entities to in-memory store.
2021-10-20T17:48:56.7765431+03:00 [DBG] (HealthChecks.UI.Core.HostedService.HealthCheckCollectorHostedService) Executing HealthCheck collector HostedService.
2021-10-20T17:48:56.7864252+03:00 [INF] (Microsoft.AspNetCore.Hosting.Diagnostics) Request starting HTTP/2 GET https://localhost:44370/index.html - -
2021-10-20T17:48:56.7901390+03:00 [INF] (Microsoft.EntityFrameworkCore.Infrastructure) Entity Framework Core "5.0.10" initialized '"HealthChecksDb"' using provider '"Microsoft.EntityFrameworkCore.InMemory"' with options: "StoreName=HealthChecksUI "
2021-10-20T17:48:56.8285259+03:00 [INF] (System.Net.Http.HttpClient.health-checks.LogicalHandler) Start processing HTTP request "GET" https://localhost:44370/health
2021-10-20T17:48:56.8293364+03:00 [INF] (System.Net.Http.HttpClient.health-checks.ClientHandler) Sending HTTP request "GET" https://localhost:44370/health
2021-10-20T17:48:56.9303515+03:00 [INF] (Microsoft.Hosting.Lifetime) Application started. Press Ctrl+C to shut down.
2021-10-20T17:48:56.9304658+03:00 [INF] (Microsoft.Hosting.Lifetime) Hosting environment: "Development"
2021-10-20T17:48:56.9305109+03:00 [INF] (Microsoft.Hosting.Lifetime) Content root path: "D:\LabWebApp\Web"
2021-10-20T17:48:56.9847855+03:00 [INF] (Microsoft.AspNetCore.Hosting.Diagnostics) Request starting HTTP/1.1 GET https://localhost:44370/health - -
2021-10-20T17:48:56.9882477+03:00 [INF] (Microsoft.AspNetCore.Routing.EndpointMiddleware) Executing endpoint '"Health checks"'
2021-10-20T17:48:57.0128938+03:00 [INF] (Microsoft.AspNetCore.Hosting.Diagnostics) Request finished HTTP/2 GET https://localhost:44370/index.html - - - 200 - text/html;charset=utf-8 227.9061ms
2021-10-20T17:48:57.1355023+03:00 [INF] (Microsoft.AspNetCore.Hosting.Diagnostics) Request starting HTTP/2 GET https://localhost:44370/swagger/v1/swagger.json - -
2021-10-20T17:48:57.2852628+03:00 [INF] (Microsoft.AspNetCore.Hosting.Diagnostics) Request finished HTTP/2 GET https://localhost:44370/swagger/v1/swagger.json - - - 200 - application/json;charset=utf-8 149.7293ms
2021-10-20T17:48:57.2860629+03:00 [INF] (Microsoft.AspNetCore.Routing.EndpointMiddleware) Executed endpoint '"Health checks"'
2021-10-20T17:48:57.2877645+03:00 [INF] (Microsoft.AspNetCore.Hosting.Diagnostics) Request finished HTTP/1.1 GET https://localhost:44370/health - - - 200 - application/json 302.9827ms
2021-10-20T17:48:57.2961477+03:00 [INF] (System.Net.Http.HttpClient.health-checks.ClientHandler) Received HTTP response headers after 464.4879ms - 200
2021-10-20T17:48:57.2967215+03:00 [INF] (System.Net.Http.HttpClient.health-checks.LogicalHandler) End processing HTTP request after 471.8041ms - 200
2021-10-20T17:48:57.4878639+03:00 [DBG] (HealthChecks.UI.Core.HostedService.HealthCheckReportCollector) HealthReportCollector - health report execution history saved.
2021-10-20T17:48:57.4896266+03:00 [DBG] (HealthChecks.UI.Core.HostedService.HealthCheckReportCollector) Creating a new HealthReport history.
2021-10-20T17:48:57.5572241+03:00 [INF] (Microsoft.EntityFrameworkCore.Update) Saved 3 entities to in-memory store.
2021-10-20T17:48:57.5578297+03:00 [DBG] (HealthChecks.UI.Core.HostedService.HealthCheckReportCollector) HealthReportCollector has completed.
2021-10-20T17:48:57.5583822+03:00 [DBG] (HealthChecks.UI.Core.HostedService.HealthCheckCollectorHostedService) HealthCheck collector HostedService executed successfully.
2021-10-20T17:48:59.4252538+03:00 [INF] (Microsoft.AspNetCore.Hosting.Diagnostics) Request starting HTTP/2 GET https://localhost:44370/healthchecks-ui - -
2021-10-20T17:48:59.4360223+03:00 [INF] (Microsoft.AspNetCore.Routing.EndpointMiddleware) Executing endpoint '"/healthchecks-ui HTTP: GET"'
2021-10-20T17:48:59.4377573+03:00 [INF] (Microsoft.AspNetCore.Routing.EndpointMiddleware) Executed endpoint '"/healthchecks-ui HTTP: GET"'
2021-10-20T17:48:59.4382410+03:00 [INF] (Microsoft.AspNetCore.Hosting.Diagnostics) Request finished HTTP/2 GET https://localhost:44370/healthchecks-ui - - - 200 - text/html 14.6298ms
2021-10-20T17:48:59.4467131+03:00 [INF] (Microsoft.AspNetCore.Hosting.Diagnostics) Request starting HTTP/2 GET https://localhost:44370/ui/resources/vendors-dll.js - -
2021-10-20T17:48:59.4467123+03:00 [INF] (Microsoft.AspNetCore.Hosting.Diagnostics) Request starting HTTP/2 GET https://localhost:44370/ui/resources/healthchecksui-min.css - -
2021-10-20T17:48:59.4467463+03:00 [INF] (Microsoft.AspNetCore.Hosting.Diagnostics) Request starting HTTP/2 GET https://localhost:44370/ui/resources/healthchecks-bundle.js - -
2021-10-20T17:48:59.4477349+03:00 [INF] (Microsoft.AspNetCore.Routing.EndpointMiddleware) Executing endpoint '"/ui/resources/vendors-dll.js HTTP: GET"'
2021-10-20T17:48:59.4477351+03:00 [INF] (Microsoft.AspNetCore.Routing.EndpointMiddleware) Executing endpoint '"/ui/resources/healthchecksui-min.css HTTP: GET"'
2021-10-20T17:48:59.4477345+03:00 [INF] (Microsoft.AspNetCore.Routing.EndpointMiddleware) Executing endpoint '"/ui/resources/healthchecks-bundle.js HTTP: GET"'
2021-10-20T17:48:59.4489092+03:00 [INF] (Microsoft.AspNetCore.Routing.EndpointMiddleware) Executed endpoint '"/ui/resources/healthchecksui-min.css HTTP: GET"'
2021-10-20T17:48:59.4494295+03:00 [INF] (Microsoft.AspNetCore.Hosting.Diagnostics) Request finished HTTP/2 GET https://localhost:44370/ui/resources/healthchecksui-min.css - - - 200 - text/css 2.7665ms
2021-10-20T17:48:59.4499202+03:00 [INF] (Microsoft.AspNetCore.Routing.EndpointMiddleware) Executed endpoint '"/ui/resources/healthchecks-bundle.js HTTP: GET"'
2021-10-20T17:48:59.4580684+03:00 [INF] (Microsoft.AspNetCore.Hosting.Diagnostics) Request finished HTTP/2 GET https://localhost:44370/ui/resources/healthchecks-bundle.js - - - 200 - text/javascript 11.2654ms
2021-10-20T17:48:59.4587574+03:00 [INF] (Microsoft.AspNetCore.Routing.EndpointMiddleware) Executed endpoint '"/ui/resources/vendors-dll.js HTTP: GET"'
2021-10-20T17:48:59.4659850+03:00 [INF] (Microsoft.AspNetCore.Hosting.Diagnostics) Request finished HTTP/2 GET https://localhost:44370/ui/resources/vendors-dll.js - - - 200 - text/javascript 19.2198ms
2021-10-20T17:48:59.8495312+03:00 [INF] (Microsoft.AspNetCore.Hosting.Diagnostics) Request starting HTTP/2 GET https://localhost:44370/healthchecks-ui - -
2021-10-20T17:48:59.8501544+03:00 [INF] (Microsoft.AspNetCore.Routing.EndpointMiddleware) Executing endpoint '"/healthchecks-ui HTTP: GET"'
2021-10-20T17:48:59.8505703+03:00 [INF] (Microsoft.AspNetCore.Routing.EndpointMiddleware) Executed endpoint '"/healthchecks-ui HTTP: GET"'
2021-10-20T17:48:59.8510625+03:00 [INF] (Microsoft.AspNetCore.Hosting.Diagnostics) Request finished HTTP/2 GET https://localhost:44370/healthchecks-ui - - - 200 - text/html 1.4983ms
2021-10-20T17:48:59.9279980+03:00 [INF] (Microsoft.AspNetCore.Hosting.Diagnostics) Request starting HTTP/2 GET https://localhost:44370/healthchecks-api/ui-settings - -
2021-10-20T17:48:59.9286818+03:00 [INF] (Microsoft.AspNetCore.Routing.EndpointMiddleware) Executing endpoint '"/healthchecks-api/ui-settings"'
2021-10-20T17:48:59.9953429+03:00 [INF] (Microsoft.AspNetCore.Routing.EndpointMiddleware) Executed endpoint '"/healthchecks-api/ui-settings"'
2021-10-20T17:48:59.9958120+03:00 [INF] (Microsoft.AspNetCore.Hosting.Diagnostics) Request finished HTTP/2 GET https://localhost:44370/healthchecks-api/ui-settings - - - 200 - application/json 67.8175ms
2021-10-20T17:49:00.0068908+03:00 [INF] (Microsoft.AspNetCore.Hosting.Diagnostics) Request starting HTTP/2 GET https://localhost:44370/healthchecks-api - -
2021-10-20T17:49:00.0074226+03:00 [INF] (Microsoft.AspNetCore.Routing.EndpointMiddleware) Executing endpoint '"HealthChecks UI Api"'
2021-10-20T17:49:00.0105169+03:00 [DBG] (HealthChecks.UI.Middleware.UIApiEndpointMiddleware) Executing api middleware for client "::1", remaining slots: 2
2021-10-20T17:49:00.0323599+03:00 [INF] (Microsoft.EntityFrameworkCore.Infrastructure) Entity Framework Core "5.0.10" initialized '"HealthChecksDb"' using provider '"Microsoft.EntityFrameworkCore.InMemory"' with options: "StoreName=HealthChecksUI "
2021-10-20T17:49:00.0687392+03:00 [INF] (Microsoft.AspNetCore.Routing.EndpointMiddleware) Executed endpoint '"HealthChecks UI Api"'
2021-10-20T17:49:00.0692305+03:00 [INF] (Microsoft.AspNetCore.Hosting.Diagnostics) Request finished HTTP/2 GET https://localhost:44370/healthchecks-api - - - 200 - application/json 62.3284ms
2021-10-20T17:49:07.5739664+03:00 [DBG] (HealthChecks.UI.Core.HostedService.HealthCheckCollectorHostedService) Executing HealthCheck collector HostedService.
2021-10-20T17:49:07.5753857+03:00 [INF] (Microsoft.EntityFrameworkCore.Infrastructure) Entity Framework Core "5.0.10" initialized '"HealthChecksDb"' using provider '"Microsoft.EntityFrameworkCore.InMemory"' with options: "StoreName=HealthChecksUI "
2021-10-20T17:49:07.5766776+03:00 [INF] (System.Net.Http.HttpClient.health-checks.LogicalHandler) Start processing HTTP request "GET" https://localhost:44370/health
2021-10-20T17:49:07.5769540+03:00 [INF] (System.Net.Http.HttpClient.health-checks.ClientHandler) Sending HTTP request "GET" https://localhost:44370/health
2021-10-20T17:49:07.5792498+03:00 [INF] (Microsoft.AspNetCore.Hosting.Diagnostics) Request starting HTTP/1.1 GET https://localhost:44370/health - -
2021-10-20T17:49:07.5800602+03:00 [INF] (Microsoft.AspNetCore.Routing.EndpointMiddleware) Executing endpoint '"Health checks"'
2021-10-20T17:49:07.5845379+03:00 [INF] (Microsoft.AspNetCore.Routing.EndpointMiddleware) Executed endpoint '"Health checks"'
2021-10-20T17:49:07.5847503+03:00 [INF] (Microsoft.AspNetCore.Hosting.Diagnostics) Request finished HTTP/1.1 GET https://localhost:44370/health - - - 200 - application/json 5.4954ms
2021-10-20T17:49:07.5847846+03:00 [INF] (System.Net.Http.HttpClient.health-checks.ClientHandler) Received HTTP response headers after 7.8389ms - 200
2021-10-20T17:49:07.5848608+03:00 [INF] (System.Net.Http.HttpClient.health-checks.LogicalHandler) End processing HTTP request after 8.2723ms - 200
2021-10-20T17:49:07.5899648+03:00 [DBG] (HealthChecks.UI.Core.HostedService.HealthCheckReportCollector) HealthReportCollector - health report execution history saved.
2021-10-20T17:49:07.5902465+03:00 [DBG] (HealthChecks.UI.Core.HostedService.HealthCheckReportCollector) HealthReport history already exists and is in the same state, updating the values.
2021-10-20T17:49:07.5932264+03:00 [INF] (Microsoft.EntityFrameworkCore.Update) Saved 3 entities to in-memory store.
2021-10-20T17:49:07.5933229+03:00 [DBG] (HealthChecks.UI.Core.HostedService.HealthCheckReportCollector) HealthReportCollector has completed.
2021-10-20T17:49:07.5933698+03:00 [DBG] (HealthChecks.UI.Core.HostedService.HealthCheckCollectorHostedService) HealthCheck collector HostedService executed successfully.
