2021-09-09T15:50:21.9421983+03:00 [INF] (Microsoft.AspNetCore.DataProtection.KeyManagement.XmlKeyManager) User profile is available. Using '"C:\Users\A.Dzenisevich\AppData\Local\ASP.NET\DataProtection-Keys"' as key repository and Windows DPAPI to encrypt keys at rest.
2021-09-09T15:50:22.0042723+03:00 [INF] (HealthChecks.UI.Core.HostedService.UIInitializationHostedService) Initializing UI Database
2021-09-09T15:50:22.4132549+03:00 [INF] (Microsoft.EntityFrameworkCore.Infrastructure) Entity Framework Core "5.0.9" initialized '"HealthChecksDb"' using provider '"Microsoft.EntityFrameworkCore.InMemory"' with options: "StoreName=HealthChecksUI "
2021-09-09T15:50:22.7114532+03:00 [INF] (Microsoft.AspNetCore.Hosting.Diagnostics) Request starting HTTP/2 GET https://localhost:44376/index.html - -
2021-09-09T15:50:22.7182739+03:00 [INF] (Microsoft.EntityFrameworkCore.Infrastructure) Entity Framework Core "5.0.9" initialized '"HealthChecksDb"' using provider '"Microsoft.EntityFrameworkCore.InMemory"' with options: "StoreName=HealthChecksUI "
2021-09-09T15:50:22.7500497+03:00 [INF] (Microsoft.Hosting.Lifetime) Application started. Press Ctrl+C to shut down.
2021-09-09T15:50:22.7501039+03:00 [INF] (Microsoft.Hosting.Lifetime) Hosting environment: "Development"
2021-09-09T15:50:22.7501310+03:00 [INF] (Microsoft.Hosting.Lifetime) Content root path: "D:\LabWebApp\Web"
2021-09-09T15:50:22.9092885+03:00 [INF] (Microsoft.AspNetCore.Hosting.Diagnostics) Request finished HTTP/2 GET https://localhost:44376/index.html - - - 200 - text/html;charset=utf-8 199.4597ms
2021-09-09T15:50:23.0800209+03:00 [INF] (Microsoft.AspNetCore.Hosting.Diagnostics) Request starting HTTP/2 GET https://localhost:44376/swagger/v1/swagger.json - -
2021-09-09T15:50:23.1433683+03:00 [INF] (Microsoft.AspNetCore.Hosting.Diagnostics) Request finished HTTP/2 GET https://localhost:44376/swagger/v1/swagger.json - - - 200 - application/json;charset=utf-8 62.7631ms
2021-09-09T15:50:28.9642899+03:00 [INF] (Microsoft.AspNetCore.Hosting.Diagnostics) Request starting HTTP/1.1 POST https://localhost:44376/Auth/sign-in application/json 75
2021-09-09T15:50:28.9667163+03:00 [INF] (Microsoft.AspNetCore.Routing.EndpointMiddleware) Executing endpoint '"Web.Controllers.AuthController.SignInAsync (Web)"'
2021-09-09T15:50:28.9847294+03:00 [INF] (Microsoft.AspNetCore.Mvc.Infrastructure.ControllerActionInvoker) Route matched with "{action = \"SignIn\", controller = \"Auth\"}". Executing controller action with signature "System.Threading.Tasks.Task`1[Microsoft.AspNetCore.Mvc.IActionResult] SignInAsync(BLL.Models.AuthViewModel)" on controller "Web.Controllers.AuthController" ("Web").
2021-09-09T15:50:29.2455108+03:00 [INF] (Microsoft.EntityFrameworkCore.Infrastructure) Entity Framework Core "5.0.9" initialized '"ApplicationDbContext"' using provider '"Microsoft.EntityFrameworkCore.SqlServer"' with options: "None"
2021-09-09T15:50:29.6568338+03:00 [INF] (Microsoft.EntityFrameworkCore.Database.Command) Executed DbCommand ("46"ms) [Parameters=["@__normalizedEmail_0='?' (Size = 256)"], CommandType='Text', CommandTimeout='30']"
""SELECT TOP(2) [a].[Id], [a].[AccessFailedCount], [a].[ConcurrencyStamp], [a].[Email], [a].[EmailConfirmed], [a].[LockoutEnabled], [a].[LockoutEnd], [a].[NormalizedEmail], [a].[NormalizedUserName], [a].[PasswordHash], [a].[PhoneNumber], [a].[PhoneNumberConfirmed], [a].[SecurityStamp], [a].[TwoFactorEnabled], [a].[UserName]
FROM [AspNetUsers] AS [a]
WHERE [a].[NormalizedEmail] = @__normalizedEmail_0"
2021-09-09T15:50:29.7979430+03:00 [INF] (Microsoft.EntityFrameworkCore.Database.Command) Executed DbCommand ("6"ms) [Parameters=["@__user_Id_0='?' (DbType = Int32)"], CommandType='Text', CommandTimeout='30']"
""SELECT [a].[Id], [a].[ClaimType], [a].[ClaimValue], [a].[UserId]
FROM [AspNetUserClaims] AS [a]
WHERE [a].[UserId] = @__user_Id_0"
2021-09-09T15:50:29.8204128+03:00 [INF] (Microsoft.EntityFrameworkCore.Database.Command) Executed DbCommand ("4"ms) [Parameters=["@__userId_0='?' (DbType = Int32)"], CommandType='Text', CommandTimeout='30']"
""SELECT [a0].[Name]
FROM [AspNetUserRoles] AS [a]
INNER JOIN [AspNetRoles] AS [a0] ON [a].[RoleId] = [a0].[Id]
WHERE [a].[UserId] = @__userId_0"
2021-09-09T15:50:29.8267458+03:00 [INF] (Microsoft.EntityFrameworkCore.Database.Command) Executed DbCommand ("1"ms) [Parameters=["@__normalizedName_0='?' (Size = 256)"], CommandType='Text', CommandTimeout='30']"
""SELECT TOP(1) [a].[Id], [a].[ConcurrencyStamp], [a].[Name], [a].[NormalizedName]
FROM [AspNetRoles] AS [a]
WHERE [a].[NormalizedName] = @__normalizedName_0"
2021-09-09T15:50:29.8406013+03:00 [INF] (Microsoft.EntityFrameworkCore.Database.Command) Executed DbCommand ("1"ms) [Parameters=["@__role_Id_0='?' (DbType = Int32)"], CommandType='Text', CommandTimeout='30']"
""SELECT [a].[ClaimType], [a].[ClaimValue]
FROM [AspNetRoleClaims] AS [a]
WHERE [a].[RoleId] = @__role_Id_0"
2021-09-09T15:50:29.8435252+03:00 [INF] (Microsoft.EntityFrameworkCore.Database.Command) Executed DbCommand ("1"ms) [Parameters=["@__normalizedName_0='?' (Size = 256)"], CommandType='Text', CommandTimeout='30']"
""SELECT TOP(1) [a].[Id], [a].[ConcurrencyStamp], [a].[Name], [a].[NormalizedName]
FROM [AspNetRoles] AS [a]
WHERE [a].[NormalizedName] = @__normalizedName_0"
2021-09-09T15:50:29.8450620+03:00 [INF] (Microsoft.EntityFrameworkCore.Database.Command) Executed DbCommand ("1"ms) [Parameters=["@__role_Id_0='?' (DbType = Int32)"], CommandType='Text', CommandTimeout='30']"
""SELECT [a].[ClaimType], [a].[ClaimValue]
FROM [AspNetRoleClaims] AS [a]
WHERE [a].[RoleId] = @__role_Id_0"
2021-09-09T15:50:29.8573973+03:00 [INF] (Microsoft.AspNetCore.Authentication.Cookies.CookieAuthenticationHandler) AuthenticationScheme: "Identity.Application" signed in.
2021-09-09T15:50:29.9729929+03:00 [INF] (Microsoft.AspNetCore.Mvc.Infrastructure.ObjectResultExecutor) Executing "OkObjectResult", writing value of type '"<>f__AnonymousType0`1[[System.String, System.Private.CoreLib, Version=5.0.0.0, Culture=neutral, PublicKeyToken=7cec85d7bea7798e]]"'.
2021-09-09T15:50:29.9833804+03:00 [INF] (Microsoft.AspNetCore.Mvc.Infrastructure.ControllerActionInvoker) Executed action "Web.Controllers.AuthController.SignInAsync (Web)" in 995.4427ms
2021-09-09T15:50:29.9838689+03:00 [INF] (Microsoft.AspNetCore.Routing.EndpointMiddleware) Executed endpoint '"Web.Controllers.AuthController.SignInAsync (Web)"'
2021-09-09T15:50:29.9863771+03:00 [INF] (Microsoft.AspNetCore.Hosting.Diagnostics) Request finished HTTP/1.1 POST https://localhost:44376/Auth/sign-in application/json 75 - 200 - application/json;+charset=utf-8 1022.1275ms
2021-09-09T15:50:32.7747447+03:00 [INF] (Microsoft.EntityFrameworkCore.Infrastructure) Entity Framework Core "5.0.9" initialized '"HealthChecksDb"' using provider '"Microsoft.EntityFrameworkCore.InMemory"' with options: "StoreName=HealthChecksUI "
2021-09-09T15:50:42.7793701+03:00 [INF] (Microsoft.EntityFrameworkCore.Infrastructure) Entity Framework Core "5.0.9" initialized '"HealthChecksDb"' using provider '"Microsoft.EntityFrameworkCore.InMemory"' with options: "StoreName=HealthChecksUI "
2021-09-09T15:50:43.9292556+03:00 [INF] (Microsoft.AspNetCore.Hosting.Diagnostics) Request starting HTTP/1.1 GET https://localhost:44376/Home/GetInfo - -
2021-09-09T15:50:43.9743449+03:00 [INF] (Microsoft.AspNetCore.Authentication.JwtBearer.JwtBearerHandler) Successfully validated the token.
2021-09-09T15:50:43.9776489+03:00 [INF] (Microsoft.AspNetCore.Authorization.DefaultAuthorizationService) Authorization failed. "These requirements were not met:
BLL.Requiremets.RoleAuthorizationRequirement"
2021-09-09T15:50:43.9795379+03:00 [INF] (Microsoft.AspNetCore.Hosting.Diagnostics) Request finished HTTP/1.1 GET https://localhost:44376/Home/GetInfo - - - 403 - - 50.2717ms
2021-09-09T15:50:52.7870891+03:00 [INF] (Microsoft.EntityFrameworkCore.Infrastructure) Entity Framework Core "5.0.9" initialized '"HealthChecksDb"' using provider '"Microsoft.EntityFrameworkCore.InMemory"' with options: "StoreName=HealthChecksUI "
2021-09-09T15:50:57.7395588+03:00 [INF] (Microsoft.AspNetCore.Hosting.Diagnostics) Request starting HTTP/1.1 POST https://localhost:44376/Administration/create-role application/json 11
2021-09-09T15:50:57.7404688+03:00 [INF] (Microsoft.AspNetCore.Authentication.JwtBearer.JwtBearerHandler) Successfully validated the token.
2021-09-09T15:50:57.7415164+03:00 [INF] (Microsoft.AspNetCore.Authorization.DefaultAuthorizationService) Authorization failed. "These requirements were not met:
RolesAuthorizationRequirement:User.IsInRole must be true for one of the following roles: (Admin)"
2021-09-09T15:50:57.7427505+03:00 [INF] (Microsoft.AspNetCore.Authentication.JwtBearer.JwtBearerHandler) AuthenticationScheme: "Bearer" was forbidden.
2021-09-09T15:50:57.7433557+03:00 [INF] (Microsoft.AspNetCore.Hosting.Diagnostics) Request finished HTTP/1.1 POST https://localhost:44376/Administration/create-role application/json 11 - 403 - - 3.8166ms
2021-09-09T15:51:02.8028646+03:00 [INF] (Microsoft.EntityFrameworkCore.Infrastructure) Entity Framework Core "5.0.9" initialized '"HealthChecksDb"' using provider '"Microsoft.EntityFrameworkCore.InMemory"' with options: "StoreName=HealthChecksUI "
2021-09-09T15:51:17.5564090+03:00 [INF] () Strating web host
