2021-09-13T13:01:33.3546853+03:00 [INF] (Microsoft.AspNetCore.DataProtection.KeyManagement.XmlKeyManager) User profile is available. Using '"C:\Users\A.Dzenisevich\AppData\Local\ASP.NET\DataProtection-Keys"' as key repository and Windows DPAPI to encrypt keys at rest.
2021-09-13T13:01:33.4161318+03:00 [INF] (HealthChecks.UI.Core.HostedService.UIInitializationHostedService) Initializing UI Database
2021-09-13T13:01:33.7995692+03:00 [INF] (Microsoft.EntityFrameworkCore.Infrastructure) Entity Framework Core "5.0.9" initialized '"HealthChecksDb"' using provider '"Microsoft.EntityFrameworkCore.InMemory"' with options: "StoreName=HealthChecksUI "
2021-09-13T13:01:34.1541307+03:00 [INF] (Microsoft.AspNetCore.Hosting.Diagnostics) Request starting HTTP/2 GET https://localhost:44376/index.html - -
2021-09-13T13:01:34.1650003+03:00 [INF] (Microsoft.EntityFrameworkCore.Infrastructure) Entity Framework Core "5.0.9" initialized '"HealthChecksDb"' using provider '"Microsoft.EntityFrameworkCore.InMemory"' with options: "StoreName=HealthChecksUI "
2021-09-13T13:01:34.1932104+03:00 [INF] (Microsoft.Hosting.Lifetime) Application started. Press Ctrl+C to shut down.
2021-09-13T13:01:34.1932869+03:00 [INF] (Microsoft.Hosting.Lifetime) Hosting environment: "Development"
2021-09-13T13:01:34.1933328+03:00 [INF] (Microsoft.Hosting.Lifetime) Content root path: "D:\LabWebApp\Web"
2021-09-13T13:01:34.2934138+03:00 [INF] (Microsoft.AspNetCore.Hosting.Diagnostics) Request finished HTTP/2 GET https://localhost:44376/index.html - - - 200 - text/html;charset=utf-8 140.7871ms
2021-09-13T13:01:34.4142584+03:00 [INF] (Microsoft.AspNetCore.Hosting.Diagnostics) Request starting HTTP/2 GET https://localhost:44376/swagger/v1/swagger.json - -
2021-09-13T13:01:34.4777285+03:00 [INF] (Microsoft.AspNetCore.Hosting.Diagnostics) Request finished HTTP/2 GET https://localhost:44376/swagger/v1/swagger.json - - - 200 - application/json;charset=utf-8 63.4778ms
2021-09-13T13:01:36.5215545+03:00 [INF] (Microsoft.AspNetCore.Hosting.Diagnostics) Request starting HTTP/1.1 PUT https://localhost:44376/user application/json 302
2021-09-13T13:01:36.5515916+03:00 [INF] (Microsoft.AspNetCore.Authorization.DefaultAuthorizationService) Authorization was successful.
2021-09-13T13:01:36.5527882+03:00 [INF] (Microsoft.AspNetCore.Routing.EndpointMiddleware) Executing endpoint '"Web.Controllers.UserController.UpdateUserProfile (Web)"'
2021-09-13T13:01:36.5706904+03:00 [INF] (Microsoft.AspNetCore.Mvc.Infrastructure.ControllerActionInvoker) Route matched with "{action = \"UpdateUserProfile\", controller = \"User\"}". Executing controller action with signature "System.Threading.Tasks.Task`1[Microsoft.AspNetCore.Mvc.IActionResult] UpdateUserProfile(BLL.ViewModels.UserProfileViewModel)" on controller "Web.Controllers.UserController" ("Web").
2021-09-13T13:01:36.5724069+03:00 [INF] (Microsoft.AspNetCore.Authorization.DefaultAuthorizationService) Authorization was successful.
2021-09-13T13:01:37.0149377+03:00 [INF] (Microsoft.EntityFrameworkCore.Infrastructure) Entity Framework Core "5.0.9" initialized '"ApplicationDbContext"' using provider '"Microsoft.EntityFrameworkCore.SqlServer"' with options: "None"
2021-09-13T13:01:37.3883816+03:00 [INF] (Microsoft.EntityFrameworkCore.Database.Command) Executed DbCommand ("33"ms) [Parameters=["@__p_0='?' (DbType = Int32)"], CommandType='Text', CommandTimeout='30']"
""SELECT TOP(1) [a].[Id], [a].[AccessFailedCount], [a].[AddressDeliveryId], [a].[ConcurrencyStamp], [a].[Email], [a].[EmailConfirmed], [a].[LockoutEnabled], [a].[LockoutEnd], [a].[NormalizedEmail], [a].[NormalizedUserName], [a].[PasswordHash], [a].[PhoneNumber], [a].[PhoneNumberConfirmed], [a].[SecurityStamp], [a].[TwoFactorEnabled], [a].[UserName]
FROM [AspNetUsers] AS [a]
WHERE [a].[Id] = @__p_0"
2021-09-13T13:01:37.4772646+03:00 [INF] (Microsoft.AspNetCore.Mvc.Infrastructure.ObjectResultExecutor) Executing "BadRequestObjectResult", writing value of type '"System.String"'.
2021-09-13T13:01:37.4813140+03:00 [INF] (Microsoft.AspNetCore.Mvc.Infrastructure.ControllerActionInvoker) Executed action "Web.Controllers.UserController.UpdateUserProfile (Web)" in 907.3916ms
2021-09-13T13:01:37.4819003+03:00 [INF] (Microsoft.AspNetCore.Routing.EndpointMiddleware) Executed endpoint '"Web.Controllers.UserController.UpdateUserProfile (Web)"'
2021-09-13T13:01:37.4848269+03:00 [INF] (Microsoft.AspNetCore.Hosting.Diagnostics) Request finished HTTP/1.1 PUT https://localhost:44376/user application/json 302 - 400 - text/plain;+charset=utf-8 963.3475ms
2021-09-13T13:01:43.4822958+03:00 [INF] (Microsoft.AspNetCore.Hosting.Diagnostics) Request starting HTTP/1.1 PUT https://localhost:44376/user application/json 302
2021-09-13T13:01:43.4854611+03:00 [INF] (Microsoft.AspNetCore.Authorization.DefaultAuthorizationService) Authorization was successful.
2021-09-13T13:01:43.4855490+03:00 [INF] (Microsoft.AspNetCore.Routing.EndpointMiddleware) Executing endpoint '"Web.Controllers.UserController.UpdateUserProfile (Web)"'
2021-09-13T13:01:43.4863819+03:00 [INF] (Microsoft.AspNetCore.Mvc.Infrastructure.ControllerActionInvoker) Route matched with "{action = \"UpdateUserProfile\", controller = \"User\"}". Executing controller action with signature "System.Threading.Tasks.Task`1[Microsoft.AspNetCore.Mvc.IActionResult] UpdateUserProfile(BLL.ViewModels.UserProfileViewModel)" on controller "Web.Controllers.UserController" ("Web").
2021-09-13T13:01:43.4884630+03:00 [INF] (Microsoft.AspNetCore.Authorization.DefaultAuthorizationService) Authorization was successful.
2021-09-13T13:01:43.5075312+03:00 [INF] (Microsoft.EntityFrameworkCore.Infrastructure) Entity Framework Core "5.0.9" initialized '"ApplicationDbContext"' using provider '"Microsoft.EntityFrameworkCore.SqlServer"' with options: "None"
2021-09-13T13:01:43.5144934+03:00 [INF] (Microsoft.EntityFrameworkCore.Database.Command) Executed DbCommand ("4"ms) [Parameters=["@__p_0='?' (DbType = Int32)"], CommandType='Text', CommandTimeout='30']"
""SELECT TOP(1) [a].[Id], [a].[AccessFailedCount], [a].[AddressDeliveryId], [a].[ConcurrencyStamp], [a].[Email], [a].[EmailConfirmed], [a].[LockoutEnabled], [a].[LockoutEnd], [a].[NormalizedEmail], [a].[NormalizedUserName], [a].[PasswordHash], [a].[PhoneNumber], [a].[PhoneNumberConfirmed], [a].[SecurityStamp], [a].[TwoFactorEnabled], [a].[UserName]
FROM [AspNetUsers] AS [a]
WHERE [a].[Id] = @__p_0"
2021-09-13T13:01:43.5287269+03:00 [INF] (Microsoft.EntityFrameworkCore.Database.Command) Executed DbCommand ("1"ms) [Parameters=["@__normalizedUserName_0='?' (Size = 256)"], CommandType='Text', CommandTimeout='30']"
""SELECT TOP(1) [a].[Id], [a].[AccessFailedCount], [a].[AddressDeliveryId], [a].[ConcurrencyStamp], [a].[Email], [a].[EmailConfirmed], [a].[LockoutEnabled], [a].[LockoutEnd], [a].[NormalizedEmail], [a].[NormalizedUserName], [a].[PasswordHash], [a].[PhoneNumber], [a].[PhoneNumberConfirmed], [a].[SecurityStamp], [a].[TwoFactorEnabled], [a].[UserName]
FROM [AspNetUsers] AS [a]
WHERE [a].[NormalizedUserName] = @__normalizedUserName_0"
2021-09-13T13:01:43.6403919+03:00 [INF] (Microsoft.EntityFrameworkCore.Database.Command) Executed DbCommand ("1"ms) [Parameters=["@p0='?' (Size = 200), @p1='?' (Size = 200), @p2='?' (DbType = Int32), @p3='?' (DbType = Int32), @p4='?' (Size = 20), @p5='?' (DbType = Int32), @p6='?' (Size = 200)"], CommandType='Text', CommandTimeout='30']"
""SET NOCOUNT ON;
INSERT INTO [Address] ([City], [Country], [FlatNumber], [FloorNumber], [HouseBuilding], [HouseNumber], [Street])
VALUES (@p0, @p1, @p2, @p3, @p4, @p5, @p6);
SELECT [Id], [EntranceNumber]
FROM [Address]
WHERE @@ROWCOUNT = 1 AND [Id] = scope_identity();"
2021-09-13T13:01:43.6600203+03:00 [INF] (Microsoft.EntityFrameworkCore.Database.Command) Executed DbCommand ("1"ms) [Parameters=["@p22='?' (DbType = Int32), @p7='?' (DbType = Int32), @p8='?' (DbType = Int32), @p9='?' (Size = 4000), @p23='?' (Size = 4000), @p10='?' (Size = 256), @p11='?' (DbType = Boolean), @p12='?' (DbType = Boolean), @p13='?' (DbType = DateTimeOffset), @p14='?' (Size = 256), @p15='?' (Size = 256), @p16='?' (Size = 4000), @p17='?' (Size = 4000), @p18='?' (DbType = Boolean), @p19='?' (Size = 4000), @p20='?' (DbType = Boolean), @p21='?' (Size = 256)"], CommandType='Text', CommandTimeout='30']"
""SET NOCOUNT ON;
UPDATE [AspNetUsers] SET [AccessFailedCount] = @p7, [AddressDeliveryId] = @p8, [ConcurrencyStamp] = @p9, [Email] = @p10, [EmailConfirmed] = @p11, [LockoutEnabled] = @p12, [LockoutEnd] = @p13, [NormalizedEmail] = @p14, [NormalizedUserName] = @p15, [PasswordHash] = @p16, [PhoneNumber] = @p17, [PhoneNumberConfirmed] = @p18, [SecurityStamp] = @p19, [TwoFactorEnabled] = @p20, [UserName] = @p21
WHERE [Id] = @p22 AND [ConcurrencyStamp] = @p23;
SELECT @@ROWCOUNT;"
2021-09-13T13:01:43.6771459+03:00 [INF] (Microsoft.AspNetCore.Mvc.Infrastructure.ObjectResultExecutor) Executing "OkObjectResult", writing value of type '"RIL.Models.ExtendedUser"'.
2021-09-13T13:01:43.7070970+03:00 [INF] (Microsoft.AspNetCore.Mvc.Infrastructure.ControllerActionInvoker) Executed action "Web.Controllers.UserController.UpdateUserProfile (Web)" in 220.6435ms
2021-09-13T13:01:43.7071997+03:00 [INF] (Microsoft.AspNetCore.Routing.EndpointMiddleware) Executed endpoint '"Web.Controllers.UserController.UpdateUserProfile (Web)"'
2021-09-13T13:01:43.7074390+03:00 [INF] (Microsoft.AspNetCore.Hosting.Diagnostics) Request finished HTTP/1.1 PUT https://localhost:44376/user application/json 302 - 200 706 application/json;+charset=utf-8 225.2198ms
2021-09-13T13:01:44.2321178+03:00 [INF] (Microsoft.EntityFrameworkCore.Infrastructure) Entity Framework Core "5.0.9" initialized '"HealthChecksDb"' using provider '"Microsoft.EntityFrameworkCore.InMemory"' with options: "StoreName=HealthChecksUI "
2021-09-13T13:13:38.2386491+03:00 [INF] () Strating web host
