2021-09-23T15:41:23.2771303+03:00 [INF] (Microsoft.EntityFrameworkCore.Infrastructure) Entity Framework Core "5.0.10" initialized '"ApplicationDbContext"' using provider '"Microsoft.EntityFrameworkCore.SqlServer"' with options: "None"
2021-09-23T15:46:13.4884385+03:00 [INF] (Microsoft.EntityFrameworkCore.Infrastructure) Entity Framework Core "5.0.10" initialized '"ApplicationDbContext"' using provider '"Microsoft.EntityFrameworkCore.SqlServer"' with options: "None"
2021-09-23T15:46:14.5847827+03:00 [INF] (Microsoft.EntityFrameworkCore.Database.Command) Executed DbCommand ("13"ms) [Parameters=[""], CommandType='Text', CommandTimeout='30']"
""SELECT 1"
2021-09-23T15:46:14.6053047+03:00 [INF] (Microsoft.EntityFrameworkCore.Database.Command) Executed DbCommand ("13"ms) [Parameters=[""], CommandType='Text', CommandTimeout='30']"
""SELECT OBJECT_ID(N'[__EFMigrationsHistory]');"
2021-09-23T15:46:14.6131071+03:00 [INF] (Microsoft.EntityFrameworkCore.Database.Command) Executed DbCommand ("3"ms) [Parameters=[""], CommandType='Text', CommandTimeout='30']"
""SELECT [MigrationId], [ProductVersion]
FROM [__EFMigrationsHistory]
ORDER BY [MigrationId];"
2021-09-23T16:08:51.5658087+03:00 [INF] (Microsoft.EntityFrameworkCore.Infrastructure) Entity Framework Core "5.0.10" initialized '"ApplicationDbContext"' using provider '"Microsoft.EntityFrameworkCore.SqlServer"' with options: "None"
2021-09-23T16:09:35.0919063+03:00 [INF] (Microsoft.EntityFrameworkCore.Infrastructure) Entity Framework Core "5.0.10" initialized '"ApplicationDbContext"' using provider '"Microsoft.EntityFrameworkCore.SqlServer"' with options: "None"
2021-09-23T16:09:36.1999741+03:00 [INF] (Microsoft.EntityFrameworkCore.Database.Command) Executed DbCommand ("13"ms) [Parameters=[""], CommandType='Text', CommandTimeout='30']"
""SELECT 1"
2021-09-23T16:09:36.2199930+03:00 [INF] (Microsoft.EntityFrameworkCore.Database.Command) Executed DbCommand ("13"ms) [Parameters=[""], CommandType='Text', CommandTimeout='30']"
""SELECT OBJECT_ID(N'[__EFMigrationsHistory]');"
2021-09-23T16:09:36.2269427+03:00 [INF] (Microsoft.EntityFrameworkCore.Database.Command) Executed DbCommand ("2"ms) [Parameters=[""], CommandType='Text', CommandTimeout='30']"
""SELECT [MigrationId], [ProductVersion]
FROM [__EFMigrationsHistory]
ORDER BY [MigrationId];"
2021-09-23T16:10:13.5102740+03:00 [INF] (Microsoft.EntityFrameworkCore.Infrastructure) Entity Framework Core "5.0.10" initialized '"ApplicationDbContext"' using provider '"Microsoft.EntityFrameworkCore.SqlServer"' with options: "None"
2021-09-23T16:10:25.0255294+03:00 [INF] (Microsoft.EntityFrameworkCore.Infrastructure) Entity Framework Core "5.0.10" initialized '"ApplicationDbContext"' using provider '"Microsoft.EntityFrameworkCore.SqlServer"' with options: "None"
2021-09-23T16:10:25.3932599+03:00 [INF] (Microsoft.EntityFrameworkCore.Database.Command) Executed DbCommand ("13"ms) [Parameters=[""], CommandType='Text', CommandTimeout='30']"
""SELECT 1"
2021-09-23T16:10:25.4156032+03:00 [INF] (Microsoft.EntityFrameworkCore.Database.Command) Executed DbCommand ("15"ms) [Parameters=[""], CommandType='Text', CommandTimeout='30']"
""SELECT OBJECT_ID(N'[__EFMigrationsHistory]');"
2021-09-23T16:10:25.4232132+03:00 [INF] (Microsoft.EntityFrameworkCore.Database.Command) Executed DbCommand ("3"ms) [Parameters=[""], CommandType='Text', CommandTimeout='30']"
""SELECT [MigrationId], [ProductVersion]
FROM [__EFMigrationsHistory]
ORDER BY [MigrationId];"
2021-09-23T16:10:45.1691341+03:00 [INF] (Microsoft.EntityFrameworkCore.Infrastructure) Entity Framework Core "5.0.10" initialized '"ApplicationDbContext"' using provider '"Microsoft.EntityFrameworkCore.SqlServer"' with options: "None"
2021-09-23T16:12:59.1252430+03:00 [INF] (Microsoft.EntityFrameworkCore.Infrastructure) Entity Framework Core "5.0.10" initialized '"ApplicationDbContext"' using provider '"Microsoft.EntityFrameworkCore.SqlServer"' with options: "None"
2021-09-23T16:12:59.3593626+03:00 [INF] (Microsoft.EntityFrameworkCore.Database.Command) Executed DbCommand ("12"ms) [Parameters=[""], CommandType='Text', CommandTimeout='30']"
""SELECT 1"
2021-09-23T16:12:59.3810449+03:00 [INF] (Microsoft.EntityFrameworkCore.Database.Command) Executed DbCommand ("14"ms) [Parameters=[""], CommandType='Text', CommandTimeout='30']"
""SELECT OBJECT_ID(N'[__EFMigrationsHistory]');"
2021-09-23T16:12:59.3832230+03:00 [INF] (Microsoft.EntityFrameworkCore.Database.Command) Executed DbCommand ("1"ms) [Parameters=[""], CommandType='Text', CommandTimeout='30']"
""SELECT 1"
2021-09-23T16:12:59.3836123+03:00 [INF] (Microsoft.EntityFrameworkCore.Database.Command) Executed DbCommand ("0"ms) [Parameters=[""], CommandType='Text', CommandTimeout='30']"
""SELECT OBJECT_ID(N'[__EFMigrationsHistory]');"
2021-09-23T16:12:59.3895234+03:00 [INF] (Microsoft.EntityFrameworkCore.Database.Command) Executed DbCommand ("2"ms) [Parameters=[""], CommandType='Text', CommandTimeout='30']"
""SELECT [MigrationId], [ProductVersion]
FROM [__EFMigrationsHistory]
ORDER BY [MigrationId];"
2021-09-23T16:12:59.4009830+03:00 [INF] (Microsoft.EntityFrameworkCore.Migrations) Applying migration '"20210923131045_Add_ProductRatings"'.
2021-09-23T16:14:03.5976616+03:00 [INF] (Microsoft.EntityFrameworkCore.Infrastructure) Entity Framework Core "5.0.10" initialized '"ApplicationDbContext"' using provider '"Microsoft.EntityFrameworkCore.SqlServer"' with options: "None"
2021-09-23T16:14:03.7869589+03:00 [INF] (Microsoft.EntityFrameworkCore.Database.Command) Executed DbCommand ("12"ms) [Parameters=[""], CommandType='Text', CommandTimeout='30']"
""SELECT 1"
2021-09-23T16:14:03.8082835+03:00 [INF] (Microsoft.EntityFrameworkCore.Database.Command) Executed DbCommand ("14"ms) [Parameters=[""], CommandType='Text', CommandTimeout='30']"
""SELECT OBJECT_ID(N'[__EFMigrationsHistory]');"
2021-09-23T16:14:03.8104110+03:00 [INF] (Microsoft.EntityFrameworkCore.Database.Command) Executed DbCommand ("1"ms) [Parameters=[""], CommandType='Text', CommandTimeout='30']"
""SELECT 1"
2021-09-23T16:14:03.8107825+03:00 [INF] (Microsoft.EntityFrameworkCore.Database.Command) Executed DbCommand ("0"ms) [Parameters=[""], CommandType='Text', CommandTimeout='30']"
""SELECT OBJECT_ID(N'[__EFMigrationsHistory]');"
2021-09-23T16:14:03.8159115+03:00 [INF] (Microsoft.EntityFrameworkCore.Database.Command) Executed DbCommand ("2"ms) [Parameters=[""], CommandType='Text', CommandTimeout='30']"
""SELECT [MigrationId], [ProductVersion]
FROM [__EFMigrationsHistory]
ORDER BY [MigrationId];"
2021-09-23T16:14:03.8262379+03:00 [INF] (Microsoft.EntityFrameworkCore.Migrations) Applying migration '"20210923131045_Add_ProductRatings"'.
2021-09-23T16:15:52.1750083+03:00 [INF] (Microsoft.EntityFrameworkCore.Infrastructure) Entity Framework Core "5.0.10" initialized '"ApplicationDbContext"' using provider '"Microsoft.EntityFrameworkCore.SqlServer"' with options: "None"
2021-09-23T16:15:52.3654928+03:00 [INF] (Microsoft.EntityFrameworkCore.Database.Command) Executed DbCommand ("12"ms) [Parameters=[""], CommandType='Text', CommandTimeout='30']"
""SELECT 1"
2021-09-23T16:15:52.3831183+03:00 [INF] (Microsoft.EntityFrameworkCore.Database.Command) Executed DbCommand ("10"ms) [Parameters=[""], CommandType='Text', CommandTimeout='30']"
""SELECT OBJECT_ID(N'[__EFMigrationsHistory]');"
2021-09-23T16:15:52.3852989+03:00 [INF] (Microsoft.EntityFrameworkCore.Database.Command) Executed DbCommand ("1"ms) [Parameters=[""], CommandType='Text', CommandTimeout='30']"
""SELECT 1"
2021-09-23T16:15:52.3856581+03:00 [INF] (Microsoft.EntityFrameworkCore.Database.Command) Executed DbCommand ("0"ms) [Parameters=[""], CommandType='Text', CommandTimeout='30']"
""SELECT OBJECT_ID(N'[__EFMigrationsHistory]');"
2021-09-23T16:15:52.3898660+03:00 [INF] (Microsoft.EntityFrameworkCore.Database.Command) Executed DbCommand ("1"ms) [Parameters=[""], CommandType='Text', CommandTimeout='30']"
""SELECT [MigrationId], [ProductVersion]
FROM [__EFMigrationsHistory]
ORDER BY [MigrationId];"
2021-09-23T16:15:52.4001193+03:00 [INF] (Microsoft.EntityFrameworkCore.Migrations) Applying migration '"20210923131045_Add_ProductRatings"'.
2021-09-23T16:16:16.8025280+03:00 [INF] (Microsoft.EntityFrameworkCore.Infrastructure) Entity Framework Core "5.0.10" initialized '"ApplicationDbContext"' using provider '"Microsoft.EntityFrameworkCore.SqlServer"' with options: "None"
2021-09-23T16:16:16.9927009+03:00 [INF] (Microsoft.EntityFrameworkCore.Database.Command) Executed DbCommand ("13"ms) [Parameters=[""], CommandType='Text', CommandTimeout='30']"
""SELECT 1"
2021-09-23T16:16:17.0102152+03:00 [INF] (Microsoft.EntityFrameworkCore.Database.Command) Executed DbCommand ("10"ms) [Parameters=[""], CommandType='Text', CommandTimeout='30']"
""SELECT OBJECT_ID(N'[__EFMigrationsHistory]');"
2021-09-23T16:16:17.0123205+03:00 [INF] (Microsoft.EntityFrameworkCore.Database.Command) Executed DbCommand ("1"ms) [Parameters=[""], CommandType='Text', CommandTimeout='30']"
""SELECT 1"
2021-09-23T16:16:17.0126916+03:00 [INF] (Microsoft.EntityFrameworkCore.Database.Command) Executed DbCommand ("0"ms) [Parameters=[""], CommandType='Text', CommandTimeout='30']"
""SELECT OBJECT_ID(N'[__EFMigrationsHistory]');"
2021-09-23T16:16:17.0170541+03:00 [INF] (Microsoft.EntityFrameworkCore.Database.Command) Executed DbCommand ("1"ms) [Parameters=[""], CommandType='Text', CommandTimeout='30']"
""SELECT [MigrationId], [ProductVersion]
FROM [__EFMigrationsHistory]
ORDER BY [MigrationId];"
2021-09-23T16:16:17.0271279+03:00 [INF] (Microsoft.EntityFrameworkCore.Migrations) Applying migration '"20210923131045_Add_ProductRatings"'.
2021-09-23T16:16:17.0822294+03:00 [INF] (Microsoft.EntityFrameworkCore.Database.Command) Executed DbCommand ("5"ms) [Parameters=[""], CommandType='Text', CommandTimeout='30']"
""DECLARE @var0 sysname;
SELECT @var0 = [d].[name]
FROM [sys].[default_constraints] [d]
INNER JOIN [sys].[columns] [c] ON [d].[parent_column_id] = [c].[column_id] AND [d].[parent_object_id] = [c].[object_id]
WHERE ([d].[parent_object_id] = OBJECT_ID(N'[Products]') AND [c].[name] = N'Genre');
IF @var0 IS NOT NULL EXEC(N'ALTER TABLE [Products] DROP CONSTRAINT [' + @var0 + '];');
ALTER TABLE [Products] ALTER COLUMN [Genre] int NOT NULL;"
2021-09-23T16:16:17.0908213+03:00 [INF] (Microsoft.EntityFrameworkCore.Database.Command) Executed DbCommand ("8"ms) [Parameters=[""], CommandType='Text', CommandTimeout='30']"
""CREATE TABLE [ProductRatings] (
    [ProductId] int NOT NULL,
    [UserId] int NOT NULL,
    [Rating] float NOT NULL DEFAULT 10.0E0,
    CONSTRAINT [PK_ProductRatings] PRIMARY KEY ([ProductId], [UserId]),
    CONSTRAINT [FK_ProductRatings_AspNetUsers_UserId] FOREIGN KEY ([UserId]) REFERENCES [AspNetUsers] ([Id]) ON DELETE CASCADE,
    CONSTRAINT [FK_ProductRatings_Products_ProductId] FOREIGN KEY ([ProductId]) REFERENCES [Products] ([Id]) ON DELETE CASCADE
);"
2021-09-23T16:16:17.0918512+03:00 [INF] (Microsoft.EntityFrameworkCore.Database.Command) Executed DbCommand ("1"ms) [Parameters=[""], CommandType='Text', CommandTimeout='30']"
""UPDATE [Products] SET [Genre] = 4
WHERE [Id] = 1;
SELECT @@ROWCOUNT;"
2021-09-23T16:16:17.0922053+03:00 [INF] (Microsoft.EntityFrameworkCore.Database.Command) Executed DbCommand ("0"ms) [Parameters=[""], CommandType='Text', CommandTimeout='30']"
""UPDATE [Products] SET [Genre] = 4
WHERE [Id] = 2;
SELECT @@ROWCOUNT;"
2021-09-23T16:16:17.0924918+03:00 [INF] (Microsoft.EntityFrameworkCore.Database.Command) Executed DbCommand ("0"ms) [Parameters=[""], CommandType='Text', CommandTimeout='30']"
""UPDATE [Products] SET [Genre] = 4
WHERE [Id] = 3;
SELECT @@ROWCOUNT;"
2021-09-23T16:16:17.0926990+03:00 [INF] (Microsoft.EntityFrameworkCore.Database.Command) Executed DbCommand ("0"ms) [Parameters=[""], CommandType='Text', CommandTimeout='30']"
""UPDATE [Products] SET [Genre] = 4
WHERE [Id] = 4;
SELECT @@ROWCOUNT;"
2021-09-23T16:16:17.0928851+03:00 [INF] (Microsoft.EntityFrameworkCore.Database.Command) Executed DbCommand ("0"ms) [Parameters=[""], CommandType='Text', CommandTimeout='30']"
""UPDATE [Products] SET [Genre] = 5
WHERE [Id] = 5;
SELECT @@ROWCOUNT;"
2021-09-23T16:16:17.0930523+03:00 [INF] (Microsoft.EntityFrameworkCore.Database.Command) Executed DbCommand ("0"ms) [Parameters=[""], CommandType='Text', CommandTimeout='30']"
""UPDATE [Products] SET [Genre] = 5
WHERE [Id] = 6;
SELECT @@ROWCOUNT;"
2021-09-23T16:16:17.0932669+03:00 [INF] (Microsoft.EntityFrameworkCore.Database.Command) Executed DbCommand ("0"ms) [Parameters=[""], CommandType='Text', CommandTimeout='30']"
""UPDATE [Products] SET [Genre] = 13
WHERE [Id] = 7;
SELECT @@ROWCOUNT;"
2021-09-23T16:16:17.0934285+03:00 [INF] (Microsoft.EntityFrameworkCore.Database.Command) Executed DbCommand ("0"ms) [Parameters=[""], CommandType='Text', CommandTimeout='30']"
""UPDATE [Products] SET [Genre] = 13
WHERE [Id] = 8;
SELECT @@ROWCOUNT;"
2021-09-23T16:16:17.0935913+03:00 [INF] (Microsoft.EntityFrameworkCore.Database.Command) Executed DbCommand ("0"ms) [Parameters=[""], CommandType='Text', CommandTimeout='30']"
""UPDATE [Products] SET [Genre] = 13
WHERE [Id] = 9;
SELECT @@ROWCOUNT;"
2021-09-23T16:16:17.0937473+03:00 [INF] (Microsoft.EntityFrameworkCore.Database.Command) Executed DbCommand ("0"ms) [Parameters=[""], CommandType='Text', CommandTimeout='30']"
""UPDATE [Products] SET [Genre] = 9
WHERE [Id] = 10;
SELECT @@ROWCOUNT;"
2021-09-23T16:16:17.0939011+03:00 [INF] (Microsoft.EntityFrameworkCore.Database.Command) Executed DbCommand ("0"ms) [Parameters=[""], CommandType='Text', CommandTimeout='30']"
""UPDATE [Products] SET [Genre] = 9
WHERE [Id] = 11;
SELECT @@ROWCOUNT;"
2021-09-23T16:16:17.0940555+03:00 [INF] (Microsoft.EntityFrameworkCore.Database.Command) Executed DbCommand ("0"ms) [Parameters=[""], CommandType='Text', CommandTimeout='30']"
""UPDATE [Products] SET [Genre] = 9
WHERE [Id] = 12;
SELECT @@ROWCOUNT;"
2021-09-23T16:16:17.0942109+03:00 [INF] (Microsoft.EntityFrameworkCore.Database.Command) Executed DbCommand ("0"ms) [Parameters=[""], CommandType='Text', CommandTimeout='30']"
""UPDATE [Products] SET [Genre] = 9
WHERE [Id] = 13;
SELECT @@ROWCOUNT;"
2021-09-23T16:16:17.0943635+03:00 [INF] (Microsoft.EntityFrameworkCore.Database.Command) Executed DbCommand ("0"ms) [Parameters=[""], CommandType='Text', CommandTimeout='30']"
""UPDATE [Products] SET [Genre] = 9
WHERE [Id] = 14;
SELECT @@ROWCOUNT;"
2021-09-23T16:16:17.0945149+03:00 [INF] (Microsoft.EntityFrameworkCore.Database.Command) Executed DbCommand ("0"ms) [Parameters=[""], CommandType='Text', CommandTimeout='30']"
""UPDATE [Products] SET [Genre] = 4
WHERE [Id] = 15;
SELECT @@ROWCOUNT;"
2021-09-23T16:16:17.0946716+03:00 [INF] (Microsoft.EntityFrameworkCore.Database.Command) Executed DbCommand ("0"ms) [Parameters=[""], CommandType='Text', CommandTimeout='30']"
""UPDATE [Products] SET [Genre] = 4
WHERE [Id] = 16;
SELECT @@ROWCOUNT;"
2021-09-23T16:16:17.0948243+03:00 [INF] (Microsoft.EntityFrameworkCore.Database.Command) Executed DbCommand ("0"ms) [Parameters=[""], CommandType='Text', CommandTimeout='30']"
""UPDATE [Products] SET [Genre] = 9
WHERE [Id] = 17;
SELECT @@ROWCOUNT;"
2021-09-23T16:16:17.0949887+03:00 [INF] (Microsoft.EntityFrameworkCore.Database.Command) Executed DbCommand ("0"ms) [Parameters=[""], CommandType='Text', CommandTimeout='30']"
""UPDATE [Products] SET [Genre] = 9
WHERE [Id] = 18;
SELECT @@ROWCOUNT;"
2021-09-23T16:16:17.0951406+03:00 [INF] (Microsoft.EntityFrameworkCore.Database.Command) Executed DbCommand ("0"ms) [Parameters=[""], CommandType='Text', CommandTimeout='30']"
""UPDATE [Products] SET [Genre] = 9
WHERE [Id] = 19;
SELECT @@ROWCOUNT;"
2021-09-23T16:16:17.0952966+03:00 [INF] (Microsoft.EntityFrameworkCore.Database.Command) Executed DbCommand ("0"ms) [Parameters=[""], CommandType='Text', CommandTimeout='30']"
""UPDATE [Products] SET [Genre] = 4
WHERE [Id] = 20;
SELECT @@ROWCOUNT;"
2021-09-23T16:16:17.0954684+03:00 [INF] (Microsoft.EntityFrameworkCore.Database.Command) Executed DbCommand ("0"ms) [Parameters=[""], CommandType='Text', CommandTimeout='30']"
""UPDATE [Products] SET [Genre] = 4
WHERE [Id] = 21;
SELECT @@ROWCOUNT;"
2021-09-23T16:16:17.0956896+03:00 [INF] (Microsoft.EntityFrameworkCore.Database.Command) Executed DbCommand ("0"ms) [Parameters=[""], CommandType='Text', CommandTimeout='30']"
""UPDATE [Products] SET [Genre] = 4
WHERE [Id] = 22;
SELECT @@ROWCOUNT;"
2021-09-23T16:16:17.0959341+03:00 [INF] (Microsoft.EntityFrameworkCore.Database.Command) Executed DbCommand ("0"ms) [Parameters=[""], CommandType='Text', CommandTimeout='30']"
""UPDATE [Products] SET [Genre] = 4
WHERE [Id] = 23;
SELECT @@ROWCOUNT;"
2021-09-23T16:16:17.0960933+03:00 [INF] (Microsoft.EntityFrameworkCore.Database.Command) Executed DbCommand ("0"ms) [Parameters=[""], CommandType='Text', CommandTimeout='30']"
""UPDATE [Products] SET [Genre] = 4
WHERE [Id] = 24;
SELECT @@ROWCOUNT;"
2021-09-23T16:16:17.0962466+03:00 [INF] (Microsoft.EntityFrameworkCore.Database.Command) Executed DbCommand ("0"ms) [Parameters=[""], CommandType='Text', CommandTimeout='30']"
""UPDATE [Products] SET [Genre] = 4
WHERE [Id] = 25;
SELECT @@ROWCOUNT;"
2021-09-23T16:16:17.0982328+03:00 [INF] (Microsoft.EntityFrameworkCore.Database.Command) Executed DbCommand ("2"ms) [Parameters=[""], CommandType='Text', CommandTimeout='30']"
""CREATE INDEX [IX_Products_Genre] ON [Products] ([Genre]);"
2021-09-23T16:16:17.0992578+03:00 [INF] (Microsoft.EntityFrameworkCore.Database.Command) Executed DbCommand ("1"ms) [Parameters=[""], CommandType='Text', CommandTimeout='30']"
""CREATE INDEX [IX_Products_Price] ON [Products] ([Price]);"
2021-09-23T16:16:17.1005658+03:00 [INF] (Microsoft.EntityFrameworkCore.Database.Command) Executed DbCommand ("1"ms) [Parameters=[""], CommandType='Text', CommandTimeout='30']"
""CREATE INDEX [IX_Products_Rating] ON [Products] ([Rating]);"
2021-09-23T16:16:17.1009747+03:00 [INF] (Microsoft.EntityFrameworkCore.Database.Command) Executed DbCommand ("0"ms) [Parameters=[""], CommandType='Text', CommandTimeout='30']"
""CREATE INDEX [IX_ProductRatings_UserId] ON [ProductRatings] ([UserId]);"
2021-09-23T16:16:17.1017949+03:00 [INF] (Microsoft.EntityFrameworkCore.Database.Command) Executed DbCommand ("1"ms) [Parameters=[""], CommandType='Text', CommandTimeout='30']"
""INSERT INTO [__EFMigrationsHistory] ([MigrationId], [ProductVersion])
VALUES (N'20210923131045_Add_ProductRatings', N'5.0.10');"
