2021-09-28T13:04:28.2302455+03:00 [INF] (Microsoft.AspNetCore.DataProtection.KeyManagement.XmlKeyManager) User profile is available. Using '"C:\Users\A.Dzenisevich\AppData\Local\ASP.NET\DataProtection-Keys"' as key repository and Windows DPAPI to encrypt keys at rest.
2021-09-28T13:04:28.2974005+03:00 [INF] (HealthChecks.UI.Core.HostedService.UIInitializationHostedService) Initializing UI Database
2021-09-28T13:04:28.6974150+03:00 [INF] (Microsoft.EntityFrameworkCore.Infrastructure) Entity Framework Core "5.0.10" initialized '"HealthChecksDb"' using provider '"Microsoft.EntityFrameworkCore.InMemory"' with options: "StoreName=HealthChecksUI "
2021-09-28T13:04:29.0482437+03:00 [INF] (Microsoft.AspNetCore.Hosting.Diagnostics) Request starting HTTP/2 GET https://localhost:44370/index.html - -
2021-09-28T13:04:29.0552799+03:00 [INF] (Microsoft.EntityFrameworkCore.Infrastructure) Entity Framework Core "5.0.10" initialized '"HealthChecksDb"' using provider '"Microsoft.EntityFrameworkCore.InMemory"' with options: "StoreName=HealthChecksUI "
2021-09-28T13:04:29.0864631+03:00 [INF] (Microsoft.Hosting.Lifetime) Application started. Press Ctrl+C to shut down.
2021-09-28T13:04:29.0865114+03:00 [INF] (Microsoft.Hosting.Lifetime) Hosting environment: "Development"
2021-09-28T13:04:29.0865426+03:00 [INF] (Microsoft.Hosting.Lifetime) Content root path: "D:\LabWebApp\Web"
2021-09-28T13:04:29.2162254+03:00 [INF] (Microsoft.AspNetCore.Hosting.Diagnostics) Request finished HTTP/2 GET https://localhost:44370/index.html - - - 200 - text/html;charset=utf-8 170.0174ms
2021-09-28T13:04:29.3485497+03:00 [INF] (Microsoft.AspNetCore.Hosting.Diagnostics) Request starting HTTP/2 GET https://localhost:44370/swagger/v1/swagger.json - -
2021-09-28T13:04:29.4587244+03:00 [INF] (Microsoft.AspNetCore.Hosting.Diagnostics) Request finished HTTP/2 GET https://localhost:44370/swagger/v1/swagger.json - - - 200 - application/json;charset=utf-8 110.1721ms
2021-09-28T13:04:39.1101399+03:00 [INF] (Microsoft.EntityFrameworkCore.Infrastructure) Entity Framework Core "5.0.10" initialized '"HealthChecksDb"' using provider '"Microsoft.EntityFrameworkCore.InMemory"' with options: "StoreName=HealthChecksUI "
2021-09-28T13:04:49.1291029+03:00 [INF] (Microsoft.EntityFrameworkCore.Infrastructure) Entity Framework Core "5.0.10" initialized '"HealthChecksDb"' using provider '"Microsoft.EntityFrameworkCore.InMemory"' with options: "StoreName=HealthChecksUI "
2021-09-28T13:04:55.6797223+03:00 [INF] (Microsoft.AspNetCore.Hosting.Diagnostics) Request starting HTTP/2 GET https://localhost:44370/games/list?sortingParameter=45&genreFilter=-567&genreFilter=4&genreFilter=6&genreFilter=4567&ageFilter=0&ageFilter=-1&ageFilter=444 - -
2021-09-28T13:04:55.6892718+03:00 [INF] (Microsoft.AspNetCore.Routing.EndpointMiddleware) Executing endpoint '"Web.Controllers.GamesController.GetProductListAsync (Web)"'
2021-09-28T13:04:55.7105882+03:00 [INF] (Microsoft.AspNetCore.Mvc.Infrastructure.ControllerActionInvoker) Route matched with "{action = \"GetProductList\", controller = \"Games\"}". Executing controller action with signature "System.Threading.Tasks.Task`1[Microsoft.AspNetCore.Mvc.IActionResult] GetProductListAsync(System.Nullable`1[System.Int32], Int32[], Int32[], System.Nullable`1[System.Int32], System.Nullable`1[System.Int32])" on controller "Web.Controllers.GamesController" ("Web").
2021-09-28T13:05:03.2078445+03:00 [INF] (Microsoft.EntityFrameworkCore.Infrastructure) Entity Framework Core "5.0.10" initialized '"HealthChecksDb"' using provider '"Microsoft.EntityFrameworkCore.InMemory"' with options: "StoreName=HealthChecksUI "
2021-09-28T13:05:16.5185984+03:00 [INF] (Microsoft.EntityFrameworkCore.Infrastructure) Entity Framework Core "5.0.10" initialized '"HealthChecksDb"' using provider '"Microsoft.EntityFrameworkCore.InMemory"' with options: "StoreName=HealthChecksUI "
2021-09-28T13:05:31.4857695+03:00 [INF] (Microsoft.EntityFrameworkCore.Infrastructure) Entity Framework Core "5.0.10" initialized '"HealthChecksDb"' using provider '"Microsoft.EntityFrameworkCore.InMemory"' with options: "StoreName=HealthChecksUI "
2021-09-28T15:07:09.7415165+03:00 [INF] (Microsoft.EntityFrameworkCore.Infrastructure) Entity Framework Core "5.0.10" initialized '"ApplicationDbContext"' using provider '"Microsoft.EntityFrameworkCore.SqlServer"' with options: "None"
2021-09-28T15:08:23.0678658+03:00 [INF] (Microsoft.EntityFrameworkCore.Infrastructure) Entity Framework Core "5.0.10" initialized '"ApplicationDbContext"' using provider '"Microsoft.EntityFrameworkCore.SqlServer"' with options: "None"
2021-09-28T15:08:24.0652352+03:00 [INF] (Microsoft.EntityFrameworkCore.Database.Command) Executed DbCommand ("13"ms) [Parameters=[""], CommandType='Text', CommandTimeout='30']"
""SELECT 1"
2021-09-28T15:08:24.0858638+03:00 [INF] (Microsoft.EntityFrameworkCore.Database.Command) Executed DbCommand ("13"ms) [Parameters=[""], CommandType='Text', CommandTimeout='30']"
""SELECT OBJECT_ID(N'[__EFMigrationsHistory]');"
2021-09-28T15:08:24.0882254+03:00 [INF] (Microsoft.EntityFrameworkCore.Database.Command) Executed DbCommand ("1"ms) [Parameters=[""], CommandType='Text', CommandTimeout='30']"
""SELECT 1"
2021-09-28T15:08:24.0886776+03:00 [INF] (Microsoft.EntityFrameworkCore.Database.Command) Executed DbCommand ("0"ms) [Parameters=[""], CommandType='Text', CommandTimeout='30']"
""SELECT OBJECT_ID(N'[__EFMigrationsHistory]');"
2021-09-28T15:08:24.0948637+03:00 [INF] (Microsoft.EntityFrameworkCore.Database.Command) Executed DbCommand ("2"ms) [Parameters=[""], CommandType='Text', CommandTimeout='30']"
""SELECT [MigrationId], [ProductVersion]
FROM [__EFMigrationsHistory]
ORDER BY [MigrationId];"
2021-09-28T15:08:24.1052989+03:00 [INF] (Microsoft.EntityFrameworkCore.Migrations) Applying migration '"20210928120709_Add_Order"'.
2021-09-28T15:08:24.1500163+03:00 [INF] (Microsoft.EntityFrameworkCore.Database.Command) Executed DbCommand ("7"ms) [Parameters=[""], CommandType='Text', CommandTimeout='30']"
""CREATE TABLE [Orders] (
    [Id] int NOT NULL IDENTITY,
    [CreationDate] datetime2 NOT NULL,
    [TotalAmount] int NOT NULL,
    [Status] int NOT NULL DEFAULT 1,
    [DeliveryType] int NOT NULL,
    [AddressDeliveryId] int NULL,
    CONSTRAINT [PK_Orders] PRIMARY KEY ([Id]),
    CONSTRAINT [FK_Orders_Addresses_AddressDeliveryId] FOREIGN KEY ([AddressDeliveryId]) REFERENCES [Addresses] ([Id]) ON DELETE NO ACTION
);"
2021-09-28T15:08:24.1521097+03:00 [INF] (Microsoft.EntityFrameworkCore.Database.Command) Executed DbCommand ("2"ms) [Parameters=[""], CommandType='Text', CommandTimeout='30']"
""CREATE TABLE [ProductOrders] (
    [ProductId] int NOT NULL,
    [OrderId] int NOT NULL,
    [ProductAmount] int NOT NULL DEFAULT 1,
    CONSTRAINT [PK_ProductOrders] PRIMARY KEY ([ProductId], [OrderId]),
    CONSTRAINT [FK_ProductOrders_Orders_OrderId] FOREIGN KEY ([OrderId]) REFERENCES [Orders] ([Id]) ON DELETE CASCADE,
    CONSTRAINT [FK_ProductOrders_Products_ProductId] FOREIGN KEY ([ProductId]) REFERENCES [Products] ([Id]) ON DELETE CASCADE
);"
2021-09-28T15:08:24.1526049+03:00 [INF] (Microsoft.EntityFrameworkCore.Database.Command) Executed DbCommand ("0"ms) [Parameters=[""], CommandType='Text', CommandTimeout='30']"
""CREATE INDEX [IX_Orders_AddressDeliveryId] ON [Orders] ([AddressDeliveryId]);"
2021-09-28T15:08:24.1530202+03:00 [INF] (Microsoft.EntityFrameworkCore.Database.Command) Executed DbCommand ("0"ms) [Parameters=[""], CommandType='Text', CommandTimeout='30']"
""CREATE INDEX [IX_Orders_CreationDate] ON [Orders] ([CreationDate]);"
2021-09-28T15:08:24.1534769+03:00 [INF] (Microsoft.EntityFrameworkCore.Database.Command) Executed DbCommand ("0"ms) [Parameters=[""], CommandType='Text', CommandTimeout='30']"
""CREATE INDEX [IX_Orders_Status] ON [Orders] ([Status]);"
2021-09-28T15:08:24.1539251+03:00 [INF] (Microsoft.EntityFrameworkCore.Database.Command) Executed DbCommand ("0"ms) [Parameters=[""], CommandType='Text', CommandTimeout='30']"
""CREATE INDEX [IX_ProductOrders_OrderId] ON [ProductOrders] ([OrderId]);"
2021-09-28T15:08:24.1550249+03:00 [INF] (Microsoft.EntityFrameworkCore.Database.Command) Executed DbCommand ("1"ms) [Parameters=[""], CommandType='Text', CommandTimeout='30']"
""INSERT INTO [__EFMigrationsHistory] ([MigrationId], [ProductVersion])
VALUES (N'20210928120709_Add_Order', N'5.0.10');"
2021-09-28T15:33:27.6380773+03:00 [INF] () Strating web host
