2021-09-29T20:26:48.8373938+03:00 [INF] (Microsoft.AspNetCore.DataProtection.KeyManagement.XmlKeyManager) User profile is available. Using '"C:\Users\A.Dzenisevich\AppData\Local\ASP.NET\DataProtection-Keys"' as key repository and Windows DPAPI to encrypt keys at rest.
2021-09-29T20:26:48.9030739+03:00 [INF] (HealthChecks.UI.Core.HostedService.UIInitializationHostedService) Initializing UI Database
2021-09-29T20:26:49.3108052+03:00 [INF] (Microsoft.EntityFrameworkCore.Infrastructure) Entity Framework Core "5.0.10" initialized '"HealthChecksDb"' using provider '"Microsoft.EntityFrameworkCore.InMemory"' with options: "StoreName=HealthChecksUI "
2021-09-29T20:26:49.6806572+03:00 [INF] (Microsoft.AspNetCore.Hosting.Diagnostics) Request starting HTTP/1.1 DELETE https://localhost:44370/orders/?id=1 application/json 43
2021-09-29T20:26:49.6806508+03:00 [INF] (Microsoft.AspNetCore.Hosting.Diagnostics) Request starting HTTP/2 GET https://localhost:44370/index.html - -
2021-09-29T20:26:49.6898762+03:00 [INF] (Microsoft.EntityFrameworkCore.Infrastructure) Entity Framework Core "5.0.10" initialized '"HealthChecksDb"' using provider '"Microsoft.EntityFrameworkCore.InMemory"' with options: "StoreName=HealthChecksUI "
2021-09-29T20:26:49.7286175+03:00 [INF] (Microsoft.Hosting.Lifetime) Application started. Press Ctrl+C to shut down.
2021-09-29T20:26:49.7286902+03:00 [INF] (Microsoft.Hosting.Lifetime) Hosting environment: "Development"
2021-09-29T20:26:49.7287415+03:00 [INF] (Microsoft.Hosting.Lifetime) Content root path: "D:\LabWebApp\Web"
2021-09-29T20:26:49.8019387+03:00 [INF] (Microsoft.AspNetCore.Authorization.DefaultAuthorizationService) Authorization was successful.
2021-09-29T20:26:49.8036395+03:00 [INF] (Microsoft.AspNetCore.Routing.EndpointMiddleware) Executing endpoint '"Web.Controllers.OrdersController.DeleteProductsFromOrderAsync (Web)"'
2021-09-29T20:26:49.8232225+03:00 [INF] (Microsoft.AspNetCore.Mvc.Infrastructure.ControllerActionInvoker) Route matched with "{action = \"DeleteProductsFromOrder\", controller = \"Orders\"}". Executing controller action with signature "System.Threading.Tasks.Task`1[Microsoft.AspNetCore.Mvc.IActionResult] DeleteProductsFromOrderAsync(Int32, BLL.ViewModels.ProductOrderViewModel[])" on controller "Web.Controllers.OrdersController" ("Web").
2021-09-29T20:26:49.8247736+03:00 [INF] (Microsoft.AspNetCore.Authorization.DefaultAuthorizationService) Authorization was successful.
2021-09-29T20:26:49.8848052+03:00 [INF] (Microsoft.AspNetCore.Hosting.Diagnostics) Request finished HTTP/2 GET https://localhost:44370/index.html - - - 200 - text/html;charset=utf-8 208.3017ms
2021-09-29T20:26:50.0264786+03:00 [INF] (Microsoft.AspNetCore.Hosting.Diagnostics) Request starting HTTP/2 GET https://localhost:44370/swagger/v1/swagger.json - -
2021-09-29T20:26:50.1478668+03:00 [INF] (Microsoft.AspNetCore.Hosting.Diagnostics) Request finished HTTP/2 GET https://localhost:44370/swagger/v1/swagger.json - - - 200 - application/json;charset=utf-8 121.3762ms
2021-09-29T20:26:50.2973484+03:00 [INF] (Microsoft.EntityFrameworkCore.Infrastructure) Entity Framework Core "5.0.10" initialized '"ApplicationDbContext"' using provider '"Microsoft.EntityFrameworkCore.SqlServer"' with options: "None"
2021-09-29T20:26:50.6605695+03:00 [INF] (Microsoft.EntityFrameworkCore.Database.Command) Executed DbCommand ("33"ms) [Parameters=["@__id_0='?' (DbType = Int32)"], CommandType='Text', CommandTimeout='30']"
""SELECT CASE
    WHEN EXISTS (
        SELECT 1
        FROM [Products] AS [p]
        WHERE [p].[Id] = @__id_0) THEN CAST(1 AS bit)
    ELSE CAST(0 AS bit)
END"
2021-09-29T20:26:50.6938390+03:00 [INF] (Microsoft.EntityFrameworkCore.Database.Command) Executed DbCommand ("2"ms) [Parameters=["@__id_0='?' (DbType = Int32)"], CommandType='Text', CommandTimeout='30']"
""SELECT TOP(1) [p].[Id], [p].[Background], [p].[Count], [p].[DateCreated], [p].[Genre], [p].[IsDeleted], [p].[Logo], [p].[Name], [p].[Platform], [p].[Price], [p].[Rating], [p].[TotalRating]
FROM [Products] AS [p]
WHERE [p].[Id] = @__id_0"
2021-09-29T20:26:53.0550824+03:00 [INF] (Microsoft.EntityFrameworkCore.Database.Command) Executed DbCommand ("1"ms) [Parameters=["@__8__locals1_orderId_0='?' (DbType = Int32), @__product_ProductId_1='?' (DbType = Int32)"], CommandType='Text', CommandTimeout='30']"
""SELECT TOP(1) [p].[ProductId], [p].[OrderId], [p].[ProductAmount]
FROM [ProductOrders] AS [p]
WHERE ([p].[OrderId] = @__8__locals1_orderId_0) AND ([p].[ProductId] = @__product_ProductId_1)"
2021-09-29T20:26:53.0606230+03:00 [INF] (Microsoft.EntityFrameworkCore.Database.Command) Executed DbCommand ("1"ms) [Parameters=["@__orderId_0='?' (DbType = Int32)"], CommandType='Text', CommandTimeout='30']"
""SELECT [p].[ProductId], [p].[OrderId], [p].[ProductAmount]
FROM [ProductOrders] AS [p]
WHERE [p].[OrderId] = @__orderId_0"
2021-09-29T20:26:53.0712278+03:00 [INF] (Microsoft.EntityFrameworkCore.Database.Command) Executed DbCommand ("1"ms) [Parameters=["@__orderId_0='?' (DbType = Int32)"], CommandType='Text', CommandTimeout='30']"
""SELECT TOP(1) [o].[Id], [o].[AddressDeliveryId], [o].[CreationDate], [o].[DeliveryType], [o].[Status], [o].[TotalAmount], [o].[UserId]
FROM [Orders] AS [o]
WHERE ([o].[Id] = @__orderId_0) AND ([o].[Status] = 1)"
2021-09-29T20:26:53.1805580+03:00 [INF] (Microsoft.EntityFrameworkCore.Database.Command) Executed DbCommand ("1"ms) [Parameters=["@p6='?' (DbType = Int32), @p0='?' (DbType = Int32), @p1='?' (DbType = DateTime2), @p2='?' (DbType = Int32), @p3='?' (DbType = Int32), @p4='?' (DbType = Int32), @p5='?' (DbType = Int32)"], CommandType='Text', CommandTimeout='30']"
""SET NOCOUNT ON;
UPDATE [Orders] SET [AddressDeliveryId] = @p0, [CreationDate] = @p1, [DeliveryType] = @p2, [Status] = @p3, [TotalAmount] = @p4, [UserId] = @p5
WHERE [Id] = @p6;
SELECT @@ROWCOUNT;"
2021-09-29T20:26:53.2006844+03:00 [INF] (Microsoft.AspNetCore.Mvc.StatusCodeResult) Executing HttpStatusCodeResult, setting HTTP status code 204
2021-09-29T20:26:53.2040799+03:00 [INF] (Microsoft.AspNetCore.Mvc.Infrastructure.ControllerActionInvoker) Executed action "Web.Controllers.OrdersController.DeleteProductsFromOrderAsync (Web)" in 3377.7985ms
2021-09-29T20:26:53.2044222+03:00 [INF] (Microsoft.AspNetCore.Routing.EndpointMiddleware) Executed endpoint '"Web.Controllers.OrdersController.DeleteProductsFromOrderAsync (Web)"'
2021-09-29T20:26:53.2065817+03:00 [INF] (Microsoft.AspNetCore.Hosting.Diagnostics) Request finished HTTP/1.1 DELETE https://localhost:44370/orders/?id=1 application/json 43 - 204 - - 3530.7374ms
2021-09-29T20:26:59.7507525+03:00 [INF] (Microsoft.EntityFrameworkCore.Infrastructure) Entity Framework Core "5.0.10" initialized '"HealthChecksDb"' using provider '"Microsoft.EntityFrameworkCore.InMemory"' with options: "StoreName=HealthChecksUI "
2021-09-29T20:27:38.3750030+03:00 [INF] () Strating web host
