2021-10-05T11:10:41.0665373+03:00 [INF] (Microsoft.AspNetCore.DataProtection.KeyManagement.XmlKeyManager) User profile is available. Using '"C:\Users\A.Dzenisevich\AppData\Local\ASP.NET\DataProtection-Keys"' as key repository and Windows DPAPI to encrypt keys at rest.
2021-10-05T11:10:41.1047598+03:00 [INF] (HealthChecks.UI.Core.HostedService.UIInitializationHostedService) Initializing UI Database
2021-10-05T11:10:41.4038315+03:00 [INF] (Microsoft.EntityFrameworkCore.Infrastructure) Entity Framework Core "5.0.10" initialized '"HealthChecksDb"' using provider '"Microsoft.EntityFrameworkCore.InMemory"' with options: "StoreName=HealthChecksUI "
2021-10-05T11:10:41.6406266+03:00 [INF] (Microsoft.Hosting.Lifetime) Now listening on: "http://localhost:5000"
2021-10-05T11:10:41.6420665+03:00 [INF] (Microsoft.Hosting.Lifetime) Now listening on: "https://localhost:5001"
2021-10-05T11:10:41.6622462+03:00 [INF] (Microsoft.EntityFrameworkCore.Infrastructure) Entity Framework Core "5.0.10" initialized '"HealthChecksDb"' using provider '"Microsoft.EntityFrameworkCore.InMemory"' with options: "StoreName=HealthChecksUI "
2021-10-05T11:10:41.6847432+03:00 [INF] (Microsoft.Hosting.Lifetime) Application started. Press Ctrl+C to shut down.
2021-10-05T11:10:41.6847906+03:00 [INF] (Microsoft.Hosting.Lifetime) Hosting environment: "Production"
2021-10-05T11:10:41.6848173+03:00 [INF] (Microsoft.Hosting.Lifetime) Content root path: "D:\LabWebApp\Web"
2021-10-05T11:10:51.7153424+03:00 [INF] (Microsoft.EntityFrameworkCore.Infrastructure) Entity Framework Core "5.0.10" initialized '"HealthChecksDb"' using provider '"Microsoft.EntityFrameworkCore.InMemory"' with options: "StoreName=HealthChecksUI "
2021-10-05T11:11:01.7263505+03:00 [INF] (Microsoft.EntityFrameworkCore.Infrastructure) Entity Framework Core "5.0.10" initialized '"HealthChecksDb"' using provider '"Microsoft.EntityFrameworkCore.InMemory"' with options: "StoreName=HealthChecksUI "
2021-10-05T11:11:11.7425043+03:00 [INF] (Microsoft.EntityFrameworkCore.Infrastructure) Entity Framework Core "5.0.10" initialized '"HealthChecksDb"' using provider '"Microsoft.EntityFrameworkCore.InMemory"' with options: "StoreName=HealthChecksUI "
2021-10-05T11:11:21.7569658+03:00 [INF] (Microsoft.EntityFrameworkCore.Infrastructure) Entity Framework Core "5.0.10" initialized '"HealthChecksDb"' using provider '"Microsoft.EntityFrameworkCore.InMemory"' with options: "StoreName=HealthChecksUI "
2021-10-05T11:11:25.8180644+03:00 [INF] (Microsoft.AspNetCore.Hosting.Diagnostics) Request starting HTTP/1.1 GET http://localhost:5000/ - -
2021-10-05T11:11:25.8221273+03:00 [INF] (Microsoft.AspNetCore.Hosting.Diagnostics) Request finished HTTP/1.1 GET http://localhost:5000/ - - - 307 0 - 5.6596ms
2021-10-05T11:11:25.8608388+03:00 [INF] (Microsoft.AspNetCore.Hosting.Diagnostics) Request starting HTTP/2 GET https://localhost:5001/ - -
2021-10-05T11:11:26.1742392+03:00 [INF] (Microsoft.EntityFrameworkCore.Infrastructure) Entity Framework Core "5.0.10" initialized '"ApplicationDbContext"' using provider '"Microsoft.EntityFrameworkCore.SqlServer"' with options: "None"
2021-10-05T11:11:26.4724317+03:00 [INF] (Microsoft.EntityFrameworkCore.Database.Command) Executed DbCommand ("36"ms) [Parameters=["@__p_0='?' (DbType = Int32)"], CommandType='Text', CommandTimeout='30']"
""SELECT TOP(1) [a].[Id], [a].[AccessFailedCount], [a].[AddressDeliveryId], [a].[ConcurrencyStamp], [a].[Email], [a].[EmailConfirmed], [a].[LockoutEnabled], [a].[LockoutEnd], [a].[NormalizedEmail], [a].[NormalizedUserName], [a].[PasswordHash], [a].[PhoneNumber], [a].[PhoneNumberConfirmed], [a].[SecurityStamp], [a].[TwoFactorEnabled], [a].[UserName]
FROM [AspNetUsers] AS [a]
WHERE [a].[Id] = @__p_0"
2021-10-05T11:11:26.5706033+03:00 [INF] (Microsoft.EntityFrameworkCore.Database.Command) Executed DbCommand ("2"ms) [Parameters=["@__user_Id_0='?' (DbType = Int32)"], CommandType='Text', CommandTimeout='30']"
""SELECT [a].[Id], [a].[ClaimType], [a].[ClaimValue], [a].[UserId]
FROM [AspNetUserClaims] AS [a]
WHERE [a].[UserId] = @__user_Id_0"
2021-10-05T11:11:26.5906140+03:00 [INF] (Microsoft.EntityFrameworkCore.Database.Command) Executed DbCommand ("4"ms) [Parameters=["@__userId_0='?' (DbType = Int32)"], CommandType='Text', CommandTimeout='30']"
""SELECT [a0].[Name]
FROM [AspNetUserRoles] AS [a]
INNER JOIN [AspNetRoles] AS [a0] ON [a].[RoleId] = [a0].[Id]
WHERE [a].[UserId] = @__userId_0"
2021-10-05T11:11:26.5998039+03:00 [INF] (Microsoft.EntityFrameworkCore.Database.Command) Executed DbCommand ("2"ms) [Parameters=["@__normalizedName_0='?' (Size = 256)"], CommandType='Text', CommandTimeout='30']"
""SELECT TOP(1) [a].[Id], [a].[ConcurrencyStamp], [a].[Name], [a].[NormalizedName]
FROM [AspNetRoles] AS [a]
WHERE [a].[NormalizedName] = @__normalizedName_0"
2021-10-05T11:11:26.6130127+03:00 [INF] (Microsoft.EntityFrameworkCore.Database.Command) Executed DbCommand ("1"ms) [Parameters=["@__role_Id_0='?' (DbType = Int32)"], CommandType='Text', CommandTimeout='30']"
""SELECT [a].[ClaimType], [a].[ClaimValue]
FROM [AspNetRoleClaims] AS [a]
WHERE [a].[RoleId] = @__role_Id_0"
2021-10-05T11:11:26.6152044+03:00 [INF] (Microsoft.EntityFrameworkCore.Database.Command) Executed DbCommand ("0"ms) [Parameters=["@__normalizedName_0='?' (Size = 256)"], CommandType='Text', CommandTimeout='30']"
""SELECT TOP(1) [a].[Id], [a].[ConcurrencyStamp], [a].[Name], [a].[NormalizedName]
FROM [AspNetRoles] AS [a]
WHERE [a].[NormalizedName] = @__normalizedName_0"
2021-10-05T11:11:26.6160469+03:00 [INF] (Microsoft.EntityFrameworkCore.Database.Command) Executed DbCommand ("0"ms) [Parameters=["@__role_Id_0='?' (DbType = Int32)"], CommandType='Text', CommandTimeout='30']"
""SELECT [a].[ClaimType], [a].[ClaimValue]
FROM [AspNetRoleClaims] AS [a]
WHERE [a].[RoleId] = @__role_Id_0"
2021-10-05T11:11:26.6430417+03:00 [INF] (Microsoft.AspNetCore.Hosting.Diagnostics) Request finished HTTP/2 GET https://localhost:5001/ - - - 301 0 - 782.1777ms
2021-10-05T11:11:26.6463308+03:00 [INF] (Microsoft.AspNetCore.Hosting.Diagnostics) Request starting HTTP/2 GET https://localhost:5001/index.html - -
2021-10-05T11:11:26.6876497+03:00 [INF] (Microsoft.AspNetCore.Hosting.Diagnostics) Request finished HTTP/2 GET https://localhost:5001/index.html - - - 200 - text/html;charset=utf-8 41.2896ms
2021-10-05T11:11:26.7147662+03:00 [INF] (Microsoft.AspNetCore.Hosting.Diagnostics) Request starting HTTP/2 GET https://localhost:5001/swagger-ui.css - -
2021-10-05T11:11:26.7148435+03:00 [INF] (Microsoft.AspNetCore.Hosting.Diagnostics) Request starting HTTP/2 GET https://localhost:5001/swagger-ui-standalone-preset.js - -
2021-10-05T11:11:26.7148435+03:00 [INF] (Microsoft.AspNetCore.Hosting.Diagnostics) Request starting HTTP/2 GET https://localhost:5001/swagger-ui-bundle.js - -
2021-10-05T11:11:26.7402056+03:00 [INF] (Microsoft.AspNetCore.StaticFiles.StaticFileMiddleware) Sending file. Request path: '"/swagger-ui-standalone-preset.js"'. Physical path: '"N/A"'
2021-10-05T11:11:26.7402081+03:00 [INF] (Microsoft.AspNetCore.StaticFiles.StaticFileMiddleware) Sending file. Request path: '"/swagger-ui.css"'. Physical path: '"N/A"'
2021-10-05T11:11:26.7415163+03:00 [INF] (Microsoft.AspNetCore.Hosting.Diagnostics) Request finished HTTP/2 GET https://localhost:5001/swagger-ui.css - - - 200 143632 text/css 26.7511ms
2021-10-05T11:11:26.7415122+03:00 [INF] (Microsoft.AspNetCore.Hosting.Diagnostics) Request finished HTTP/2 GET https://localhost:5001/swagger-ui-standalone-preset.js - - - 200 337162 application/javascript 26.6409ms
2021-10-05T11:11:26.7441594+03:00 [INF] (Microsoft.AspNetCore.StaticFiles.StaticFileMiddleware) Sending file. Request path: '"/swagger-ui-bundle.js"'. Physical path: '"N/A"'
2021-10-05T11:11:26.7443249+03:00 [INF] (Microsoft.AspNetCore.Hosting.Diagnostics) Request finished HTTP/2 GET https://localhost:5001/swagger-ui-bundle.js - - - 200 1091362 application/javascript 29.4617ms
2021-10-05T11:11:26.8673041+03:00 [INF] (Microsoft.AspNetCore.Hosting.Diagnostics) Request starting HTTP/2 GET https://localhost:5001/swagger/v1/swagger.json - -
2021-10-05T11:11:26.8873514+03:00 [INF] (Microsoft.AspNetCore.Hosting.Diagnostics) Request starting HTTP/2 GET https://localhost:5001/favicon-32x32.png - -
2021-10-05T11:11:26.8881734+03:00 [INF] (Microsoft.AspNetCore.StaticFiles.StaticFileMiddleware) Sending file. Request path: '"/favicon-32x32.png"'. Physical path: '"N/A"'
2021-10-05T11:11:26.8882649+03:00 [INF] (Microsoft.AspNetCore.Hosting.Diagnostics) Request finished HTTP/2 GET https://localhost:5001/favicon-32x32.png - - - 200 628 image/png 0.9193ms
2021-10-05T11:11:26.9631758+03:00 [INF] (Microsoft.AspNetCore.Hosting.Diagnostics) Request finished HTTP/2 GET https://localhost:5001/swagger/v1/swagger.json - - - 200 - application/json;charset=utf-8 95.8874ms
2021-10-05T11:11:31.7721635+03:00 [INF] (Microsoft.EntityFrameworkCore.Infrastructure) Entity Framework Core "5.0.10" initialized '"HealthChecksDb"' using provider '"Microsoft.EntityFrameworkCore.InMemory"' with options: "StoreName=HealthChecksUI "
2021-10-05T11:11:41.7858849+03:00 [INF] (Microsoft.EntityFrameworkCore.Infrastructure) Entity Framework Core "5.0.10" initialized '"HealthChecksDb"' using provider '"Microsoft.EntityFrameworkCore.InMemory"' with options: "StoreName=HealthChecksUI "
2021-10-05T11:11:42.2270362+03:00 [INF] (Microsoft.AspNetCore.Hosting.Diagnostics) Request starting HTTP/2 GET https://localhost:5001/games/top-platforms - -
2021-10-05T11:11:42.2280383+03:00 [INF] (Microsoft.AspNetCore.Routing.EndpointMiddleware) Executing endpoint '"Web.Controllers.GamesController.GetTopPlatforms (Web)"'
2021-10-05T11:11:42.2378705+03:00 [INF] (Microsoft.AspNetCore.Mvc.Infrastructure.ControllerActionInvoker) Route matched with "{action = \"GetTopPlatforms\", controller = \"Games\"}". Executing controller action with signature "System.Threading.Tasks.Task`1[Microsoft.AspNetCore.Mvc.IActionResult] GetTopPlatforms()" on controller "Web.Controllers.GamesController" ("Web").
2021-10-05T11:11:42.2603561+03:00 [INF] (Microsoft.EntityFrameworkCore.Infrastructure) Entity Framework Core "5.0.10" initialized '"ApplicationDbContext"' using provider '"Microsoft.EntityFrameworkCore.SqlServer"' with options: "None"
2021-10-05T11:11:42.2776082+03:00 [INF] (Microsoft.EntityFrameworkCore.Database.Command) Executed DbCommand ("4"ms) [Parameters=["@__i_0='?' (DbType = Int32)"], CommandType='Text', CommandTimeout='30']"
""SELECT COUNT(*)
FROM [Products] AS [p]
WHERE ([p].[IsDeleted] <> CAST(1 AS bit)) AND ([p].[Platform] = @__i_0)"
2021-10-05T11:11:42.2793378+03:00 [INF] (Microsoft.EntityFrameworkCore.Database.Command) Executed DbCommand ("0"ms) [Parameters=["@__i_0='?' (DbType = Int32)"], CommandType='Text', CommandTimeout='30']"
""SELECT COUNT(*)
FROM [Products] AS [p]
WHERE ([p].[IsDeleted] <> CAST(1 AS bit)) AND ([p].[Platform] = @__i_0)"
2021-10-05T11:11:42.2798253+03:00 [INF] (Microsoft.EntityFrameworkCore.Database.Command) Executed DbCommand ("0"ms) [Parameters=["@__i_0='?' (DbType = Int32)"], CommandType='Text', CommandTimeout='30']"
""SELECT COUNT(*)
FROM [Products] AS [p]
WHERE ([p].[IsDeleted] <> CAST(1 AS bit)) AND ([p].[Platform] = @__i_0)"
2021-10-05T11:11:42.2803090+03:00 [INF] (Microsoft.EntityFrameworkCore.Database.Command) Executed DbCommand ("0"ms) [Parameters=["@__i_0='?' (DbType = Int32)"], CommandType='Text', CommandTimeout='30']"
""SELECT COUNT(*)
FROM [Products] AS [p]
WHERE ([p].[IsDeleted] <> CAST(1 AS bit)) AND ([p].[Platform] = @__i_0)"
2021-10-05T11:11:42.2807922+03:00 [INF] (Microsoft.EntityFrameworkCore.Database.Command) Executed DbCommand ("0"ms) [Parameters=["@__i_0='?' (DbType = Int32)"], CommandType='Text', CommandTimeout='30']"
""SELECT COUNT(*)
FROM [Products] AS [p]
WHERE ([p].[IsDeleted] <> CAST(1 AS bit)) AND ([p].[Platform] = @__i_0)"
2021-10-05T11:11:42.2812732+03:00 [INF] (Microsoft.EntityFrameworkCore.Database.Command) Executed DbCommand ("0"ms) [Parameters=["@__i_0='?' (DbType = Int32)"], CommandType='Text', CommandTimeout='30']"
""SELECT COUNT(*)
FROM [Products] AS [p]
WHERE ([p].[IsDeleted] <> CAST(1 AS bit)) AND ([p].[Platform] = @__i_0)"
2021-10-05T11:11:42.2817047+03:00 [INF] (Microsoft.EntityFrameworkCore.Database.Command) Executed DbCommand ("0"ms) [Parameters=["@__i_0='?' (DbType = Int32)"], CommandType='Text', CommandTimeout='30']"
""SELECT COUNT(*)
FROM [Products] AS [p]
WHERE ([p].[IsDeleted] <> CAST(1 AS bit)) AND ([p].[Platform] = @__i_0)"
2021-10-05T11:11:42.2820849+03:00 [INF] (Microsoft.EntityFrameworkCore.Database.Command) Executed DbCommand ("0"ms) [Parameters=["@__i_0='?' (DbType = Int32)"], CommandType='Text', CommandTimeout='30']"
""SELECT COUNT(*)
FROM [Products] AS [p]
WHERE ([p].[IsDeleted] <> CAST(1 AS bit)) AND ([p].[Platform] = @__i_0)"
2021-10-05T11:11:42.2824536+03:00 [INF] (Microsoft.EntityFrameworkCore.Database.Command) Executed DbCommand ("0"ms) [Parameters=["@__i_0='?' (DbType = Int32)"], CommandType='Text', CommandTimeout='30']"
""SELECT COUNT(*)
FROM [Products] AS [p]
WHERE ([p].[IsDeleted] <> CAST(1 AS bit)) AND ([p].[Platform] = @__i_0)"
2021-10-05T11:11:42.2828271+03:00 [INF] (Microsoft.EntityFrameworkCore.Database.Command) Executed DbCommand ("0"ms) [Parameters=["@__i_0='?' (DbType = Int32)"], CommandType='Text', CommandTimeout='30']"
""SELECT COUNT(*)
FROM [Products] AS [p]
WHERE ([p].[IsDeleted] <> CAST(1 AS bit)) AND ([p].[Platform] = @__i_0)"
2021-10-05T11:11:42.2831914+03:00 [INF] (Microsoft.EntityFrameworkCore.Database.Command) Executed DbCommand ("0"ms) [Parameters=["@__i_0='?' (DbType = Int32)"], CommandType='Text', CommandTimeout='30']"
""SELECT COUNT(*)
FROM [Products] AS [p]
WHERE ([p].[IsDeleted] <> CAST(1 AS bit)) AND ([p].[Platform] = @__i_0)"
2021-10-05T11:11:42.2835415+03:00 [INF] (Microsoft.EntityFrameworkCore.Database.Command) Executed DbCommand ("0"ms) [Parameters=["@__i_0='?' (DbType = Int32)"], CommandType='Text', CommandTimeout='30']"
""SELECT COUNT(*)
FROM [Products] AS [p]
WHERE ([p].[IsDeleted] <> CAST(1 AS bit)) AND ([p].[Platform] = @__i_0)"
2021-10-05T11:11:42.2887252+03:00 [INF] (Microsoft.AspNetCore.Mvc.Infrastructure.ObjectResultExecutor) Executing "OkObjectResult", writing value of type '"System.Collections.Generic.Dictionary`2[[System.String, System.Private.CoreLib, Version=5.0.0.0, Culture=neutral, PublicKeyToken=7cec85d7bea7798e],[System.Int32, System.Private.CoreLib, Version=5.0.0.0, Culture=neutral, PublicKeyToken=7cec85d7bea7798e]]"'.
2021-10-05T11:11:42.3390492+03:00 [INF] (Microsoft.AspNetCore.Mvc.Infrastructure.ControllerActionInvoker) Executed action "Web.Controllers.GamesController.GetTopPlatforms (Web)" in 98.2499ms
2021-10-05T11:11:42.3393828+03:00 [INF] (Microsoft.AspNetCore.Routing.EndpointMiddleware) Executed endpoint '"Web.Controllers.GamesController.GetTopPlatforms (Web)"'
2021-10-05T11:11:42.3395336+03:00 [INF] (Microsoft.AspNetCore.Hosting.Diagnostics) Request finished HTTP/2 GET https://localhost:5001/games/top-platforms - - - 200 44 application/json;+charset=utf-8 112.4844ms
2021-10-05T11:11:51.7910349+03:00 [INF] (Microsoft.EntityFrameworkCore.Infrastructure) Entity Framework Core "5.0.10" initialized '"HealthChecksDb"' using provider '"Microsoft.EntityFrameworkCore.InMemory"' with options: "StoreName=HealthChecksUI "
2021-10-05T11:11:53.5194420+03:00 [INF] (Microsoft.Hosting.Lifetime) Application is shutting down...
