2021-10-05T10:38:49.9362590+03:00 [INF] (Microsoft.AspNetCore.DataProtection.KeyManagement.XmlKeyManager) User profile is available. Using '"C:\Users\A.Dzenisevich\AppData\Local\ASP.NET\DataProtection-Keys"' as key repository and Windows DPAPI to encrypt keys at rest.
2021-10-05T10:38:50.0187074+03:00 [INF] (HealthChecks.UI.Core.HostedService.UIInitializationHostedService) Initializing UI Database
2021-10-05T10:38:50.5324138+03:00 [INF] (Microsoft.EntityFrameworkCore.Infrastructure) Entity Framework Core "5.0.10" initialized '"HealthChecksDb"' using provider '"Microsoft.EntityFrameworkCore.InMemory"' with options: "StoreName=HealthChecksUI "
2021-10-05T10:38:51.0281459+03:00 [INF] (Microsoft.AspNetCore.Hosting.Diagnostics) Request starting HTTP/2 GET https://localhost:44370/index.html - -
2021-10-05T10:38:51.0407759+03:00 [INF] (Microsoft.EntityFrameworkCore.Infrastructure) Entity Framework Core "5.0.10" initialized '"HealthChecksDb"' using provider '"Microsoft.EntityFrameworkCore.InMemory"' with options: "StoreName=HealthChecksUI "
2021-10-05T10:38:51.0731977+03:00 [INF] (Microsoft.Hosting.Lifetime) Application started. Press Ctrl+C to shut down.
2021-10-05T10:38:51.0732797+03:00 [INF] (Microsoft.Hosting.Lifetime) Hosting environment: "Development"
2021-10-05T10:38:51.0733117+03:00 [INF] (Microsoft.Hosting.Lifetime) Content root path: "D:\LabWebApp\Web"
2021-10-05T10:38:51.4726022+03:00 [INF] (Microsoft.EntityFrameworkCore.Infrastructure) Entity Framework Core "5.0.10" initialized '"ApplicationDbContext"' using provider '"Microsoft.EntityFrameworkCore.SqlServer"' with options: "None"
2021-10-05T10:38:52.9278439+03:00 [INF] (Microsoft.EntityFrameworkCore.Database.Command) Executed DbCommand ("40"ms) [Parameters=["@__p_0='?' (DbType = Int32)"], CommandType='Text', CommandTimeout='30']"
""SELECT TOP(1) [a].[Id], [a].[AccessFailedCount], [a].[AddressDeliveryId], [a].[ConcurrencyStamp], [a].[Email], [a].[EmailConfirmed], [a].[LockoutEnabled], [a].[LockoutEnd], [a].[NormalizedEmail], [a].[NormalizedUserName], [a].[PasswordHash], [a].[PhoneNumber], [a].[PhoneNumberConfirmed], [a].[SecurityStamp], [a].[TwoFactorEnabled], [a].[UserName]
FROM [AspNetUsers] AS [a]
WHERE [a].[Id] = @__p_0"
2021-10-05T10:38:53.0475757+03:00 [INF] (Microsoft.EntityFrameworkCore.Database.Command) Executed DbCommand ("3"ms) [Parameters=["@__user_Id_0='?' (DbType = Int32)"], CommandType='Text', CommandTimeout='30']"
""SELECT [a].[Id], [a].[ClaimType], [a].[ClaimValue], [a].[UserId]
FROM [AspNetUserClaims] AS [a]
WHERE [a].[UserId] = @__user_Id_0"
2021-10-05T10:38:53.0722368+03:00 [INF] (Microsoft.EntityFrameworkCore.Database.Command) Executed DbCommand ("3"ms) [Parameters=["@__userId_0='?' (DbType = Int32)"], CommandType='Text', CommandTimeout='30']"
""SELECT [a0].[Name]
FROM [AspNetUserRoles] AS [a]
INNER JOIN [AspNetRoles] AS [a0] ON [a].[RoleId] = [a0].[Id]
WHERE [a].[UserId] = @__userId_0"
2021-10-05T10:38:53.0827524+03:00 [INF] (Microsoft.EntityFrameworkCore.Database.Command) Executed DbCommand ("2"ms) [Parameters=["@__normalizedName_0='?' (Size = 256)"], CommandType='Text', CommandTimeout='30']"
""SELECT TOP(1) [a].[Id], [a].[ConcurrencyStamp], [a].[Name], [a].[NormalizedName]
FROM [AspNetRoles] AS [a]
WHERE [a].[NormalizedName] = @__normalizedName_0"
2021-10-05T10:38:53.0965610+03:00 [INF] (Microsoft.EntityFrameworkCore.Database.Command) Executed DbCommand ("1"ms) [Parameters=["@__role_Id_0='?' (DbType = Int32)"], CommandType='Text', CommandTimeout='30']"
""SELECT [a].[ClaimType], [a].[ClaimValue]
FROM [AspNetRoleClaims] AS [a]
WHERE [a].[RoleId] = @__role_Id_0"
2021-10-05T10:38:53.0992404+03:00 [INF] (Microsoft.EntityFrameworkCore.Database.Command) Executed DbCommand ("0"ms) [Parameters=["@__normalizedName_0='?' (Size = 256)"], CommandType='Text', CommandTimeout='30']"
""SELECT TOP(1) [a].[Id], [a].[ConcurrencyStamp], [a].[Name], [a].[NormalizedName]
FROM [AspNetRoles] AS [a]
WHERE [a].[NormalizedName] = @__normalizedName_0"
2021-10-05T10:38:53.1004383+03:00 [INF] (Microsoft.EntityFrameworkCore.Database.Command) Executed DbCommand ("0"ms) [Parameters=["@__role_Id_0='?' (DbType = Int32)"], CommandType='Text', CommandTimeout='30']"
""SELECT [a].[ClaimType], [a].[ClaimValue]
FROM [AspNetRoleClaims] AS [a]
WHERE [a].[RoleId] = @__role_Id_0"
2021-10-05T10:38:53.2098983+03:00 [INF] (Microsoft.AspNetCore.Hosting.Diagnostics) Request finished HTTP/2 GET https://localhost:44370/index.html - - - 200 - text/html;charset=utf-8 2183.3954ms
2021-10-05T10:38:53.2150499+03:00 [INF] (Microsoft.AspNetCore.Hosting.Diagnostics) Request starting HTTP/2 GET https://localhost:44370/swagger-ui-standalone-preset.js - -
2021-10-05T10:38:53.2150499+03:00 [INF] (Microsoft.AspNetCore.Hosting.Diagnostics) Request starting HTTP/2 GET https://localhost:44370/swagger-ui-bundle.js - -
2021-10-05T10:38:53.2150499+03:00 [INF] (Microsoft.AspNetCore.Hosting.Diagnostics) Request starting HTTP/2 GET https://localhost:44370/swagger-ui.css - -
2021-10-05T10:38:53.2623752+03:00 [INF] (Microsoft.AspNetCore.StaticFiles.StaticFileMiddleware) The file "/swagger-ui-standalone-preset.js" was not modified
2021-10-05T10:38:53.2623751+03:00 [INF] (Microsoft.AspNetCore.StaticFiles.StaticFileMiddleware) The file "/swagger-ui.css" was not modified
2021-10-05T10:38:53.2623751+03:00 [INF] (Microsoft.AspNetCore.StaticFiles.StaticFileMiddleware) The file "/swagger-ui-bundle.js" was not modified
2021-10-05T10:38:53.2635252+03:00 [INF] (Microsoft.AspNetCore.Hosting.Diagnostics) Request finished HTTP/2 GET https://localhost:44370/swagger-ui-bundle.js - - - 304 - application/javascript 48.4858ms
2021-10-05T10:38:53.2635261+03:00 [INF] (Microsoft.AspNetCore.Hosting.Diagnostics) Request finished HTTP/2 GET https://localhost:44370/swagger-ui-standalone-preset.js - - - 304 - application/javascript 48.4853ms
2021-10-05T10:38:53.2635288+03:00 [INF] (Microsoft.AspNetCore.Hosting.Diagnostics) Request finished HTTP/2 GET https://localhost:44370/swagger-ui.css - - - 304 - text/css 48.4741ms
2021-10-05T10:38:53.4074356+03:00 [INF] (Microsoft.AspNetCore.Hosting.Diagnostics) Request starting HTTP/2 GET https://localhost:44370/swagger/v1/swagger.json - -
2021-10-05T10:38:53.5409347+03:00 [INF] (Microsoft.AspNetCore.Hosting.Diagnostics) Request finished HTTP/2 GET https://localhost:44370/swagger/v1/swagger.json - - - 200 - application/json;charset=utf-8 133.5138ms
2021-10-05T10:38:58.2375678+03:00 [INF] (Microsoft.AspNetCore.Hosting.Diagnostics) Request starting HTTP/2 GET https://localhost:44370/games/top-platforms - -
2021-10-05T10:38:58.2400215+03:00 [INF] (Microsoft.AspNetCore.Routing.EndpointMiddleware) Executing endpoint '"Web.Controllers.GamesController.GetTopPlatforms (Web)"'
2021-10-05T10:38:58.2560993+03:00 [INF] (Microsoft.AspNetCore.Mvc.Infrastructure.ControllerActionInvoker) Route matched with "{action = \"GetTopPlatforms\", controller = \"Games\"}". Executing controller action with signature "System.Threading.Tasks.Task`1[Microsoft.AspNetCore.Mvc.IActionResult] GetTopPlatforms()" on controller "Web.Controllers.GamesController" ("Web").
2021-10-05T10:39:05.0479728+03:00 [INF] (Microsoft.EntityFrameworkCore.Infrastructure) Entity Framework Core "5.0.10" initialized '"HealthChecksDb"' using provider '"Microsoft.EntityFrameworkCore.InMemory"' with options: "StoreName=HealthChecksUI "
2021-10-05T10:39:05.0497820+03:00 [INF] (Microsoft.EntityFrameworkCore.Infrastructure) Entity Framework Core "5.0.10" initialized '"ApplicationDbContext"' using provider '"Microsoft.EntityFrameworkCore.SqlServer"' with options: "None"
2021-10-05T10:39:05.0675049+03:00 [INF] (Microsoft.EntityFrameworkCore.Database.Command) Executed DbCommand ("4"ms) [Parameters=["@__i_0='?' (DbType = Int32)"], CommandType='Text', CommandTimeout='30']"
""SELECT COUNT(*)
FROM [Products] AS [p]
WHERE ([p].[IsDeleted] <> CAST(1 AS bit)) AND ([p].[Platform] = @__i_0)"
2021-10-05T10:39:09.8394594+03:00 [INF] (Microsoft.EntityFrameworkCore.Database.Command) Executed DbCommand ("1"ms) [Parameters=["@__i_0='?' (DbType = Int32)"], CommandType='Text', CommandTimeout='30']"
""SELECT COUNT(*)
FROM [Products] AS [p]
WHERE ([p].[IsDeleted] <> CAST(1 AS bit)) AND ([p].[Platform] = @__i_0)"
2021-10-05T10:39:10.6917518+03:00 [INF] (Microsoft.EntityFrameworkCore.Database.Command) Executed DbCommand ("1"ms) [Parameters=["@__i_0='?' (DbType = Int32)"], CommandType='Text', CommandTimeout='30']"
""SELECT COUNT(*)
FROM [Products] AS [p]
WHERE ([p].[IsDeleted] <> CAST(1 AS bit)) AND ([p].[Platform] = @__i_0)"
2021-10-05T10:39:11.2931490+03:00 [INF] (Microsoft.EntityFrameworkCore.Database.Command) Executed DbCommand ("1"ms) [Parameters=["@__i_0='?' (DbType = Int32)"], CommandType='Text', CommandTimeout='30']"
""SELECT COUNT(*)
FROM [Products] AS [p]
WHERE ([p].[IsDeleted] <> CAST(1 AS bit)) AND ([p].[Platform] = @__i_0)"
2021-10-05T10:39:19.1588333+03:00 [INF] (Microsoft.EntityFrameworkCore.Database.Command) Executed DbCommand ("1"ms) [Parameters=["@__i_0='?' (DbType = Int32)"], CommandType='Text', CommandTimeout='30']"
""SELECT COUNT(*)
FROM [Products] AS [p]
WHERE ([p].[IsDeleted] <> CAST(1 AS bit)) AND ([p].[Platform] = @__i_0)"
2021-10-05T10:39:20.3110619+03:00 [INF] (Microsoft.EntityFrameworkCore.Database.Command) Executed DbCommand ("1"ms) [Parameters=["@__i_0='?' (DbType = Int32)"], CommandType='Text', CommandTimeout='30']"
""SELECT COUNT(*)
FROM [Products] AS [p]
WHERE ([p].[IsDeleted] <> CAST(1 AS bit)) AND ([p].[Platform] = @__i_0)"
2021-10-05T10:39:20.3121498+03:00 [INF] (Microsoft.EntityFrameworkCore.Infrastructure) Entity Framework Core "5.0.10" initialized '"HealthChecksDb"' using provider '"Microsoft.EntityFrameworkCore.InMemory"' with options: "StoreName=HealthChecksUI "
2021-10-05T10:39:20.8313498+03:00 [INF] (Microsoft.EntityFrameworkCore.Database.Command) Executed DbCommand ("1"ms) [Parameters=["@__i_0='?' (DbType = Int32)"], CommandType='Text', CommandTimeout='30']"
""SELECT COUNT(*)
FROM [Products] AS [p]
WHERE ([p].[IsDeleted] <> CAST(1 AS bit)) AND ([p].[Platform] = @__i_0)"
2021-10-05T10:39:21.2680720+03:00 [INF] (Microsoft.EntityFrameworkCore.Database.Command) Executed DbCommand ("1"ms) [Parameters=["@__i_0='?' (DbType = Int32)"], CommandType='Text', CommandTimeout='30']"
""SELECT COUNT(*)
FROM [Products] AS [p]
WHERE ([p].[IsDeleted] <> CAST(1 AS bit)) AND ([p].[Platform] = @__i_0)"
2021-10-05T10:39:21.4740933+03:00 [INF] (Microsoft.EntityFrameworkCore.Database.Command) Executed DbCommand ("1"ms) [Parameters=["@__i_0='?' (DbType = Int32)"], CommandType='Text', CommandTimeout='30']"
""SELECT COUNT(*)
FROM [Products] AS [p]
WHERE ([p].[IsDeleted] <> CAST(1 AS bit)) AND ([p].[Platform] = @__i_0)"
2021-10-05T10:39:21.6516937+03:00 [INF] (Microsoft.EntityFrameworkCore.Database.Command) Executed DbCommand ("0"ms) [Parameters=["@__i_0='?' (DbType = Int32)"], CommandType='Text', CommandTimeout='30']"
""SELECT COUNT(*)
FROM [Products] AS [p]
WHERE ([p].[IsDeleted] <> CAST(1 AS bit)) AND ([p].[Platform] = @__i_0)"
2021-10-05T10:39:21.8220552+03:00 [INF] (Microsoft.EntityFrameworkCore.Database.Command) Executed DbCommand ("1"ms) [Parameters=["@__i_0='?' (DbType = Int32)"], CommandType='Text', CommandTimeout='30']"
""SELECT COUNT(*)
FROM [Products] AS [p]
WHERE ([p].[IsDeleted] <> CAST(1 AS bit)) AND ([p].[Platform] = @__i_0)"
2021-10-05T10:39:22.2183848+03:00 [INF] (Microsoft.EntityFrameworkCore.Database.Command) Executed DbCommand ("0"ms) [Parameters=["@__i_0='?' (DbType = Int32)"], CommandType='Text', CommandTimeout='30']"
""SELECT COUNT(*)
FROM [Products] AS [p]
WHERE ([p].[IsDeleted] <> CAST(1 AS bit)) AND ([p].[Platform] = @__i_0)"
2021-10-05T10:39:22.2271944+03:00 [INF] (Microsoft.AspNetCore.Mvc.Infrastructure.ObjectResultExecutor) Executing "OkObjectResult", writing value of type '"System.Collections.Generic.Dictionary`2[[System.String, System.Private.CoreLib, Version=5.0.0.0, Culture=neutral, PublicKeyToken=7cec85d7bea7798e],[System.Int32, System.Private.CoreLib, Version=5.0.0.0, Culture=neutral, PublicKeyToken=7cec85d7bea7798e]]"'.
2021-10-05T10:39:22.3226244+03:00 [INF] (Microsoft.AspNetCore.Mvc.Infrastructure.ControllerActionInvoker) Executed action "Web.Controllers.GamesController.GetTopPlatforms (Web)" in 24062.8311ms
2021-10-05T10:39:22.3230599+03:00 [INF] (Microsoft.AspNetCore.Routing.EndpointMiddleware) Executed endpoint '"Web.Controllers.GamesController.GetTopPlatforms (Web)"'
2021-10-05T10:39:22.3236060+03:00 [INF] (Microsoft.AspNetCore.Hosting.Diagnostics) Request finished HTTP/2 GET https://localhost:44370/games/top-platforms - - - 200 44 application/json;+charset=utf-8 24086.0844ms
2021-10-05T10:39:30.3161345+03:00 [INF] (Microsoft.EntityFrameworkCore.Infrastructure) Entity Framework Core "5.0.10" initialized '"HealthChecksDb"' using provider '"Microsoft.EntityFrameworkCore.InMemory"' with options: "StoreName=HealthChecksUI "
2021-10-05T10:59:58.7271197+03:00 [INF] () Strating web host
