2021-09-28T15:43:03.6736844+03:00 [INF] (Microsoft.AspNetCore.DataProtection.KeyManagement.XmlKeyManager) User profile is available. Using '"C:\Users\A.Dzenisevich\AppData\Local\ASP.NET\DataProtection-Keys"' as key repository and Windows DPAPI to encrypt keys at rest.
2021-09-28T15:43:03.7403816+03:00 [INF] (HealthChecks.UI.Core.HostedService.UIInitializationHostedService) Initializing UI Database
2021-09-28T15:43:04.1605198+03:00 [INF] (Microsoft.EntityFrameworkCore.Infrastructure) Entity Framework Core "5.0.10" initialized '"HealthChecksDb"' using provider '"Microsoft.EntityFrameworkCore.InMemory"' with options: "StoreName=HealthChecksUI "
2021-09-28T15:43:04.5067373+03:00 [INF] (Microsoft.AspNetCore.Hosting.Diagnostics) Request starting HTTP/2 GET https://localhost:44370/index.html - -
2021-09-28T15:43:04.5136313+03:00 [INF] (Microsoft.EntityFrameworkCore.Infrastructure) Entity Framework Core "5.0.10" initialized '"HealthChecksDb"' using provider '"Microsoft.EntityFrameworkCore.InMemory"' with options: "StoreName=HealthChecksUI "
2021-09-28T15:43:04.5440496+03:00 [INF] (Microsoft.Hosting.Lifetime) Application started. Press Ctrl+C to shut down.
2021-09-28T15:43:04.5441166+03:00 [INF] (Microsoft.Hosting.Lifetime) Hosting environment: "Development"
2021-09-28T15:43:04.5441666+03:00 [INF] (Microsoft.Hosting.Lifetime) Content root path: "D:\LabWebApp\Web"
2021-09-28T15:43:04.6753431+03:00 [INF] (Microsoft.AspNetCore.Hosting.Diagnostics) Request finished HTTP/2 GET https://localhost:44370/index.html - - - 200 - text/html;charset=utf-8 170.8737ms
2021-09-28T15:43:04.8084668+03:00 [INF] (Microsoft.AspNetCore.Hosting.Diagnostics) Request starting HTTP/2 GET https://localhost:44370/swagger/v1/swagger.json - -
2021-09-28T15:43:04.9266045+03:00 [INF] (Microsoft.AspNetCore.Hosting.Diagnostics) Request finished HTTP/2 GET https://localhost:44370/swagger/v1/swagger.json - - - 200 - application/json;charset=utf-8 116.3959ms
2021-09-28T15:43:14.5799754+03:00 [INF] (Microsoft.EntityFrameworkCore.Infrastructure) Entity Framework Core "5.0.10" initialized '"HealthChecksDb"' using provider '"Microsoft.EntityFrameworkCore.InMemory"' with options: "StoreName=HealthChecksUI "
2021-09-28T15:43:22.2732247+03:00 [INF] (Microsoft.AspNetCore.Hosting.Diagnostics) Request starting HTTP/2 GET https://localhost:44370/games/list?sortingParameter=2&genreFilter=9&genreFilter=4&ageFilter=2 - -
2021-09-28T15:43:22.2851866+03:00 [INF] (Microsoft.AspNetCore.Routing.EndpointMiddleware) Executing endpoint '"Web.Controllers.GamesController.GetProductListAsync (Web)"'
2021-09-28T15:43:22.3050594+03:00 [INF] (Microsoft.AspNetCore.Mvc.Infrastructure.ControllerActionInvoker) Route matched with "{action = \"GetProductList\", controller = \"Games\"}". Executing controller action with signature "System.Threading.Tasks.Task`1[Microsoft.AspNetCore.Mvc.IActionResult] GetProductListAsync(System.Nullable`1[System.Int32], Int32[], Int32[], System.Nullable`1[System.Int32], System.Nullable`1[System.Int32])" on controller "Web.Controllers.GamesController" ("Web").
2021-09-28T15:43:22.6157533+03:00 [INF] (Microsoft.EntityFrameworkCore.Infrastructure) Entity Framework Core "5.0.10" initialized '"ApplicationDbContext"' using provider '"Microsoft.EntityFrameworkCore.SqlServer"' with options: "None"
2021-09-28T15:43:22.9645700+03:00 [INF] (Microsoft.EntityFrameworkCore.Database.Command) Executed DbCommand ("23"ms) [Parameters=[""], CommandType='Text', CommandTimeout='30']"
""SELECT [p].[Id], [p].[Background], [p].[Count], [p].[DateCreated], [p].[Genre], [p].[IsDeleted], [p].[Logo], [p].[Name], [p].[Platform], [p].[Price], [p].[Rating], [p].[TotalRating]
FROM [Products] AS [p]"
2021-09-28T15:43:23.0363931+03:00 [INF] (Microsoft.AspNetCore.Mvc.Infrastructure.ObjectResultExecutor) Executing "OkObjectResult", writing value of type '"RIL.Models.PaginatedList`1[[BLL.ViewModels.ReturnProductViewModel, BLL, Version=1.0.0.0, Culture=neutral, PublicKeyToken=null]]"'.
2021-09-28T15:43:23.1343887+03:00 [INF] (Microsoft.AspNetCore.Mvc.Infrastructure.ControllerActionInvoker) Executed action "Web.Controllers.GamesController.GetProductListAsync (Web)" in 826.0724ms
2021-09-28T15:43:23.1345362+03:00 [INF] (Microsoft.AspNetCore.Routing.EndpointMiddleware) Executed endpoint '"Web.Controllers.GamesController.GetProductListAsync (Web)"'
2021-09-28T15:43:23.1357820+03:00 [INF] (Microsoft.AspNetCore.Hosting.Diagnostics) Request finished HTTP/2 GET https://localhost:44370/games/list?sortingParameter=2&genreFilter=9&genreFilter=4&ageFilter=2 - - - 200 491 application/json;+charset=utf-8 862.5357ms
2021-09-28T15:43:24.5997603+03:00 [INF] (Microsoft.EntityFrameworkCore.Infrastructure) Entity Framework Core "5.0.10" initialized '"HealthChecksDb"' using provider '"Microsoft.EntityFrameworkCore.InMemory"' with options: "StoreName=HealthChecksUI "
2021-09-28T15:43:34.6117770+03:00 [INF] (Microsoft.EntityFrameworkCore.Infrastructure) Entity Framework Core "5.0.10" initialized '"HealthChecksDb"' using provider '"Microsoft.EntityFrameworkCore.InMemory"' with options: "StoreName=HealthChecksUI "
2021-09-28T15:52:29.5118378+03:00 [INF] () Strating web host
