2021-09-06T16:35:48.6925415+03:00 [INF] (Microsoft.AspNetCore.DataProtection.KeyManagement.XmlKeyManager) User profile is available. Using '"C:\Users\A.Dzenisevich\AppData\Local\ASP.NET\DataProtection-Keys"' as key repository and Windows DPAPI to encrypt keys at rest.
2021-09-06T16:35:48.7527204+03:00 [INF] (HealthChecks.UI.Core.HostedService.UIInitializationHostedService) Initializing UI Database
2021-09-06T16:35:49.1843436+03:00 [INF] (Microsoft.EntityFrameworkCore.Infrastructure) Entity Framework Core "5.0.9" initialized '"HealthChecksDb"' using provider '"Microsoft.EntityFrameworkCore.InMemory"' with options: "StoreName=HealthChecksUI "
2021-09-06T16:35:49.4708140+03:00 [INF] (Microsoft.AspNetCore.Hosting.Diagnostics) Request starting HTTP/2 GET https://localhost:44376/index.html - -
2021-09-06T16:35:49.4778282+03:00 [INF] (Microsoft.EntityFrameworkCore.Infrastructure) Entity Framework Core "5.0.9" initialized '"HealthChecksDb"' using provider '"Microsoft.EntityFrameworkCore.InMemory"' with options: "StoreName=HealthChecksUI "
2021-09-06T16:35:49.5074971+03:00 [INF] (Microsoft.Hosting.Lifetime) Application started. Press Ctrl+C to shut down.
2021-09-06T16:35:49.5075605+03:00 [INF] (Microsoft.Hosting.Lifetime) Hosting environment: "Development"
2021-09-06T16:35:49.5075916+03:00 [INF] (Microsoft.Hosting.Lifetime) Content root path: "D:\LabWebApp\Web"
2021-09-06T16:35:49.5949398+03:00 [INF] (Microsoft.AspNetCore.Hosting.Diagnostics) Request finished HTTP/2 GET https://localhost:44376/index.html - - - 200 - text/html;charset=utf-8 124.6127ms
2021-09-06T16:35:49.7134704+03:00 [INF] (Microsoft.AspNetCore.Hosting.Diagnostics) Request starting HTTP/2 GET https://localhost:44376/swagger/v1/swagger.json - -
2021-09-06T16:35:49.7853114+03:00 [INF] (Microsoft.AspNetCore.Hosting.Diagnostics) Request finished HTTP/2 GET https://localhost:44376/swagger/v1/swagger.json - - - 200 - application/json;charset=utf-8 71.8109ms
2021-09-06T16:35:59.5285510+03:00 [INF] (Microsoft.EntityFrameworkCore.Infrastructure) Entity Framework Core "5.0.9" initialized '"HealthChecksDb"' using provider '"Microsoft.EntityFrameworkCore.InMemory"' with options: "StoreName=HealthChecksUI "
2021-09-06T16:36:05.7930914+03:00 [INF] (Microsoft.AspNetCore.Hosting.Diagnostics) Request starting HTTP/2 POST https://localhost:44376/Administration/create-role application/json 8
2021-09-06T16:36:05.7956724+03:00 [INF] (Microsoft.AspNetCore.Routing.EndpointMiddleware) Executing endpoint '"Web.Controllers.AdministrationController.CreateRoleAsync (Web)"'
2021-09-06T16:36:05.8148816+03:00 [INF] (Microsoft.AspNetCore.Mvc.Infrastructure.ControllerActionInvoker) Route matched with "{action = \"CreateRole\", controller = \"Administration\"}". Executing controller action with signature "System.Threading.Tasks.Task`1[Microsoft.AspNetCore.Mvc.IActionResult] CreateRoleAsync(System.String)" on controller "Web.Controllers.AdministrationController" ("Web").
2021-09-06T16:36:06.0666148+03:00 [INF] (Microsoft.EntityFrameworkCore.Infrastructure) Entity Framework Core "5.0.9" initialized '"ApplicationDbContext"' using provider '"Microsoft.EntityFrameworkCore.SqlServer"' with options: "None"
2021-09-06T16:36:06.4241777+03:00 [INF] (Microsoft.EntityFrameworkCore.Database.Command) Executed DbCommand ("36"ms) [Parameters=["@__normalizedName_0='?' (Size = 256)"], CommandType='Text', CommandTimeout='30']"
""SELECT TOP(1) [a].[Id], [a].[ConcurrencyStamp], [a].[Name], [a].[NormalizedName]
FROM [AspNetRoles] AS [a]
WHERE [a].[NormalizedName] = @__normalizedName_0"
2021-09-06T16:36:06.4463815+03:00 [INF] (Microsoft.EntityFrameworkCore.Database.Command) Executed DbCommand ("2"ms) [Parameters=["@__normalizedName_0='?' (Size = 256)"], CommandType='Text', CommandTimeout='30']"
""SELECT TOP(1) [a].[Id], [a].[ConcurrencyStamp], [a].[Name], [a].[NormalizedName]
FROM [AspNetRoles] AS [a]
WHERE [a].[NormalizedName] = @__normalizedName_0"
2021-09-06T16:36:06.5528037+03:00 [INF] (Microsoft.EntityFrameworkCore.Database.Command) Executed DbCommand ("1"ms) [Parameters=["@p0='?' (Size = 4000), @p1='?' (Size = 256), @p2='?' (Size = 256)"], CommandType='Text', CommandTimeout='30']"
""SET NOCOUNT ON;
INSERT INTO [AspNetRoles] ([ConcurrencyStamp], [Name], [NormalizedName])
VALUES (@p0, @p1, @p2);
SELECT [Id]
FROM [AspNetRoles]
WHERE @@ROWCOUNT = 1 AND [Id] = scope_identity();"
2021-09-06T16:36:06.5923971+03:00 [INF] (Microsoft.AspNetCore.Mvc.Infrastructure.ObjectResultExecutor) Executing "CreatedResult", writing value of type '"null"'.
2021-09-06T16:36:06.5957394+03:00 [INF] (Microsoft.AspNetCore.Mvc.Infrastructure.ControllerActionInvoker) Executed action "Web.Controllers.AdministrationController.CreateRoleAsync (Web)" in 777.7272ms
2021-09-06T16:36:06.5961189+03:00 [INF] (Microsoft.AspNetCore.Routing.EndpointMiddleware) Executed endpoint '"Web.Controllers.AdministrationController.CreateRoleAsync (Web)"'
2021-09-06T16:36:06.5988577+03:00 [INF] (Microsoft.AspNetCore.Hosting.Diagnostics) Request finished HTTP/2 POST https://localhost:44376/Administration/create-role application/json 8 - 201 0 - 805.8167ms
2021-09-06T16:36:09.5517166+03:00 [INF] (Microsoft.EntityFrameworkCore.Infrastructure) Entity Framework Core "5.0.9" initialized '"HealthChecksDb"' using provider '"Microsoft.EntityFrameworkCore.InMemory"' with options: "StoreName=HealthChecksUI "
2021-09-06T16:36:19.5536280+03:00 [INF] (Microsoft.EntityFrameworkCore.Infrastructure) Entity Framework Core "5.0.9" initialized '"HealthChecksDb"' using provider '"Microsoft.EntityFrameworkCore.InMemory"' with options: "StoreName=HealthChecksUI "
2021-09-06T16:36:29.5718201+03:00 [INF] (Microsoft.EntityFrameworkCore.Infrastructure) Entity Framework Core "5.0.9" initialized '"HealthChecksDb"' using provider '"Microsoft.EntityFrameworkCore.InMemory"' with options: "StoreName=HealthChecksUI "
2021-09-06T16:37:21.1482036+03:00 [INF] () Strating web host
