2021-08-31T13:36:38.0010783+03:00 [INF] (Microsoft.AspNetCore.DataProtection.KeyManagement.XmlKeyManager) User profile is available. Using '"C:\Users\A.Dzenisevich\AppData\Local\ASP.NET\DataProtection-Keys"' as key repository and Windows DPAPI to encrypt keys at rest.
2021-08-31T13:36:38.1225620+03:00 [INF] (HealthChecks.UI.Core.HostedService.UIInitializationHostedService) Initializing UI Database
2021-08-31T13:36:38.5584394+03:00 [INF] (Microsoft.EntityFrameworkCore.Infrastructure) Entity Framework Core "5.0.9" initialized '"HealthChecksDb"' using provider '"Microsoft.EntityFrameworkCore.InMemory"' with options: "StoreName=HealthChecksUI "
2021-08-31T13:36:38.8972985+03:00 [INF] (Microsoft.AspNetCore.Hosting.Diagnostics) Request starting HTTP/2 GET https://localhost:44376/index.html - -
2021-08-31T13:36:38.9052398+03:00 [INF] (Microsoft.EntityFrameworkCore.Infrastructure) Entity Framework Core "5.0.9" initialized '"HealthChecksDb"' using provider '"Microsoft.EntityFrameworkCore.InMemory"' with options: "StoreName=HealthChecksUI "
2021-08-31T13:36:38.9341779+03:00 [INF] (Microsoft.Hosting.Lifetime) Application started. Press Ctrl+C to shut down.
2021-08-31T13:36:38.9342360+03:00 [INF] (Microsoft.Hosting.Lifetime) Hosting environment: "Development"
2021-08-31T13:36:38.9342646+03:00 [INF] (Microsoft.Hosting.Lifetime) Content root path: "D:\LabWebApp\Web"
2021-08-31T13:36:39.0266111+03:00 [INF] (Microsoft.AspNetCore.Hosting.Diagnostics) Request finished HTTP/2 GET https://localhost:44376/index.html - - - 200 - text/html;charset=utf-8 131.4218ms
2021-08-31T13:36:39.1558395+03:00 [INF] (Microsoft.AspNetCore.Hosting.Diagnostics) Request starting HTTP/2 GET https://localhost:44376/swagger/v1/swagger.json - -
2021-08-31T13:36:39.1992656+03:00 [INF] (Microsoft.AspNetCore.Hosting.Diagnostics) Request finished HTTP/2 GET https://localhost:44376/swagger/v1/swagger.json - - - 200 - application/json;charset=utf-8 43.3934ms
2021-08-31T13:36:48.9861964+03:00 [INF] (Microsoft.EntityFrameworkCore.Infrastructure) Entity Framework Core "5.0.9" initialized '"HealthChecksDb"' using provider '"Microsoft.EntityFrameworkCore.InMemory"' with options: "StoreName=HealthChecksUI "
2021-08-31T13:36:59.0018389+03:00 [INF] (Microsoft.EntityFrameworkCore.Infrastructure) Entity Framework Core "5.0.9" initialized '"HealthChecksDb"' using provider '"Microsoft.EntityFrameworkCore.InMemory"' with options: "StoreName=HealthChecksUI "
2021-08-31T13:37:09.0117241+03:00 [INF] (Microsoft.EntityFrameworkCore.Infrastructure) Entity Framework Core "5.0.9" initialized '"HealthChecksDb"' using provider '"Microsoft.EntityFrameworkCore.InMemory"' with options: "StoreName=HealthChecksUI "
2021-08-31T13:37:13.6061964+03:00 [INF] (Microsoft.AspNetCore.Hosting.Diagnostics) Request starting HTTP/2 GET https://localhost:44376/health - -
2021-08-31T13:37:13.6086168+03:00 [INF] (Microsoft.AspNetCore.Routing.EndpointMiddleware) Executing endpoint '"Health checks"'
2021-08-31T13:37:14.8516359+03:00 [INF] (Microsoft.AspNetCore.Routing.EndpointMiddleware) Executed endpoint '"Health checks"'
2021-08-31T13:37:14.8530154+03:00 [INF] (Microsoft.AspNetCore.Hosting.Diagnostics) Request finished HTTP/2 GET https://localhost:44376/health - - - 200 - text/plain 1246.8706ms
2021-08-31T13:37:14.8929124+03:00 [INF] (Microsoft.AspNetCore.Hosting.Diagnostics) Request starting HTTP/2 GET https://localhost:44376/favicon.ico - -
2021-08-31T13:37:14.8950036+03:00 [INF] (Microsoft.AspNetCore.Hosting.Diagnostics) Request finished HTTP/2 GET https://localhost:44376/favicon.ico - - - 404 - - 2.0897ms
2021-08-31T13:37:19.0332435+03:00 [INF] (Microsoft.EntityFrameworkCore.Infrastructure) Entity Framework Core "5.0.9" initialized '"HealthChecksDb"' using provider '"Microsoft.EntityFrameworkCore.InMemory"' with options: "StoreName=HealthChecksUI "
2021-08-31T13:37:24.2942679+03:00 [INF] (Microsoft.AspNetCore.Hosting.Diagnostics) Request starting HTTP/2 GET https://localhost:44376/healthchecks-ui - -
2021-08-31T13:37:24.2945745+03:00 [INF] (Microsoft.AspNetCore.Routing.EndpointMiddleware) Executing endpoint '"/healthchecks-ui HTTP: GET"'
2021-08-31T13:37:24.2959440+03:00 [INF] (Microsoft.AspNetCore.Routing.EndpointMiddleware) Executed endpoint '"/healthchecks-ui HTTP: GET"'
2021-08-31T13:37:24.2962238+03:00 [INF] (Microsoft.AspNetCore.Hosting.Diagnostics) Request finished HTTP/2 GET https://localhost:44376/healthchecks-ui - - - 200 - text/html 1.9427ms
2021-08-31T13:37:24.3108652+03:00 [INF] (Microsoft.AspNetCore.Hosting.Diagnostics) Request starting HTTP/2 GET https://localhost:44376/ui/resources/healthchecks-bundle.js - -
2021-08-31T13:37:24.3108653+03:00 [INF] (Microsoft.AspNetCore.Hosting.Diagnostics) Request starting HTTP/2 GET https://localhost:44376/ui/resources/healthchecksui-min.css - -
2021-08-31T13:37:24.3108652+03:00 [INF] (Microsoft.AspNetCore.Hosting.Diagnostics) Request starting HTTP/2 GET https://localhost:44376/ui/resources/vendors-dll.js - -
2021-08-31T13:37:24.3116347+03:00 [INF] (Microsoft.AspNetCore.Routing.EndpointMiddleware) Executing endpoint '"/ui/resources/vendors-dll.js HTTP: GET"'
2021-08-31T13:37:24.3116312+03:00 [INF] (Microsoft.AspNetCore.Routing.EndpointMiddleware) Executing endpoint '"/ui/resources/healthchecksui-min.css HTTP: GET"'
2021-08-31T13:37:24.3116341+03:00 [INF] (Microsoft.AspNetCore.Routing.EndpointMiddleware) Executing endpoint '"/ui/resources/healthchecks-bundle.js HTTP: GET"'
2021-08-31T13:37:24.3160847+03:00 [INF] (Microsoft.AspNetCore.Routing.EndpointMiddleware) Executed endpoint '"/ui/resources/healthchecksui-min.css HTTP: GET"'
2021-08-31T13:37:24.3164417+03:00 [INF] (Microsoft.AspNetCore.Hosting.Diagnostics) Request finished HTTP/2 GET https://localhost:44376/ui/resources/healthchecksui-min.css - - - 200 - text/css 5.5499ms
2021-08-31T13:37:24.3170409+03:00 [INF] (Microsoft.AspNetCore.Routing.EndpointMiddleware) Executed endpoint '"/ui/resources/healthchecks-bundle.js HTTP: GET"'
2021-08-31T13:37:24.3215679+03:00 [INF] (Microsoft.AspNetCore.Routing.EndpointMiddleware) Executed endpoint '"/ui/resources/vendors-dll.js HTTP: GET"'
2021-08-31T13:37:24.3229016+03:00 [INF] (Microsoft.AspNetCore.Hosting.Diagnostics) Request finished HTTP/2 GET https://localhost:44376/ui/resources/healthchecks-bundle.js - - - 200 - text/javascript 12.0212ms
2021-08-31T13:37:24.3299995+03:00 [INF] (Microsoft.AspNetCore.Hosting.Diagnostics) Request finished HTTP/2 GET https://localhost:44376/ui/resources/vendors-dll.js - - - 200 - text/javascript 19.1222ms
2021-08-31T13:37:24.3851428+03:00 [INF] (Microsoft.AspNetCore.Hosting.Diagnostics) Request starting HTTP/2 GET https://localhost:44376/healthchecks-api/ui-settings - -
2021-08-31T13:37:24.3853088+03:00 [INF] (Microsoft.AspNetCore.Routing.EndpointMiddleware) Executing endpoint '"/healthchecks-api/ui-settings"'
2021-08-31T13:37:24.5334785+03:00 [INF] (Microsoft.AspNetCore.Routing.EndpointMiddleware) Executed endpoint '"/healthchecks-api/ui-settings"'
2021-08-31T13:37:24.5338265+03:00 [INF] (Microsoft.AspNetCore.Hosting.Diagnostics) Request finished HTTP/2 GET https://localhost:44376/healthchecks-api/ui-settings - - - 200 - application/json 148.7005ms
2021-08-31T13:37:24.5581307+03:00 [INF] (Microsoft.AspNetCore.Hosting.Diagnostics) Request starting HTTP/2 GET https://localhost:44376/healthchecks-api - -
2021-08-31T13:37:24.5583126+03:00 [INF] (Microsoft.AspNetCore.Routing.EndpointMiddleware) Executing endpoint '"HealthChecks UI Api"'
2021-08-31T13:37:24.5659872+03:00 [INF] (Microsoft.EntityFrameworkCore.Infrastructure) Entity Framework Core "5.0.9" initialized '"HealthChecksDb"' using provider '"Microsoft.EntityFrameworkCore.InMemory"' with options: "StoreName=HealthChecksUI "
2021-08-31T13:37:24.5719634+03:00 [INF] (Microsoft.AspNetCore.Routing.EndpointMiddleware) Executed endpoint '"HealthChecks UI Api"'
2021-08-31T13:37:24.5723432+03:00 [INF] (Microsoft.AspNetCore.Hosting.Diagnostics) Request finished HTTP/2 GET https://localhost:44376/healthchecks-api - - - 200 - application/json 14.1734ms
2021-08-31T13:37:29.0343888+03:00 [INF] (Microsoft.EntityFrameworkCore.Infrastructure) Entity Framework Core "5.0.9" initialized '"HealthChecksDb"' using provider '"Microsoft.EntityFrameworkCore.InMemory"' with options: "StoreName=HealthChecksUI "
2021-08-31T13:37:34.5889364+03:00 [INF] (Microsoft.AspNetCore.Hosting.Diagnostics) Request starting HTTP/2 GET https://localhost:44376/healthchecks-api - -
2021-08-31T13:37:34.5891396+03:00 [INF] (Microsoft.AspNetCore.Routing.EndpointMiddleware) Executing endpoint '"HealthChecks UI Api"'
2021-08-31T13:37:34.5895310+03:00 [INF] (Microsoft.EntityFrameworkCore.Infrastructure) Entity Framework Core "5.0.9" initialized '"HealthChecksDb"' using provider '"Microsoft.EntityFrameworkCore.InMemory"' with options: "StoreName=HealthChecksUI "
2021-08-31T13:37:34.5902355+03:00 [INF] (Microsoft.AspNetCore.Routing.EndpointMiddleware) Executed endpoint '"HealthChecks UI Api"'
2021-08-31T13:37:34.5906616+03:00 [INF] (Microsoft.AspNetCore.Hosting.Diagnostics) Request finished HTTP/2 GET https://localhost:44376/healthchecks-api - - - 200 - application/json 1.7310ms
2021-08-31T13:37:34.6956248+03:00 [INF] (Microsoft.AspNetCore.Hosting.Diagnostics) Request starting HTTP/2 GET https://localhost:44376/hc-ui - -
2021-08-31T13:37:34.6971979+03:00 [INF] (Microsoft.AspNetCore.Hosting.Diagnostics) Request finished HTTP/2 GET https://localhost:44376/hc-ui - - - 200 - text/html 1.5432ms
2021-08-31T13:37:34.6974011+03:00 [INF] (Microsoft.AspNetCore.Hosting.Diagnostics) Request starting HTTP/2 GET https://localhost:44376/healthchecks-api/ui-settings - -
2021-08-31T13:37:34.6973981+03:00 [INF] (Microsoft.AspNetCore.Hosting.Diagnostics) Request starting HTTP/2 GET https://localhost:44376/healthchecks-api - -
2021-08-31T13:37:34.6975503+03:00 [INF] (Microsoft.AspNetCore.Routing.EndpointMiddleware) Executing endpoint '"/healthchecks-api/ui-settings"'
2021-08-31T13:37:34.6975562+03:00 [INF] (Microsoft.AspNetCore.Routing.EndpointMiddleware) Executing endpoint '"HealthChecks UI Api"'
2021-08-31T13:37:34.6977365+03:00 [INF] (Microsoft.AspNetCore.Routing.EndpointMiddleware) Executed endpoint '"/healthchecks-api/ui-settings"'
2021-08-31T13:37:34.6979237+03:00 [INF] (Microsoft.AspNetCore.Hosting.Diagnostics) Request finished HTTP/2 GET https://localhost:44376/healthchecks-api/ui-settings - - - 200 - application/json 0.5003ms
2021-08-31T13:37:34.6981487+03:00 [INF] (Microsoft.EntityFrameworkCore.Infrastructure) Entity Framework Core "5.0.9" initialized '"HealthChecksDb"' using provider '"Microsoft.EntityFrameworkCore.InMemory"' with options: "StoreName=HealthChecksUI "
2021-08-31T13:37:34.6985379+03:00 [INF] (Microsoft.AspNetCore.Routing.EndpointMiddleware) Executed endpoint '"HealthChecks UI Api"'
2021-08-31T13:37:34.6987492+03:00 [INF] (Microsoft.AspNetCore.Hosting.Diagnostics) Request finished HTTP/2 GET https://localhost:44376/healthchecks-api - - - 200 - application/json 1.3359ms
2021-08-31T13:37:34.7145315+03:00 [INF] (Microsoft.AspNetCore.Hosting.Diagnostics) Request starting HTTP/2 GET https://localhost:44376/ui/resources/healthchecks-bundle.js - -
2021-08-31T13:37:34.7147649+03:00 [INF] (Microsoft.AspNetCore.Hosting.Diagnostics) Request starting HTTP/2 GET https://localhost:44376/ui/resources/healthchecksui-min.css - -
2021-08-31T13:37:34.7145287+03:00 [INF] (Microsoft.AspNetCore.Hosting.Diagnostics) Request starting HTTP/2 GET https://localhost:44376/ui/resources/vendors-dll.js - -
2021-08-31T13:37:34.7165641+03:00 [INF] (Microsoft.AspNetCore.Routing.EndpointMiddleware) Executing endpoint '"/ui/resources/healthchecks-bundle.js HTTP: GET"'
2021-08-31T13:37:34.7165605+03:00 [INF] (Microsoft.AspNetCore.Routing.EndpointMiddleware) Executing endpoint '"/ui/resources/healthchecksui-min.css HTTP: GET"'
2021-08-31T13:37:34.7165605+03:00 [INF] (Microsoft.AspNetCore.Routing.EndpointMiddleware) Executing endpoint '"/ui/resources/vendors-dll.js HTTP: GET"'
2021-08-31T13:37:34.7169033+03:00 [INF] (Microsoft.AspNetCore.Routing.EndpointMiddleware) Executed endpoint '"/ui/resources/healthchecksui-min.css HTTP: GET"'
2021-08-31T13:37:34.7181896+03:00 [INF] (Microsoft.AspNetCore.Hosting.Diagnostics) Request finished HTTP/2 GET https://localhost:44376/ui/resources/healthchecksui-min.css - - - 200 - text/css 2.5421ms
2021-08-31T13:37:34.7214833+03:00 [INF] (Microsoft.AspNetCore.Routing.EndpointMiddleware) Executed endpoint '"/ui/resources/healthchecks-bundle.js HTTP: GET"'
2021-08-31T13:37:34.7226819+03:00 [INF] (Microsoft.AspNetCore.Routing.EndpointMiddleware) Executed endpoint '"/ui/resources/vendors-dll.js HTTP: GET"'
2021-08-31T13:37:34.7266212+03:00 [INF] (Microsoft.AspNetCore.Hosting.Diagnostics) Request finished HTTP/2 GET https://localhost:44376/ui/resources/healthchecks-bundle.js - - - 200 - text/javascript 12.0762ms
2021-08-31T13:37:34.7304671+03:00 [INF] (Microsoft.AspNetCore.Hosting.Diagnostics) Request finished HTTP/2 GET https://localhost:44376/ui/resources/vendors-dll.js - - - 200 - text/javascript 15.9278ms
2021-08-31T13:37:34.7620605+03:00 [INF] (Microsoft.AspNetCore.Hosting.Diagnostics) Request starting HTTP/2 GET https://localhost:44376/healthchecks-api/ui-settings - -
2021-08-31T13:37:34.7622166+03:00 [INF] (Microsoft.AspNetCore.Routing.EndpointMiddleware) Executing endpoint '"/healthchecks-api/ui-settings"'
2021-08-31T13:37:34.7624340+03:00 [INF] (Microsoft.AspNetCore.Routing.EndpointMiddleware) Executed endpoint '"/healthchecks-api/ui-settings"'
2021-08-31T13:37:34.7627268+03:00 [INF] (Microsoft.AspNetCore.Hosting.Diagnostics) Request finished HTTP/2 GET https://localhost:44376/healthchecks-api/ui-settings - - - 200 - application/json 0.6604ms
2021-08-31T13:37:34.7699715+03:00 [INF] (Microsoft.AspNetCore.Hosting.Diagnostics) Request starting HTTP/2 GET https://localhost:44376/healthchecks-api - -
2021-08-31T13:37:34.7701209+03:00 [INF] (Microsoft.AspNetCore.Routing.EndpointMiddleware) Executing endpoint '"HealthChecks UI Api"'
2021-08-31T13:37:34.7703934+03:00 [INF] (Microsoft.EntityFrameworkCore.Infrastructure) Entity Framework Core "5.0.9" initialized '"HealthChecksDb"' using provider '"Microsoft.EntityFrameworkCore.InMemory"' with options: "StoreName=HealthChecksUI "
2021-08-31T13:37:34.7706562+03:00 [INF] (Microsoft.AspNetCore.Routing.EndpointMiddleware) Executed endpoint '"HealthChecks UI Api"'
2021-08-31T13:37:34.7730781+03:00 [INF] (Microsoft.AspNetCore.Hosting.Diagnostics) Request finished HTTP/2 GET https://localhost:44376/healthchecks-api - - - 200 - application/json 1.5135ms
2021-08-31T13:37:39.0435378+03:00 [INF] (Microsoft.EntityFrameworkCore.Infrastructure) Entity Framework Core "5.0.9" initialized '"HealthChecksDb"' using provider '"Microsoft.EntityFrameworkCore.InMemory"' with options: "StoreName=HealthChecksUI "
2021-08-31T13:37:44.7844090+03:00 [INF] (Microsoft.AspNetCore.Hosting.Diagnostics) Request starting HTTP/2 GET https://localhost:44376/healthchecks-api - -
2021-08-31T13:37:44.7846282+03:00 [INF] (Microsoft.AspNetCore.Routing.EndpointMiddleware) Executing endpoint '"HealthChecks UI Api"'
2021-08-31T13:37:44.7850410+03:00 [INF] (Microsoft.EntityFrameworkCore.Infrastructure) Entity Framework Core "5.0.9" initialized '"HealthChecksDb"' using provider '"Microsoft.EntityFrameworkCore.InMemory"' with options: "StoreName=HealthChecksUI "
2021-08-31T13:37:44.7854455+03:00 [INF] (Microsoft.AspNetCore.Routing.EndpointMiddleware) Executed endpoint '"HealthChecks UI Api"'
2021-08-31T13:37:44.7859215+03:00 [INF] (Microsoft.AspNetCore.Hosting.Diagnostics) Request finished HTTP/2 GET https://localhost:44376/healthchecks-api - - - 200 - application/json 1.4868ms
2021-08-31T13:37:49.0505725+03:00 [INF] (Microsoft.EntityFrameworkCore.Infrastructure) Entity Framework Core "5.0.9" initialized '"HealthChecksDb"' using provider '"Microsoft.EntityFrameworkCore.InMemory"' with options: "StoreName=HealthChecksUI "
2021-08-31T13:37:54.7961771+03:00 [INF] (Microsoft.AspNetCore.Hosting.Diagnostics) Request starting HTTP/2 GET https://localhost:44376/healthchecks-api - -
2021-08-31T13:37:54.7963742+03:00 [INF] (Microsoft.AspNetCore.Routing.EndpointMiddleware) Executing endpoint '"HealthChecks UI Api"'
2021-08-31T13:37:54.7966708+03:00 [INF] (Microsoft.EntityFrameworkCore.Infrastructure) Entity Framework Core "5.0.9" initialized '"HealthChecksDb"' using provider '"Microsoft.EntityFrameworkCore.InMemory"' with options: "StoreName=HealthChecksUI "
2021-08-31T13:37:54.7969843+03:00 [INF] (Microsoft.AspNetCore.Routing.EndpointMiddleware) Executed endpoint '"HealthChecks UI Api"'
2021-08-31T13:37:54.7972369+03:00 [INF] (Microsoft.AspNetCore.Hosting.Diagnostics) Request finished HTTP/2 GET https://localhost:44376/healthchecks-api - - - 200 - application/json 1.0569ms
2021-08-31T13:37:59.0662861+03:00 [INF] (Microsoft.EntityFrameworkCore.Infrastructure) Entity Framework Core "5.0.9" initialized '"HealthChecksDb"' using provider '"Microsoft.EntityFrameworkCore.InMemory"' with options: "StoreName=HealthChecksUI "
2021-08-31T13:38:03.9214192+03:00 [INF] (Microsoft.AspNetCore.Hosting.Diagnostics) Request starting HTTP/2 GET https://localhost:44376/healthchecks-api - -
2021-08-31T13:38:03.9214191+03:00 [INF] (Microsoft.AspNetCore.Hosting.Diagnostics) Request starting HTTP/2 GET https://localhost:44376/healthchecks-api/ui-settings - -
2021-08-31T13:38:03.9216760+03:00 [INF] (Microsoft.AspNetCore.Routing.EndpointMiddleware) Executing endpoint '"HealthChecks UI Api"'
2021-08-31T13:38:03.9216780+03:00 [INF] (Microsoft.AspNetCore.Routing.EndpointMiddleware) Executing endpoint '"/healthchecks-api/ui-settings"'
2021-08-31T13:38:03.9219277+03:00 [INF] (Microsoft.AspNetCore.Routing.EndpointMiddleware) Executed endpoint '"/healthchecks-api/ui-settings"'
2021-08-31T13:38:03.9221710+03:00 [INF] (Microsoft.AspNetCore.Hosting.Diagnostics) Request finished HTTP/2 GET https://localhost:44376/healthchecks-api/ui-settings - - - 200 - application/json 0.8253ms
2021-08-31T13:38:03.9223020+03:00 [INF] (Microsoft.EntityFrameworkCore.Infrastructure) Entity Framework Core "5.0.9" initialized '"HealthChecksDb"' using provider '"Microsoft.EntityFrameworkCore.InMemory"' with options: "StoreName=HealthChecksUI "
2021-08-31T13:38:03.9226902+03:00 [INF] (Microsoft.AspNetCore.Routing.EndpointMiddleware) Executed endpoint '"HealthChecks UI Api"'
2021-08-31T13:38:03.9229168+03:00 [INF] (Microsoft.AspNetCore.Hosting.Diagnostics) Request finished HTTP/2 GET https://localhost:44376/healthchecks-api - - - 200 - application/json 1.5788ms
2021-08-31T13:38:05.6251165+03:00 [INF] (Microsoft.AspNetCore.Hosting.Diagnostics) Request starting HTTP/2 GET https://localhost:44376/healthchecks-ui - -
2021-08-31T13:38:05.6252839+03:00 [INF] (Microsoft.AspNetCore.Routing.EndpointMiddleware) Executing endpoint '"/healthchecks-ui HTTP: GET"'
2021-08-31T13:38:05.6254718+03:00 [INF] (Microsoft.AspNetCore.Routing.EndpointMiddleware) Executed endpoint '"/healthchecks-ui HTTP: GET"'
2021-08-31T13:38:05.6257740+03:00 [INF] (Microsoft.AspNetCore.Hosting.Diagnostics) Request finished HTTP/2 GET https://localhost:44376/healthchecks-ui - - - 200 - text/html 0.8017ms
2021-08-31T13:38:05.6831533+03:00 [INF] (Microsoft.AspNetCore.Hosting.Diagnostics) Request starting HTTP/2 GET https://localhost:44376/healthchecks-api - -
2021-08-31T13:38:05.6833210+03:00 [INF] (Microsoft.AspNetCore.Routing.EndpointMiddleware) Executing endpoint '"HealthChecks UI Api"'
2021-08-31T13:38:05.6835984+03:00 [INF] (Microsoft.EntityFrameworkCore.Infrastructure) Entity Framework Core "5.0.9" initialized '"HealthChecksDb"' using provider '"Microsoft.EntityFrameworkCore.InMemory"' with options: "StoreName=HealthChecksUI "
2021-08-31T13:38:05.6839018+03:00 [INF] (Microsoft.AspNetCore.Routing.EndpointMiddleware) Executed endpoint '"HealthChecks UI Api"'
2021-08-31T13:38:05.6841841+03:00 [INF] (Microsoft.AspNetCore.Hosting.Diagnostics) Request finished HTTP/2 GET https://localhost:44376/healthchecks-api - - - 200 - application/json 0.9961ms
2021-08-31T13:38:09.0728782+03:00 [INF] (Microsoft.EntityFrameworkCore.Infrastructure) Entity Framework Core "5.0.9" initialized '"HealthChecksDb"' using provider '"Microsoft.EntityFrameworkCore.InMemory"' with options: "StoreName=HealthChecksUI "
2021-08-31T13:41:05.4142616+03:00 [INF] () Strating web host
