2021-09-15T21:14:24.1529346+03:00 [INF] (Microsoft.AspNetCore.DataProtection.KeyManagement.XmlKeyManager) User profile is available. Using '"C:\Users\A.Dzenisevich\AppData\Local\ASP.NET\DataProtection-Keys"' as key repository and Windows DPAPI to encrypt keys at rest.
2021-09-15T21:14:24.2120942+03:00 [INF] (HealthChecks.UI.Core.HostedService.UIInitializationHostedService) Initializing UI Database
2021-09-15T21:14:24.6108292+03:00 [INF] (Microsoft.EntityFrameworkCore.Infrastructure) Entity Framework Core "5.0.9" initialized '"HealthChecksDb"' using provider '"Microsoft.EntityFrameworkCore.InMemory"' with options: "StoreName=HealthChecksUI "
2021-09-15T21:14:24.9733302+03:00 [INF] (Microsoft.AspNetCore.Hosting.Diagnostics) Request starting HTTP/2 GET https://localhost:44376/index.html - -
2021-09-15T21:14:24.9832775+03:00 [INF] (Microsoft.EntityFrameworkCore.Infrastructure) Entity Framework Core "5.0.9" initialized '"HealthChecksDb"' using provider '"Microsoft.EntityFrameworkCore.InMemory"' with options: "StoreName=HealthChecksUI "
2021-09-15T21:14:25.0185698+03:00 [INF] (Microsoft.Hosting.Lifetime) Application started. Press Ctrl+C to shut down.
2021-09-15T21:14:25.0186296+03:00 [INF] (Microsoft.Hosting.Lifetime) Hosting environment: "Development"
2021-09-15T21:14:25.0186605+03:00 [INF] (Microsoft.Hosting.Lifetime) Content root path: "D:\LabWebApp\Web"
2021-09-15T21:14:25.1385591+03:00 [INF] (Microsoft.AspNetCore.Hosting.Diagnostics) Request finished HTTP/2 GET https://localhost:44376/index.html - - - 200 - text/html;charset=utf-8 166.5679ms
2021-09-15T21:14:25.2633320+03:00 [INF] (Microsoft.AspNetCore.Hosting.Diagnostics) Request starting HTTP/2 GET https://localhost:44376/swagger/v1/swagger.json - -
2021-09-15T21:14:25.3358035+03:00 [INF] (Microsoft.AspNetCore.Hosting.Diagnostics) Request finished HTTP/2 GET https://localhost:44376/swagger/v1/swagger.json - - - 200 - application/json;charset=utf-8 72.4331ms
2021-09-15T21:14:27.0015134+03:00 [INF] (Microsoft.AspNetCore.Hosting.Diagnostics) Request starting HTTP/1.1 GET https://localhost:44376/Games/search/{name}?name=the - -
2021-09-15T21:14:27.0039082+03:00 [INF] (Microsoft.AspNetCore.Routing.EndpointMiddleware) Executing endpoint '"Web.Controllers.GamesController.SearchGamesByName (Web)"'
2021-09-15T21:14:27.0212452+03:00 [INF] (Microsoft.AspNetCore.Mvc.Infrastructure.ControllerActionInvoker) Route matched with "{action = \"SearchGamesByName\", controller = \"Games\"}". Executing controller action with signature "System.Threading.Tasks.Task`1[Microsoft.AspNetCore.Mvc.IActionResult] SearchGamesByName(System.String)" on controller "Web.Controllers.GamesController" ("Web").
2021-09-15T21:14:39.1054682+03:00 [INF] (Microsoft.EntityFrameworkCore.Infrastructure) Entity Framework Core "5.0.9" initialized '"HealthChecksDb"' using provider '"Microsoft.EntityFrameworkCore.InMemory"' with options: "StoreName=HealthChecksUI "
2021-09-15T21:14:44.6545824+03:00 [INF] (Microsoft.EntityFrameworkCore.Infrastructure) Entity Framework Core "5.0.9" initialized '"ApplicationDbContext"' using provider '"Microsoft.EntityFrameworkCore.SqlServer"' with options: "None"
2021-09-15T21:14:48.5161991+03:00 [INF] (Microsoft.EntityFrameworkCore.Database.Command) Executed DbCommand ("41"ms) [Parameters=["@__p_1='?' (Size = 200)"], CommandType='Text', CommandTimeout='30']"
""SELECT [p].[Id], [p].[DateCreated], [p].[Name], [p].[Platform], [p].[TotalRating]
FROM [Products] AS [p]
WHERE LOWER([p].[Name]) LIKE @__p_1"
2021-09-15T21:16:00.0382915+03:00 [INF] () Strating web host
