2021-09-27T15:24:12.7338140+03:00 [INF] (Microsoft.AspNetCore.DataProtection.KeyManagement.XmlKeyManager) User profile is available. Using '"C:\Users\A.Dzenisevich\AppData\Local\ASP.NET\DataProtection-Keys"' as key repository and Windows DPAPI to encrypt keys at rest.
2021-09-27T15:24:12.7949634+03:00 [INF] (HealthChecks.UI.Core.HostedService.UIInitializationHostedService) Initializing UI Database
2021-09-27T15:24:13.1857695+03:00 [INF] (Microsoft.EntityFrameworkCore.Infrastructure) Entity Framework Core "5.0.10" initialized '"HealthChecksDb"' using provider '"Microsoft.EntityFrameworkCore.InMemory"' with options: "StoreName=HealthChecksUI "
2021-09-27T15:24:13.5482389+03:00 [INF] (Microsoft.AspNetCore.Hosting.Diagnostics) Request starting HTTP/2 GET https://localhost:44370/index.html - -
2021-09-27T15:24:13.5632177+03:00 [INF] (Microsoft.EntityFrameworkCore.Infrastructure) Entity Framework Core "5.0.10" initialized '"HealthChecksDb"' using provider '"Microsoft.EntityFrameworkCore.InMemory"' with options: "StoreName=HealthChecksUI "
2021-09-27T15:24:13.5890750+03:00 [INF] (Microsoft.Hosting.Lifetime) Application started. Press Ctrl+C to shut down.
2021-09-27T15:24:13.5891358+03:00 [INF] (Microsoft.Hosting.Lifetime) Hosting environment: "Development"
2021-09-27T15:24:13.5891640+03:00 [INF] (Microsoft.Hosting.Lifetime) Content root path: "D:\LabWebApp\Web"
2021-09-27T15:24:13.7229010+03:00 [INF] (Microsoft.AspNetCore.Hosting.Diagnostics) Request finished HTTP/2 GET https://localhost:44370/index.html - - - 200 - text/html;charset=utf-8 176.0380ms
2021-09-27T15:24:13.8443229+03:00 [INF] (Microsoft.AspNetCore.Hosting.Diagnostics) Request starting HTTP/2 GET https://localhost:44370/swagger/v1/swagger.json - -
2021-09-27T15:24:13.9548618+03:00 [INF] (Microsoft.AspNetCore.Hosting.Diagnostics) Request finished HTTP/2 GET https://localhost:44370/swagger/v1/swagger.json - - - 200 - application/json;charset=utf-8 110.5105ms
2021-09-27T15:24:23.6295889+03:00 [INF] (Microsoft.EntityFrameworkCore.Infrastructure) Entity Framework Core "5.0.10" initialized '"HealthChecksDb"' using provider '"Microsoft.EntityFrameworkCore.InMemory"' with options: "StoreName=HealthChecksUI "
2021-09-27T15:24:33.6379491+03:00 [INF] (Microsoft.EntityFrameworkCore.Infrastructure) Entity Framework Core "5.0.10" initialized '"HealthChecksDb"' using provider '"Microsoft.EntityFrameworkCore.InMemory"' with options: "StoreName=HealthChecksUI "
2021-09-27T15:24:36.9431370+03:00 [INF] (Microsoft.AspNetCore.Hosting.Diagnostics) Request starting HTTP/2 GET https://localhost:44370/games/list?pageNumber=2&pageSize=5 - -
2021-09-27T15:24:36.9534662+03:00 [INF] (Microsoft.AspNetCore.Routing.EndpointMiddleware) Executing endpoint '"Web.Controllers.GamesController.GetProductListAsync (Web)"'
2021-09-27T15:24:36.9735247+03:00 [INF] (Microsoft.AspNetCore.Mvc.Infrastructure.ControllerActionInvoker) Route matched with "{action = \"GetProductList\", controller = \"Games\"}". Executing controller action with signature "System.Threading.Tasks.Task`1[Microsoft.AspNetCore.Mvc.IActionResult] GetProductListAsync(System.Nullable`1[System.Int32], Int32[], Int32[], System.Nullable`1[System.Int32], System.Nullable`1[System.Int32])" on controller "Web.Controllers.GamesController" ("Web").
2021-09-27T15:24:43.2021869+03:00 [INF] (Microsoft.EntityFrameworkCore.Infrastructure) Entity Framework Core "5.0.10" initialized '"ApplicationDbContext"' using provider '"Microsoft.EntityFrameworkCore.SqlServer"' with options: "None"
2021-09-27T15:24:43.5570407+03:00 [INF] (Microsoft.EntityFrameworkCore.Database.Command) Executed DbCommand ("24"ms) [Parameters=[""], CommandType='Text', CommandTimeout='30']"
""SELECT [p].[Id], [p].[Background], [p].[Count], [p].[DateCreated], [p].[Genre], [p].[IsDeleted], [p].[Logo], [p].[Name], [p].[Platform], [p].[Price], [p].[Rating], [p].[TotalRating]
FROM [Products] AS [p]
WHERE [p].[IsDeleted] <> CAST(1 AS bit)"
2021-09-27T15:24:45.2763018+03:00 [INF] (Microsoft.EntityFrameworkCore.Infrastructure) Entity Framework Core "5.0.10" initialized '"HealthChecksDb"' using provider '"Microsoft.EntityFrameworkCore.InMemory"' with options: "StoreName=HealthChecksUI "
2021-09-27T15:24:57.1667812+03:00 [INF] (Microsoft.EntityFrameworkCore.Infrastructure) Entity Framework Core "5.0.10" initialized '"HealthChecksDb"' using provider '"Microsoft.EntityFrameworkCore.InMemory"' with options: "StoreName=HealthChecksUI "
2021-09-27T15:25:10.9190367+03:00 [INF] (Microsoft.EntityFrameworkCore.Infrastructure) Entity Framework Core "5.0.10" initialized '"HealthChecksDb"' using provider '"Microsoft.EntityFrameworkCore.InMemory"' with options: "StoreName=HealthChecksUI "
2021-09-27T15:25:26.3935491+03:00 [INF] (Microsoft.EntityFrameworkCore.Infrastructure) Entity Framework Core "5.0.10" initialized '"HealthChecksDb"' using provider '"Microsoft.EntityFrameworkCore.InMemory"' with options: "StoreName=HealthChecksUI "
2021-09-27T15:25:30.8318455+03:00 [INF] (Microsoft.AspNetCore.Mvc.Infrastructure.ObjectResultExecutor) Executing "OkObjectResult", writing value of type '"RIL.Models.PaginatedList`1[[BLL.ViewModels.ProductViewModel, BLL, Version=1.0.0.0, Culture=neutral, PublicKeyToken=null]]"'.
2021-09-27T15:25:30.9681718+03:00 [INF] (Microsoft.AspNetCore.Mvc.Infrastructure.ControllerActionInvoker) Executed action "Web.Controllers.GamesController.GetProductListAsync (Web)" in 53992.0506ms
2021-09-27T15:25:30.9685746+03:00 [INF] (Microsoft.AspNetCore.Routing.EndpointMiddleware) Executed endpoint '"Web.Controllers.GamesController.GetProductListAsync (Web)"'
2021-09-27T15:25:30.9832624+03:00 [INF] (Microsoft.AspNetCore.Hosting.Diagnostics) Request finished HTTP/2 GET https://localhost:44370/games/list?pageNumber=2&pageSize=5 - - - 200 2704 application/json;+charset=utf-8 54043.4721ms
2021-09-27T15:25:36.4040230+03:00 [INF] (Microsoft.EntityFrameworkCore.Infrastructure) Entity Framework Core "5.0.10" initialized '"HealthChecksDb"' using provider '"Microsoft.EntityFrameworkCore.InMemory"' with options: "StoreName=HealthChecksUI "
2021-09-27T15:25:46.4104584+03:00 [INF] (Microsoft.EntityFrameworkCore.Infrastructure) Entity Framework Core "5.0.10" initialized '"HealthChecksDb"' using provider '"Microsoft.EntityFrameworkCore.InMemory"' with options: "StoreName=HealthChecksUI "
2021-09-27T15:25:56.4224801+03:00 [INF] (Microsoft.EntityFrameworkCore.Infrastructure) Entity Framework Core "5.0.10" initialized '"HealthChecksDb"' using provider '"Microsoft.EntityFrameworkCore.InMemory"' with options: "StoreName=HealthChecksUI "
2021-09-27T15:26:06.4400390+03:00 [INF] (Microsoft.EntityFrameworkCore.Infrastructure) Entity Framework Core "5.0.10" initialized '"HealthChecksDb"' using provider '"Microsoft.EntityFrameworkCore.InMemory"' with options: "StoreName=HealthChecksUI "
2021-09-27T15:26:16.4446693+03:00 [INF] (Microsoft.EntityFrameworkCore.Infrastructure) Entity Framework Core "5.0.10" initialized '"HealthChecksDb"' using provider '"Microsoft.EntityFrameworkCore.InMemory"' with options: "StoreName=HealthChecksUI "
2021-09-27T15:26:25.2510713+03:00 [INF] (Microsoft.AspNetCore.Hosting.Diagnostics) Request starting HTTP/2 GET https://localhost:44370/games/list?pageSize=25 - -
2021-09-27T15:26:25.2524421+03:00 [INF] (Microsoft.AspNetCore.Routing.EndpointMiddleware) Executing endpoint '"Web.Controllers.GamesController.GetProductListAsync (Web)"'
2021-09-27T15:26:25.2527138+03:00 [INF] (Microsoft.AspNetCore.Mvc.Infrastructure.ControllerActionInvoker) Route matched with "{action = \"GetProductList\", controller = \"Games\"}". Executing controller action with signature "System.Threading.Tasks.Task`1[Microsoft.AspNetCore.Mvc.IActionResult] GetProductListAsync(System.Nullable`1[System.Int32], Int32[], Int32[], System.Nullable`1[System.Int32], System.Nullable`1[System.Int32])" on controller "Web.Controllers.GamesController" ("Web").
2021-09-27T15:26:25.2802455+03:00 [INF] (Microsoft.EntityFrameworkCore.Infrastructure) Entity Framework Core "5.0.10" initialized '"ApplicationDbContext"' using provider '"Microsoft.EntityFrameworkCore.SqlServer"' with options: "None"
2021-09-27T15:26:25.2863199+03:00 [INF] (Microsoft.EntityFrameworkCore.Database.Command) Executed DbCommand ("3"ms) [Parameters=[""], CommandType='Text', CommandTimeout='30']"
""SELECT [p].[Id], [p].[Background], [p].[Count], [p].[DateCreated], [p].[Genre], [p].[IsDeleted], [p].[Logo], [p].[Name], [p].[Platform], [p].[Price], [p].[Rating], [p].[TotalRating]
FROM [Products] AS [p]
WHERE [p].[IsDeleted] <> CAST(1 AS bit)"
2021-09-27T15:26:27.1255696+03:00 [INF] (Microsoft.EntityFrameworkCore.Infrastructure) Entity Framework Core "5.0.10" initialized '"HealthChecksDb"' using provider '"Microsoft.EntityFrameworkCore.InMemory"' with options: "StoreName=HealthChecksUI "
2021-09-27T15:26:37.3384286+03:00 [INF] (Microsoft.EntityFrameworkCore.Infrastructure) Entity Framework Core "5.0.10" initialized '"HealthChecksDb"' using provider '"Microsoft.EntityFrameworkCore.InMemory"' with options: "StoreName=HealthChecksUI "
2021-09-27T15:26:46.0080871+03:00 [INF] (Microsoft.AspNetCore.Mvc.Infrastructure.ObjectResultExecutor) Executing "OkObjectResult", writing value of type '"RIL.Models.PaginatedList`1[[BLL.ViewModels.ProductViewModel, BLL, Version=1.0.0.0, Culture=neutral, PublicKeyToken=null]]"'.
2021-09-27T15:26:46.0283356+03:00 [INF] (Microsoft.AspNetCore.Mvc.Infrastructure.ControllerActionInvoker) Executed action "Web.Controllers.GamesController.GetProductListAsync (Web)" in 20775.8147ms
2021-09-27T15:26:46.0284171+03:00 [INF] (Microsoft.AspNetCore.Routing.EndpointMiddleware) Executed endpoint '"Web.Controllers.GamesController.GetProductListAsync (Web)"'
2021-09-27T15:26:46.0294253+03:00 [INF] (Microsoft.AspNetCore.Hosting.Diagnostics) Request finished HTTP/2 GET https://localhost:44370/games/list?pageSize=25 - - - 200 13507 application/json;+charset=utf-8 20778.5947ms
2021-09-27T15:26:47.3431214+03:00 [INF] (Microsoft.EntityFrameworkCore.Infrastructure) Entity Framework Core "5.0.10" initialized '"HealthChecksDb"' using provider '"Microsoft.EntityFrameworkCore.InMemory"' with options: "StoreName=HealthChecksUI "
2021-09-27T15:26:56.8640077+03:00 [INF] (Microsoft.AspNetCore.Hosting.Diagnostics) Request starting HTTP/2 GET https://localhost:44370/games/list?pageNumber=3&pageSize=25 - -
2021-09-27T15:26:56.8645345+03:00 [INF] (Microsoft.AspNetCore.Routing.EndpointMiddleware) Executing endpoint '"Web.Controllers.GamesController.GetProductListAsync (Web)"'
2021-09-27T15:26:56.8646313+03:00 [INF] (Microsoft.AspNetCore.Mvc.Infrastructure.ControllerActionInvoker) Route matched with "{action = \"GetProductList\", controller = \"Games\"}". Executing controller action with signature "System.Threading.Tasks.Task`1[Microsoft.AspNetCore.Mvc.IActionResult] GetProductListAsync(System.Nullable`1[System.Int32], Int32[], Int32[], System.Nullable`1[System.Int32], System.Nullable`1[System.Int32])" on controller "Web.Controllers.GamesController" ("Web").
2021-09-27T15:26:56.8715883+03:00 [INF] (Microsoft.EntityFrameworkCore.Infrastructure) Entity Framework Core "5.0.10" initialized '"ApplicationDbContext"' using provider '"Microsoft.EntityFrameworkCore.SqlServer"' with options: "None"
2021-09-27T15:26:56.8737467+03:00 [INF] (Microsoft.EntityFrameworkCore.Database.Command) Executed DbCommand ("1"ms) [Parameters=[""], CommandType='Text', CommandTimeout='30']"
""SELECT [p].[Id], [p].[Background], [p].[Count], [p].[DateCreated], [p].[Genre], [p].[IsDeleted], [p].[Logo], [p].[Name], [p].[Platform], [p].[Price], [p].[Rating], [p].[TotalRating]
FROM [Products] AS [p]
WHERE [p].[IsDeleted] <> CAST(1 AS bit)"
2021-09-27T15:26:59.3105360+03:00 [INF] (Microsoft.EntityFrameworkCore.Infrastructure) Entity Framework Core "5.0.10" initialized '"HealthChecksDb"' using provider '"Microsoft.EntityFrameworkCore.InMemory"' with options: "StoreName=HealthChecksUI "
2021-09-27T15:27:11.7215490+03:00 [INF] (Microsoft.EntityFrameworkCore.Infrastructure) Entity Framework Core "5.0.10" initialized '"HealthChecksDb"' using provider '"Microsoft.EntityFrameworkCore.InMemory"' with options: "StoreName=HealthChecksUI "
2021-09-27T15:27:21.9987541+03:00 [INF] (Microsoft.EntityFrameworkCore.Infrastructure) Entity Framework Core "5.0.10" initialized '"HealthChecksDb"' using provider '"Microsoft.EntityFrameworkCore.InMemory"' with options: "StoreName=HealthChecksUI "
2021-09-27T15:27:23.5835108+03:00 [INF] (Microsoft.AspNetCore.Mvc.Infrastructure.ObjectResultExecutor) Executing "OkObjectResult", writing value of type '"RIL.Models.PaginatedList`1[[BLL.ViewModels.ProductViewModel, BLL, Version=1.0.0.0, Culture=neutral, PublicKeyToken=null]]"'.
2021-09-27T15:27:23.5839507+03:00 [INF] (Microsoft.AspNetCore.Mvc.Infrastructure.ControllerActionInvoker) Executed action "Web.Controllers.GamesController.GetProductListAsync (Web)" in 26719.5917ms
2021-09-27T15:27:23.5840576+03:00 [INF] (Microsoft.AspNetCore.Routing.EndpointMiddleware) Executed endpoint '"Web.Controllers.GamesController.GetProductListAsync (Web)"'
2021-09-27T15:27:26.4688152+03:00 [INF] (Microsoft.AspNetCore.Hosting.Diagnostics) Request finished HTTP/2 GET https://localhost:44370/games/list?pageNumber=3&pageSize=25 - - - 200 2 application/json;+charset=utf-8 29604.6189ms
2021-09-27T15:27:32.0107999+03:00 [INF] (Microsoft.EntityFrameworkCore.Infrastructure) Entity Framework Core "5.0.10" initialized '"HealthChecksDb"' using provider '"Microsoft.EntityFrameworkCore.InMemory"' with options: "StoreName=HealthChecksUI "
