2021-09-21T14:36:10.7768392+03:00 [INF] (Microsoft.AspNetCore.DataProtection.KeyManagement.XmlKeyManager) User profile is available. Using '"C:\Users\A.Dzenisevich\AppData\Local\ASP.NET\DataProtection-Keys"' as key repository and Windows DPAPI to encrypt keys at rest.
2021-09-21T14:36:10.8341181+03:00 [INF] (HealthChecks.UI.Core.HostedService.UIInitializationHostedService) Initializing UI Database
2021-09-21T14:36:11.2243910+03:00 [INF] (Microsoft.EntityFrameworkCore.Infrastructure) Entity Framework Core "5.0.10" initialized '"HealthChecksDb"' using provider '"Microsoft.EntityFrameworkCore.InMemory"' with options: "StoreName=HealthChecksUI "
2021-09-21T14:36:11.5921101+03:00 [INF] (Microsoft.AspNetCore.Hosting.Diagnostics) Request starting HTTP/2 GET https://localhost:44376/index.html - -
2021-09-21T14:36:11.6031373+03:00 [INF] (Microsoft.EntityFrameworkCore.Infrastructure) Entity Framework Core "5.0.10" initialized '"HealthChecksDb"' using provider '"Microsoft.EntityFrameworkCore.InMemory"' with options: "StoreName=HealthChecksUI "
2021-09-21T14:36:11.6381078+03:00 [INF] (Microsoft.Hosting.Lifetime) Application started. Press Ctrl+C to shut down.
2021-09-21T14:36:11.6381882+03:00 [INF] (Microsoft.Hosting.Lifetime) Hosting environment: "Development"
2021-09-21T14:36:11.6382185+03:00 [INF] (Microsoft.Hosting.Lifetime) Content root path: "D:\LabWebApp\Web"
2021-09-21T14:36:11.9630082+03:00 [INF] (Microsoft.EntityFrameworkCore.Infrastructure) Entity Framework Core "5.0.10" initialized '"ApplicationDbContext"' using provider '"Microsoft.EntityFrameworkCore.SqlServer"' with options: "None"
2021-09-21T14:36:12.3696561+03:00 [INF] (Microsoft.EntityFrameworkCore.Database.Command) Executed DbCommand ("32"ms) [Parameters=["@__p_0='?' (DbType = Int32)"], CommandType='Text', CommandTimeout='30']"
""SELECT TOP(1) [a].[Id], [a].[AccessFailedCount], [a].[AddressDeliveryId], [a].[ConcurrencyStamp], [a].[Email], [a].[EmailConfirmed], [a].[LockoutEnabled], [a].[LockoutEnd], [a].[NormalizedEmail], [a].[NormalizedUserName], [a].[PasswordHash], [a].[PhoneNumber], [a].[PhoneNumberConfirmed], [a].[SecurityStamp], [a].[TwoFactorEnabled], [a].[UserName]
FROM [AspNetUsers] AS [a]
WHERE [a].[Id] = @__p_0"
2021-09-21T14:36:12.4799430+03:00 [INF] (Microsoft.EntityFrameworkCore.Database.Command) Executed DbCommand ("2"ms) [Parameters=["@__user_Id_0='?' (DbType = Int32)"], CommandType='Text', CommandTimeout='30']"
""SELECT [a].[Id], [a].[ClaimType], [a].[ClaimValue], [a].[UserId]
FROM [AspNetUserClaims] AS [a]
WHERE [a].[UserId] = @__user_Id_0"
2021-09-21T14:36:12.4994556+03:00 [INF] (Microsoft.EntityFrameworkCore.Database.Command) Executed DbCommand ("1"ms) [Parameters=["@__userId_0='?' (DbType = Int32)"], CommandType='Text', CommandTimeout='30']"
""SELECT [a0].[Name]
FROM [AspNetUserRoles] AS [a]
INNER JOIN [AspNetRoles] AS [a0] ON [a].[RoleId] = [a0].[Id]
WHERE [a].[UserId] = @__userId_0"
2021-09-21T14:36:12.5089849+03:00 [INF] (Microsoft.EntityFrameworkCore.Database.Command) Executed DbCommand ("1"ms) [Parameters=["@__normalizedName_0='?' (Size = 256)"], CommandType='Text', CommandTimeout='30']"
""SELECT TOP(1) [a].[Id], [a].[ConcurrencyStamp], [a].[Name], [a].[NormalizedName]
FROM [AspNetRoles] AS [a]
WHERE [a].[NormalizedName] = @__normalizedName_0"
2021-09-21T14:36:12.5231072+03:00 [INF] (Microsoft.EntityFrameworkCore.Database.Command) Executed DbCommand ("1"ms) [Parameters=["@__role_Id_0='?' (DbType = Int32)"], CommandType='Text', CommandTimeout='30']"
""SELECT [a].[ClaimType], [a].[ClaimValue]
FROM [AspNetRoleClaims] AS [a]
WHERE [a].[RoleId] = @__role_Id_0"
2021-09-21T14:36:12.5287465+03:00 [INF] (Microsoft.EntityFrameworkCore.Database.Command) Executed DbCommand ("1"ms) [Parameters=["@__normalizedName_0='?' (Size = 256)"], CommandType='Text', CommandTimeout='30']"
""SELECT TOP(1) [a].[Id], [a].[ConcurrencyStamp], [a].[Name], [a].[NormalizedName]
FROM [AspNetRoles] AS [a]
WHERE [a].[NormalizedName] = @__normalizedName_0"
2021-09-21T14:36:12.5298811+03:00 [INF] (Microsoft.EntityFrameworkCore.Database.Command) Executed DbCommand ("0"ms) [Parameters=["@__role_Id_0='?' (DbType = Int32)"], CommandType='Text', CommandTimeout='30']"
""SELECT [a].[ClaimType], [a].[ClaimValue]
FROM [AspNetRoleClaims] AS [a]
WHERE [a].[RoleId] = @__role_Id_0"
2021-09-21T14:36:12.6261428+03:00 [INF] (Microsoft.AspNetCore.Hosting.Diagnostics) Request finished HTTP/2 GET https://localhost:44376/index.html - - - 200 - text/html;charset=utf-8 1035.7768ms
2021-09-21T14:36:12.7520821+03:00 [INF] (Microsoft.AspNetCore.Hosting.Diagnostics) Request starting HTTP/2 GET https://localhost:44376/swagger/v1/swagger.json - -
2021-09-21T14:36:12.8591088+03:00 [INF] (Microsoft.AspNetCore.Hosting.Diagnostics) Request finished HTTP/2 GET https://localhost:44376/swagger/v1/swagger.json - - - 200 - application/json;charset=utf-8 107.0115ms
2021-09-21T14:36:21.6596271+03:00 [INF] (Microsoft.EntityFrameworkCore.Infrastructure) Entity Framework Core "5.0.10" initialized '"HealthChecksDb"' using provider '"Microsoft.EntityFrameworkCore.InMemory"' with options: "StoreName=HealthChecksUI "
2021-09-21T14:36:23.6761115+03:00 [INF] (Microsoft.AspNetCore.Hosting.Diagnostics) Request starting HTTP/1.1 POST https://localhost:44376/auth/sign-in application/json 75
2021-09-21T14:36:23.7056335+03:00 [INF] (Microsoft.EntityFrameworkCore.Infrastructure) Entity Framework Core "5.0.10" initialized '"ApplicationDbContext"' using provider '"Microsoft.EntityFrameworkCore.SqlServer"' with options: "None"
2021-09-21T14:36:23.7076207+03:00 [INF] (Microsoft.EntityFrameworkCore.Database.Command) Executed DbCommand ("1"ms) [Parameters=["@__p_0='?' (DbType = Int32)"], CommandType='Text', CommandTimeout='30']"
""SELECT TOP(1) [a].[Id], [a].[AccessFailedCount], [a].[AddressDeliveryId], [a].[ConcurrencyStamp], [a].[Email], [a].[EmailConfirmed], [a].[LockoutEnabled], [a].[LockoutEnd], [a].[NormalizedEmail], [a].[NormalizedUserName], [a].[PasswordHash], [a].[PhoneNumber], [a].[PhoneNumberConfirmed], [a].[SecurityStamp], [a].[TwoFactorEnabled], [a].[UserName]
FROM [AspNetUsers] AS [a]
WHERE [a].[Id] = @__p_0"
2021-09-21T14:36:23.7095037+03:00 [INF] (Microsoft.EntityFrameworkCore.Database.Command) Executed DbCommand ("1"ms) [Parameters=["@__user_Id_0='?' (DbType = Int32)"], CommandType='Text', CommandTimeout='30']"
""SELECT [a].[Id], [a].[ClaimType], [a].[ClaimValue], [a].[UserId]
FROM [AspNetUserClaims] AS [a]
WHERE [a].[UserId] = @__user_Id_0"
2021-09-21T14:36:23.7108950+03:00 [INF] (Microsoft.EntityFrameworkCore.Database.Command) Executed DbCommand ("0"ms) [Parameters=["@__userId_0='?' (DbType = Int32)"], CommandType='Text', CommandTimeout='30']"
""SELECT [a0].[Name]
FROM [AspNetUserRoles] AS [a]
INNER JOIN [AspNetRoles] AS [a0] ON [a].[RoleId] = [a0].[Id]
WHERE [a].[UserId] = @__userId_0"
2021-09-21T14:36:23.7116280+03:00 [INF] (Microsoft.EntityFrameworkCore.Database.Command) Executed DbCommand ("0"ms) [Parameters=["@__normalizedName_0='?' (Size = 256)"], CommandType='Text', CommandTimeout='30']"
""SELECT TOP(1) [a].[Id], [a].[ConcurrencyStamp], [a].[Name], [a].[NormalizedName]
FROM [AspNetRoles] AS [a]
WHERE [a].[NormalizedName] = @__normalizedName_0"
2021-09-21T14:36:23.7124662+03:00 [INF] (Microsoft.EntityFrameworkCore.Database.Command) Executed DbCommand ("0"ms) [Parameters=["@__role_Id_0='?' (DbType = Int32)"], CommandType='Text', CommandTimeout='30']"
""SELECT [a].[ClaimType], [a].[ClaimValue]
FROM [AspNetRoleClaims] AS [a]
WHERE [a].[RoleId] = @__role_Id_0"
2021-09-21T14:36:23.7131081+03:00 [INF] (Microsoft.EntityFrameworkCore.Database.Command) Executed DbCommand ("0"ms) [Parameters=["@__normalizedName_0='?' (Size = 256)"], CommandType='Text', CommandTimeout='30']"
""SELECT TOP(1) [a].[Id], [a].[ConcurrencyStamp], [a].[Name], [a].[NormalizedName]
FROM [AspNetRoles] AS [a]
WHERE [a].[NormalizedName] = @__normalizedName_0"
2021-09-21T14:36:23.7138157+03:00 [INF] (Microsoft.EntityFrameworkCore.Database.Command) Executed DbCommand ("0"ms) [Parameters=["@__role_Id_0='?' (DbType = Int32)"], CommandType='Text', CommandTimeout='30']"
""SELECT [a].[ClaimType], [a].[ClaimValue]
FROM [AspNetRoleClaims] AS [a]
WHERE [a].[RoleId] = @__role_Id_0"
2021-09-21T14:36:23.7146851+03:00 [INF] (Microsoft.AspNetCore.Routing.EndpointMiddleware) Executing endpoint '"Web.Controllers.AuthController.SignInAsync (Web)"'
2021-09-21T14:36:23.7329375+03:00 [INF] (Microsoft.AspNetCore.Mvc.Infrastructure.ControllerActionInvoker) Route matched with "{action = \"SignIn\", controller = \"Auth\"}". Executing controller action with signature "System.Threading.Tasks.Task`1[Microsoft.AspNetCore.Mvc.IActionResult] SignInAsync(BLL.ViewModels.AuthViewModel)" on controller "Web.Controllers.AuthController" ("Web").
2021-09-21T14:36:23.8590361+03:00 [INF] (Microsoft.EntityFrameworkCore.Database.Command) Executed DbCommand ("2"ms) [Parameters=["@__normalizedEmail_0='?' (Size = 256)"], CommandType='Text', CommandTimeout='30']"
""SELECT TOP(2) [a].[Id], [a].[AccessFailedCount], [a].[AddressDeliveryId], [a].[ConcurrencyStamp], [a].[Email], [a].[EmailConfirmed], [a].[LockoutEnabled], [a].[LockoutEnd], [a].[NormalizedEmail], [a].[NormalizedUserName], [a].[PasswordHash], [a].[PhoneNumber], [a].[PhoneNumberConfirmed], [a].[SecurityStamp], [a].[TwoFactorEnabled], [a].[UserName]
FROM [AspNetUsers] AS [a]
WHERE [a].[NormalizedEmail] = @__normalizedEmail_0"
2021-09-21T14:36:23.8820737+03:00 [INF] (Microsoft.EntityFrameworkCore.Database.Command) Executed DbCommand ("1"ms) [Parameters=["@__user_Id_0='?' (DbType = Int32)"], CommandType='Text', CommandTimeout='30']"
""SELECT [a].[Id], [a].[ClaimType], [a].[ClaimValue], [a].[UserId]
FROM [AspNetUserClaims] AS [a]
WHERE [a].[UserId] = @__user_Id_0"
2021-09-21T14:36:23.8830434+03:00 [INF] (Microsoft.EntityFrameworkCore.Database.Command) Executed DbCommand ("0"ms) [Parameters=["@__userId_0='?' (DbType = Int32)"], CommandType='Text', CommandTimeout='30']"
""SELECT [a0].[Name]
FROM [AspNetUserRoles] AS [a]
INNER JOIN [AspNetRoles] AS [a0] ON [a].[RoleId] = [a0].[Id]
WHERE [a].[UserId] = @__userId_0"
2021-09-21T14:36:23.8837824+03:00 [INF] (Microsoft.EntityFrameworkCore.Database.Command) Executed DbCommand ("0"ms) [Parameters=["@__normalizedName_0='?' (Size = 256)"], CommandType='Text', CommandTimeout='30']"
""SELECT TOP(1) [a].[Id], [a].[ConcurrencyStamp], [a].[Name], [a].[NormalizedName]
FROM [AspNetRoles] AS [a]
WHERE [a].[NormalizedName] = @__normalizedName_0"
2021-09-21T14:36:23.8845794+03:00 [INF] (Microsoft.EntityFrameworkCore.Database.Command) Executed DbCommand ("0"ms) [Parameters=["@__role_Id_0='?' (DbType = Int32)"], CommandType='Text', CommandTimeout='30']"
""SELECT [a].[ClaimType], [a].[ClaimValue]
FROM [AspNetRoleClaims] AS [a]
WHERE [a].[RoleId] = @__role_Id_0"
2021-09-21T14:36:23.8852159+03:00 [INF] (Microsoft.EntityFrameworkCore.Database.Command) Executed DbCommand ("0"ms) [Parameters=["@__normalizedName_0='?' (Size = 256)"], CommandType='Text', CommandTimeout='30']"
""SELECT TOP(1) [a].[Id], [a].[ConcurrencyStamp], [a].[Name], [a].[NormalizedName]
FROM [AspNetRoles] AS [a]
WHERE [a].[NormalizedName] = @__normalizedName_0"
2021-09-21T14:36:23.8858623+03:00 [INF] (Microsoft.EntityFrameworkCore.Database.Command) Executed DbCommand ("0"ms) [Parameters=["@__role_Id_0='?' (DbType = Int32)"], CommandType='Text', CommandTimeout='30']"
""SELECT [a].[ClaimType], [a].[ClaimValue]
FROM [AspNetRoleClaims] AS [a]
WHERE [a].[RoleId] = @__role_Id_0"
2021-09-21T14:36:23.8887253+03:00 [INF] (Microsoft.AspNetCore.Authentication.Cookies.CookieAuthenticationHandler) AuthenticationScheme: "Identity.Application" signed in.
2021-09-21T14:36:23.9824913+03:00 [INF] (Microsoft.AspNetCore.Mvc.Infrastructure.ObjectResultExecutor) Executing "OkObjectResult", writing value of type '"<>f__AnonymousType0`1[[System.String, System.Private.CoreLib, Version=5.0.0.0, Culture=neutral, PublicKeyToken=7cec85d7bea7798e]]"'.
2021-09-21T14:36:24.0130462+03:00 [INF] (Microsoft.AspNetCore.Mvc.Infrastructure.ControllerActionInvoker) Executed action "Web.Controllers.AuthController.SignInAsync (Web)" in 276.7792ms
2021-09-21T14:36:24.0134896+03:00 [INF] (Microsoft.AspNetCore.Routing.EndpointMiddleware) Executed endpoint '"Web.Controllers.AuthController.SignInAsync (Web)"'
2021-09-21T14:36:24.0140619+03:00 [INF] (Microsoft.AspNetCore.Hosting.Diagnostics) Request finished HTTP/1.1 POST https://localhost:44376/auth/sign-in application/json 75 - 200 265 application/json;+charset=utf-8 337.9884ms
2021-09-21T14:36:31.6652766+03:00 [INF] (Microsoft.EntityFrameworkCore.Infrastructure) Entity Framework Core "5.0.10" initialized '"HealthChecksDb"' using provider '"Microsoft.EntityFrameworkCore.InMemory"' with options: "StoreName=HealthChecksUI "
2021-09-21T14:36:41.6814130+03:00 [INF] (Microsoft.EntityFrameworkCore.Infrastructure) Entity Framework Core "5.0.10" initialized '"HealthChecksDb"' using provider '"Microsoft.EntityFrameworkCore.InMemory"' with options: "StoreName=HealthChecksUI "
2021-09-21T14:36:51.6982131+03:00 [INF] (Microsoft.EntityFrameworkCore.Infrastructure) Entity Framework Core "5.0.10" initialized '"HealthChecksDb"' using provider '"Microsoft.EntityFrameworkCore.InMemory"' with options: "StoreName=HealthChecksUI "
2021-09-21T14:37:01.7037047+03:00 [INF] (Microsoft.EntityFrameworkCore.Infrastructure) Entity Framework Core "5.0.10" initialized '"HealthChecksDb"' using provider '"Microsoft.EntityFrameworkCore.InMemory"' with options: "StoreName=HealthChecksUI "
2021-09-21T14:37:11.7099378+03:00 [INF] (Microsoft.EntityFrameworkCore.Infrastructure) Entity Framework Core "5.0.10" initialized '"HealthChecksDb"' using provider '"Microsoft.EntityFrameworkCore.InMemory"' with options: "StoreName=HealthChecksUI "
2021-09-21T14:37:21.7196347+03:00 [INF] (Microsoft.EntityFrameworkCore.Infrastructure) Entity Framework Core "5.0.10" initialized '"HealthChecksDb"' using provider '"Microsoft.EntityFrameworkCore.InMemory"' with options: "StoreName=HealthChecksUI "
2021-09-21T14:37:31.7542506+03:00 [INF] (Microsoft.EntityFrameworkCore.Infrastructure) Entity Framework Core "5.0.10" initialized '"HealthChecksDb"' using provider '"Microsoft.EntityFrameworkCore.InMemory"' with options: "StoreName=HealthChecksUI "
2021-09-21T14:37:34.4184151+03:00 [INF] (Microsoft.AspNetCore.Hosting.Diagnostics) Request starting HTTP/2 POST https://localhost:44376/games multipart/form-data;+boundary=----WebKitFormBoundaryQ151A2fl5FkY9m3n 31434
2021-09-21T14:37:34.4231003+03:00 [INF] (Microsoft.AspNetCore.Authorization.DefaultAuthorizationService) Authorization was successful.
2021-09-21T14:37:34.4243299+03:00 [INF] (Microsoft.AspNetCore.Routing.EndpointMiddleware) Executing endpoint '"Web.Controllers.GamesController.CreateProductAsync (Web)"'
2021-09-21T14:37:34.4312569+03:00 [INF] (Microsoft.AspNetCore.Mvc.Infrastructure.ControllerActionInvoker) Route matched with "{action = \"CreateProduct\", controller = \"Games\"}". Executing controller action with signature "System.Threading.Tasks.Task`1[Microsoft.AspNetCore.Mvc.IActionResult] CreateProductAsync(BLL.ViewModels.ProductViewModel)" on controller "Web.Controllers.GamesController" ("Web").
2021-09-21T14:37:34.4323018+03:00 [INF] (Microsoft.AspNetCore.Authorization.DefaultAuthorizationService) Authorization was successful.
2021-09-21T14:37:45.5200715+03:00 [INF] (Microsoft.EntityFrameworkCore.Infrastructure) Entity Framework Core "5.0.10" initialized '"HealthChecksDb"' using provider '"Microsoft.EntityFrameworkCore.InMemory"' with options: "StoreName=HealthChecksUI "
2021-09-21T14:37:57.3007018+03:00 [INF] (Microsoft.EntityFrameworkCore.Infrastructure) Entity Framework Core "5.0.10" initialized '"HealthChecksDb"' using provider '"Microsoft.EntityFrameworkCore.InMemory"' with options: "StoreName=HealthChecksUI "
2021-09-21T14:38:16.3700140+03:00 [INF] (Microsoft.EntityFrameworkCore.Infrastructure) Entity Framework Core "5.0.10" initialized '"HealthChecksDb"' using provider '"Microsoft.EntityFrameworkCore.InMemory"' with options: "StoreName=HealthChecksUI "
2021-09-21T14:38:28.2964506+03:00 [INF] (Microsoft.EntityFrameworkCore.Infrastructure) Entity Framework Core "5.0.10" initialized '"HealthChecksDb"' using provider '"Microsoft.EntityFrameworkCore.InMemory"' with options: "StoreName=HealthChecksUI "
2021-09-21T14:38:48.5912449+03:00 [INF] (Microsoft.EntityFrameworkCore.Infrastructure) Entity Framework Core "5.0.10" initialized '"HealthChecksDb"' using provider '"Microsoft.EntityFrameworkCore.InMemory"' with options: "StoreName=HealthChecksUI "
2021-09-21T14:39:06.6599700+03:00 [INF] (Microsoft.EntityFrameworkCore.Infrastructure) Entity Framework Core "5.0.10" initialized '"HealthChecksDb"' using provider '"Microsoft.EntityFrameworkCore.InMemory"' with options: "StoreName=HealthChecksUI "
2021-09-21T14:39:16.9819802+03:00 [INF] (Microsoft.EntityFrameworkCore.Infrastructure) Entity Framework Core "5.0.10" initialized '"HealthChecksDb"' using provider '"Microsoft.EntityFrameworkCore.InMemory"' with options: "StoreName=HealthChecksUI "
2021-09-21T14:39:48.0192154+03:00 [INF] (Microsoft.EntityFrameworkCore.Infrastructure) Entity Framework Core "5.0.10" initialized '"HealthChecksDb"' using provider '"Microsoft.EntityFrameworkCore.InMemory"' with options: "StoreName=HealthChecksUI "
2021-09-21T14:39:58.0298465+03:00 [INF] (Microsoft.EntityFrameworkCore.Infrastructure) Entity Framework Core "5.0.10" initialized '"HealthChecksDb"' using provider '"Microsoft.EntityFrameworkCore.InMemory"' with options: "StoreName=HealthChecksUI "
2021-09-21T14:40:00.6857479+03:00 [INF] (Microsoft.EntityFrameworkCore.Infrastructure) Entity Framework Core "5.0.10" initialized '"ApplicationDbContext"' using provider '"Microsoft.EntityFrameworkCore.SqlServer"' with options: "None"
2021-09-21T14:40:01.2711528+03:00 [INF] (Microsoft.EntityFrameworkCore.Database.Command) Executed DbCommand ("1"ms) [Parameters=["@p0='?' (DbType = Int32), @p1='?' (DbType = DateTime2), @p2='?' (Size = 100), @p3='?' (Size = 200), @p4='?' (DbType = Int32), @p5='?' (DbType = Double), @p6='?' (DbType = Int32), @p7='?' (DbType = Double)"], CommandType='Text', CommandTimeout='30']"
""SET NOCOUNT ON;
INSERT INTO [Products] ([Count], [DateCreated], [Genre], [Name], [Platform], [Price], [Rating], [TotalRating])
VALUES (@p0, @p1, @p2, @p3, @p4, @p5, @p6, @p7);
SELECT [Id], [Background], [IsDeleted], [Logo]
FROM [Products]
WHERE @@ROWCOUNT = 1 AND [Id] = scope_identity();"
2021-09-21T14:40:06.2232092+03:00 [INF] (Microsoft.AspNetCore.Mvc.Infrastructure.ObjectResultExecutor) Executing "CreatedResult", writing value of type '"BLL.ViewModels.ProductViewModel"'.
2021-09-21T14:40:06.2574728+03:00 [INF] (Microsoft.AspNetCore.Mvc.Infrastructure.ControllerActionInvoker) Executed action "Web.Controllers.GamesController.CreateProductAsync (Web)" in 151831.7101ms
2021-09-21T14:40:06.2581623+03:00 [INF] (Microsoft.AspNetCore.Routing.EndpointMiddleware) Executed endpoint '"Web.Controllers.GamesController.CreateProductAsync (Web)"'
2021-09-21T14:40:06.2834596+03:00 [INF] (Microsoft.AspNetCore.Hosting.Diagnostics) Request finished HTTP/2 POST https://localhost:44376/games multipart/form-data;+boundary=----WebKitFormBoundaryQ151A2fl5FkY9m3n 31434 - 201 525 application/json;+charset=utf-8 151870.1652ms
2021-09-21T14:40:08.0614597+03:00 [INF] (Microsoft.EntityFrameworkCore.Infrastructure) Entity Framework Core "5.0.10" initialized '"HealthChecksDb"' using provider '"Microsoft.EntityFrameworkCore.InMemory"' with options: "StoreName=HealthChecksUI "
2021-09-21T14:40:18.0628362+03:00 [INF] (Microsoft.EntityFrameworkCore.Infrastructure) Entity Framework Core "5.0.10" initialized '"HealthChecksDb"' using provider '"Microsoft.EntityFrameworkCore.InMemory"' with options: "StoreName=HealthChecksUI "
2021-09-21T14:40:28.0641517+03:00 [INF] (Microsoft.EntityFrameworkCore.Infrastructure) Entity Framework Core "5.0.10" initialized '"HealthChecksDb"' using provider '"Microsoft.EntityFrameworkCore.InMemory"' with options: "StoreName=HealthChecksUI "
2021-09-21T14:41:26.3691401+03:00 [INF] () Strating web host
