2021-09-13T13:13:38.9331342+03:00 [INF] (Microsoft.AspNetCore.DataProtection.KeyManagement.XmlKeyManager) User profile is available. Using '"C:\Users\A.Dzenisevich\AppData\Local\ASP.NET\DataProtection-Keys"' as key repository and Windows DPAPI to encrypt keys at rest.
2021-09-13T13:13:39.0002922+03:00 [INF] (HealthChecks.UI.Core.HostedService.UIInitializationHostedService) Initializing UI Database
2021-09-13T13:13:39.4142807+03:00 [INF] (Microsoft.EntityFrameworkCore.Infrastructure) Entity Framework Core "5.0.9" initialized '"HealthChecksDb"' using provider '"Microsoft.EntityFrameworkCore.InMemory"' with options: "StoreName=HealthChecksUI "
2021-09-13T13:13:39.7739016+03:00 [INF] (Microsoft.AspNetCore.Hosting.Diagnostics) Request starting HTTP/2 GET https://localhost:44376/index.html - -
2021-09-13T13:13:39.7820408+03:00 [INF] (Microsoft.EntityFrameworkCore.Infrastructure) Entity Framework Core "5.0.9" initialized '"HealthChecksDb"' using provider '"Microsoft.EntityFrameworkCore.InMemory"' with options: "StoreName=HealthChecksUI "
2021-09-13T13:13:39.8173628+03:00 [INF] (Microsoft.Hosting.Lifetime) Application started. Press Ctrl+C to shut down.
2021-09-13T13:13:39.8174845+03:00 [INF] (Microsoft.Hosting.Lifetime) Hosting environment: "Development"
2021-09-13T13:13:39.8175679+03:00 [INF] (Microsoft.Hosting.Lifetime) Content root path: "D:\LabWebApp\Web"
2021-09-13T13:13:39.9143545+03:00 [INF] (Microsoft.AspNetCore.Hosting.Diagnostics) Request finished HTTP/2 GET https://localhost:44376/index.html - - - 200 - text/html;charset=utf-8 143.0484ms
2021-09-13T13:13:40.0451996+03:00 [INF] (Microsoft.AspNetCore.Hosting.Diagnostics) Request starting HTTP/2 GET https://localhost:44376/swagger/v1/swagger.json - -
2021-09-13T13:13:40.1173479+03:00 [INF] (Microsoft.AspNetCore.Hosting.Diagnostics) Request finished HTTP/2 GET https://localhost:44376/swagger/v1/swagger.json - - - 200 - application/json;charset=utf-8 72.1352ms
2021-09-13T13:13:41.8057802+03:00 [INF] (Microsoft.AspNetCore.Hosting.Diagnostics) Request starting HTTP/1.1 GET https://localhost:44376/user - -
2021-09-13T13:13:41.8355057+03:00 [INF] (Microsoft.AspNetCore.Authorization.DefaultAuthorizationService) Authorization was successful.
2021-09-13T13:13:41.8366670+03:00 [INF] (Microsoft.AspNetCore.Routing.EndpointMiddleware) Executing endpoint '"Web.Controllers.UserController.GetUserProfile (Web)"'
2021-09-13T13:13:41.8470759+03:00 [INF] (Microsoft.AspNetCore.Mvc.Infrastructure.ControllerActionInvoker) Route matched with "{action = \"GetUserProfile\", controller = \"User\"}". Executing controller action with signature "Microsoft.AspNetCore.Mvc.IActionResult GetUserProfile()" on controller "Web.Controllers.UserController" ("Web").
2021-09-13T13:13:41.8485904+03:00 [INF] (Microsoft.AspNetCore.Authorization.DefaultAuthorizationService) Authorization was successful.
2021-09-13T13:13:42.2070516+03:00 [INF] (Microsoft.EntityFrameworkCore.Infrastructure) Entity Framework Core "5.0.9" initialized '"ApplicationDbContext"' using provider '"Microsoft.EntityFrameworkCore.SqlServer"' with options: "None"
2021-09-13T13:13:42.3893872+03:00 [INF] (Microsoft.AspNetCore.Mvc.Infrastructure.ObjectResultExecutor) Executing "OkObjectResult", writing value of type '"System.Runtime.CompilerServices.AsyncTaskMethodBuilder`1+AsyncStateMachineBox`1[[RIL.Models.ExtendedUser, RIL, Version=1.0.0.0, Culture=neutral, PublicKeyToken=null],[BLL.Services.UserService+<GetUserProfile>d__5, BLL, Version=1.0.0.0, Culture=neutral, PublicKeyToken=null]]"'.
2021-09-13T13:13:42.4878693+03:00 [INF] (Microsoft.AspNetCore.Mvc.Infrastructure.ControllerActionInvoker) Executed action "Web.Controllers.UserController.GetUserProfile (Web)" in 636.9664ms
2021-09-13T13:13:42.4886702+03:00 [INF] (Microsoft.AspNetCore.Routing.EndpointMiddleware) Executed endpoint '"Web.Controllers.UserController.GetUserProfile (Web)"'
2021-09-13T13:13:42.5872809+03:00 [INF] (Microsoft.AspNetCore.Hosting.Diagnostics) Request finished HTTP/1.1 GET https://localhost:44376/user - - - 500 - text/plain 781.4060ms
2021-09-13T13:14:59.1963553+03:00 [INF] () Strating web host
