2021-09-15T21:26:32.1482973+03:00 [INF] (Microsoft.AspNetCore.DataProtection.KeyManagement.XmlKeyManager) User profile is available. Using '"C:\Users\A.Dzenisevich\AppData\Local\ASP.NET\DataProtection-Keys"' as key repository and Windows DPAPI to encrypt keys at rest.
2021-09-15T21:26:32.2090686+03:00 [INF] (HealthChecks.UI.Core.HostedService.UIInitializationHostedService) Initializing UI Database
2021-09-15T21:26:32.6875555+03:00 [INF] (Microsoft.EntityFrameworkCore.Infrastructure) Entity Framework Core "5.0.9" initialized '"HealthChecksDb"' using provider '"Microsoft.EntityFrameworkCore.InMemory"' with options: "StoreName=HealthChecksUI "
2021-09-15T21:26:33.0413756+03:00 [INF] (Microsoft.AspNetCore.Hosting.Diagnostics) Request starting HTTP/2 GET https://localhost:44376/index.html - -
2021-09-15T21:26:33.0483490+03:00 [INF] (Microsoft.EntityFrameworkCore.Infrastructure) Entity Framework Core "5.0.9" initialized '"HealthChecksDb"' using provider '"Microsoft.EntityFrameworkCore.InMemory"' with options: "StoreName=HealthChecksUI "
2021-09-15T21:26:33.0782190+03:00 [INF] (Microsoft.Hosting.Lifetime) Application started. Press Ctrl+C to shut down.
2021-09-15T21:26:33.0782706+03:00 [INF] (Microsoft.Hosting.Lifetime) Hosting environment: "Development"
2021-09-15T21:26:33.0782933+03:00 [INF] (Microsoft.Hosting.Lifetime) Content root path: "D:\LabWebApp\Web"
2021-09-15T21:26:33.1633448+03:00 [INF] (Microsoft.AspNetCore.Hosting.Diagnostics) Request finished HTTP/2 GET https://localhost:44376/index.html - - - 200 - text/html;charset=utf-8 122.9838ms
2021-09-15T21:26:33.2955042+03:00 [INF] (Microsoft.AspNetCore.Hosting.Diagnostics) Request starting HTTP/2 GET https://localhost:44376/swagger/v1/swagger.json - -
2021-09-15T21:26:33.3751884+03:00 [INF] (Microsoft.AspNetCore.Hosting.Diagnostics) Request finished HTTP/2 GET https://localhost:44376/swagger/v1/swagger.json - - - 200 - application/json;charset=utf-8 79.7225ms
2021-09-15T21:26:38.9403550+03:00 [INF] (Microsoft.AspNetCore.Hosting.Diagnostics) Request starting HTTP/1.1 GET https://localhost:44376/Games/search?name=V - -
2021-09-15T21:26:38.9433162+03:00 [INF] (Microsoft.AspNetCore.Routing.EndpointMiddleware) Executing endpoint '"Web.Controllers.GamesController.SearchGamesByParameters (Web)"'
2021-09-15T21:26:38.9615444+03:00 [INF] (Microsoft.AspNetCore.Mvc.Infrastructure.ControllerActionInvoker) Route matched with "{action = \"SearchGamesByParameters\", controller = \"Games\"}". Executing controller action with signature "System.Threading.Tasks.Task`1[Microsoft.AspNetCore.Mvc.IActionResult] SearchGamesByParameters(System.Nullable`1[System.DateTime], System.Nullable`1[System.Int32], System.Nullable`1[System.Double], System.String)" on controller "Web.Controllers.GamesController" ("Web").
2021-09-15T21:26:39.2379540+03:00 [INF] (Microsoft.EntityFrameworkCore.Infrastructure) Entity Framework Core "5.0.9" initialized '"ApplicationDbContext"' using provider '"Microsoft.EntityFrameworkCore.SqlServer"' with options: "None"
2021-09-15T21:26:39.6637348+03:00 [INF] (Microsoft.EntityFrameworkCore.Database.Command) Executed DbCommand ("42"ms) [Parameters=["@__p_1='?' (Size = 200)"], CommandType='Text', CommandTimeout='30']"
""SELECT [p].[Id], [p].[DateCreated], [p].[Name], [p].[Platform], [p].[TotalRating]
FROM [Products] AS [p]
WHERE LOWER([p].[Name]) LIKE @__p_1"
2021-09-15T21:26:39.7190551+03:00 [INF] (Microsoft.AspNetCore.Mvc.Infrastructure.ObjectResultExecutor) Executing "OkObjectResult", writing value of type '"System.Collections.Generic.List`1[[RIL.Models.Product, RIL, Version=1.0.0.0, Culture=neutral, PublicKeyToken=null]]"'.
2021-09-15T21:26:39.8161509+03:00 [INF] (Microsoft.AspNetCore.Mvc.Infrastructure.ControllerActionInvoker) Executed action "Web.Controllers.GamesController.SearchGamesByParameters (Web)" in 851.2265ms
2021-09-15T21:26:39.8166186+03:00 [INF] (Microsoft.AspNetCore.Routing.EndpointMiddleware) Executed endpoint '"Web.Controllers.GamesController.SearchGamesByParameters (Web)"'
2021-09-15T21:26:39.8189329+03:00 [INF] (Microsoft.AspNetCore.Hosting.Diagnostics) Request finished HTTP/1.1 GET https://localhost:44376/Games/search?name=V - - - 200 1210 application/json;+charset=utf-8 878.5349ms
2021-09-15T21:26:43.1189883+03:00 [INF] (Microsoft.EntityFrameworkCore.Infrastructure) Entity Framework Core "5.0.9" initialized '"HealthChecksDb"' using provider '"Microsoft.EntityFrameworkCore.InMemory"' with options: "StoreName=HealthChecksUI "
