2021-09-09T15:49:47.9781115+03:00 [INF] (Microsoft.AspNetCore.DataProtection.KeyManagement.XmlKeyManager) User profile is available. Using '"C:\Users\A.Dzenisevich\AppData\Local\ASP.NET\DataProtection-Keys"' as key repository and Windows DPAPI to encrypt keys at rest.
2021-09-09T15:49:48.0827327+03:00 [INF] (HealthChecks.UI.Core.HostedService.UIInitializationHostedService) Initializing UI Database
2021-09-09T15:49:48.6289043+03:00 [INF] (Microsoft.EntityFrameworkCore.Infrastructure) Entity Framework Core "5.0.9" initialized '"HealthChecksDb"' using provider '"Microsoft.EntityFrameworkCore.InMemory"' with options: "StoreName=HealthChecksUI "
2021-09-09T15:49:49.0745094+03:00 [INF] (Microsoft.AspNetCore.Hosting.Diagnostics) Request starting HTTP/2 GET https://localhost:44376/index.html - -
2021-09-09T15:49:49.0819236+03:00 [INF] (Microsoft.EntityFrameworkCore.Infrastructure) Entity Framework Core "5.0.9" initialized '"HealthChecksDb"' using provider '"Microsoft.EntityFrameworkCore.InMemory"' with options: "StoreName=HealthChecksUI "
2021-09-09T15:49:49.1196653+03:00 [INF] (Microsoft.Hosting.Lifetime) Application started. Press Ctrl+C to shut down.
2021-09-09T15:49:49.1197982+03:00 [INF] (Microsoft.Hosting.Lifetime) Hosting environment: "Development"
2021-09-09T15:49:49.1198655+03:00 [INF] (Microsoft.Hosting.Lifetime) Content root path: "D:\LabWebApp\Web"
2021-09-09T15:49:49.4340460+03:00 [INF] (Microsoft.EntityFrameworkCore.Infrastructure) Entity Framework Core "5.0.9" initialized '"ApplicationDbContext"' using provider '"Microsoft.EntityFrameworkCore.SqlServer"' with options: "None"
2021-09-09T15:49:50.0432514+03:00 [INF] (Microsoft.EntityFrameworkCore.Database.Command) Executed DbCommand ("43"ms) [Parameters=["@__p_0='?' (DbType = Int32)"], CommandType='Text', CommandTimeout='30']"
""SELECT TOP(1) [a].[Id], [a].[AccessFailedCount], [a].[ConcurrencyStamp], [a].[Email], [a].[EmailConfirmed], [a].[LockoutEnabled], [a].[LockoutEnd], [a].[NormalizedEmail], [a].[NormalizedUserName], [a].[PasswordHash], [a].[PhoneNumber], [a].[PhoneNumberConfirmed], [a].[SecurityStamp], [a].[TwoFactorEnabled], [a].[UserName]
FROM [AspNetUsers] AS [a]
WHERE [a].[Id] = @__p_0"
2021-09-09T15:49:50.1651095+03:00 [INF] (Microsoft.EntityFrameworkCore.Database.Command) Executed DbCommand ("3"ms) [Parameters=["@__user_Id_0='?' (DbType = Int32)"], CommandType='Text', CommandTimeout='30']"
""SELECT [a].[Id], [a].[ClaimType], [a].[ClaimValue], [a].[UserId]
FROM [AspNetUserClaims] AS [a]
WHERE [a].[UserId] = @__user_Id_0"
2021-09-09T15:49:50.1869056+03:00 [INF] (Microsoft.EntityFrameworkCore.Database.Command) Executed DbCommand ("2"ms) [Parameters=["@__userId_0='?' (DbType = Int32)"], CommandType='Text', CommandTimeout='30']"
""SELECT [a0].[Name]
FROM [AspNetUserRoles] AS [a]
INNER JOIN [AspNetRoles] AS [a0] ON [a].[RoleId] = [a0].[Id]
WHERE [a].[UserId] = @__userId_0"
2021-09-09T15:49:50.1988526+03:00 [INF] (Microsoft.EntityFrameworkCore.Database.Command) Executed DbCommand ("2"ms) [Parameters=["@__normalizedName_0='?' (Size = 256)"], CommandType='Text', CommandTimeout='30']"
""SELECT TOP(1) [a].[Id], [a].[ConcurrencyStamp], [a].[Name], [a].[NormalizedName]
FROM [AspNetRoles] AS [a]
WHERE [a].[NormalizedName] = @__normalizedName_0"
2021-09-09T15:49:50.2155291+03:00 [INF] (Microsoft.EntityFrameworkCore.Database.Command) Executed DbCommand ("1"ms) [Parameters=["@__role_Id_0='?' (DbType = Int32)"], CommandType='Text', CommandTimeout='30']"
""SELECT [a].[ClaimType], [a].[ClaimValue]
FROM [AspNetRoleClaims] AS [a]
WHERE [a].[RoleId] = @__role_Id_0"
2021-09-09T15:49:50.2184862+03:00 [INF] (Microsoft.EntityFrameworkCore.Database.Command) Executed DbCommand ("1"ms) [Parameters=["@__normalizedName_0='?' (Size = 256)"], CommandType='Text', CommandTimeout='30']"
""SELECT TOP(1) [a].[Id], [a].[ConcurrencyStamp], [a].[Name], [a].[NormalizedName]
FROM [AspNetRoles] AS [a]
WHERE [a].[NormalizedName] = @__normalizedName_0"
2021-09-09T15:49:50.2197813+03:00 [INF] (Microsoft.EntityFrameworkCore.Database.Command) Executed DbCommand ("1"ms) [Parameters=["@__role_Id_0='?' (DbType = Int32)"], CommandType='Text', CommandTimeout='30']"
""SELECT [a].[ClaimType], [a].[ClaimValue]
FROM [AspNetRoleClaims] AS [a]
WHERE [a].[RoleId] = @__role_Id_0"
2021-09-09T15:49:50.3117121+03:00 [INF] (Microsoft.AspNetCore.Hosting.Diagnostics) Request finished HTTP/2 GET https://localhost:44376/index.html - - - 200 - text/html;charset=utf-8 1239.2141ms
2021-09-09T15:49:50.3229517+03:00 [INF] (Microsoft.AspNetCore.Hosting.Diagnostics) Request starting HTTP/2 GET https://localhost:44376/swagger-ui.css - -
2021-09-09T15:49:50.3230060+03:00 [INF] (Microsoft.AspNetCore.Hosting.Diagnostics) Request starting HTTP/2 GET https://localhost:44376/swagger-ui-bundle.js - -
2021-09-09T15:49:50.3231317+03:00 [INF] (Microsoft.AspNetCore.Hosting.Diagnostics) Request starting HTTP/2 GET https://localhost:44376/swagger-ui-standalone-preset.js - -
2021-09-09T15:49:50.3540476+03:00 [INF] (Microsoft.AspNetCore.StaticFiles.StaticFileMiddleware) The file "/swagger-ui.css" was not modified
2021-09-09T15:49:50.3540475+03:00 [INF] (Microsoft.AspNetCore.StaticFiles.StaticFileMiddleware) The file "/swagger-ui-bundle.js" was not modified
2021-09-09T15:49:50.3540476+03:00 [INF] (Microsoft.AspNetCore.StaticFiles.StaticFileMiddleware) The file "/swagger-ui-standalone-preset.js" was not modified
2021-09-09T15:49:50.3555655+03:00 [INF] (Microsoft.AspNetCore.Hosting.Diagnostics) Request finished HTTP/2 GET https://localhost:44376/swagger-ui.css - - - 304 - text/css 32.5874ms
2021-09-09T15:49:50.3555655+03:00 [INF] (Microsoft.AspNetCore.Hosting.Diagnostics) Request finished HTTP/2 GET https://localhost:44376/swagger-ui-standalone-preset.js - - - 304 - application/javascript 32.3535ms
2021-09-09T15:49:50.3555655+03:00 [INF] (Microsoft.AspNetCore.Hosting.Diagnostics) Request finished HTTP/2 GET https://localhost:44376/swagger-ui-bundle.js - - - 304 - application/javascript 32.4840ms
2021-09-09T15:49:50.5130536+03:00 [INF] (Microsoft.AspNetCore.Hosting.Diagnostics) Request starting HTTP/2 GET https://localhost:44376/swagger/v1/swagger.json - -
2021-09-09T15:49:50.5882941+03:00 [INF] (Microsoft.AspNetCore.Hosting.Diagnostics) Request finished HTTP/2 GET https://localhost:44376/swagger/v1/swagger.json - - - 200 - application/json;charset=utf-8 75.2026ms
2021-09-09T15:50:21.3171778+03:00 [INF] () Strating web host
