2021-09-15T21:16:00.7223403+03:00 [INF] (Microsoft.AspNetCore.DataProtection.KeyManagement.XmlKeyManager) User profile is available. Using '"C:\Users\A.Dzenisevich\AppData\Local\ASP.NET\DataProtection-Keys"' as key repository and Windows DPAPI to encrypt keys at rest.
2021-09-15T21:16:00.7862117+03:00 [INF] (HealthChecks.UI.Core.HostedService.UIInitializationHostedService) Initializing UI Database
2021-09-15T21:16:01.2037556+03:00 [INF] (Microsoft.EntityFrameworkCore.Infrastructure) Entity Framework Core "5.0.9" initialized '"HealthChecksDb"' using provider '"Microsoft.EntityFrameworkCore.InMemory"' with options: "StoreName=HealthChecksUI "
2021-09-15T21:16:01.5480400+03:00 [INF] (Microsoft.AspNetCore.Hosting.Diagnostics) Request starting HTTP/2 GET https://localhost:44376/index.html - -
2021-09-15T21:16:01.5548629+03:00 [INF] (Microsoft.EntityFrameworkCore.Infrastructure) Entity Framework Core "5.0.9" initialized '"HealthChecksDb"' using provider '"Microsoft.EntityFrameworkCore.InMemory"' with options: "StoreName=HealthChecksUI "
2021-09-15T21:16:01.5880899+03:00 [INF] (Microsoft.Hosting.Lifetime) Application started. Press Ctrl+C to shut down.
2021-09-15T21:16:01.5881557+03:00 [INF] (Microsoft.Hosting.Lifetime) Hosting environment: "Development"
2021-09-15T21:16:01.5881903+03:00 [INF] (Microsoft.Hosting.Lifetime) Content root path: "D:\LabWebApp\Web"
2021-09-15T21:16:01.6781167+03:00 [INF] (Microsoft.AspNetCore.Hosting.Diagnostics) Request finished HTTP/2 GET https://localhost:44376/index.html - - - 200 - text/html;charset=utf-8 131.3869ms
2021-09-15T21:16:01.8101281+03:00 [INF] (Microsoft.AspNetCore.Hosting.Diagnostics) Request starting HTTP/2 GET https://localhost:44376/swagger/v1/swagger.json - -
2021-09-15T21:16:01.8907419+03:00 [INF] (Microsoft.AspNetCore.Hosting.Diagnostics) Request finished HTTP/2 GET https://localhost:44376/swagger/v1/swagger.json - - - 200 - application/json;charset=utf-8 80.5056ms
2021-09-15T21:16:04.1899557+03:00 [INF] (Microsoft.AspNetCore.Hosting.Diagnostics) Request starting HTTP/1.1 GET https://localhost:44376/Games/search/{name}?name=the - -
2021-09-15T21:16:04.1929507+03:00 [INF] (Microsoft.AspNetCore.Routing.EndpointMiddleware) Executing endpoint '"Web.Controllers.GamesController.SearchGamesByName (Web)"'
2021-09-15T21:16:04.2115605+03:00 [INF] (Microsoft.AspNetCore.Mvc.Infrastructure.ControllerActionInvoker) Route matched with "{action = \"SearchGamesByName\", controller = \"Games\"}". Executing controller action with signature "System.Threading.Tasks.Task`1[Microsoft.AspNetCore.Mvc.IActionResult] SearchGamesByName(System.String)" on controller "Web.Controllers.GamesController" ("Web").
2021-09-15T21:16:06.4153443+03:00 [INF] (Microsoft.EntityFrameworkCore.Infrastructure) Entity Framework Core "5.0.9" initialized '"ApplicationDbContext"' using provider '"Microsoft.EntityFrameworkCore.SqlServer"' with options: "None"
2021-09-15T21:16:06.8287237+03:00 [INF] (Microsoft.EntityFrameworkCore.Database.Command) Executed DbCommand ("40"ms) [Parameters=["@__p_1='?' (Size = 200)"], CommandType='Text', CommandTimeout='30']"
""SELECT [p].[Id], [p].[DateCreated], [p].[Name], [p].[Platform], [p].[TotalRating]
FROM [Products] AS [p]
WHERE LOWER([p].[Name]) LIKE @__p_1"
2021-09-15T21:16:06.8518032+03:00 [INF] (Microsoft.AspNetCore.Mvc.Infrastructure.ObjectResultExecutor) Executing "OkObjectResult", writing value of type '"System.String"'.
2021-09-15T21:16:06.8554625+03:00 [INF] (Microsoft.AspNetCore.Mvc.Infrastructure.ControllerActionInvoker) Executed action "Web.Controllers.GamesController.SearchGamesByName (Web)" in 2640.8317ms
2021-09-15T21:16:06.8558603+03:00 [INF] (Microsoft.AspNetCore.Routing.EndpointMiddleware) Executed endpoint '"Web.Controllers.GamesController.SearchGamesByName (Web)"'
2021-09-15T21:16:06.8580338+03:00 [INF] (Microsoft.AspNetCore.Hosting.Diagnostics) Request finished HTTP/1.1 GET https://localhost:44376/Games/search/{name}?name=the - - - 200 - text/plain;+charset=utf-8 2668.1260ms
2021-09-15T21:16:11.6231033+03:00 [INF] (Microsoft.EntityFrameworkCore.Infrastructure) Entity Framework Core "5.0.9" initialized '"HealthChecksDb"' using provider '"Microsoft.EntityFrameworkCore.InMemory"' with options: "StoreName=HealthChecksUI "
2021-09-15T21:17:12.5641451+03:00 [INF] () Strating web host
