2021-09-15T21:22:12.1054724+03:00 [INF] (Microsoft.AspNetCore.DataProtection.KeyManagement.XmlKeyManager) User profile is available. Using '"C:\Users\A.Dzenisevich\AppData\Local\ASP.NET\DataProtection-Keys"' as key repository and Windows DPAPI to encrypt keys at rest.
2021-09-15T21:22:12.1657867+03:00 [INF] (HealthChecks.UI.Core.HostedService.UIInitializationHostedService) Initializing UI Database
2021-09-15T21:22:12.6478738+03:00 [INF] (Microsoft.EntityFrameworkCore.Infrastructure) Entity Framework Core "5.0.9" initialized '"HealthChecksDb"' using provider '"Microsoft.EntityFrameworkCore.InMemory"' with options: "StoreName=HealthChecksUI "
2021-09-15T21:22:12.9764480+03:00 [INF] (Microsoft.AspNetCore.Hosting.Diagnostics) Request starting HTTP/2 GET https://localhost:44376/index.html - -
2021-09-15T21:22:12.9831448+03:00 [INF] (Microsoft.EntityFrameworkCore.Infrastructure) Entity Framework Core "5.0.9" initialized '"HealthChecksDb"' using provider '"Microsoft.EntityFrameworkCore.InMemory"' with options: "StoreName=HealthChecksUI "
2021-09-15T21:22:13.0152131+03:00 [INF] (Microsoft.Hosting.Lifetime) Application started. Press Ctrl+C to shut down.
2021-09-15T21:22:13.0152867+03:00 [INF] (Microsoft.Hosting.Lifetime) Hosting environment: "Development"
2021-09-15T21:22:13.0153193+03:00 [INF] (Microsoft.Hosting.Lifetime) Content root path: "D:\LabWebApp\Web"
2021-09-15T21:22:13.1048128+03:00 [INF] (Microsoft.AspNetCore.Hosting.Diagnostics) Request finished HTTP/2 GET https://localhost:44376/index.html - - - 200 - text/html;charset=utf-8 129.6518ms
2021-09-15T21:22:13.2379793+03:00 [INF] (Microsoft.AspNetCore.Hosting.Diagnostics) Request starting HTTP/2 GET https://localhost:44376/swagger/v1/swagger.json - -
2021-09-15T21:22:13.3227199+03:00 [INF] (Microsoft.AspNetCore.Hosting.Diagnostics) Request finished HTTP/2 GET https://localhost:44376/swagger/v1/swagger.json - - - 200 - application/json;charset=utf-8 84.6715ms
2021-09-15T21:22:13.5679120+03:00 [INF] (Microsoft.AspNetCore.Hosting.Diagnostics) Request starting HTTP/1.1 GET https://localhost:44376/Games/search?name=kek - -
2021-09-15T21:22:13.5702430+03:00 [INF] (Microsoft.AspNetCore.Routing.EndpointMiddleware) Executing endpoint '"Web.Controllers.GamesController.SearchGamesByParameters (Web)"'
2021-09-15T21:22:13.5920710+03:00 [INF] (Microsoft.AspNetCore.Mvc.Infrastructure.ControllerActionInvoker) Route matched with "{action = \"SearchGamesByParameters\", controller = \"Games\"}". Executing controller action with signature "System.Threading.Tasks.Task`1[Microsoft.AspNetCore.Mvc.IActionResult] SearchGamesByParameters(System.DateTime, Int32, Double, System.String)" on controller "Web.Controllers.GamesController" ("Web").
2021-09-15T21:22:13.8653933+03:00 [INF] (Microsoft.EntityFrameworkCore.Infrastructure) Entity Framework Core "5.0.9" initialized '"ApplicationDbContext"' using provider '"Microsoft.EntityFrameworkCore.SqlServer"' with options: "None"
2021-09-15T21:22:14.2879555+03:00 [INF] (Microsoft.EntityFrameworkCore.Database.Command) Executed DbCommand ("41"ms) [Parameters=["@__p_1='?' (Size = 200)"], CommandType='Text', CommandTimeout='30']"
""SELECT [p].[Id], [p].[DateCreated], [p].[Name], [p].[Platform], [p].[TotalRating]
FROM [Products] AS [p]
WHERE LOWER([p].[Name]) LIKE @__p_1"
2021-09-15T21:22:14.3116677+03:00 [INF] (Microsoft.AspNetCore.Mvc.Infrastructure.ObjectResultExecutor) Executing "OkObjectResult", writing value of type '"System.Collections.Generic.List`1[[RIL.Models.Product, RIL, Version=1.0.0.0, Culture=neutral, PublicKeyToken=null]]"'.
2021-09-15T21:22:14.3938914+03:00 [INF] (Microsoft.AspNetCore.Mvc.Infrastructure.ControllerActionInvoker) Executed action "Web.Controllers.GamesController.SearchGamesByParameters (Web)" in 798.4615ms
2021-09-15T21:22:14.3944198+03:00 [INF] (Microsoft.AspNetCore.Routing.EndpointMiddleware) Executed endpoint '"Web.Controllers.GamesController.SearchGamesByParameters (Web)"'
2021-09-15T21:22:14.3967383+03:00 [INF] (Microsoft.AspNetCore.Hosting.Diagnostics) Request finished HTTP/1.1 GET https://localhost:44376/Games/search?name=kek - - - 200 2 application/json;+charset=utf-8 828.7989ms
2021-09-15T21:22:23.0435047+03:00 [INF] (Microsoft.EntityFrameworkCore.Infrastructure) Entity Framework Core "5.0.9" initialized '"HealthChecksDb"' using provider '"Microsoft.EntityFrameworkCore.InMemory"' with options: "StoreName=HealthChecksUI "
2021-09-15T21:22:24.9087772+03:00 [INF] (Microsoft.AspNetCore.Hosting.Diagnostics) Request starting HTTP/1.1 GET https://localhost:44376/Games/search?name=hunt - -
2021-09-15T21:22:24.9095708+03:00 [INF] (Microsoft.AspNetCore.Routing.EndpointMiddleware) Executing endpoint '"Web.Controllers.GamesController.SearchGamesByParameters (Web)"'
2021-09-15T21:22:24.9098040+03:00 [INF] (Microsoft.AspNetCore.Mvc.Infrastructure.ControllerActionInvoker) Route matched with "{action = \"SearchGamesByParameters\", controller = \"Games\"}". Executing controller action with signature "System.Threading.Tasks.Task`1[Microsoft.AspNetCore.Mvc.IActionResult] SearchGamesByParameters(System.DateTime, Int32, Double, System.String)" on controller "Web.Controllers.GamesController" ("Web").
2021-09-15T21:22:24.9288451+03:00 [INF] (Microsoft.EntityFrameworkCore.Infrastructure) Entity Framework Core "5.0.9" initialized '"ApplicationDbContext"' using provider '"Microsoft.EntityFrameworkCore.SqlServer"' with options: "None"
2021-09-15T21:22:24.9351857+03:00 [INF] (Microsoft.EntityFrameworkCore.Database.Command) Executed DbCommand ("3"ms) [Parameters=["@__p_1='?' (Size = 200)"], CommandType='Text', CommandTimeout='30']"
""SELECT [p].[Id], [p].[DateCreated], [p].[Name], [p].[Platform], [p].[TotalRating]
FROM [Products] AS [p]
WHERE LOWER([p].[Name]) LIKE @__p_1"
2021-09-15T21:22:24.9731473+03:00 [INF] (Microsoft.AspNetCore.Mvc.Infrastructure.ObjectResultExecutor) Executing "OkObjectResult", writing value of type '"System.Collections.Generic.List`1[[RIL.Models.Product, RIL, Version=1.0.0.0, Culture=neutral, PublicKeyToken=null]]"'.
2021-09-15T21:22:24.9883838+03:00 [INF] (Microsoft.AspNetCore.Mvc.Infrastructure.ControllerActionInvoker) Executed action "Web.Controllers.GamesController.SearchGamesByParameters (Web)" in 78.5198ms
2021-09-15T21:22:24.9884749+03:00 [INF] (Microsoft.AspNetCore.Routing.EndpointMiddleware) Executed endpoint '"Web.Controllers.GamesController.SearchGamesByParameters (Web)"'
2021-09-15T21:22:24.9886352+03:00 [INF] (Microsoft.AspNetCore.Hosting.Diagnostics) Request finished HTTP/1.1 GET https://localhost:44376/Games/search?name=hunt - - - 200 441 application/json;+charset=utf-8 79.8605ms
2021-09-15T21:22:30.6750460+03:00 [INF] (Microsoft.AspNetCore.Hosting.Diagnostics) Request starting HTTP/1.1 GET https://localhost:44376/Games/search?name=III - -
2021-09-15T21:22:30.6752617+03:00 [INF] (Microsoft.AspNetCore.Routing.EndpointMiddleware) Executing endpoint '"Web.Controllers.GamesController.SearchGamesByParameters (Web)"'
2021-09-15T21:22:30.6753515+03:00 [INF] (Microsoft.AspNetCore.Mvc.Infrastructure.ControllerActionInvoker) Route matched with "{action = \"SearchGamesByParameters\", controller = \"Games\"}". Executing controller action with signature "System.Threading.Tasks.Task`1[Microsoft.AspNetCore.Mvc.IActionResult] SearchGamesByParameters(System.DateTime, Int32, Double, System.String)" on controller "Web.Controllers.GamesController" ("Web").
2021-09-15T21:22:30.6816156+03:00 [INF] (Microsoft.EntityFrameworkCore.Infrastructure) Entity Framework Core "5.0.9" initialized '"ApplicationDbContext"' using provider '"Microsoft.EntityFrameworkCore.SqlServer"' with options: "None"
2021-09-15T21:22:30.6838746+03:00 [INF] (Microsoft.EntityFrameworkCore.Database.Command) Executed DbCommand ("1"ms) [Parameters=["@__p_1='?' (Size = 200)"], CommandType='Text', CommandTimeout='30']"
""SELECT [p].[Id], [p].[DateCreated], [p].[Name], [p].[Platform], [p].[TotalRating]
FROM [Products] AS [p]
WHERE LOWER([p].[Name]) LIKE @__p_1"
2021-09-15T21:22:30.6849366+03:00 [INF] (Microsoft.AspNetCore.Mvc.Infrastructure.ObjectResultExecutor) Executing "OkObjectResult", writing value of type '"System.Collections.Generic.List`1[[RIL.Models.Product, RIL, Version=1.0.0.0, Culture=neutral, PublicKeyToken=null]]"'.
2021-09-15T21:22:30.6854146+03:00 [INF] (Microsoft.AspNetCore.Mvc.Infrastructure.ControllerActionInvoker) Executed action "Web.Controllers.GamesController.SearchGamesByParameters (Web)" in 10.0091ms
2021-09-15T21:22:30.6854614+03:00 [INF] (Microsoft.AspNetCore.Routing.EndpointMiddleware) Executed endpoint '"Web.Controllers.GamesController.SearchGamesByParameters (Web)"'
2021-09-15T21:22:30.6856208+03:00 [INF] (Microsoft.AspNetCore.Hosting.Diagnostics) Request finished HTTP/1.1 GET https://localhost:44376/Games/search?name=III - - - 200 346 application/json;+charset=utf-8 10.5710ms
2021-09-15T21:22:33.0487189+03:00 [INF] (Microsoft.EntityFrameworkCore.Infrastructure) Entity Framework Core "5.0.9" initialized '"HealthChecksDb"' using provider '"Microsoft.EntityFrameworkCore.InMemory"' with options: "StoreName=HealthChecksUI "
2021-09-15T21:22:37.5148500+03:00 [INF] (Microsoft.AspNetCore.Hosting.Diagnostics) Request starting HTTP/1.1 GET https://localhost:44376/Games/search?name=V - -
2021-09-15T21:22:37.5150805+03:00 [INF] (Microsoft.AspNetCore.Routing.EndpointMiddleware) Executing endpoint '"Web.Controllers.GamesController.SearchGamesByParameters (Web)"'
2021-09-15T21:22:37.5151848+03:00 [INF] (Microsoft.AspNetCore.Mvc.Infrastructure.ControllerActionInvoker) Route matched with "{action = \"SearchGamesByParameters\", controller = \"Games\"}". Executing controller action with signature "System.Threading.Tasks.Task`1[Microsoft.AspNetCore.Mvc.IActionResult] SearchGamesByParameters(System.DateTime, Int32, Double, System.String)" on controller "Web.Controllers.GamesController" ("Web").
2021-09-15T21:22:37.5156956+03:00 [INF] (Microsoft.EntityFrameworkCore.Infrastructure) Entity Framework Core "5.0.9" initialized '"ApplicationDbContext"' using provider '"Microsoft.EntityFrameworkCore.SqlServer"' with options: "None"
2021-09-15T21:22:37.5176593+03:00 [INF] (Microsoft.EntityFrameworkCore.Database.Command) Executed DbCommand ("1"ms) [Parameters=["@__p_1='?' (Size = 200)"], CommandType='Text', CommandTimeout='30']"
""SELECT [p].[Id], [p].[DateCreated], [p].[Name], [p].[Platform], [p].[TotalRating]
FROM [Products] AS [p]
WHERE LOWER([p].[Name]) LIKE @__p_1"
2021-09-15T21:22:37.5184718+03:00 [INF] (Microsoft.AspNetCore.Mvc.Infrastructure.ObjectResultExecutor) Executing "OkObjectResult", writing value of type '"System.Collections.Generic.List`1[[RIL.Models.Product, RIL, Version=1.0.0.0, Culture=neutral, PublicKeyToken=null]]"'.
2021-09-15T21:22:37.5194280+03:00 [INF] (Microsoft.AspNetCore.Mvc.Infrastructure.ControllerActionInvoker) Executed action "Web.Controllers.GamesController.SearchGamesByParameters (Web)" in 4.1966ms
2021-09-15T21:22:37.5194764+03:00 [INF] (Microsoft.AspNetCore.Routing.EndpointMiddleware) Executed endpoint '"Web.Controllers.GamesController.SearchGamesByParameters (Web)"'
2021-09-15T21:22:37.5196388+03:00 [INF] (Microsoft.AspNetCore.Hosting.Diagnostics) Request finished HTTP/1.1 GET https://localhost:44376/Games/search?name=V - - - 200 1210 application/json;+charset=utf-8 4.8932ms
2021-09-15T21:22:43.0565491+03:00 [INF] (Microsoft.EntityFrameworkCore.Infrastructure) Entity Framework Core "5.0.9" initialized '"HealthChecksDb"' using provider '"Microsoft.EntityFrameworkCore.InMemory"' with options: "StoreName=HealthChecksUI "
2021-09-15T21:22:53.0699876+03:00 [INF] (Microsoft.EntityFrameworkCore.Infrastructure) Entity Framework Core "5.0.9" initialized '"HealthChecksDb"' using provider '"Microsoft.EntityFrameworkCore.InMemory"' with options: "StoreName=HealthChecksUI "
2021-09-15T21:23:03.0731107+03:00 [INF] (Microsoft.EntityFrameworkCore.Infrastructure) Entity Framework Core "5.0.9" initialized '"HealthChecksDb"' using provider '"Microsoft.EntityFrameworkCore.InMemory"' with options: "StoreName=HealthChecksUI "
2021-09-15T21:23:11.6598897+03:00 [INF] (Microsoft.AspNetCore.Hosting.Diagnostics) Request starting HTTP/1.1 PUT https://localhost:44376/user application/json 302
2021-09-15T21:23:11.6624560+03:00 [INF] (Microsoft.AspNetCore.Authorization.DefaultAuthorizationService) Authorization failed. "These requirements were not met:
BLL.Requiremets.RoleAuthorizationRequirement"
2021-09-15T21:23:11.6644219+03:00 [INF] (Microsoft.AspNetCore.Hosting.Diagnostics) Request finished HTTP/1.1 PUT https://localhost:44376/user application/json 302 - 401 - - 4.5192ms
2021-09-15T21:23:13.0807451+03:00 [INF] (Microsoft.EntityFrameworkCore.Infrastructure) Entity Framework Core "5.0.9" initialized '"HealthChecksDb"' using provider '"Microsoft.EntityFrameworkCore.InMemory"' with options: "StoreName=HealthChecksUI "
2021-09-15T21:23:23.0878072+03:00 [INF] (Microsoft.EntityFrameworkCore.Infrastructure) Entity Framework Core "5.0.9" initialized '"HealthChecksDb"' using provider '"Microsoft.EntityFrameworkCore.InMemory"' with options: "StoreName=HealthChecksUI "
2021-09-15T21:23:33.0986705+03:00 [INF] (Microsoft.EntityFrameworkCore.Infrastructure) Entity Framework Core "5.0.9" initialized '"HealthChecksDb"' using provider '"Microsoft.EntityFrameworkCore.InMemory"' with options: "StoreName=HealthChecksUI "
2021-09-15T21:23:43.1052262+03:00 [INF] (Microsoft.EntityFrameworkCore.Infrastructure) Entity Framework Core "5.0.9" initialized '"HealthChecksDb"' using provider '"Microsoft.EntityFrameworkCore.InMemory"' with options: "StoreName=HealthChecksUI "
2021-09-15T21:23:53.1147530+03:00 [INF] (Microsoft.EntityFrameworkCore.Infrastructure) Entity Framework Core "5.0.9" initialized '"HealthChecksDb"' using provider '"Microsoft.EntityFrameworkCore.InMemory"' with options: "StoreName=HealthChecksUI "
2021-09-15T21:24:03.1319614+03:00 [INF] (Microsoft.EntityFrameworkCore.Infrastructure) Entity Framework Core "5.0.9" initialized '"HealthChecksDb"' using provider '"Microsoft.EntityFrameworkCore.InMemory"' with options: "StoreName=HealthChecksUI "
2021-09-15T21:24:13.1322097+03:00 [INF] (Microsoft.EntityFrameworkCore.Infrastructure) Entity Framework Core "5.0.9" initialized '"HealthChecksDb"' using provider '"Microsoft.EntityFrameworkCore.InMemory"' with options: "StoreName=HealthChecksUI "
2021-09-15T21:24:14.0194143+03:00 [INF] (Microsoft.AspNetCore.Hosting.Diagnostics) Request starting HTTP/1.1 GET https://localhost:44376/Games/search?name=grand&term=2012-12-31T22:00:00.00Z&limit=20&offset=8.9 - -
2021-09-15T21:24:14.0196444+03:00 [INF] (Microsoft.AspNetCore.Routing.EndpointMiddleware) Executing endpoint '"Web.Controllers.GamesController.SearchGamesByParameters (Web)"'
2021-09-15T21:24:14.0197395+03:00 [INF] (Microsoft.AspNetCore.Mvc.Infrastructure.ControllerActionInvoker) Route matched with "{action = \"SearchGamesByParameters\", controller = \"Games\"}". Executing controller action with signature "System.Threading.Tasks.Task`1[Microsoft.AspNetCore.Mvc.IActionResult] SearchGamesByParameters(System.DateTime, Int32, Double, System.String)" on controller "Web.Controllers.GamesController" ("Web").
2021-09-15T21:24:14.0218762+03:00 [INF] (Microsoft.EntityFrameworkCore.Infrastructure) Entity Framework Core "5.0.9" initialized '"ApplicationDbContext"' using provider '"Microsoft.EntityFrameworkCore.SqlServer"' with options: "None"
2021-09-15T21:24:14.0235360+03:00 [INF] (Microsoft.EntityFrameworkCore.Database.Command) Executed DbCommand ("1"ms) [Parameters=["@__p_1='?' (Size = 200)"], CommandType='Text', CommandTimeout='30']"
""SELECT [p].[Id], [p].[DateCreated], [p].[Name], [p].[Platform], [p].[TotalRating]
FROM [Products] AS [p]
WHERE LOWER([p].[Name]) LIKE @__p_1"
2021-09-15T21:24:14.0270160+03:00 [INF] (Microsoft.AspNetCore.Mvc.Infrastructure.ObjectResultExecutor) Executing "OkObjectResult", writing value of type '"System.Collections.Generic.List`1[[RIL.Models.Product, RIL, Version=1.0.0.0, Culture=neutral, PublicKeyToken=null]]"'.
2021-09-15T21:24:14.0273248+03:00 [INF] (Microsoft.AspNetCore.Mvc.Infrastructure.ControllerActionInvoker) Executed action "Web.Controllers.GamesController.SearchGamesByParameters (Web)" in 7.5418ms
2021-09-15T21:24:14.0273725+03:00 [INF] (Microsoft.AspNetCore.Routing.EndpointMiddleware) Executed endpoint '"Web.Controllers.GamesController.SearchGamesByParameters (Web)"'
2021-09-15T21:24:14.0275480+03:00 [INF] (Microsoft.AspNetCore.Hosting.Diagnostics) Request finished HTTP/1.1 GET https://localhost:44376/Games/search?name=grand&term=2012-12-31T22:00:00.00Z&limit=20&offset=8.9 - - - 200 526 application/json;+charset=utf-8 8.1363ms
2021-09-15T21:24:23.1408107+03:00 [INF] (Microsoft.EntityFrameworkCore.Infrastructure) Entity Framework Core "5.0.9" initialized '"HealthChecksDb"' using provider '"Microsoft.EntityFrameworkCore.InMemory"' with options: "StoreName=HealthChecksUI "
2021-09-15T21:24:33.1538553+03:00 [INF] (Microsoft.EntityFrameworkCore.Infrastructure) Entity Framework Core "5.0.9" initialized '"HealthChecksDb"' using provider '"Microsoft.EntityFrameworkCore.InMemory"' with options: "StoreName=HealthChecksUI "
2021-09-15T21:24:43.1632956+03:00 [INF] (Microsoft.EntityFrameworkCore.Infrastructure) Entity Framework Core "5.0.9" initialized '"HealthChecksDb"' using provider '"Microsoft.EntityFrameworkCore.InMemory"' with options: "StoreName=HealthChecksUI "
2021-09-15T21:24:53.1757176+03:00 [INF] (Microsoft.EntityFrameworkCore.Infrastructure) Entity Framework Core "5.0.9" initialized '"HealthChecksDb"' using provider '"Microsoft.EntityFrameworkCore.InMemory"' with options: "StoreName=HealthChecksUI "
2021-09-15T21:25:03.1845312+03:00 [INF] (Microsoft.EntityFrameworkCore.Infrastructure) Entity Framework Core "5.0.9" initialized '"HealthChecksDb"' using provider '"Microsoft.EntityFrameworkCore.InMemory"' with options: "StoreName=HealthChecksUI "
2021-09-15T21:25:13.1938959+03:00 [INF] (Microsoft.EntityFrameworkCore.Infrastructure) Entity Framework Core "5.0.9" initialized '"HealthChecksDb"' using provider '"Microsoft.EntityFrameworkCore.InMemory"' with options: "StoreName=HealthChecksUI "
2021-09-15T21:25:23.2055649+03:00 [INF] (Microsoft.EntityFrameworkCore.Infrastructure) Entity Framework Core "5.0.9" initialized '"HealthChecksDb"' using provider '"Microsoft.EntityFrameworkCore.InMemory"' with options: "StoreName=HealthChecksUI "
2021-09-15T21:25:33.2182437+03:00 [INF] (Microsoft.EntityFrameworkCore.Infrastructure) Entity Framework Core "5.0.9" initialized '"HealthChecksDb"' using provider '"Microsoft.EntityFrameworkCore.InMemory"' with options: "StoreName=HealthChecksUI "
2021-09-15T21:26:31.3887365+03:00 [INF] () Strating web host
