2021-09-07T14:13:50.9545018+03:00 [INF] (Microsoft.AspNetCore.DataProtection.KeyManagement.XmlKeyManager) User profile is available. Using '"C:\Users\A.Dzenisevich\AppData\Local\ASP.NET\DataProtection-Keys"' as key repository and Windows DPAPI to encrypt keys at rest.
2021-09-07T14:13:51.0118495+03:00 [INF] (HealthChecks.UI.Core.HostedService.UIInitializationHostedService) Initializing UI Database
2021-09-07T14:13:51.4312241+03:00 [INF] (Microsoft.EntityFrameworkCore.Infrastructure) Entity Framework Core "5.0.9" initialized '"HealthChecksDb"' using provider '"Microsoft.EntityFrameworkCore.InMemory"' with options: "StoreName=HealthChecksUI "
2021-09-07T14:13:51.7207011+03:00 [INF] (Microsoft.AspNetCore.Hosting.Diagnostics) Request starting HTTP/2 GET https://localhost:44376/index.html - -
2021-09-07T14:13:51.7289876+03:00 [INF] (Microsoft.EntityFrameworkCore.Infrastructure) Entity Framework Core "5.0.9" initialized '"HealthChecksDb"' using provider '"Microsoft.EntityFrameworkCore.InMemory"' with options: "StoreName=HealthChecksUI "
2021-09-07T14:13:51.7618398+03:00 [INF] (Microsoft.Hosting.Lifetime) Application started. Press Ctrl+C to shut down.
2021-09-07T14:13:51.7619089+03:00 [INF] (Microsoft.Hosting.Lifetime) Hosting environment: "Development"
2021-09-07T14:13:51.7619529+03:00 [INF] (Microsoft.Hosting.Lifetime) Content root path: "D:\LabWebApp\Web"
2021-09-07T14:13:51.8545541+03:00 [INF] (Microsoft.AspNetCore.Hosting.Diagnostics) Request finished HTTP/2 GET https://localhost:44376/index.html - - - 200 - text/html;charset=utf-8 135.0803ms
2021-09-07T14:13:51.9872426+03:00 [INF] (Microsoft.AspNetCore.Hosting.Diagnostics) Request starting HTTP/2 GET https://localhost:44376/swagger/v1/swagger.json - -
2021-09-07T14:13:52.0485061+03:00 [INF] (Microsoft.AspNetCore.Hosting.Diagnostics) Request finished HTTP/2 GET https://localhost:44376/swagger/v1/swagger.json - - - 200 - application/json;charset=utf-8 61.2424ms
2021-09-07T14:14:01.7945432+03:00 [INF] (Microsoft.EntityFrameworkCore.Infrastructure) Entity Framework Core "5.0.9" initialized '"HealthChecksDb"' using provider '"Microsoft.EntityFrameworkCore.InMemory"' with options: "StoreName=HealthChecksUI "
2021-09-07T14:14:05.2390221+03:00 [INF] (Microsoft.AspNetCore.Hosting.Diagnostics) Request starting HTTP/1.1 POST https://localhost:44376/Auth/sign-in application/json 75
2021-09-07T14:14:05.4834866+03:00 [INF] (Microsoft.EntityFrameworkCore.Infrastructure) Entity Framework Core "5.0.9" initialized '"ApplicationDbContext"' using provider '"Microsoft.EntityFrameworkCore.SqlServer"' with options: "None"
2021-09-07T14:14:05.8522638+03:00 [INF] (Microsoft.EntityFrameworkCore.Database.Command) Executed DbCommand ("33"ms) [Parameters=["@__p_0='?' (DbType = Int32)"], CommandType='Text', CommandTimeout='30']"
""SELECT TOP(1) [a].[Id], [a].[AccessFailedCount], [a].[ConcurrencyStamp], [a].[Email], [a].[EmailConfirmed], [a].[LockoutEnabled], [a].[LockoutEnd], [a].[NormalizedEmail], [a].[NormalizedUserName], [a].[PasswordHash], [a].[PhoneNumber], [a].[PhoneNumberConfirmed], [a].[SecurityStamp], [a].[TwoFactorEnabled], [a].[UserName]
FROM [AspNetUsers] AS [a]
WHERE [a].[Id] = @__p_0"
2021-09-07T14:14:05.9604853+03:00 [INF] (Microsoft.EntityFrameworkCore.Database.Command) Executed DbCommand ("2"ms) [Parameters=["@__user_Id_0='?' (DbType = Int32)"], CommandType='Text', CommandTimeout='30']"
""SELECT [a].[Id], [a].[ClaimType], [a].[ClaimValue], [a].[UserId]
FROM [AspNetUserClaims] AS [a]
WHERE [a].[UserId] = @__user_Id_0"
2021-09-07T14:14:05.9802196+03:00 [INF] (Microsoft.EntityFrameworkCore.Database.Command) Executed DbCommand ("1"ms) [Parameters=["@__userId_0='?' (DbType = Int32)"], CommandType='Text', CommandTimeout='30']"
""SELECT [a0].[Name]
FROM [AspNetUserRoles] AS [a]
INNER JOIN [AspNetRoles] AS [a0] ON [a].[RoleId] = [a0].[Id]
WHERE [a].[UserId] = @__userId_0"
2021-09-07T14:14:05.9932433+03:00 [INF] (Microsoft.EntityFrameworkCore.Database.Command) Executed DbCommand ("1"ms) [Parameters=["@__normalizedName_0='?' (Size = 256)"], CommandType='Text', CommandTimeout='30']"
""SELECT TOP(1) [a].[Id], [a].[ConcurrencyStamp], [a].[Name], [a].[NormalizedName]
FROM [AspNetRoles] AS [a]
WHERE [a].[NormalizedName] = @__normalizedName_0"
2021-09-07T14:14:06.0067380+03:00 [INF] (Microsoft.EntityFrameworkCore.Database.Command) Executed DbCommand ("1"ms) [Parameters=["@__role_Id_0='?' (DbType = Int32)"], CommandType='Text', CommandTimeout='30']"
""SELECT [a].[ClaimType], [a].[ClaimValue]
FROM [AspNetRoleClaims] AS [a]
WHERE [a].[RoleId] = @__role_Id_0"
2021-09-07T14:14:06.0101720+03:00 [INF] (Microsoft.EntityFrameworkCore.Database.Command) Executed DbCommand ("1"ms) [Parameters=["@__normalizedName_0='?' (Size = 256)"], CommandType='Text', CommandTimeout='30']"
""SELECT TOP(1) [a].[Id], [a].[ConcurrencyStamp], [a].[Name], [a].[NormalizedName]
FROM [AspNetRoles] AS [a]
WHERE [a].[NormalizedName] = @__normalizedName_0"
2021-09-07T14:14:06.0117705+03:00 [INF] (Microsoft.EntityFrameworkCore.Database.Command) Executed DbCommand ("1"ms) [Parameters=["@__role_Id_0='?' (DbType = Int32)"], CommandType='Text', CommandTimeout='30']"
""SELECT [a].[ClaimType], [a].[ClaimValue]
FROM [AspNetRoleClaims] AS [a]
WHERE [a].[RoleId] = @__role_Id_0"
2021-09-07T14:14:06.0156065+03:00 [INF] (Microsoft.AspNetCore.Routing.EndpointMiddleware) Executing endpoint '"Web.Controllers.AuthController.SignInAsync (Web)"'
2021-09-07T14:14:06.0335920+03:00 [INF] (Microsoft.AspNetCore.Mvc.Infrastructure.ControllerActionInvoker) Route matched with "{action = \"SignIn\", controller = \"Auth\"}". Executing controller action with signature "System.Threading.Tasks.Task`1[Microsoft.AspNetCore.Mvc.IActionResult] SignInAsync(BLL.Models.AuthViewModel)" on controller "Web.Controllers.AuthController" ("Web").
2021-09-07T14:14:06.0567078+03:00 [INF] (Microsoft.EntityFrameworkCore.Database.Command) Executed DbCommand ("1"ms) [Parameters=["@__normalizedEmail_0='?' (Size = 256)"], CommandType='Text', CommandTimeout='30']"
""SELECT TOP(2) [a].[Id], [a].[AccessFailedCount], [a].[ConcurrencyStamp], [a].[Email], [a].[EmailConfirmed], [a].[LockoutEnabled], [a].[LockoutEnd], [a].[NormalizedEmail], [a].[NormalizedUserName], [a].[PasswordHash], [a].[PhoneNumber], [a].[PhoneNumberConfirmed], [a].[SecurityStamp], [a].[TwoFactorEnabled], [a].[UserName]
FROM [AspNetUsers] AS [a]
WHERE [a].[NormalizedEmail] = @__normalizedEmail_0"
2021-09-07T14:14:06.0799458+03:00 [INF] (Microsoft.EntityFrameworkCore.Database.Command) Executed DbCommand ("1"ms) [Parameters=["@__user_Id_0='?' (DbType = Int32)"], CommandType='Text', CommandTimeout='30']"
""SELECT [a].[Id], [a].[ClaimType], [a].[ClaimValue], [a].[UserId]
FROM [AspNetUserClaims] AS [a]
WHERE [a].[UserId] = @__user_Id_0"
2021-09-07T14:14:06.0810470+03:00 [INF] (Microsoft.EntityFrameworkCore.Database.Command) Executed DbCommand ("0"ms) [Parameters=["@__userId_0='?' (DbType = Int32)"], CommandType='Text', CommandTimeout='30']"
""SELECT [a0].[Name]
FROM [AspNetUserRoles] AS [a]
INNER JOIN [AspNetRoles] AS [a0] ON [a].[RoleId] = [a0].[Id]
WHERE [a].[UserId] = @__userId_0"
2021-09-07T14:14:06.0817552+03:00 [INF] (Microsoft.EntityFrameworkCore.Database.Command) Executed DbCommand ("0"ms) [Parameters=["@__normalizedName_0='?' (Size = 256)"], CommandType='Text', CommandTimeout='30']"
""SELECT TOP(1) [a].[Id], [a].[ConcurrencyStamp], [a].[Name], [a].[NormalizedName]
FROM [AspNetRoles] AS [a]
WHERE [a].[NormalizedName] = @__normalizedName_0"
2021-09-07T14:14:06.0824630+03:00 [INF] (Microsoft.EntityFrameworkCore.Database.Command) Executed DbCommand ("0"ms) [Parameters=["@__role_Id_0='?' (DbType = Int32)"], CommandType='Text', CommandTimeout='30']"
""SELECT [a].[ClaimType], [a].[ClaimValue]
FROM [AspNetRoleClaims] AS [a]
WHERE [a].[RoleId] = @__role_Id_0"
2021-09-07T14:14:06.0831326+03:00 [INF] (Microsoft.EntityFrameworkCore.Database.Command) Executed DbCommand ("0"ms) [Parameters=["@__normalizedName_0='?' (Size = 256)"], CommandType='Text', CommandTimeout='30']"
""SELECT TOP(1) [a].[Id], [a].[ConcurrencyStamp], [a].[Name], [a].[NormalizedName]
FROM [AspNetRoles] AS [a]
WHERE [a].[NormalizedName] = @__normalizedName_0"
2021-09-07T14:14:06.0837622+03:00 [INF] (Microsoft.EntityFrameworkCore.Database.Command) Executed DbCommand ("0"ms) [Parameters=["@__role_Id_0='?' (DbType = Int32)"], CommandType='Text', CommandTimeout='30']"
""SELECT [a].[ClaimType], [a].[ClaimValue]
FROM [AspNetRoleClaims] AS [a]
WHERE [a].[RoleId] = @__role_Id_0"
2021-09-07T14:14:06.0918709+03:00 [INF] (Microsoft.AspNetCore.Authentication.Cookies.CookieAuthenticationHandler) AuthenticationScheme: "Identity.Application" signed in.
2021-09-07T14:14:06.1672704+03:00 [INF] (Microsoft.AspNetCore.Mvc.Infrastructure.ControllerActionInvoker) Executed action "Web.Controllers.AuthController.SignInAsync (Web)" in 129.9905ms
2021-09-07T14:14:06.1680232+03:00 [INF] (Microsoft.AspNetCore.Routing.EndpointMiddleware) Executed endpoint '"Web.Controllers.AuthController.SignInAsync (Web)"'
2021-09-07T14:14:06.2328823+03:00 [INF] (Microsoft.EntityFrameworkCore.Database.Command) Executed DbCommand ("6"ms) [Parameters=[""], CommandType='Text', CommandTimeout='30']"
""SELECT 1"
2021-09-07T14:14:06.2463509+03:00 [INF] (Microsoft.EntityFrameworkCore.Database.Command) Executed DbCommand ("8"ms) [Parameters=[""], CommandType='Text', CommandTimeout='30']"
""
IF EXISTS
    (SELECT *
     FROM [sys].[objects] o
     WHERE [o].[type] = 'U'
     AND [o].[is_ms_shipped] = 0
     AND NOT EXISTS (SELECT *
         FROM [sys].[extended_properties] AS [ep]
         WHERE [ep].[major_id] = [o].[object_id]
             AND [ep].[minor_id] = 0
             AND [ep].[class] = 1
             AND [ep].[name] = N'microsoft_database_tools_support'
    )
)
SELECT 1 ELSE SELECT 0"
2021-09-07T14:14:06.3071850+03:00 [INF] (Microsoft.EntityFrameworkCore.Database.Command) Executed DbCommand ("1"ms) [Parameters=[""], CommandType='Text', CommandTimeout='30']"
""SELECT 1"
2021-09-07T14:14:06.3110621+03:00 [INF] (Microsoft.EntityFrameworkCore.Database.Command) Executed DbCommand ("0"ms) [Parameters=[""], CommandType='Text', CommandTimeout='30']"
""SELECT OBJECT_ID(N'[__EFMigrationsHistory]');"
2021-09-07T14:14:06.3149808+03:00 [INF] (Microsoft.EntityFrameworkCore.Database.Command) Executed DbCommand ("0"ms) [Parameters=[""], CommandType='Text', CommandTimeout='30']"
""SELECT [MigrationId], [ProductVersion]
FROM [__EFMigrationsHistory]
ORDER BY [MigrationId];"
2021-09-07T14:14:06.3164646+03:00 [INF] (Microsoft.EntityFrameworkCore.Infrastructure) Entity Framework Core "5.0.9" initialized '"HealthChecksDb"' using provider '"Microsoft.EntityFrameworkCore.InMemory"' with options: "StoreName=HealthChecksUI "
2021-09-07T14:14:06.3186309+03:00 [INF] (Microsoft.AspNetCore.Hosting.Diagnostics) Request finished HTTP/1.1 POST https://localhost:44376/Auth/sign-in application/json 75 - 500 - text/plain 1079.6767ms
2021-09-07T14:14:11.8153069+03:00 [INF] (Microsoft.EntityFrameworkCore.Infrastructure) Entity Framework Core "5.0.9" initialized '"HealthChecksDb"' using provider '"Microsoft.EntityFrameworkCore.InMemory"' with options: "StoreName=HealthChecksUI "
2021-09-07T14:14:21.8219117+03:00 [INF] (Microsoft.EntityFrameworkCore.Infrastructure) Entity Framework Core "5.0.9" initialized '"HealthChecksDb"' using provider '"Microsoft.EntityFrameworkCore.InMemory"' with options: "StoreName=HealthChecksUI "
2021-09-07T14:14:31.8308404+03:00 [INF] (Microsoft.EntityFrameworkCore.Infrastructure) Entity Framework Core "5.0.9" initialized '"HealthChecksDb"' using provider '"Microsoft.EntityFrameworkCore.InMemory"' with options: "StoreName=HealthChecksUI "
2021-09-07T14:14:38.4128335+03:00 [INF] (Microsoft.AspNetCore.Hosting.Diagnostics) Request starting HTTP/1.1 POST https://localhost:44376/Auth/sign-in application/json 75
2021-09-07T14:14:38.4456804+03:00 [INF] (Microsoft.EntityFrameworkCore.Infrastructure) Entity Framework Core "5.0.9" initialized '"ApplicationDbContext"' using provider '"Microsoft.EntityFrameworkCore.SqlServer"' with options: "None"
2021-09-07T14:14:38.4478106+03:00 [INF] (Microsoft.EntityFrameworkCore.Database.Command) Executed DbCommand ("1"ms) [Parameters=["@__p_0='?' (DbType = Int32)"], CommandType='Text', CommandTimeout='30']"
""SELECT TOP(1) [a].[Id], [a].[AccessFailedCount], [a].[ConcurrencyStamp], [a].[Email], [a].[EmailConfirmed], [a].[LockoutEnabled], [a].[LockoutEnd], [a].[NormalizedEmail], [a].[NormalizedUserName], [a].[PasswordHash], [a].[PhoneNumber], [a].[PhoneNumberConfirmed], [a].[SecurityStamp], [a].[TwoFactorEnabled], [a].[UserName]
FROM [AspNetUsers] AS [a]
WHERE [a].[Id] = @__p_0"
2021-09-07T14:14:38.4492697+03:00 [INF] (Microsoft.EntityFrameworkCore.Database.Command) Executed DbCommand ("0"ms) [Parameters=["@__user_Id_0='?' (DbType = Int32)"], CommandType='Text', CommandTimeout='30']"
""SELECT [a].[Id], [a].[ClaimType], [a].[ClaimValue], [a].[UserId]
FROM [AspNetUserClaims] AS [a]
WHERE [a].[UserId] = @__user_Id_0"
2021-09-07T14:14:38.4503131+03:00 [INF] (Microsoft.EntityFrameworkCore.Database.Command) Executed DbCommand ("0"ms) [Parameters=["@__userId_0='?' (DbType = Int32)"], CommandType='Text', CommandTimeout='30']"
""SELECT [a0].[Name]
FROM [AspNetUserRoles] AS [a]
INNER JOIN [AspNetRoles] AS [a0] ON [a].[RoleId] = [a0].[Id]
WHERE [a].[UserId] = @__userId_0"
2021-09-07T14:14:38.4509591+03:00 [INF] (Microsoft.EntityFrameworkCore.Database.Command) Executed DbCommand ("0"ms) [Parameters=["@__normalizedName_0='?' (Size = 256)"], CommandType='Text', CommandTimeout='30']"
""SELECT TOP(1) [a].[Id], [a].[ConcurrencyStamp], [a].[Name], [a].[NormalizedName]
FROM [AspNetRoles] AS [a]
WHERE [a].[NormalizedName] = @__normalizedName_0"
2021-09-07T14:14:38.4515309+03:00 [INF] (Microsoft.EntityFrameworkCore.Database.Command) Executed DbCommand ("0"ms) [Parameters=["@__role_Id_0='?' (DbType = Int32)"], CommandType='Text', CommandTimeout='30']"
""SELECT [a].[ClaimType], [a].[ClaimValue]
FROM [AspNetRoleClaims] AS [a]
WHERE [a].[RoleId] = @__role_Id_0"
2021-09-07T14:14:38.4522863+03:00 [INF] (Microsoft.EntityFrameworkCore.Database.Command) Executed DbCommand ("0"ms) [Parameters=["@__normalizedName_0='?' (Size = 256)"], CommandType='Text', CommandTimeout='30']"
""SELECT TOP(1) [a].[Id], [a].[ConcurrencyStamp], [a].[Name], [a].[NormalizedName]
FROM [AspNetRoles] AS [a]
WHERE [a].[NormalizedName] = @__normalizedName_0"
2021-09-07T14:14:38.4530039+03:00 [INF] (Microsoft.EntityFrameworkCore.Database.Command) Executed DbCommand ("0"ms) [Parameters=["@__role_Id_0='?' (DbType = Int32)"], CommandType='Text', CommandTimeout='30']"
""SELECT [a].[ClaimType], [a].[ClaimValue]
FROM [AspNetRoleClaims] AS [a]
WHERE [a].[RoleId] = @__role_Id_0"
2021-09-07T14:14:38.4554305+03:00 [INF] (Microsoft.AspNetCore.Routing.EndpointMiddleware) Executing endpoint '"Web.Controllers.AuthController.SignInAsync (Web)"'
2021-09-07T14:14:38.4556861+03:00 [INF] (Microsoft.AspNetCore.Mvc.Infrastructure.ControllerActionInvoker) Route matched with "{action = \"SignIn\", controller = \"Auth\"}". Executing controller action with signature "System.Threading.Tasks.Task`1[Microsoft.AspNetCore.Mvc.IActionResult] SignInAsync(BLL.Models.AuthViewModel)" on controller "Web.Controllers.AuthController" ("Web").
2021-09-07T14:14:42.1718350+03:00 [INF] (Microsoft.EntityFrameworkCore.Infrastructure) Entity Framework Core "5.0.9" initialized '"HealthChecksDb"' using provider '"Microsoft.EntityFrameworkCore.InMemory"' with options: "StoreName=HealthChecksUI "
2021-09-07T14:14:51.9777200+03:00 [INF] (Microsoft.EntityFrameworkCore.Database.Command) Executed DbCommand ("1"ms) [Parameters=["@__normalizedEmail_0='?' (Size = 256)"], CommandType='Text', CommandTimeout='30']"
""SELECT TOP(2) [a].[Id], [a].[AccessFailedCount], [a].[ConcurrencyStamp], [a].[Email], [a].[EmailConfirmed], [a].[LockoutEnabled], [a].[LockoutEnd], [a].[NormalizedEmail], [a].[NormalizedUserName], [a].[PasswordHash], [a].[PhoneNumber], [a].[PhoneNumberConfirmed], [a].[SecurityStamp], [a].[TwoFactorEnabled], [a].[UserName]
FROM [AspNetUsers] AS [a]
WHERE [a].[NormalizedEmail] = @__normalizedEmail_0"
2021-09-07T14:14:53.0020195+03:00 [INF] (Microsoft.EntityFrameworkCore.Infrastructure) Entity Framework Core "5.0.9" initialized '"HealthChecksDb"' using provider '"Microsoft.EntityFrameworkCore.InMemory"' with options: "StoreName=HealthChecksUI "
2021-09-07T14:15:00.2083173+03:00 [INF] (Microsoft.EntityFrameworkCore.Database.Command) Executed DbCommand ("1"ms) [Parameters=["@__user_Id_0='?' (DbType = Int32)"], CommandType='Text', CommandTimeout='30']"
""SELECT [a].[Id], [a].[ClaimType], [a].[ClaimValue], [a].[UserId]
FROM [AspNetUserClaims] AS [a]
WHERE [a].[UserId] = @__user_Id_0"
2021-09-07T14:15:00.2100553+03:00 [INF] (Microsoft.EntityFrameworkCore.Database.Command) Executed DbCommand ("0"ms) [Parameters=["@__userId_0='?' (DbType = Int32)"], CommandType='Text', CommandTimeout='30']"
""SELECT [a0].[Name]
FROM [AspNetUserRoles] AS [a]
INNER JOIN [AspNetRoles] AS [a0] ON [a].[RoleId] = [a0].[Id]
WHERE [a].[UserId] = @__userId_0"
2021-09-07T14:15:00.2358766+03:00 [INF] (Microsoft.EntityFrameworkCore.Database.Command) Executed DbCommand ("1"ms) [Parameters=["@__normalizedName_0='?' (Size = 256)"], CommandType='Text', CommandTimeout='30']"
""SELECT TOP(1) [a].[Id], [a].[ConcurrencyStamp], [a].[Name], [a].[NormalizedName]
FROM [AspNetRoles] AS [a]
WHERE [a].[NormalizedName] = @__normalizedName_0"
2021-09-07T14:15:00.2366658+03:00 [INF] (Microsoft.EntityFrameworkCore.Database.Command) Executed DbCommand ("0"ms) [Parameters=["@__role_Id_0='?' (DbType = Int32)"], CommandType='Text', CommandTimeout='30']"
""SELECT [a].[ClaimType], [a].[ClaimValue]
FROM [AspNetRoleClaims] AS [a]
WHERE [a].[RoleId] = @__role_Id_0"
2021-09-07T14:15:00.2372839+03:00 [INF] (Microsoft.EntityFrameworkCore.Database.Command) Executed DbCommand ("0"ms) [Parameters=["@__normalizedName_0='?' (Size = 256)"], CommandType='Text', CommandTimeout='30']"
""SELECT TOP(1) [a].[Id], [a].[ConcurrencyStamp], [a].[Name], [a].[NormalizedName]
FROM [AspNetRoles] AS [a]
WHERE [a].[NormalizedName] = @__normalizedName_0"
2021-09-07T14:15:00.2378422+03:00 [INF] (Microsoft.EntityFrameworkCore.Database.Command) Executed DbCommand ("0"ms) [Parameters=["@__role_Id_0='?' (DbType = Int32)"], CommandType='Text', CommandTimeout='30']"
""SELECT [a].[ClaimType], [a].[ClaimValue]
FROM [AspNetRoleClaims] AS [a]
WHERE [a].[RoleId] = @__role_Id_0"
2021-09-07T14:15:00.2383334+03:00 [INF] (Microsoft.AspNetCore.Authentication.Cookies.CookieAuthenticationHandler) AuthenticationScheme: "Identity.Application" signed in.
2021-09-07T14:15:05.1096998+03:00 [INF] (Microsoft.EntityFrameworkCore.Infrastructure) Entity Framework Core "5.0.9" initialized '"HealthChecksDb"' using provider '"Microsoft.EntityFrameworkCore.InMemory"' with options: "StoreName=HealthChecksUI "
2021-09-07T14:27:20.3157203+03:00 [INF] () Strating web host
