2021-10-20T13:07:05.2084592+03:00 [INF] (Microsoft.AspNetCore.DataProtection.KeyManagement.XmlKeyManager) User profile is available. Using '"C:\Users\A.Dzenisevich\AppData\Local\ASP.NET\DataProtection-Keys"' as key repository and Windows DPAPI to encrypt keys at rest.
2021-10-20T13:07:05.2815140+03:00 [INF] (HealthChecks.UI.Core.HostedService.UIInitializationHostedService) Initializing UI Database
2021-10-20T13:07:05.6740651+03:00 [INF] (Microsoft.EntityFrameworkCore.Infrastructure) Entity Framework Core "5.0.10" initialized '"HealthChecksDb"' using provider '"Microsoft.EntityFrameworkCore.InMemory"' with options: "StoreName=HealthChecksUI "
2021-10-20T13:07:06.0765662+03:00 [DBG] (HealthChecks.UI.Core.HostedService.HealthCheckCollectorHostedService) Executing HealthCheck collector HostedService.
2021-10-20T13:07:06.0832202+03:00 [INF] (Microsoft.AspNetCore.Hosting.Diagnostics) Request starting HTTP/2 GET https://localhost:44370/index.html - -
2021-10-20T13:07:06.0898757+03:00 [INF] (Microsoft.EntityFrameworkCore.Infrastructure) Entity Framework Core "5.0.10" initialized '"HealthChecksDb"' using provider '"Microsoft.EntityFrameworkCore.InMemory"' with options: "StoreName=HealthChecksUI "
2021-10-20T13:07:06.1216857+03:00 [DBG] (HealthChecks.UI.Core.HostedService.HealthCheckReportCollector) HealthReportCollector has completed.
2021-10-20T13:07:06.1221578+03:00 [DBG] (HealthChecks.UI.Core.HostedService.HealthCheckCollectorHostedService) HealthCheck collector HostedService executed successfully.
2021-10-20T13:07:06.1238409+03:00 [INF] (Microsoft.Hosting.Lifetime) Application started. Press Ctrl+C to shut down.
2021-10-20T13:07:06.1239844+03:00 [INF] (Microsoft.Hosting.Lifetime) Hosting environment: "Development"
2021-10-20T13:07:06.1240786+03:00 [INF] (Microsoft.Hosting.Lifetime) Content root path: "D:\LabWebApp\Web"
2021-10-20T13:07:06.4977735+03:00 [INF] (Microsoft.EntityFrameworkCore.Infrastructure) Entity Framework Core "5.0.10" initialized '"ApplicationDbContext"' using provider '"Microsoft.EntityFrameworkCore.SqlServer"' with options: "None"
2021-10-20T13:07:07.7102486+03:00 [INF] (Microsoft.EntityFrameworkCore.Database.Command) Executed DbCommand ("39"ms) [Parameters=["@__p_0='?' (DbType = Int32)"], CommandType='Text', CommandTimeout='30']"
""SELECT TOP(1) [a].[Id], [a].[AccessFailedCount], [a].[AddressDeliveryId], [a].[ConcurrencyStamp], [a].[Email], [a].[EmailConfirmed], [a].[LockoutEnabled], [a].[LockoutEnd], [a].[NormalizedEmail], [a].[NormalizedUserName], [a].[PasswordHash], [a].[PhoneNumber], [a].[PhoneNumberConfirmed], [a].[SecurityStamp], [a].[TwoFactorEnabled], [a].[UserName]
FROM [AspNetUsers] AS [a]
WHERE [a].[Id] = @__p_0"
2021-10-20T13:07:07.8249197+03:00 [INF] (Microsoft.EntityFrameworkCore.Database.Command) Executed DbCommand ("3"ms) [Parameters=["@__user_Id_0='?' (DbType = Int32)"], CommandType='Text', CommandTimeout='30']"
""SELECT [a].[Id], [a].[ClaimType], [a].[ClaimValue], [a].[UserId]
FROM [AspNetUserClaims] AS [a]
WHERE [a].[UserId] = @__user_Id_0"
2021-10-20T13:07:07.8486524+03:00 [INF] (Microsoft.EntityFrameworkCore.Database.Command) Executed DbCommand ("4"ms) [Parameters=["@__userId_0='?' (DbType = Int32)"], CommandType='Text', CommandTimeout='30']"
""SELECT [a0].[Name]
FROM [AspNetUserRoles] AS [a]
INNER JOIN [AspNetRoles] AS [a0] ON [a].[RoleId] = [a0].[Id]
WHERE [a].[UserId] = @__userId_0"
2021-10-20T13:07:07.8592417+03:00 [INF] (Microsoft.EntityFrameworkCore.Database.Command) Executed DbCommand ("2"ms) [Parameters=["@__normalizedName_0='?' (Size = 256)"], CommandType='Text', CommandTimeout='30']"
""SELECT TOP(1) [a].[Id], [a].[ConcurrencyStamp], [a].[Name], [a].[NormalizedName]
FROM [AspNetRoles] AS [a]
WHERE [a].[NormalizedName] = @__normalizedName_0"
2021-10-20T13:07:07.8734442+03:00 [INF] (Microsoft.EntityFrameworkCore.Database.Command) Executed DbCommand ("1"ms) [Parameters=["@__role_Id_0='?' (DbType = Int32)"], CommandType='Text', CommandTimeout='30']"
""SELECT [a].[ClaimType], [a].[ClaimValue]
FROM [AspNetRoleClaims] AS [a]
WHERE [a].[RoleId] = @__role_Id_0"
2021-10-20T13:07:07.9718059+03:00 [INF] (Microsoft.AspNetCore.Hosting.Diagnostics) Request finished HTTP/2 GET https://localhost:44370/index.html - - - 200 - text/html;charset=utf-8 1890.5942ms
2021-10-20T13:07:08.0959946+03:00 [INF] (Microsoft.AspNetCore.Hosting.Diagnostics) Request starting HTTP/2 GET https://localhost:44370/swagger/v1/swagger.json - -
2021-10-20T13:07:08.2417990+03:00 [INF] (Microsoft.AspNetCore.Hosting.Diagnostics) Request finished HTTP/2 GET https://localhost:44370/swagger/v1/swagger.json - - - 200 - application/json;charset=utf-8 145.1567ms
2021-10-20T13:07:11.7289425+03:00 [INF] (Microsoft.AspNetCore.Hosting.Diagnostics) Request starting HTTP/1.1 GET https://localhost:44370/orders/list - -
2021-10-20T13:07:11.7600714+03:00 [INF] (Microsoft.EntityFrameworkCore.Infrastructure) Entity Framework Core "5.0.10" initialized '"ApplicationDbContext"' using provider '"Microsoft.EntityFrameworkCore.SqlServer"' with options: "None"
2021-10-20T13:07:11.7633096+03:00 [INF] (Microsoft.EntityFrameworkCore.Database.Command) Executed DbCommand ("1"ms) [Parameters=["@__p_0='?' (DbType = Int32)"], CommandType='Text', CommandTimeout='30']"
""SELECT TOP(1) [a].[Id], [a].[AccessFailedCount], [a].[AddressDeliveryId], [a].[ConcurrencyStamp], [a].[Email], [a].[EmailConfirmed], [a].[LockoutEnabled], [a].[LockoutEnd], [a].[NormalizedEmail], [a].[NormalizedUserName], [a].[PasswordHash], [a].[PhoneNumber], [a].[PhoneNumberConfirmed], [a].[SecurityStamp], [a].[TwoFactorEnabled], [a].[UserName]
FROM [AspNetUsers] AS [a]
WHERE [a].[Id] = @__p_0"
2021-10-20T13:07:11.7659232+03:00 [INF] (Microsoft.EntityFrameworkCore.Database.Command) Executed DbCommand ("1"ms) [Parameters=["@__user_Id_0='?' (DbType = Int32)"], CommandType='Text', CommandTimeout='30']"
""SELECT [a].[Id], [a].[ClaimType], [a].[ClaimValue], [a].[UserId]
FROM [AspNetUserClaims] AS [a]
WHERE [a].[UserId] = @__user_Id_0"
2021-10-20T13:07:11.7689399+03:00 [INF] (Microsoft.EntityFrameworkCore.Database.Command) Executed DbCommand ("0"ms) [Parameters=["@__userId_0='?' (DbType = Int32)"], CommandType='Text', CommandTimeout='30']"
""SELECT [a0].[Name]
FROM [AspNetUserRoles] AS [a]
INNER JOIN [AspNetRoles] AS [a0] ON [a].[RoleId] = [a0].[Id]
WHERE [a].[UserId] = @__userId_0"
2021-10-20T13:07:11.7700720+03:00 [INF] (Microsoft.EntityFrameworkCore.Database.Command) Executed DbCommand ("0"ms) [Parameters=["@__normalizedName_0='?' (Size = 256)"], CommandType='Text', CommandTimeout='30']"
""SELECT TOP(1) [a].[Id], [a].[ConcurrencyStamp], [a].[Name], [a].[NormalizedName]
FROM [AspNetRoles] AS [a]
WHERE [a].[NormalizedName] = @__normalizedName_0"
2021-10-20T13:07:11.7712076+03:00 [INF] (Microsoft.EntityFrameworkCore.Database.Command) Executed DbCommand ("0"ms) [Parameters=["@__role_Id_0='?' (DbType = Int32)"], CommandType='Text', CommandTimeout='30']"
""SELECT [a].[ClaimType], [a].[ClaimValue]
FROM [AspNetRoleClaims] AS [a]
WHERE [a].[RoleId] = @__role_Id_0"
2021-10-20T13:07:11.7724253+03:00 [INF] (Microsoft.EntityFrameworkCore.Database.Command) Executed DbCommand ("0"ms) [Parameters=["@__normalizedName_0='?' (Size = 256)"], CommandType='Text', CommandTimeout='30']"
""SELECT TOP(1) [a].[Id], [a].[ConcurrencyStamp], [a].[Name], [a].[NormalizedName]
FROM [AspNetRoles] AS [a]
WHERE [a].[NormalizedName] = @__normalizedName_0"
2021-10-20T13:07:11.7735144+03:00 [INF] (Microsoft.EntityFrameworkCore.Database.Command) Executed DbCommand ("0"ms) [Parameters=["@__role_Id_0='?' (DbType = Int32)"], CommandType='Text', CommandTimeout='30']"
""SELECT [a].[ClaimType], [a].[ClaimValue]
FROM [AspNetRoleClaims] AS [a]
WHERE [a].[RoleId] = @__role_Id_0"
2021-10-20T13:07:11.7793020+03:00 [INF] (Microsoft.AspNetCore.Authorization.DefaultAuthorizationService) Authorization was successful.
2021-10-20T13:07:11.7807567+03:00 [INF] (Microsoft.AspNetCore.Routing.EndpointMiddleware) Executing endpoint '"Web.Controllers.OrdersController.GetOrdersListAsync (Web)"'
2021-10-20T13:07:11.7934562+03:00 [INF] (Microsoft.AspNetCore.Mvc.Infrastructure.ControllerActionInvoker) Route matched with "{action = \"GetOrdersList\", controller = \"Orders\"}". Executing controller action with signature "System.Threading.Tasks.Task`1[Microsoft.AspNetCore.Mvc.IActionResult] GetOrdersListAsync()" on controller "Web.Controllers.OrdersController" ("Web").
2021-10-20T13:07:11.7954697+03:00 [INF] (Microsoft.AspNetCore.Authorization.DefaultAuthorizationService) Authorization was successful.
2021-10-20T13:07:11.9381482+03:00 [INF] (Microsoft.EntityFrameworkCore.Database.Command) Executed DbCommand ("3"ms) [Parameters=["@__userId_0='?' (DbType = Int32)"], CommandType='Text', CommandTimeout='30']"
""SELECT [o].[Id], [o].[AddressDeliveryId], [o].[CreationDate], [o].[DeliveryType], [o].[Status], [o].[TotalAmount], [o].[UserId]
FROM [Orders] AS [o]
WHERE [o].[UserId] = @__userId_0"
2021-10-20T13:07:11.9488987+03:00 [INF] (Microsoft.AspNetCore.Mvc.Infrastructure.ObjectResultExecutor) Executing "OkObjectResult", writing value of type '"System.Collections.Generic.List`1[[BLL.ViewModels.ReturnOrderViewModel, BLL, Version=1.0.0.0, Culture=neutral, PublicKeyToken=null]]"'.
2021-10-20T13:07:12.0089705+03:00 [INF] (Microsoft.AspNetCore.Mvc.Infrastructure.ControllerActionInvoker) Executed action "Web.Controllers.OrdersController.GetOrdersListAsync (Web)" in 210.571ms
2021-10-20T13:07:12.0095473+03:00 [INF] (Microsoft.AspNetCore.Routing.EndpointMiddleware) Executed endpoint '"Web.Controllers.OrdersController.GetOrdersListAsync (Web)"'
2021-10-20T13:07:12.0109752+03:00 [INF] (Microsoft.AspNetCore.Hosting.Diagnostics) Request finished HTTP/1.1 GET https://localhost:44370/orders/list - - - 200 2 application/json;+charset=utf-8 281.9957ms
2021-10-20T13:07:16.1354803+03:00 [DBG] (HealthChecks.UI.Core.HostedService.HealthCheckCollectorHostedService) Executing HealthCheck collector HostedService.
2021-10-20T13:07:16.1537840+03:00 [INF] (Microsoft.EntityFrameworkCore.Infrastructure) Entity Framework Core "5.0.10" initialized '"HealthChecksDb"' using provider '"Microsoft.EntityFrameworkCore.InMemory"' with options: "StoreName=HealthChecksUI "
2021-10-20T13:07:16.1544728+03:00 [DBG] (HealthChecks.UI.Core.HostedService.HealthCheckReportCollector) HealthReportCollector has completed.
2021-10-20T13:07:16.1545346+03:00 [DBG] (HealthChecks.UI.Core.HostedService.HealthCheckCollectorHostedService) HealthCheck collector HostedService executed successfully.
2021-10-20T13:07:26.1655935+03:00 [DBG] (HealthChecks.UI.Core.HostedService.HealthCheckCollectorHostedService) Executing HealthCheck collector HostedService.
2021-10-20T13:07:26.1675707+03:00 [INF] (Microsoft.EntityFrameworkCore.Infrastructure) Entity Framework Core "5.0.10" initialized '"HealthChecksDb"' using provider '"Microsoft.EntityFrameworkCore.InMemory"' with options: "StoreName=HealthChecksUI "
2021-10-20T13:07:26.1676827+03:00 [DBG] (HealthChecks.UI.Core.HostedService.HealthCheckReportCollector) HealthReportCollector has completed.
2021-10-20T13:07:26.1677189+03:00 [DBG] (HealthChecks.UI.Core.HostedService.HealthCheckCollectorHostedService) HealthCheck collector HostedService executed successfully.
2021-10-20T13:07:26.7966320+03:00 [INF] (Microsoft.AspNetCore.Hosting.Diagnostics) Request starting HTTP/1.1 POST https://localhost:44370/auth/sign-in application/json 75
2021-10-20T13:07:26.7974150+03:00 [INF] (Microsoft.AspNetCore.Routing.EndpointMiddleware) Executing endpoint '"Web.Controllers.AuthController.SignInAsync (Web)"'
2021-10-20T13:07:26.8056657+03:00 [INF] (Microsoft.AspNetCore.Mvc.Infrastructure.ControllerActionInvoker) Route matched with "{action = \"SignIn\", controller = \"Auth\"}". Executing controller action with signature "System.Threading.Tasks.Task`1[Microsoft.AspNetCore.Mvc.IActionResult] SignInAsync(BLL.ViewModels.AuthViewModel)" on controller "Web.Controllers.AuthController" ("Web").
2021-10-20T13:07:26.8634195+03:00 [INF] (Microsoft.EntityFrameworkCore.Infrastructure) Entity Framework Core "5.0.10" initialized '"ApplicationDbContext"' using provider '"Microsoft.EntityFrameworkCore.SqlServer"' with options: "None"
2021-10-20T13:07:26.8686471+03:00 [INF] (Microsoft.EntityFrameworkCore.Database.Command) Executed DbCommand ("2"ms) [Parameters=["@__normalizedEmail_0='?' (Size = 256)"], CommandType='Text', CommandTimeout='30']"
""SELECT TOP(2) [a].[Id], [a].[AccessFailedCount], [a].[AddressDeliveryId], [a].[ConcurrencyStamp], [a].[Email], [a].[EmailConfirmed], [a].[LockoutEnabled], [a].[LockoutEnd], [a].[NormalizedEmail], [a].[NormalizedUserName], [a].[PasswordHash], [a].[PhoneNumber], [a].[PhoneNumberConfirmed], [a].[SecurityStamp], [a].[TwoFactorEnabled], [a].[UserName]
FROM [AspNetUsers] AS [a]
WHERE [a].[NormalizedEmail] = @__normalizedEmail_0"
2021-10-20T13:07:26.8951759+03:00 [INF] (Microsoft.EntityFrameworkCore.Database.Command) Executed DbCommand ("1"ms) [Parameters=["@__user_Id_0='?' (DbType = Int32)"], CommandType='Text', CommandTimeout='30']"
""SELECT [a].[Id], [a].[ClaimType], [a].[ClaimValue], [a].[UserId]
FROM [AspNetUserClaims] AS [a]
WHERE [a].[UserId] = @__user_Id_0"
2021-10-20T13:07:26.8968183+03:00 [INF] (Microsoft.EntityFrameworkCore.Database.Command) Executed DbCommand ("0"ms) [Parameters=["@__userId_0='?' (DbType = Int32)"], CommandType='Text', CommandTimeout='30']"
""SELECT [a0].[Name]
FROM [AspNetUserRoles] AS [a]
INNER JOIN [AspNetRoles] AS [a0] ON [a].[RoleId] = [a0].[Id]
WHERE [a].[UserId] = @__userId_0"
2021-10-20T13:07:26.8982223+03:00 [INF] (Microsoft.EntityFrameworkCore.Database.Command) Executed DbCommand ("0"ms) [Parameters=["@__normalizedName_0='?' (Size = 256)"], CommandType='Text', CommandTimeout='30']"
""SELECT TOP(1) [a].[Id], [a].[ConcurrencyStamp], [a].[Name], [a].[NormalizedName]
FROM [AspNetRoles] AS [a]
WHERE [a].[NormalizedName] = @__normalizedName_0"
2021-10-20T13:07:26.8991912+03:00 [INF] (Microsoft.EntityFrameworkCore.Database.Command) Executed DbCommand ("0"ms) [Parameters=["@__role_Id_0='?' (DbType = Int32)"], CommandType='Text', CommandTimeout='30']"
""SELECT [a].[ClaimType], [a].[ClaimValue]
FROM [AspNetRoleClaims] AS [a]
WHERE [a].[RoleId] = @__role_Id_0"
2021-10-20T13:07:26.9003335+03:00 [INF] (Microsoft.EntityFrameworkCore.Database.Command) Executed DbCommand ("0"ms) [Parameters=["@__normalizedName_0='?' (Size = 256)"], CommandType='Text', CommandTimeout='30']"
""SELECT TOP(1) [a].[Id], [a].[ConcurrencyStamp], [a].[Name], [a].[NormalizedName]
FROM [AspNetRoles] AS [a]
WHERE [a].[NormalizedName] = @__normalizedName_0"
2021-10-20T13:07:26.9014890+03:00 [INF] (Microsoft.EntityFrameworkCore.Database.Command) Executed DbCommand ("0"ms) [Parameters=["@__role_Id_0='?' (DbType = Int32)"], CommandType='Text', CommandTimeout='30']"
""SELECT [a].[ClaimType], [a].[ClaimValue]
FROM [AspNetRoleClaims] AS [a]
WHERE [a].[RoleId] = @__role_Id_0"
2021-10-20T13:07:26.9047982+03:00 [INF] (Microsoft.AspNetCore.Authentication.Cookies.CookieAuthenticationHandler) AuthenticationScheme: "Identity.Application" signed in.
2021-10-20T13:07:26.9208491+03:00 [INF] (Microsoft.AspNetCore.Mvc.Infrastructure.ObjectResultExecutor) Executing "OkObjectResult", writing value of type '"<>f__AnonymousType0`1[[System.String, System.Private.CoreLib, Version=5.0.0.0, Culture=neutral, PublicKeyToken=7cec85d7bea7798e]]"'.
2021-10-20T13:07:26.9317912+03:00 [INF] (Microsoft.AspNetCore.Mvc.Infrastructure.ControllerActionInvoker) Executed action "Web.Controllers.AuthController.SignInAsync (Web)" in 125.9964ms
2021-10-20T13:07:26.9319208+03:00 [INF] (Microsoft.AspNetCore.Routing.EndpointMiddleware) Executed endpoint '"Web.Controllers.AuthController.SignInAsync (Web)"'
2021-10-20T13:07:26.9322164+03:00 [INF] (Microsoft.AspNetCore.Hosting.Diagnostics) Request finished HTTP/1.1 POST https://localhost:44370/auth/sign-in application/json 75 - 200 265 application/json;+charset=utf-8 135.5852ms
2021-10-20T13:07:30.1250291+03:00 [INF] (Microsoft.AspNetCore.Hosting.Diagnostics) Request starting HTTP/1.1 GET https://localhost:44370/orders/list - -
2021-10-20T13:07:30.1261845+03:00 [INF] (Microsoft.AspNetCore.Authorization.DefaultAuthorizationService) Authorization was successful.
2021-10-20T13:07:30.1263902+03:00 [INF] (Microsoft.AspNetCore.Routing.EndpointMiddleware) Executing endpoint '"Web.Controllers.OrdersController.GetOrdersListAsync (Web)"'
2021-10-20T13:07:30.1267856+03:00 [INF] (Microsoft.AspNetCore.Mvc.Infrastructure.ControllerActionInvoker) Route matched with "{action = \"GetOrdersList\", controller = \"Orders\"}". Executing controller action with signature "System.Threading.Tasks.Task`1[Microsoft.AspNetCore.Mvc.IActionResult] GetOrdersListAsync()" on controller "Web.Controllers.OrdersController" ("Web").
2021-10-20T13:07:30.1269361+03:00 [INF] (Microsoft.AspNetCore.Authorization.DefaultAuthorizationService) Authorization was successful.
2021-10-20T13:07:30.1274430+03:00 [INF] (Microsoft.EntityFrameworkCore.Infrastructure) Entity Framework Core "5.0.10" initialized '"ApplicationDbContext"' using provider '"Microsoft.EntityFrameworkCore.SqlServer"' with options: "None"
2021-10-20T13:07:30.1291450+03:00 [INF] (Microsoft.EntityFrameworkCore.Database.Command) Executed DbCommand ("1"ms) [Parameters=["@__userId_0='?' (DbType = Int32)"], CommandType='Text', CommandTimeout='30']"
""SELECT [o].[Id], [o].[AddressDeliveryId], [o].[CreationDate], [o].[DeliveryType], [o].[Status], [o].[TotalAmount], [o].[UserId]
FROM [Orders] AS [o]
WHERE [o].[UserId] = @__userId_0"
2021-10-20T13:07:30.1306898+03:00 [INF] (Microsoft.AspNetCore.Mvc.Infrastructure.ObjectResultExecutor) Executing "OkObjectResult", writing value of type '"System.Collections.Generic.List`1[[BLL.ViewModels.ReturnOrderViewModel, BLL, Version=1.0.0.0, Culture=neutral, PublicKeyToken=null]]"'.
2021-10-20T13:07:30.1316915+03:00 [INF] (Microsoft.AspNetCore.Mvc.Infrastructure.ControllerActionInvoker) Executed action "Web.Controllers.OrdersController.GetOrdersListAsync (Web)" in 4.82ms
2021-10-20T13:07:30.1319927+03:00 [INF] (Microsoft.AspNetCore.Routing.EndpointMiddleware) Executed endpoint '"Web.Controllers.OrdersController.GetOrdersListAsync (Web)"'
2021-10-20T13:07:30.1323952+03:00 [INF] (Microsoft.AspNetCore.Hosting.Diagnostics) Request finished HTTP/1.1 GET https://localhost:44370/orders/list - - - 200 2 application/json;+charset=utf-8 7.5001ms
2021-10-20T13:07:36.1725207+03:00 [DBG] (HealthChecks.UI.Core.HostedService.HealthCheckCollectorHostedService) Executing HealthCheck collector HostedService.
2021-10-20T13:07:36.1728455+03:00 [INF] (Microsoft.EntityFrameworkCore.Infrastructure) Entity Framework Core "5.0.10" initialized '"HealthChecksDb"' using provider '"Microsoft.EntityFrameworkCore.InMemory"' with options: "StoreName=HealthChecksUI "
2021-10-20T13:07:36.1729843+03:00 [DBG] (HealthChecks.UI.Core.HostedService.HealthCheckReportCollector) HealthReportCollector has completed.
2021-10-20T13:07:36.1730246+03:00 [DBG] (HealthChecks.UI.Core.HostedService.HealthCheckCollectorHostedService) HealthCheck collector HostedService executed successfully.
2021-10-20T13:07:39.3656525+03:00 [INF] (Microsoft.AspNetCore.Hosting.Diagnostics) Request starting HTTP/1.1 GET https://localhost:44370/orders/list - -
2021-10-20T13:07:39.3661290+03:00 [INF] (Microsoft.AspNetCore.Authorization.DefaultAuthorizationService) Authorization was successful.
2021-10-20T13:07:39.3662011+03:00 [INF] (Microsoft.AspNetCore.Routing.EndpointMiddleware) Executing endpoint '"Web.Controllers.OrdersController.GetOrdersListAsync (Web)"'
2021-10-20T13:07:39.3663001+03:00 [INF] (Microsoft.AspNetCore.Mvc.Infrastructure.ControllerActionInvoker) Route matched with "{action = \"GetOrdersList\", controller = \"Orders\"}". Executing controller action with signature "System.Threading.Tasks.Task`1[Microsoft.AspNetCore.Mvc.IActionResult] GetOrdersListAsync()" on controller "Web.Controllers.OrdersController" ("Web").
2021-10-20T13:07:39.3663756+03:00 [INF] (Microsoft.AspNetCore.Authorization.DefaultAuthorizationService) Authorization was successful.
2021-10-20T13:07:47.3341350+03:00 [DBG] (HealthChecks.UI.Core.HostedService.HealthCheckCollectorHostedService) Executing HealthCheck collector HostedService.
2021-10-20T13:07:47.3353422+03:00 [INF] (Microsoft.EntityFrameworkCore.Infrastructure) Entity Framework Core "5.0.10" initialized '"HealthChecksDb"' using provider '"Microsoft.EntityFrameworkCore.InMemory"' with options: "StoreName=HealthChecksUI "
2021-10-20T13:07:47.3463877+03:00 [DBG] (HealthChecks.UI.Core.HostedService.HealthCheckReportCollector) HealthReportCollector has completed.
2021-10-20T13:07:47.3465954+03:00 [DBG] (HealthChecks.UI.Core.HostedService.HealthCheckCollectorHostedService) HealthCheck collector HostedService executed successfully.
2021-10-20T13:07:57.6639356+03:00 [DBG] (HealthChecks.UI.Core.HostedService.HealthCheckCollectorHostedService) Executing HealthCheck collector HostedService.
2021-10-20T13:07:57.6755852+03:00 [INF] (Microsoft.EntityFrameworkCore.Infrastructure) Entity Framework Core "5.0.10" initialized '"HealthChecksDb"' using provider '"Microsoft.EntityFrameworkCore.InMemory"' with options: "StoreName=HealthChecksUI "
2021-10-20T13:07:57.6763724+03:00 [DBG] (HealthChecks.UI.Core.HostedService.HealthCheckReportCollector) HealthReportCollector has completed.
2021-10-20T13:07:58.3806082+03:00 [DBG] (HealthChecks.UI.Core.HostedService.HealthCheckCollectorHostedService) HealthCheck collector HostedService executed successfully.
2021-10-20T13:08:08.8231257+03:00 [DBG] (HealthChecks.UI.Core.HostedService.HealthCheckCollectorHostedService) Executing HealthCheck collector HostedService.
2021-10-20T13:08:08.8410104+03:00 [INF] (Microsoft.EntityFrameworkCore.Infrastructure) Entity Framework Core "5.0.10" initialized '"HealthChecksDb"' using provider '"Microsoft.EntityFrameworkCore.InMemory"' with options: "StoreName=HealthChecksUI "
2021-10-20T13:08:08.8532291+03:00 [DBG] (HealthChecks.UI.Core.HostedService.HealthCheckReportCollector) HealthReportCollector has completed.
2021-10-20T13:08:08.8534220+03:00 [DBG] (HealthChecks.UI.Core.HostedService.HealthCheckCollectorHostedService) HealthCheck collector HostedService executed successfully.
2021-10-20T13:08:25.5155391+03:00 [DBG] (HealthChecks.UI.Core.HostedService.HealthCheckCollectorHostedService) Executing HealthCheck collector HostedService.
2021-10-20T13:08:25.5171028+03:00 [INF] (Microsoft.EntityFrameworkCore.Infrastructure) Entity Framework Core "5.0.10" initialized '"HealthChecksDb"' using provider '"Microsoft.EntityFrameworkCore.InMemory"' with options: "StoreName=HealthChecksUI "
2021-10-20T13:08:25.5283278+03:00 [DBG] (HealthChecks.UI.Core.HostedService.HealthCheckReportCollector) HealthReportCollector has completed.
2021-10-20T13:08:25.5284243+03:00 [DBG] (HealthChecks.UI.Core.HostedService.HealthCheckCollectorHostedService) HealthCheck collector HostedService executed successfully.
2021-10-20T13:08:25.5397309+03:00 [INF] (Microsoft.EntityFrameworkCore.Infrastructure) Entity Framework Core "5.0.10" initialized '"ApplicationDbContext"' using provider '"Microsoft.EntityFrameworkCore.SqlServer"' with options: "None"
2021-10-20T13:08:25.5517302+03:00 [INF] (Microsoft.EntityFrameworkCore.Database.Command) Executed DbCommand ("0"ms) [Parameters=["@__userId_0='?' (DbType = Int32)"], CommandType='Text', CommandTimeout='30']"
""SELECT [o].[Id], [o].[AddressDeliveryId], [o].[CreationDate], [o].[DeliveryType], [o].[Status], [o].[TotalAmount], [o].[UserId]
FROM [Orders] AS [o]
WHERE [o].[UserId] = @__userId_0"
2021-10-20T13:09:14.0871744+03:00 [INF] () Starting web host
